<?xml version="1.0" encoding="UTF-8"?>
<robot generator="Robot 6.1.1 (Python 3.9.0 on win32)" generated="20231025 18:18:40.633" rpa="true" schemaversion="4">
<suite id="s1" name="Run withrawn" source="D:\automate\Withdrawn\5.Test Case\Run withrawn.robot">
<test id="s1-t1" name="Rnu Withdrawn" line="22">
<kw name="Open Google with Profile 1" library="1.Keyword">
<arg>${Username_uat}</arg>
<arg>${Password_uat}</arg>
<kw name="Get Chrome Options" library="custom_library">
<var>${chrome_options}</var>
<arg>${PROFILE_PATH}</arg>
<arg>Profile 1</arg>
<msg timestamp="20231025 18:18:41.621" level="INFO">${chrome_options} = &lt;selenium.webdriver.chrome.options.Options object at 0x0000029CC2E304F0&gt;</msg>
<status status="PASS" starttime="20231025 18:18:41.621" endtime="20231025 18:18:41.621"/>
</kw>
<kw name="Open Browser" library="SeleniumLibrary">
<arg>${URL}</arg>
<arg>${BROWSER}</arg>
<arg>executable_path=${CHROMEDRIVER_PATH}</arg>
<arg>options=${chrome_options}</arg>
<doc>Opens a new browser instance to the optional ``url``.</doc>
<msg timestamp="20231025 18:18:41.622" level="INFO">Opening browser 'Chrome' to base url 'https://cardxscb--uat.sandbox.my.salesforce.com/'.</msg>
<status status="PASS" starttime="20231025 18:18:41.621" endtime="20231025 18:18:43.848"/>
</kw>
<kw name="Call Method" library="BuiltIn">
<arg>${chrome_options}</arg>
<arg>add_argument</arg>
<arg>--disable-gpu</arg>
<doc>Calls the named method of the given object with the provided arguments.</doc>
<status status="PASS" starttime="20231025 18:18:43.848" endtime="20231025 18:18:43.849"/>
</kw>
<kw name="Call Method" library="BuiltIn">
<arg>${chrome_options}</arg>
<arg>add_argument</arg>
<arg>--no-sandbox</arg>
<doc>Calls the named method of the given object with the provided arguments.</doc>
<status status="PASS" starttime="20231025 18:18:43.849" endtime="20231025 18:18:43.849"/>
</kw>
<kw name="Maximize Browser Window" library="SeleniumLibrary">
<doc>Maximizes current browser window.</doc>
<status status="PASS" starttime="20231025 18:18:43.849" endtime="20231025 18:18:43.854"/>
</kw>
<kw name="Wait Until Element Is Enabled" library="SeleniumLibrary">
<arg>//*[@id="Login"]</arg>
<doc>Waits until the element ``locator`` is enabled.</doc>
<status status="PASS" starttime="20231025 18:18:43.854" endtime="20231025 18:18:43.894"/>
</kw>
<kw name="Input Text" library="SeleniumLibrary">
<arg>id=username</arg>
<arg>${Username_uat}</arg>
<doc>Types the given ``text`` into the text field identified by ``locator``.</doc>
<msg timestamp="20231025 18:18:43.895" level="INFO">Typing text 'patchaya.in@cardx.uat' into text field 'id=username'.</msg>
<status status="PASS" starttime="20231025 18:18:43.895" endtime="20231025 18:18:43.977"/>
</kw>
<kw name="Input Text" library="SeleniumLibrary">
<arg>id=password</arg>
<arg>${Password_uat}</arg>
<doc>Types the given ``text`` into the text field identified by ``locator``.</doc>
<msg timestamp="20231025 18:18:43.978" level="INFO">Typing text '@Test2542' into text field 'id=password'.</msg>
<status status="PASS" starttime="20231025 18:18:43.978" endtime="20231025 18:18:44.046"/>
</kw>
<kw name="Click Element" library="SeleniumLibrary">
<arg>id=Login</arg>
<doc>Click the element identified by ``locator``.</doc>
<msg timestamp="20231025 18:18:44.047" level="INFO">Clicking element 'id=Login'.</msg>
<status status="PASS" starttime="20231025 18:18:44.046" endtime="20231025 18:18:46.298"/>
</kw>
<kw name="Pause Execution" library="Dialogs">
<arg>Please enter "Salesforce Authenticator"</arg>
<doc>Pauses execution until user clicks ``Ok`` button.</doc>
<status status="PASS" starttime="20231025 18:18:46.301" endtime="20231025 18:18:56.303"/>
</kw>
<status status="PASS" starttime="20231025 18:18:41.621" endtime="20231025 18:18:56.303"/>
</kw>
<kw name="Wait Until Element Is Visible" library="SeleniumLibrary">
<arg>//*[@aria-label="Search"]</arg>
<doc>Waits until the element ``locator`` is visible.</doc>
<status status="PASS" starttime="20231025 18:18:56.303" endtime="20231025 18:19:02.592"/>
</kw>
<kw name="Sleep" library="BuiltIn">
<arg>6s</arg>
<doc>Pauses the test executed for the given time.</doc>
<msg timestamp="20231025 18:19:08.607" level="INFO">Slept 6 seconds</msg>
<status status="PASS" starttime="20231025 18:19:02.594" endtime="20231025 18:19:08.607"/>
</kw>
<kw name="Click Element" library="SeleniumLibrary">
<arg>//*[@aria-label="Search"]</arg>
<doc>Click the element identified by ``locator``.</doc>
<msg timestamp="20231025 18:19:08.609" level="INFO">Clicking element '//*[@aria-label="Search"]'.</msg>
<status status="PASS" starttime="20231025 18:19:08.607" endtime="20231025 18:19:08.786"/>
</kw>
<kw name="Wait Until Element Is Visible" library="SeleniumLibrary">
<arg>//*[@type="search" and @placeholder="Search..."]</arg>
<doc>Waits until the element ``locator`` is visible.</doc>
<status status="PASS" starttime="20231025 18:19:08.786" endtime="20231025 18:19:08.866"/>
</kw>
<kw name="Input Text" library="SeleniumLibrary">
<arg>//*[@type="search" and @placeholder="Search..."]</arg>
<arg>${Ref no}</arg>
<doc>Types the given ``text`` into the text field identified by ``locator``.</doc>
<msg timestamp="20231025 18:19:08.867" level="INFO">Typing text 'DP2023102500018' into text field '//*[@type="search" and @placeholder="Search..."]'.</msg>
<status status="PASS" starttime="20231025 18:19:08.867" endtime="20231025 18:19:08.983"/>
</kw>
<kw name="Wait Until Element Is Visible" library="SeleniumLibrary">
<arg>//span/mark[contains(text(), '${Ref no}')]</arg>
<doc>Waits until the element ``locator`` is visible.</doc>
<status status="PASS" starttime="20231025 18:19:08.984" endtime="20231025 18:19:09.657"/>
</kw>
<kw name="Click Element" library="SeleniumLibrary">
<arg>//span/mark[contains(text(), '${Ref no}')]</arg>
<doc>Click the element identified by ``locator``.</doc>
<msg timestamp="20231025 18:19:09.658" level="INFO">Clicking element '//span/mark[contains(text(), 'DP2023102500018')]'.</msg>
<status status="PASS" starttime="20231025 18:19:09.658" endtime="20231025 18:19:09.715"/>
</kw>
<kw name="Sleep" library="BuiltIn">
<arg>4s</arg>
<doc>Pauses the test executed for the given time.</doc>
<msg timestamp="20231025 18:19:13.730" level="INFO">Slept 4 seconds</msg>
<status status="PASS" starttime="20231025 18:19:09.716" endtime="20231025 18:19:13.730"/>
</kw>
<kw name="Execute Javascript" library="SeleniumLibrary">
<arg>document.evaluate("${NEXT_BUTTON}", document, null, XPathResult.FIRST_ORDERED_NODE_TYPE, null).singleNodeValue.click()</arg>
<doc>Executes the given JavaScript code with possible arguments.</doc>
<msg timestamp="20231025 18:19:13.732" level="INFO">Executing JavaScript:
document.evaluate("//div[@class='insext-btn' and @title='Show Salesforce details (Alt+I / Shift+Alt+I)']", document, null, XPathResult.FIRST_ORDERED_NODE_TYPE, null).singleNodeValue.click()
Without any arguments.</msg>
<status status="PASS" starttime="20231025 18:19:13.731" endtime="20231025 18:19:13.749"/>
</kw>
<kw name="Wait Until Element Is Visible" library="SeleniumLibrary">
<arg>css=iframe.insext-popup</arg>
<doc>Waits until the element ``locator`` is visible.</doc>
<status status="PASS" starttime="20231025 18:19:13.749" endtime="20231025 18:19:14.031"/>
</kw>
<kw name="Select Frame" library="SeleniumLibrary">
<arg>css=iframe.insext-popup</arg>
<doc>Sets frame identified by ``locator`` as the current frame.</doc>
<msg timestamp="20231025 18:19:14.032" level="INFO">Selecting frame 'css=iframe.insext-popup'.</msg>
<status status="PASS" starttime="20231025 18:19:14.032" endtime="20231025 18:19:14.057"/>
</kw>
<kw name="Wait Until Element Is Visible" library="SeleniumLibrary">
<arg>//*[@class="button"]/span</arg>
<doc>Waits until the element ``locator`` is visible.</doc>
<status status="PASS" starttime="20231025 18:19:14.058" endtime="20231025 18:19:15.194"/>
</kw>
<kw name="Click Element" library="SeleniumLibrary">
<arg>//*[@class="button"]/span</arg>
<doc>Click the element identified by ``locator``.</doc>
<msg timestamp="20231025 18:19:15.195" level="INFO">Clicking element '//*[@class="button"]/span'.</msg>
<status status="PASS" starttime="20231025 18:19:15.195" endtime="20231025 18:19:15.280"/>
</kw>
<kw name="Sub_State__c">
<kw name="Execute Javascript" library="SeleniumLibrary">
<var>${element}</var>
<arg>return document.querySelector('input.filter-input');</arg>
<doc>Executes the given JavaScript code with possible arguments.</doc>
<msg timestamp="20231025 18:19:15.282" level="INFO">Executing JavaScript:
return document.querySelector('input.filter-input');
Without any arguments.</msg>
<msg timestamp="20231025 18:19:15.375" level="INFO">${element} = &lt;selenium.webdriver.remote.webelement.WebElement (session="d70f206d86787931209ed21529be459f", element="2E57474F1A0A817CCCD46696FFA406EB_element_23")&gt;</msg>
<status status="PASS" starttime="20231025 18:19:15.281" endtime="20231025 18:19:15.375"/>
</kw>
<kw name="Input Text" library="SeleniumLibrary">
<arg>//*[@placeholder="Filter"]</arg>
<arg>text=Sub_State__c</arg>
<doc>Types the given ``text`` into the text field identified by ``locator``.</doc>
<msg timestamp="20231025 18:19:15.380" level="INFO">Typing text 'Sub_State__c' into text field '//*[@placeholder="Filter"]'.</msg>
<status status="PASS" starttime="20231025 18:19:15.375" endtime="20231025 18:19:15.451"/>
</kw>
<kw name="Wait Until Element Is Visible" library="SeleniumLibrary">
<arg>(//*[contains(@title, "Sub_State__c")]//td[@class="field-column"])[2]</arg>
<doc>Waits until the element ``locator`` is visible.</doc>
<status status="PASS" starttime="20231025 18:19:15.453" endtime="20231025 18:19:16.177"/>
</kw>
<kw name="Double Click Element" library="SeleniumLibrary">
<arg>(//*[contains(@title, "Sub_State__c")]//td[@class="field-column"])[2]</arg>
<doc>Double clicks the element identified by ``locator``.</doc>
<msg timestamp="20231025 18:19:16.178" level="INFO">Double clicking element '(//*[contains(@title, "Sub_State__c")]//td[@class="field-column"])[2]'.</msg>
<status status="PASS" starttime="20231025 18:19:16.177" endtime="20231025 18:19:16.505"/>
</kw>
<kw name="Input Text" library="SeleniumLibrary">
<arg>//td[@class="field-column"]/textarea</arg>
<arg>${Sub_State__c}</arg>
<doc>Types the given ``text`` into the text field identified by ``locator``.</doc>
<msg timestamp="20231025 18:19:16.505" level="INFO">Typing text 'FinalUpdate(BRE005):WAIVED,GenerateRequiredDoc:WAIVED,Withdrawn:COMPLETED' into text field '//td[@class="field-column"]/textarea'.</msg>
<status status="PASS" starttime="20231025 18:19:16.505" endtime="20231025 18:19:17.047"/>
</kw>
<kw name="Click Element" library="SeleniumLibrary">
<arg>locator=//*[@class="button button-brand"]</arg>
<doc>Click the element identified by ``locator``.</doc>
<msg timestamp="20231025 18:19:17.047" level="INFO">Clicking element '//*[@class="button button-brand"]'.</msg>
<status status="PASS" starttime="20231025 18:19:17.047" endtime="20231025 18:19:17.109"/>
</kw>
<kw name="Capture Page Screenshot" library="SeleniumLibrary">
<doc>Takes a screenshot of the current page and embeds it into a log file.</doc>
<msg timestamp="20231025 18:19:17.275" level="INFO" html="true">&lt;/td&gt;&lt;/tr&gt;&lt;tr&gt;&lt;td colspan="3"&gt;&lt;a href="selenium-screenshot-48.png"&gt;&lt;img src="selenium-screenshot-48.png" width="800px"&gt;&lt;/a&gt;</msg>
<status status="PASS" starttime="20231025 18:19:17.110" endtime="20231025 18:19:17.275"/>
</kw>
<kw name="Click Element" library="SeleniumLibrary">
<arg>locator=//*[@class="filter-clear-icon"]</arg>
<doc>Click the element identified by ``locator``.</doc>
<msg timestamp="20231025 18:19:17.276" level="INFO">Clicking element '//*[@class="filter-clear-icon"]'.</msg>
<status status="PASS" starttime="20231025 18:19:17.275" endtime="20231025 18:19:17.396"/>
</kw>
<status status="PASS" starttime="20231025 18:19:15.280" endtime="20231025 18:19:17.396"/>
</kw>
<kw name="Reject_Reason__c">
<kw name="Wait Until Element Is Visible" library="SeleniumLibrary">
<arg>//*[@placeholder="Filter"]</arg>
<doc>Waits until the element ``locator`` is visible.</doc>
<status status="PASS" starttime="20231025 18:19:17.397" endtime="20231025 18:19:17.422"/>
</kw>
<kw name="Input Text" library="SeleniumLibrary">
<arg>//*[@placeholder="Filter"]</arg>
<arg>text=Reject_Reason__c</arg>
<doc>Types the given ``text`` into the text field identified by ``locator``.</doc>
<msg timestamp="20231025 18:19:17.425" level="INFO">Typing text 'Reject_Reason__c' into text field '//*[@placeholder="Filter"]'.</msg>
<status status="PASS" starttime="20231025 18:19:17.423" endtime="20231025 18:19:17.607"/>
</kw>
<kw name="Wait Until Element Is Visible" library="SeleniumLibrary">
<arg>(//*[contains(@title, "Reject_Reason__c")]//td[@class="field-column"])[2]</arg>
<doc>Waits until the element ``locator`` is visible.</doc>
<status status="PASS" starttime="20231025 18:19:17.607" endtime="20231025 18:19:17.629"/>
</kw>
<kw name="Sleep" library="BuiltIn">
<arg>2s</arg>
<doc>Pauses the test executed for the given time.</doc>
<msg timestamp="20231025 18:19:19.641" level="INFO">Slept 2 seconds</msg>
<status status="PASS" starttime="20231025 18:19:17.629" endtime="20231025 18:19:19.641"/>
</kw>
<kw name="Double Click Element" library="SeleniumLibrary">
<arg>(//*[contains(@title, "Reject_Reason__c")]//td[@class="field-column"])[2]</arg>
<doc>Double clicks the element identified by ``locator``.</doc>
<msg timestamp="20231025 18:19:19.643" level="INFO">Double clicking element '(//*[contains(@title, "Reject_Reason__c")]//td[@class="field-column"])[2]'.</msg>
<status status="PASS" starttime="20231025 18:19:19.642" endtime="20231025 18:19:19.937"/>
</kw>
<kw name="Input Text" library="SeleniumLibrary">
<arg>//td[@class="field-column"]/textarea</arg>
<arg>${Reject_Reason__c}</arg>
<doc>Types the given ``text`` into the text field identified by ``locator``.</doc>
<msg timestamp="20231025 18:19:19.938" level="INFO">Typing text 'S01' into text field '//td[@class="field-column"]/textarea'.</msg>
<status status="PASS" starttime="20231025 18:19:19.937" endtime="20231025 18:19:20.015"/>
</kw>
<kw name="Click Element" library="SeleniumLibrary">
<arg>locator=//*[@class="button button-brand"]</arg>
<doc>Click the element identified by ``locator``.</doc>
<msg timestamp="20231025 18:19:20.015" level="INFO">Clicking element '//*[@class="button button-brand"]'.</msg>
<status status="PASS" starttime="20231025 18:19:20.015" endtime="20231025 18:19:20.059"/>
</kw>
<kw name="Click Element" library="SeleniumLibrary">
<arg>locator=//*[@class="filter-clear-icon"]</arg>
<doc>Click the element identified by ``locator``.</doc>
<msg timestamp="20231025 18:19:20.060" level="INFO">Clicking element '//*[@class="filter-clear-icon"]'.</msg>
<status status="PASS" starttime="20231025 18:19:20.059" endtime="20231025 18:19:20.164"/>
</kw>
<status status="PASS" starttime="20231025 18:19:17.397" endtime="20231025 18:19:20.164"/>
</kw>
<kw name="Next_Workstation__c">
<kw name="Wait Until Element Is Visible" library="SeleniumLibrary">
<arg>//*[@placeholder="Filter"]</arg>
<doc>Waits until the element ``locator`` is visible.</doc>
<status status="PASS" starttime="20231025 18:19:20.165" endtime="20231025 18:19:20.193"/>
</kw>
<kw name="Input Text" library="SeleniumLibrary">
<arg>//*[@placeholder="Filter"]</arg>
<arg>text=Next_Workstation__c</arg>
<doc>Types the given ``text`` into the text field identified by ``locator``.</doc>
<msg timestamp="20231025 18:19:20.194" level="INFO">Typing text 'Next_Workstation__c' into text field '//*[@placeholder="Filter"]'.</msg>
<status status="PASS" starttime="20231025 18:19:20.193" endtime="20231025 18:19:20.404"/>
</kw>
<kw name="Wait Until Element Is Visible" library="SeleniumLibrary">
<arg>(//*[contains(@title, "Next_Workstation__c")]//td[@class="field-column"])[2]</arg>
<doc>Waits until the element ``locator`` is visible.</doc>
<status status="PASS" starttime="20231025 18:19:20.404" endtime="20231025 18:19:20.430"/>
</kw>
<kw name="Sleep" library="BuiltIn">
<arg>3s</arg>
<doc>Pauses the test executed for the given time.</doc>
<msg timestamp="20231025 18:19:23.446" level="INFO">Slept 3 seconds</msg>
<status status="PASS" starttime="20231025 18:19:20.430" endtime="20231025 18:19:23.446"/>
</kw>
<kw name="Double Click Element" library="SeleniumLibrary">
<arg>(//*[contains(@title, "Next_Workstation__c")]//td[@class="field-column"])[2]</arg>
<doc>Double clicks the element identified by ``locator``.</doc>
<msg timestamp="20231025 18:19:23.447" level="INFO">Double clicking element '(//*[contains(@title, "Next_Workstation__c")]//td[@class="field-column"])[2]'.</msg>
<status status="PASS" starttime="20231025 18:19:23.447" endtime="20231025 18:19:23.745"/>
</kw>
<kw name="Wait Until Element Is Visible" library="SeleniumLibrary">
<arg>//td[@class="field-column"]/textarea</arg>
<doc>Waits until the element ``locator`` is visible.</doc>
<status status="PASS" starttime="20231025 18:19:23.745" endtime="20231025 18:19:23.767"/>
</kw>
<kw name="Input Text" library="SeleniumLibrary">
<arg>//td[@class="field-column"]/textarea</arg>
<arg>${Next_Workstation__c}</arg>
<doc>Types the given ``text`` into the text field identified by ``locator``.</doc>
<msg timestamp="20231025 18:19:23.769" level="INFO">Typing text 'Dummy System Workstation' into text field '//td[@class="field-column"]/textarea'.</msg>
<status status="PASS" starttime="20231025 18:19:23.767" endtime="20231025 18:19:24.011"/>
</kw>
<kw name="Click Element" library="SeleniumLibrary">
<arg>locator=//*[@class="button button-brand"]</arg>
<doc>Click the element identified by ``locator``.</doc>
<msg timestamp="20231025 18:19:24.012" level="INFO">Clicking element '//*[@class="button button-brand"]'.</msg>
<status status="PASS" starttime="20231025 18:19:24.011" endtime="20231025 18:19:24.055"/>
</kw>
<kw name="Click Element" library="SeleniumLibrary">
<arg>locator=//*[@class="filter-clear-icon"]</arg>
<doc>Click the element identified by ``locator``.</doc>
<msg timestamp="20231025 18:19:24.056" level="INFO">Clicking element '//*[@class="filter-clear-icon"]'.</msg>
<status status="PASS" starttime="20231025 18:19:24.055" endtime="20231025 18:19:24.144"/>
</kw>
<status status="PASS" starttime="20231025 18:19:20.165" endtime="20231025 18:19:24.144"/>
</kw>
<kw name="Previous_WorkStation__c">
<kw name="Wait Until Element Is Visible" library="SeleniumLibrary">
<arg>//*[@placeholder="Filter"]</arg>
<doc>Waits until the element ``locator`` is visible.</doc>
<status status="PASS" starttime="20231025 18:19:24.145" endtime="20231025 18:19:24.175"/>
</kw>
<kw name="Input Text" library="SeleniumLibrary">
<arg>//*[@placeholder="Filter"]</arg>
<arg>text=Previous_WorkStation__c</arg>
<doc>Types the given ``text`` into the text field identified by ``locator``.</doc>
<msg timestamp="20231025 18:19:24.177" level="INFO">Typing text 'Previous_WorkStation__c' into text field '//*[@placeholder="Filter"]'.</msg>
<status status="PASS" starttime="20231025 18:19:24.175" endtime="20231025 18:19:24.441"/>
</kw>
<kw name="Wait Until Element Is Visible" library="SeleniumLibrary">
<arg>//*[contains(@title, "Previous_WorkStation__c")]//td[@class="field-column"]</arg>
<doc>Waits until the element ``locator`` is visible.</doc>
<status status="PASS" starttime="20231025 18:19:24.442" endtime="20231025 18:19:24.466"/>
</kw>
<kw name="Sleep" library="BuiltIn">
<arg>2s</arg>
<doc>Pauses the test executed for the given time.</doc>
<msg timestamp="20231025 18:19:26.481" level="INFO">Slept 2 seconds</msg>
<status status="PASS" starttime="20231025 18:19:24.466" endtime="20231025 18:19:26.481"/>
</kw>
<kw name="Double Click Element" library="SeleniumLibrary">
<arg>//*[contains(@title, "Previous_WorkStation__c")]//td[@class="field-column"]</arg>
<doc>Double clicks the element identified by ``locator``.</doc>
<msg timestamp="20231025 18:19:26.481" level="INFO">Double clicking element '//*[contains(@title, "Previous_WorkStation__c")]//td[@class="field-column"]'.</msg>
<status status="PASS" starttime="20231025 18:19:26.481" endtime="20231025 18:19:26.779"/>
</kw>
<kw name="Input Text" library="SeleniumLibrary">
<arg>//td[@class="field-column"]/textarea</arg>
<arg>${Previous_WorkStation__c}</arg>
<doc>Types the given ``text`` into the text field identified by ``locator``.</doc>
<msg timestamp="20231025 18:19:26.781" level="INFO">Typing text 'Dummy System Workstation' into text field '//td[@class="field-column"]/textarea'.</msg>
<status status="PASS" starttime="20231025 18:19:26.780" endtime="20231025 18:19:26.998"/>
</kw>
<kw name="Click Element" library="SeleniumLibrary">
<arg>locator=//*[@class="button button-brand"]</arg>
<doc>Click the element identified by ``locator``.</doc>
<msg timestamp="20231025 18:19:26.999" level="INFO">Clicking element '//*[@class="button button-brand"]'.</msg>
<status status="PASS" starttime="20231025 18:19:26.999" endtime="20231025 18:19:27.038"/>
</kw>
<kw name="Click Element" library="SeleniumLibrary">
<arg>locator=//*[@class="filter-clear-icon"]</arg>
<doc>Click the element identified by ``locator``.</doc>
<msg timestamp="20231025 18:19:27.039" level="INFO">Clicking element '//*[@class="filter-clear-icon"]'.</msg>
<status status="PASS" starttime="20231025 18:19:27.038" endtime="20231025 18:19:27.129"/>
</kw>
<status status="PASS" starttime="20231025 18:19:24.145" endtime="20231025 18:19:27.129"/>
</kw>
<kw name="Loan_Application_Status__c">
<kw name="Wait Until Element Is Visible" library="SeleniumLibrary">
<arg>//*[@placeholder="Filter"]</arg>
<doc>Waits until the element ``locator`` is visible.</doc>
<status status="PASS" starttime="20231025 18:19:27.130" endtime="20231025 18:19:27.177"/>
</kw>
<kw name="Input Text" library="SeleniumLibrary">
<arg>//*[@placeholder="Filter"]</arg>
<arg>text=Loan_Application_Status__c</arg>
<doc>Types the given ``text`` into the text field identified by ``locator``.</doc>
<msg timestamp="20231025 18:19:27.177" level="INFO">Typing text 'Loan_Application_Status__c' into text field '//*[@placeholder="Filter"]'.</msg>
<status status="PASS" starttime="20231025 18:19:27.177" endtime="20231025 18:19:27.421"/>
</kw>
<kw name="Wait Until Element Is Visible" library="SeleniumLibrary">
<arg>(//*[contains(@title, "Loan_Application_Status__c")]//td[@class="field-column"])[2]</arg>
<doc>Waits until the element ``locator`` is visible.</doc>
<status status="PASS" starttime="20231025 18:19:27.422" endtime="20231025 18:19:27.444"/>
</kw>
<kw name="Sleep" library="BuiltIn">
<arg>3s</arg>
<doc>Pauses the test executed for the given time.</doc>
<msg timestamp="20231025 18:19:30.447" level="INFO">Slept 3 seconds</msg>
<status status="PASS" starttime="20231025 18:19:27.444" endtime="20231025 18:19:30.447"/>
</kw>
<kw name="Double Click Element" library="SeleniumLibrary">
<arg>(//*[contains(@title, "Loan_Application_Status__c")]//td[@class="field-column"])[2]</arg>
<doc>Double clicks the element identified by ``locator``.</doc>
<msg timestamp="20231025 18:19:30.449" level="INFO">Double clicking element '(//*[contains(@title, "Loan_Application_Status__c")]//td[@class="field-column"])[2]'.</msg>
<status status="PASS" starttime="20231025 18:19:30.447" endtime="20231025 18:19:30.761"/>
</kw>
<kw name="Input Text" library="SeleniumLibrary">
<arg>//td[@class="field-column"]/textarea</arg>
<arg>${Loan_Application_Status__c}</arg>
<doc>Types the given ``text`` into the text field identified by ``locator``.</doc>
<msg timestamp="20231025 18:19:30.763" level="INFO">Typing text 'Resolved-Withdrawn' into text field '//td[@class="field-column"]/textarea'.</msg>
<status status="PASS" starttime="20231025 18:19:30.762" endtime="20231025 18:19:30.928"/>
</kw>
<kw name="Click Element" library="SeleniumLibrary">
<arg>locator=//*[@class="button button-brand"]</arg>
<doc>Click the element identified by ``locator``.</doc>
<msg timestamp="20231025 18:19:30.930" level="INFO">Clicking element '//*[@class="button button-brand"]'.</msg>
<status status="PASS" starttime="20231025 18:19:30.929" endtime="20231025 18:19:30.974"/>
</kw>
<kw name="Click Element" library="SeleniumLibrary">
<arg>locator=//*[@class="sf-link" and text()=" Salesforce Home"]</arg>
<doc>Click the element identified by ``locator``.</doc>
<msg timestamp="20231025 18:19:30.974" level="INFO">Clicking element '//*[@class="sf-link" and text()=" Salesforce Home"]'.</msg>
<status status="PASS" starttime="20231025 18:19:30.974" endtime="20231025 18:19:32.576"/>
</kw>
<kw name="Wait Until Element Is Visible" library="SeleniumLibrary">
<arg>//*[text()="Resolved-Withdrawn"]</arg>
<doc>Waits until the element ``locator`` is visible.</doc>
<status status="PASS" starttime="20231025 18:19:32.576" endtime="20231025 18:19:35.219"/>
</kw>
<status status="PASS" starttime="20231025 18:19:27.129" endtime="20231025 18:19:35.219"/>
</kw>
<kw name="Close Browser" library="SeleniumLibrary">
<doc>Closes the current browser.</doc>
<status status="PASS" starttime="20231025 18:19:35.219" endtime="20231025 18:19:37.514"/>
</kw>
<status status="PASS" starttime="20231025 18:18:41.620" endtime="20231025 18:19:37.515"/>
</test>
<status status="PASS" starttime="20231025 18:18:40.635" endtime="20231025 18:19:37.516"/>
</suite>
<statistics>
<total>
<stat pass="1" fail="0" skip="0">All Tasks</stat>
</total>
<tag>
</tag>
<suite>
<stat pass="1" fail="0" skip="0" id="s1" name="Run withrawn">Run withrawn</stat>
</suite>
</statistics>
<errors>
</errors>
</robot>
