<?xml version="1.0" encoding="UTF-8"?>
<robot generator="Robot 6.1.1 (Python 3.9.0 on win32)" generated="20231021 11:01:11.393" rpa="true" schemaversion="4">
<suite id="s1" name="Run withrawn" source="D:\automate\Withdrawn\5.Test Case\Run withrawn.robot">
<test id="s1-t1" name="Rnu Withdrawn" line="22">
<kw name="Open Google with Profile 1" library="1.Keyword">
<arg>${Username_uat}</arg>
<arg>${Password_uat}</arg>
<kw name="Get Chrome Options" library="custom_library">
<var>${chrome_options}</var>
<arg>${PROFILE_PATH}</arg>
<arg>Profile 1</arg>
<msg timestamp="20231021 11:01:12.328" level="INFO">${chrome_options} = &lt;selenium.webdriver.chrome.options.Options object at 0x0000023E609804F0&gt;</msg>
<status status="PASS" starttime="20231021 11:01:12.328" endtime="20231021 11:01:12.328"/>
</kw>
<kw name="Open Browser" library="SeleniumLibrary">
<arg>${URL}</arg>
<arg>${BROWSER}</arg>
<arg>executable_path=${CHROMEDRIVER_PATH}</arg>
<arg>options=${chrome_options}</arg>
<doc>Opens a new browser instance to the optional ``url``.</doc>
<msg timestamp="20231021 11:01:12.328" level="INFO">Opening browser 'Chrome' to base url 'https://cardxscb--uat.sandbox.my.salesforce.com/'.</msg>
<status status="PASS" starttime="20231021 11:01:12.328" endtime="20231021 11:01:14.229"/>
</kw>
<kw name="Call Method" library="BuiltIn">
<arg>${chrome_options}</arg>
<arg>add_argument</arg>
<arg>--disable-gpu</arg>
<doc>Calls the named method of the given object with the provided arguments.</doc>
<status status="PASS" starttime="20231021 11:01:14.229" endtime="20231021 11:01:14.229"/>
</kw>
<kw name="Call Method" library="BuiltIn">
<arg>${chrome_options}</arg>
<arg>add_argument</arg>
<arg>--no-sandbox</arg>
<doc>Calls the named method of the given object with the provided arguments.</doc>
<status status="PASS" starttime="20231021 11:01:14.229" endtime="20231021 11:01:14.229"/>
</kw>
<kw name="Maximize Browser Window" library="SeleniumLibrary">
<doc>Maximizes current browser window.</doc>
<status status="PASS" starttime="20231021 11:01:14.229" endtime="20231021 11:01:14.229"/>
</kw>
<kw name="Wait Until Element Is Enabled" library="SeleniumLibrary">
<arg>//*[@id="Login"]</arg>
<doc>Waits until the element ``locator`` is enabled.</doc>
<status status="PASS" starttime="20231021 11:01:14.229" endtime="20231021 11:01:14.273"/>
</kw>
<kw name="Input Text" library="SeleniumLibrary">
<arg>id=username</arg>
<arg>${Username_uat}</arg>
<doc>Types the given ``text`` into the text field identified by ``locator``.</doc>
<msg timestamp="20231021 11:01:14.273" level="INFO">Typing text 'Alonggorn.p@cardx.uat' into text field 'id=username'.</msg>
<status status="PASS" starttime="20231021 11:01:14.273" endtime="20231021 11:01:14.373"/>
</kw>
<kw name="Input Text" library="SeleniumLibrary">
<arg>id=password</arg>
<arg>${Password_uat}</arg>
<doc>Types the given ``text`` into the text field identified by ``locator``.</doc>
<msg timestamp="20231021 11:01:14.374" level="INFO">Typing text 'Paohub1993#' into text field 'id=password'.</msg>
<status status="PASS" starttime="20231021 11:01:14.373" endtime="20231021 11:01:14.710"/>
</kw>
<kw name="Click Element" library="SeleniumLibrary">
<arg>id=Login</arg>
<doc>Click the element identified by ``locator``.</doc>
<msg timestamp="20231021 11:01:14.710" level="INFO">Clicking element 'id=Login'.</msg>
<status status="PASS" starttime="20231021 11:01:14.710" endtime="20231021 11:01:17.543"/>
</kw>
<kw name="Pause Execution" library="Dialogs">
<arg>Please enter "Salesforce Authenticator"</arg>
<doc>Pauses execution until user clicks ``Ok`` button.</doc>
<status status="PASS" starttime="20231021 11:01:17.543" endtime="20231021 11:01:24.318"/>
</kw>
<status status="PASS" starttime="20231021 11:01:12.328" endtime="20231021 11:01:24.320"/>
</kw>
<kw name="Wait Until Element Is Visible" library="SeleniumLibrary">
<arg>//*[@aria-label="Search"]</arg>
<doc>Waits until the element ``locator`` is visible.</doc>
<status status="PASS" starttime="20231021 11:01:24.321" endtime="20231021 11:01:29.030"/>
</kw>
<kw name="Sleep" library="BuiltIn">
<arg>6s</arg>
<doc>Pauses the test executed for the given time.</doc>
<msg timestamp="20231021 11:01:35.041" level="INFO">Slept 6 seconds</msg>
<status status="PASS" starttime="20231021 11:01:29.030" endtime="20231021 11:01:35.041"/>
</kw>
<kw name="Click Element" library="SeleniumLibrary">
<arg>//*[@aria-label="Search"]</arg>
<doc>Click the element identified by ``locator``.</doc>
<msg timestamp="20231021 11:01:35.041" level="INFO">Clicking element '//*[@aria-label="Search"]'.</msg>
<status status="PASS" starttime="20231021 11:01:35.041" endtime="20231021 11:01:35.274"/>
</kw>
<kw name="Wait Until Element Is Visible" library="SeleniumLibrary">
<arg>//*[@type="search" and @placeholder="Search..."]</arg>
<doc>Waits until the element ``locator`` is visible.</doc>
<status status="PASS" starttime="20231021 11:01:35.274" endtime="20231021 11:01:35.354"/>
</kw>
<kw name="Input Text" library="SeleniumLibrary">
<arg>//*[@type="search" and @placeholder="Search..."]</arg>
<arg>${Ref no}</arg>
<doc>Types the given ``text`` into the text field identified by ``locator``.</doc>
<msg timestamp="20231021 11:01:35.356" level="INFO">Typing text 'BT2023102100007' into text field '//*[@type="search" and @placeholder="Search..."]'.</msg>
<status status="PASS" starttime="20231021 11:01:35.356" endtime="20231021 11:01:35.539"/>
</kw>
<kw name="Wait Until Element Is Visible" library="SeleniumLibrary">
<arg>//span/mark[contains(text(), '${Ref no}')]</arg>
<doc>Waits until the element ``locator`` is visible.</doc>
<status status="PASS" starttime="20231021 11:01:35.539" endtime="20231021 11:01:36.256"/>
</kw>
<kw name="Click Element" library="SeleniumLibrary">
<arg>//span/mark[contains(text(), '${Ref no}')]</arg>
<doc>Click the element identified by ``locator``.</doc>
<msg timestamp="20231021 11:01:36.257" level="INFO">Clicking element '//span/mark[contains(text(), 'BT2023102100007')]'.</msg>
<status status="PASS" starttime="20231021 11:01:36.256" endtime="20231021 11:01:36.350"/>
</kw>
<kw name="Sleep" library="BuiltIn">
<arg>4s</arg>
<doc>Pauses the test executed for the given time.</doc>
<msg timestamp="20231021 11:01:40.352" level="INFO">Slept 4 seconds</msg>
<status status="PASS" starttime="20231021 11:01:36.350" endtime="20231021 11:01:40.352"/>
</kw>
<kw name="Execute Javascript" library="SeleniumLibrary">
<arg>document.evaluate("${NEXT_BUTTON}", document, null, XPathResult.FIRST_ORDERED_NODE_TYPE, null).singleNodeValue.click()</arg>
<doc>Executes the given JavaScript code with possible arguments.</doc>
<msg timestamp="20231021 11:01:40.352" level="INFO">Executing JavaScript:
document.evaluate("//div[@class='insext-btn' and @title='Show Salesforce details (Alt+I / Shift+Alt+I)']", document, null, XPathResult.FIRST_ORDERED_NODE_TYPE, null).singleNodeValue.click()
Without any arguments.</msg>
<status status="PASS" starttime="20231021 11:01:40.352" endtime="20231021 11:01:40.379"/>
</kw>
<kw name="Wait Until Element Is Visible" library="SeleniumLibrary">
<arg>css=iframe.insext-popup</arg>
<doc>Waits until the element ``locator`` is visible.</doc>
<status status="PASS" starttime="20231021 11:01:40.380" endtime="20231021 11:01:40.668"/>
</kw>
<kw name="Select Frame" library="SeleniumLibrary">
<arg>css=iframe.insext-popup</arg>
<doc>Sets frame identified by ``locator`` as the current frame.</doc>
<msg timestamp="20231021 11:01:40.686" level="INFO">Selecting frame 'css=iframe.insext-popup'.</msg>
<status status="PASS" starttime="20231021 11:01:40.684" endtime="20231021 11:01:40.752"/>
</kw>
<kw name="Wait Until Element Is Visible" library="SeleniumLibrary">
<arg>//*[@class="button"]/span</arg>
<doc>Waits until the element ``locator`` is visible.</doc>
<status status="PASS" starttime="20231021 11:01:40.754" endtime="20231021 11:01:41.950"/>
</kw>
<kw name="Click Element" library="SeleniumLibrary">
<arg>//*[@class="button"]/span</arg>
<doc>Click the element identified by ``locator``.</doc>
<msg timestamp="20231021 11:01:41.950" level="INFO">Clicking element '//*[@class="button"]/span'.</msg>
<status status="PASS" starttime="20231021 11:01:41.950" endtime="20231021 11:01:42.092"/>
</kw>
<kw name="Sub_State__c">
<kw name="Execute Javascript" library="SeleniumLibrary">
<var>${element}</var>
<arg>return document.querySelector('input.filter-input');</arg>
<doc>Executes the given JavaScript code with possible arguments.</doc>
<msg timestamp="20231021 11:01:42.095" level="INFO">Executing JavaScript:
return document.querySelector('input.filter-input');
Without any arguments.</msg>
<msg timestamp="20231021 11:01:42.196" level="INFO">${element} = &lt;selenium.webdriver.remote.webelement.WebElement (session="fb7e46004806a763d66872f2b077ab0d", element="B1D2798451086194A2267750575BE840_element_22")&gt;</msg>
<status status="PASS" starttime="20231021 11:01:42.093" endtime="20231021 11:01:42.196"/>
</kw>
<kw name="Input Text" library="SeleniumLibrary">
<arg>//*[@placeholder="Filter"]</arg>
<arg>text=Sub_State__c</arg>
<doc>Types the given ``text`` into the text field identified by ``locator``.</doc>
<msg timestamp="20231021 11:01:42.205" level="INFO">Typing text 'Sub_State__c' into text field '//*[@placeholder="Filter"]'.</msg>
<status status="PASS" starttime="20231021 11:01:42.200" endtime="20231021 11:01:42.319"/>
</kw>
<kw name="Wait Until Element Is Visible" library="SeleniumLibrary">
<arg>(//*[contains(@title, "Sub_State__c")]//td[@class="field-column"])[2]</arg>
<doc>Waits until the element ``locator`` is visible.</doc>
<status status="PASS" starttime="20231021 11:01:42.319" endtime="20231021 11:01:43.238"/>
</kw>
<kw name="Double Click Element" library="SeleniumLibrary">
<arg>(//*[contains(@title, "Sub_State__c")]//td[@class="field-column"])[2]</arg>
<doc>Double clicks the element identified by ``locator``.</doc>
<msg timestamp="20231021 11:01:43.238" level="INFO">Double clicking element '(//*[contains(@title, "Sub_State__c")]//td[@class="field-column"])[2]'.</msg>
<status status="PASS" starttime="20231021 11:01:43.238" endtime="20231021 11:01:43.640"/>
</kw>
<kw name="Input Text" library="SeleniumLibrary">
<arg>//td[@class="field-column"]/textarea</arg>
<arg>${Sub_State__c}</arg>
<doc>Types the given ``text`` into the text field identified by ``locator``.</doc>
<msg timestamp="20231021 11:01:43.646" level="INFO">Typing text 'FinalUpdate(BRE005):WAIVED,GenerateRequiredDoc:WAIVED,Withdrawn:COMPLETED' into text field '//td[@class="field-column"]/textarea'.</msg>
<status status="PASS" starttime="20231021 11:01:43.646" endtime="20231021 11:01:44.240"/>
</kw>
<kw name="Click Element" library="SeleniumLibrary">
<arg>locator=//*[@class="button button-brand"]</arg>
<doc>Click the element identified by ``locator``.</doc>
<msg timestamp="20231021 11:01:44.241" level="INFO">Clicking element '//*[@class="button button-brand"]'.</msg>
<status status="PASS" starttime="20231021 11:01:44.240" endtime="20231021 11:01:44.295"/>
</kw>
<kw name="Capture Page Screenshot" library="SeleniumLibrary">
<doc>Takes a screenshot of the current page and embeds it into a log file.</doc>
<msg timestamp="20231021 11:01:44.487" level="INFO" html="true">&lt;/td&gt;&lt;/tr&gt;&lt;tr&gt;&lt;td colspan="3"&gt;&lt;a href="selenium-screenshot-33.png"&gt;&lt;img src="selenium-screenshot-33.png" width="800px"&gt;&lt;/a&gt;</msg>
<status status="PASS" starttime="20231021 11:01:44.295" endtime="20231021 11:01:44.487"/>
</kw>
<kw name="Click Element" library="SeleniumLibrary">
<arg>locator=//*[@class="filter-clear-icon"]</arg>
<doc>Click the element identified by ``locator``.</doc>
<msg timestamp="20231021 11:01:44.491" level="INFO">Clicking element '//*[@class="filter-clear-icon"]'.</msg>
<status status="PASS" starttime="20231021 11:01:44.491" endtime="20231021 11:01:44.618"/>
</kw>
<status status="PASS" starttime="20231021 11:01:42.093" endtime="20231021 11:01:44.618"/>
</kw>
<kw name="Reject_Reason__c">
<kw name="Wait Until Element Is Visible" library="SeleniumLibrary">
<arg>//*[@placeholder="Filter"]</arg>
<doc>Waits until the element ``locator`` is visible.</doc>
<status status="PASS" starttime="20231021 11:01:44.627" endtime="20231021 11:01:44.673"/>
</kw>
<kw name="Input Text" library="SeleniumLibrary">
<arg>//*[@placeholder="Filter"]</arg>
<arg>text=Reject_Reason__c</arg>
<doc>Types the given ``text`` into the text field identified by ``locator``.</doc>
<msg timestamp="20231021 11:01:44.675" level="INFO">Typing text 'Reject_Reason__c' into text field '//*[@placeholder="Filter"]'.</msg>
<status status="PASS" starttime="20231021 11:01:44.675" endtime="20231021 11:01:44.892"/>
</kw>
<kw name="Wait Until Element Is Visible" library="SeleniumLibrary">
<arg>(//*[contains(@title, "Reject_Reason__c")]//td[@class="field-column"])[2]</arg>
<doc>Waits until the element ``locator`` is visible.</doc>
<status status="PASS" starttime="20231021 11:01:44.892" endtime="20231021 11:01:44.931"/>
</kw>
<kw name="Sleep" library="BuiltIn">
<arg>2s</arg>
<doc>Pauses the test executed for the given time.</doc>
<msg timestamp="20231021 11:01:46.941" level="INFO">Slept 2 seconds</msg>
<status status="PASS" starttime="20231021 11:01:44.931" endtime="20231021 11:01:46.941"/>
</kw>
<kw name="Double Click Element" library="SeleniumLibrary">
<arg>(//*[contains(@title, "Reject_Reason__c")]//td[@class="field-column"])[2]</arg>
<doc>Double clicks the element identified by ``locator``.</doc>
<msg timestamp="20231021 11:01:46.941" level="INFO">Double clicking element '(//*[contains(@title, "Reject_Reason__c")]//td[@class="field-column"])[2]'.</msg>
<status status="PASS" starttime="20231021 11:01:46.941" endtime="20231021 11:01:47.259"/>
</kw>
<kw name="Input Text" library="SeleniumLibrary">
<arg>//td[@class="field-column"]/textarea</arg>
<arg>${Reject_Reason__c}</arg>
<doc>Types the given ``text`` into the text field identified by ``locator``.</doc>
<msg timestamp="20231021 11:01:47.262" level="INFO">Typing text 'S01' into text field '//td[@class="field-column"]/textarea'.</msg>
<status status="PASS" starttime="20231021 11:01:47.259" endtime="20231021 11:01:47.391"/>
</kw>
<kw name="Click Element" library="SeleniumLibrary">
<arg>locator=//*[@class="button button-brand"]</arg>
<doc>Click the element identified by ``locator``.</doc>
<msg timestamp="20231021 11:01:47.394" level="INFO">Clicking element '//*[@class="button button-brand"]'.</msg>
<status status="PASS" starttime="20231021 11:01:47.392" endtime="20231021 11:01:47.473"/>
</kw>
<kw name="Click Element" library="SeleniumLibrary">
<arg>locator=//*[@class="filter-clear-icon"]</arg>
<doc>Click the element identified by ``locator``.</doc>
<msg timestamp="20231021 11:01:47.473" level="INFO">Clicking element '//*[@class="filter-clear-icon"]'.</msg>
<status status="PASS" starttime="20231021 11:01:47.473" endtime="20231021 11:01:47.617"/>
</kw>
<status status="PASS" starttime="20231021 11:01:44.618" endtime="20231021 11:01:47.617"/>
</kw>
<kw name="Next_Workstation__c">
<kw name="Wait Until Element Is Visible" library="SeleniumLibrary">
<arg>//*[@placeholder="Filter"]</arg>
<doc>Waits until the element ``locator`` is visible.</doc>
<status status="PASS" starttime="20231021 11:01:47.625" endtime="20231021 11:01:47.674"/>
</kw>
<kw name="Input Text" library="SeleniumLibrary">
<arg>//*[@placeholder="Filter"]</arg>
<arg>text=Next_Workstation__c</arg>
<doc>Types the given ``text`` into the text field identified by ``locator``.</doc>
<msg timestamp="20231021 11:01:47.674" level="INFO">Typing text 'Next_Workstation__c' into text field '//*[@placeholder="Filter"]'.</msg>
<status status="PASS" starttime="20231021 11:01:47.674" endtime="20231021 11:01:47.964"/>
</kw>
<kw name="Wait Until Element Is Visible" library="SeleniumLibrary">
<arg>(//*[contains(@title, "Next_Workstation__c")]//td[@class="field-column"])[2]</arg>
<doc>Waits until the element ``locator`` is visible.</doc>
<status status="PASS" starttime="20231021 11:01:47.964" endtime="20231021 11:01:47.990"/>
</kw>
<kw name="Sleep" library="BuiltIn">
<arg>3s</arg>
<doc>Pauses the test executed for the given time.</doc>
<msg timestamp="20231021 11:01:51.002" level="INFO">Slept 3 seconds</msg>
<status status="PASS" starttime="20231021 11:01:47.990" endtime="20231021 11:01:51.009"/>
</kw>
<kw name="Double Click Element" library="SeleniumLibrary">
<arg>(//*[contains(@title, "Next_Workstation__c")]//td[@class="field-column"])[2]</arg>
<doc>Double clicks the element identified by ``locator``.</doc>
<msg timestamp="20231021 11:01:51.009" level="INFO">Double clicking element '(//*[contains(@title, "Next_Workstation__c")]//td[@class="field-column"])[2]'.</msg>
<status status="PASS" starttime="20231021 11:01:51.009" endtime="20231021 11:01:51.317"/>
</kw>
<kw name="Wait Until Element Is Visible" library="SeleniumLibrary">
<arg>//td[@class="field-column"]/textarea</arg>
<doc>Waits until the element ``locator`` is visible.</doc>
<status status="PASS" starttime="20231021 11:01:51.317" endtime="20231021 11:01:51.348"/>
</kw>
<kw name="Input Text" library="SeleniumLibrary">
<arg>//td[@class="field-column"]/textarea</arg>
<arg>${Next_Workstation__c}</arg>
<doc>Types the given ``text`` into the text field identified by ``locator``.</doc>
<msg timestamp="20231021 11:01:51.348" level="INFO">Typing text 'Dummy System Workstation' into text field '//td[@class="field-column"]/textarea'.</msg>
<status status="PASS" starttime="20231021 11:01:51.348" endtime="20231021 11:01:51.602"/>
</kw>
<kw name="Click Element" library="SeleniumLibrary">
<arg>locator=//*[@class="button button-brand"]</arg>
<doc>Click the element identified by ``locator``.</doc>
<msg timestamp="20231021 11:01:51.602" level="INFO">Clicking element '//*[@class="button button-brand"]'.</msg>
<status status="PASS" starttime="20231021 11:01:51.602" endtime="20231021 11:01:51.654"/>
</kw>
<kw name="Click Element" library="SeleniumLibrary">
<arg>locator=//*[@class="filter-clear-icon"]</arg>
<doc>Click the element identified by ``locator``.</doc>
<msg timestamp="20231021 11:01:51.656" level="INFO">Clicking element '//*[@class="filter-clear-icon"]'.</msg>
<status status="PASS" starttime="20231021 11:01:51.654" endtime="20231021 11:01:51.768"/>
</kw>
<status status="PASS" starttime="20231021 11:01:47.617" endtime="20231021 11:01:51.768"/>
</kw>
<kw name="Previous_WorkStation__c">
<kw name="Wait Until Element Is Visible" library="SeleniumLibrary">
<arg>//*[@placeholder="Filter"]</arg>
<doc>Waits until the element ``locator`` is visible.</doc>
<status status="PASS" starttime="20231021 11:01:51.768" endtime="20231021 11:01:51.799"/>
</kw>
<kw name="Input Text" library="SeleniumLibrary">
<arg>//*[@placeholder="Filter"]</arg>
<arg>text=Previous_WorkStation__c</arg>
<doc>Types the given ``text`` into the text field identified by ``locator``.</doc>
<msg timestamp="20231021 11:01:51.807" level="INFO">Typing text 'Previous_WorkStation__c' into text field '//*[@placeholder="Filter"]'.</msg>
<status status="PASS" starttime="20231021 11:01:51.799" endtime="20231021 11:01:52.129"/>
</kw>
<kw name="Wait Until Element Is Visible" library="SeleniumLibrary">
<arg>//*[contains(@title, "Previous_WorkStation__c")]//td[@class="field-column"]</arg>
<doc>Waits until the element ``locator`` is visible.</doc>
<status status="PASS" starttime="20231021 11:01:52.129" endtime="20231021 11:01:52.147"/>
</kw>
<kw name="Sleep" library="BuiltIn">
<arg>2s</arg>
<doc>Pauses the test executed for the given time.</doc>
<msg timestamp="20231021 11:01:54.161" level="INFO">Slept 2 seconds</msg>
<status status="PASS" starttime="20231021 11:01:52.155" endtime="20231021 11:01:54.161"/>
</kw>
<kw name="Double Click Element" library="SeleniumLibrary">
<arg>//*[contains(@title, "Previous_WorkStation__c")]//td[@class="field-column"]</arg>
<doc>Double clicks the element identified by ``locator``.</doc>
<msg timestamp="20231021 11:01:54.161" level="INFO">Double clicking element '//*[contains(@title, "Previous_WorkStation__c")]//td[@class="field-column"]'.</msg>
<status status="PASS" starttime="20231021 11:01:54.161" endtime="20231021 11:01:54.489"/>
</kw>
<kw name="Input Text" library="SeleniumLibrary">
<arg>//td[@class="field-column"]/textarea</arg>
<arg>${Previous_WorkStation__c}</arg>
<doc>Types the given ``text`` into the text field identified by ``locator``.</doc>
<msg timestamp="20231021 11:01:54.491" level="INFO">Typing text 'Dummy System Workstation' into text field '//td[@class="field-column"]/textarea'.</msg>
<status status="PASS" starttime="20231021 11:01:54.490" endtime="20231021 11:01:54.776"/>
</kw>
<kw name="Click Element" library="SeleniumLibrary">
<arg>locator=//*[@class="button button-brand"]</arg>
<doc>Click the element identified by ``locator``.</doc>
<msg timestamp="20231021 11:01:54.776" level="INFO">Clicking element '//*[@class="button button-brand"]'.</msg>
<status status="PASS" starttime="20231021 11:01:54.776" endtime="20231021 11:01:54.834"/>
</kw>
<kw name="Click Element" library="SeleniumLibrary">
<arg>locator=//*[@class="filter-clear-icon"]</arg>
<doc>Click the element identified by ``locator``.</doc>
<msg timestamp="20231021 11:01:54.834" level="INFO">Clicking element '//*[@class="filter-clear-icon"]'.</msg>
<status status="PASS" starttime="20231021 11:01:54.834" endtime="20231021 11:01:54.944"/>
</kw>
<status status="PASS" starttime="20231021 11:01:51.768" endtime="20231021 11:01:54.944"/>
</kw>
<kw name="Loan_Application_Status__c">
<kw name="Wait Until Element Is Visible" library="SeleniumLibrary">
<arg>//*[@placeholder="Filter"]</arg>
<doc>Waits until the element ``locator`` is visible.</doc>
<status status="PASS" starttime="20231021 11:01:54.950" endtime="20231021 11:01:54.990"/>
</kw>
<kw name="Input Text" library="SeleniumLibrary">
<arg>//*[@placeholder="Filter"]</arg>
<arg>text=Loan_Application_Status__c</arg>
<doc>Types the given ``text`` into the text field identified by ``locator``.</doc>
<msg timestamp="20231021 11:01:54.992" level="INFO">Typing text 'Loan_Application_Status__c' into text field '//*[@placeholder="Filter"]'.</msg>
<status status="PASS" starttime="20231021 11:01:54.990" endtime="20231021 11:01:55.251"/>
</kw>
<kw name="Wait Until Element Is Visible" library="SeleniumLibrary">
<arg>(//*[contains(@title, "Loan_Application_Status__c")]//td[@class="field-column"])[2]</arg>
<doc>Waits until the element ``locator`` is visible.</doc>
<status status="PASS" starttime="20231021 11:01:55.251" endtime="20231021 11:01:55.272"/>
</kw>
<kw name="Sleep" library="BuiltIn">
<arg>3s</arg>
<doc>Pauses the test executed for the given time.</doc>
<msg timestamp="20231021 11:01:58.281" level="INFO">Slept 3 seconds</msg>
<status status="PASS" starttime="20231021 11:01:55.272" endtime="20231021 11:01:58.281"/>
</kw>
<kw name="Double Click Element" library="SeleniumLibrary">
<arg>(//*[contains(@title, "Loan_Application_Status__c")]//td[@class="field-column"])[2]</arg>
<doc>Double clicks the element identified by ``locator``.</doc>
<msg timestamp="20231021 11:01:58.282" level="INFO">Double clicking element '(//*[contains(@title, "Loan_Application_Status__c")]//td[@class="field-column"])[2]'.</msg>
<status status="PASS" starttime="20231021 11:01:58.282" endtime="20231021 11:01:58.627"/>
</kw>
<kw name="Input Text" library="SeleniumLibrary">
<arg>//td[@class="field-column"]/textarea</arg>
<arg>${Loan_Application_Status__c}</arg>
<doc>Types the given ``text`` into the text field identified by ``locator``.</doc>
<msg timestamp="20231021 11:01:58.627" level="INFO">Typing text 'Resolved-Withdrawn' into text field '//td[@class="field-column"]/textarea'.</msg>
<status status="PASS" starttime="20231021 11:01:58.627" endtime="20231021 11:01:58.859"/>
</kw>
<kw name="Click Element" library="SeleniumLibrary">
<arg>locator=//*[@class="button button-brand"]</arg>
<doc>Click the element identified by ``locator``.</doc>
<msg timestamp="20231021 11:01:58.859" level="INFO">Clicking element '//*[@class="button button-brand"]'.</msg>
<status status="PASS" starttime="20231021 11:01:58.859" endtime="20231021 11:01:58.908"/>
</kw>
<kw name="Click Element" library="SeleniumLibrary">
<arg>locator=//*[@class="sf-link" and text()=" Salesforce Home"]</arg>
<doc>Click the element identified by ``locator``.</doc>
<msg timestamp="20231021 11:01:58.916" level="INFO">Clicking element '//*[@class="sf-link" and text()=" Salesforce Home"]'.</msg>
<status status="PASS" starttime="20231021 11:01:58.908" endtime="20231021 11:02:00.951"/>
</kw>
<kw name="Wait Until Element Is Visible" library="SeleniumLibrary">
<arg>//*[text()="Resolved-Withdrawn"]</arg>
<doc>Waits until the element ``locator`` is visible.</doc>
<status status="PASS" starttime="20231021 11:02:00.951" endtime="20231021 11:02:03.364"/>
</kw>
<status status="PASS" starttime="20231021 11:01:54.944" endtime="20231021 11:02:03.364"/>
</kw>
<kw name="Close Browser" library="SeleniumLibrary">
<doc>Closes the current browser.</doc>
<status status="PASS" starttime="20231021 11:02:03.366" endtime="20231021 11:02:05.689"/>
</kw>
<status status="PASS" starttime="20231021 11:01:12.328" endtime="20231021 11:02:05.689"/>
</test>
<status status="PASS" starttime="20231021 11:01:11.396" endtime="20231021 11:02:05.693"/>
</suite>
<statistics>
<total>
<stat pass="1" fail="0" skip="0">All Tasks</stat>
</total>
<tag>
</tag>
<suite>
<stat pass="1" fail="0" skip="0" id="s1" name="Run withrawn">Run withrawn</stat>
</suite>
</statistics>
<errors>
</errors>
</robot>
