<?xml version="1.0" encoding="UTF-8"?>
<robot generator="Robot 6.1.1 (Python 3.9.0 on win32)" generated="20231025 10:45:46.307" rpa="true" schemaversion="4">
<suite id="s1" name="Run task" source="D:\automate\Onborad CC SPC SPL\3.Task\Run task.robot">
<test id="s1-t1" name="Onboarding And Get Names" line="130">
<kw name="Open web onbording" library="Keywords">
<kw name="Open Browser" library="SeleniumLibrary">
<arg>browser=gc</arg>
<arg>alias=BrowserA</arg>
<doc>Opens a new browser instance to the optional ``url``.</doc>
<msg timestamp="20231025 10:45:47.187" level="INFO">Opening browser 'gc' to base url 'None'.</msg>
<status status="PASS" starttime="20231025 10:45:47.186" endtime="20231025 10:45:48.299"/>
</kw>
<kw name="Go To" library="SeleniumLibrary">
<arg>${URL}</arg>
<doc>Navigates the current browser window to the provided ``url``.</doc>
<msg timestamp="20231025 10:45:48.300" level="INFO">Opening url 'https://test.salesforce.com/?ec=302&amp;startURL=%2Fvisualforce%2Fsession%3Furl%3Dhttps%253A%252F%252Fcardxscb--uat--c.sandbox.vf.force.com%252Fapex%252FSLS_AssistedSalesApp'</msg>
<status status="PASS" starttime="20231025 10:45:48.299" endtime="20231025 10:45:50.298"/>
</kw>
<kw name="Maximize Browser Window" library="SeleniumLibrary">
<doc>Maximizes current browser window.</doc>
<status status="PASS" starttime="20231025 10:45:50.298" endtime="20231025 10:45:50.423"/>
</kw>
<status status="PASS" starttime="20231025 10:45:47.186" endtime="20231025 10:45:50.423"/>
</kw>
<kw name="login" library="Keywords">
<arg>${username_UAT}</arg>
<arg>${password_UAT}</arg>
<kw name="Wait Until Element Is Visible" library="SeleniumLibrary">
<arg>xpath=//*[@id="Login"]</arg>
<doc>Waits until the element ``locator`` is visible.</doc>
<status status="PASS" starttime="20231025 10:45:50.424" endtime="20231025 10:45:50.459"/>
</kw>
<kw name="Input Text" library="SeleniumLibrary">
<arg>id=username</arg>
<arg>${username}</arg>
<doc>Types the given ``text`` into the text field identified by ``locator``.</doc>
<msg timestamp="20231025 10:45:50.461" level="INFO">Typing text 'Alonggorn.p@cardx.uat' into text field 'id=username'.</msg>
<status status="PASS" starttime="20231025 10:45:50.460" endtime="20231025 10:45:50.575"/>
</kw>
<kw name="Input Password" library="SeleniumLibrary">
<arg>id=password</arg>
<arg>${password}</arg>
<doc>Types the given password into the text field identified by ``locator``.</doc>
<msg timestamp="20231025 10:45:50.576" level="INFO">Typing password into text field 'id=password'.</msg>
<msg timestamp="20231025 10:45:50.616" level="INFO">Temporally setting log level to: NONE</msg>
<msg timestamp="20231025 10:45:50.665" level="INFO">Log level changed from NONE to INFO.</msg>
<status status="PASS" starttime="20231025 10:45:50.575" endtime="20231025 10:45:50.665"/>
</kw>
<kw name="Click Button" library="SeleniumLibrary">
<arg>xpath=//*[@id="Login"]</arg>
<doc>Clicks the button identified by ``locator``.</doc>
<msg timestamp="20231025 10:45:50.666" level="INFO">Clicking button 'xpath=//*[@id="Login"]'.</msg>
<status status="PASS" starttime="20231025 10:45:50.665" endtime="20231025 10:45:54.704"/>
</kw>
<status status="PASS" starttime="20231025 10:45:50.424" endtime="20231025 10:45:54.704"/>
</kw>
<kw name="Pause Execution" library="Dialogs">
<arg>Please enter "Salesforce Authenticator"</arg>
<doc>Pauses execution until user clicks ``Ok`` button.</doc>
<status status="PASS" starttime="20231025 10:45:54.706" endtime="20231025 10:45:57.482"/>
</kw>
<for flavor="IN RANGE">
<var>${ROW}</var>
<value>2</value>
<value>${MAX_ROW}</value>
<iter>
<var name="${ROW}">2</var>
<kw name="Read Excel Data" library="Keywords">
<var>${CID_Excel}</var>
<var>${Phone number_Excel}</var>
<var>${Date of birth_Excel}</var>
<var>${thaiFirstName_Excel}</var>
<var>${thaiLastName_Excel}</var>
<var>${englishFirstName_Excel}</var>
<var>${englishLastName_Excel}</var>
<var>${Income_Excel}</var>
<var>${Email_Excel}</var>
<arg>${ROW}</arg>
<kw name="Open Workbook" library="RPA.Excel.Files">
<arg>${FILE_PATH}</arg>
<doc>Open an existing Excel workbook.</doc>
<msg timestamp="20231025 10:45:57.511" level="INFO">Opened workbook: &lt;RPA.Excel.Files.XlsxWorkbook object at 0x00000209133BC430&gt;</msg>
<status status="PASS" starttime="20231025 10:45:57.486" endtime="20231025 10:45:57.511"/>
</kw>
<kw name="Get Cell Value" library="RPA.Excel.Files">
<var>${value1}</var>
<arg>${row}</arg>
<arg>1</arg>
<doc>Get a cell value in the given worksheet.</doc>
<msg timestamp="20231025 10:45:57.512" level="INFO">${value1} = 3102268973232</msg>
<status status="PASS" starttime="20231025 10:45:57.511" endtime="20231025 10:45:57.512"/>
</kw>
<kw name="Get Cell Value" library="RPA.Excel.Files">
<var>${value2}</var>
<arg>${row}</arg>
<arg>2</arg>
<doc>Get a cell value in the given worksheet.</doc>
<msg timestamp="20231025 10:45:57.513" level="INFO">${value2} = 900015699</msg>
<status status="PASS" starttime="20231025 10:45:57.512" endtime="20231025 10:45:57.513"/>
</kw>
<kw name="Get Cell Value" library="RPA.Excel.Files">
<var>${value3}</var>
<arg>${row}</arg>
<arg>3</arg>
<doc>Get a cell value in the given worksheet.</doc>
<msg timestamp="20231025 10:45:57.513" level="INFO">${value3} = 1989-01-01 00:00:00</msg>
<status status="PASS" starttime="20231025 10:45:57.513" endtime="20231025 10:45:57.513"/>
</kw>
<kw name="Get Cell Value" library="RPA.Excel.Files">
<var>${value4}</var>
<arg>${row}</arg>
<arg>4</arg>
<doc>Get a cell value in the given worksheet.</doc>
<msg timestamp="20231025 10:45:57.514" level="INFO">${value4} = None</msg>
<status status="PASS" starttime="20231025 10:45:57.513" endtime="20231025 10:45:57.514"/>
</kw>
<kw name="Get Cell Value" library="RPA.Excel.Files">
<var>${value5}</var>
<arg>${row}</arg>
<arg>5</arg>
<doc>Get a cell value in the given worksheet.</doc>
<msg timestamp="20231025 10:45:57.514" level="INFO">${value5} = None</msg>
<status status="PASS" starttime="20231025 10:45:57.514" endtime="20231025 10:45:57.514"/>
</kw>
<kw name="Get Cell Value" library="RPA.Excel.Files">
<var>${value6}</var>
<arg>${row}</arg>
<arg>6</arg>
<doc>Get a cell value in the given worksheet.</doc>
<msg timestamp="20231025 10:45:57.515" level="INFO">${value6} = None</msg>
<status status="PASS" starttime="20231025 10:45:57.514" endtime="20231025 10:45:57.515"/>
</kw>
<kw name="Get Cell Value" library="RPA.Excel.Files">
<var>${value7}</var>
<arg>${row}</arg>
<arg>7</arg>
<doc>Get a cell value in the given worksheet.</doc>
<msg timestamp="20231025 10:45:57.515" level="INFO">${value7} = None</msg>
<status status="PASS" starttime="20231025 10:45:57.515" endtime="20231025 10:45:57.515"/>
</kw>
<kw name="Get Cell Value" library="RPA.Excel.Files">
<var>${value8}</var>
<arg>${row}</arg>
<arg>8</arg>
<doc>Get a cell value in the given worksheet.</doc>
<msg timestamp="20231025 10:45:57.516" level="INFO">${value8} = 50000</msg>
<status status="PASS" starttime="20231025 10:45:57.515" endtime="20231025 10:45:57.516"/>
</kw>
<kw name="Get Cell Value" library="RPA.Excel.Files">
<var>${value9}</var>
<arg>${row}</arg>
<arg>9</arg>
<doc>Get a cell value in the given worksheet.</doc>
<msg timestamp="20231025 10:45:57.516" level="INFO">${value9} = Testdata01_spc3223@gmail.com</msg>
<status status="PASS" starttime="20231025 10:45:57.516" endtime="20231025 10:45:57.516"/>
</kw>
<kw name="Close Workbook" library="RPA.Excel.Files">
<doc>Close the active workbook.</doc>
<msg timestamp="20231025 10:45:57.517" level="INFO">Closing workbook: &lt;RPA.Excel.Files.XlsxWorkbook object at 0x00000209133BC430&gt;</msg>
<status status="PASS" starttime="20231025 10:45:57.516" endtime="20231025 10:45:57.517"/>
</kw>
<msg timestamp="20231025 10:45:57.517" level="INFO">${CID_Excel} = 3102268973232</msg>
<msg timestamp="20231025 10:45:57.517" level="INFO">${Phone number_Excel} = 900015699</msg>
<msg timestamp="20231025 10:45:57.517" level="INFO">${Date of birth_Excel} = 1989-01-01 00:00:00</msg>
<msg timestamp="20231025 10:45:57.517" level="INFO">${thaiFirstName_Excel} = None</msg>
<msg timestamp="20231025 10:45:57.518" level="INFO">${thaiLastName_Excel} = None</msg>
<msg timestamp="20231025 10:45:57.518" level="INFO">${englishFirstName_Excel} = None</msg>
<msg timestamp="20231025 10:45:57.518" level="INFO">${englishLastName_Excel} = None</msg>
<msg timestamp="20231025 10:45:57.518" level="INFO">${Income_Excel} = 50000</msg>
<msg timestamp="20231025 10:45:57.518" level="INFO">${Email_Excel} = Testdata01_spc3223@gmail.com</msg>
<status status="PASS" starttime="20231025 10:45:57.485" endtime="20231025 10:45:57.518"/>
</kw>
<kw name="Convert To String" library="BuiltIn">
<var>${CID_Excel}</var>
<arg>${CID_Excel}</arg>
<doc>Converts the given item to a Unicode string.</doc>
<msg timestamp="20231025 10:45:57.518" level="INFO">${CID_Excel} = 3102268973232</msg>
<status status="PASS" starttime="20231025 10:45:57.518" endtime="20231025 10:45:57.518"/>
</kw>
<kw name="Convert To String" library="BuiltIn">
<var>${Phone number_Excel}</var>
<arg>${Phone number_Excel}</arg>
<doc>Converts the given item to a Unicode string.</doc>
<msg timestamp="20231025 10:45:57.518" level="INFO">${Phone number_Excel} = 900015699</msg>
<status status="PASS" starttime="20231025 10:45:57.518" endtime="20231025 10:45:57.518"/>
</kw>
<kw name="Convert To String" library="BuiltIn">
<var>${Date of birth_Excel}</var>
<arg>${Date of birth_Excel}</arg>
<doc>Converts the given item to a Unicode string.</doc>
<msg timestamp="20231025 10:45:57.519" level="INFO">${Date of birth_Excel} = 1989-01-01 00:00:00</msg>
<status status="PASS" starttime="20231025 10:45:57.518" endtime="20231025 10:45:57.519"/>
</kw>
<kw name="Convert To String" library="BuiltIn">
<var>${thaiFirstName_Excel}</var>
<arg>${thaiFirstName_Excel}</arg>
<doc>Converts the given item to a Unicode string.</doc>
<msg timestamp="20231025 10:45:57.519" level="INFO">${thaiFirstName_Excel} = None</msg>
<status status="PASS" starttime="20231025 10:45:57.519" endtime="20231025 10:45:57.519"/>
</kw>
<kw name="Convert To String" library="BuiltIn">
<var>${thaiLastName_Excel}</var>
<arg>${thaiLastName_Excel}</arg>
<doc>Converts the given item to a Unicode string.</doc>
<msg timestamp="20231025 10:45:57.519" level="INFO">${thaiLastName_Excel} = None</msg>
<status status="PASS" starttime="20231025 10:45:57.519" endtime="20231025 10:45:57.519"/>
</kw>
<kw name="Convert To String" library="BuiltIn">
<var>${englishFirstName_Excel}</var>
<arg>${englishFirstName_Excel}</arg>
<doc>Converts the given item to a Unicode string.</doc>
<msg timestamp="20231025 10:45:57.519" level="INFO">${englishFirstName_Excel} = None</msg>
<status status="PASS" starttime="20231025 10:45:57.519" endtime="20231025 10:45:57.519"/>
</kw>
<kw name="Convert To String" library="BuiltIn">
<var>${englishLastName_Excel}</var>
<arg>${englishLastName_Excel}</arg>
<doc>Converts the given item to a Unicode string.</doc>
<msg timestamp="20231025 10:45:57.520" level="INFO">${englishLastName_Excel} = None</msg>
<status status="PASS" starttime="20231025 10:45:57.520" endtime="20231025 10:45:57.520"/>
</kw>
<kw name="Convert To String" library="BuiltIn">
<var>${Income_Excel}</var>
<arg>${Income_Excel}</arg>
<doc>Converts the given item to a Unicode string.</doc>
<msg timestamp="20231025 10:45:57.520" level="INFO">${Income_Excel} = 50000</msg>
<status status="PASS" starttime="20231025 10:45:57.520" endtime="20231025 10:45:57.520"/>
</kw>
<kw name="Convert To String" library="BuiltIn">
<var>${Email_Excel}</var>
<arg>${Email_Excel}</arg>
<doc>Converts the given item to a Unicode string.</doc>
<msg timestamp="20231025 10:45:57.520" level="INFO">${Email_Excel} = Testdata01_spc3223@gmail.com</msg>
<status status="PASS" starttime="20231025 10:45:57.520" endtime="20231025 10:45:57.520"/>
</kw>
<kw name="Run Keyword And Return Status" library="BuiltIn">
<var>${isCIDEmpty}</var>
<arg>Should Be Empty</arg>
<arg>${CID_Excel}</arg>
<doc>Runs the given keyword with given arguments and returns the status as a Boolean value.</doc>
<kw name="Should Be Empty" library="BuiltIn">
<arg>${CID_Excel}</arg>
<doc>Verifies that the given item is empty.</doc>
<msg timestamp="20231025 10:45:57.521" level="INFO">Length is 13</msg>
<msg timestamp="20231025 10:45:57.521" level="FAIL">'3102268973232' should be empty.</msg>
<status status="FAIL" starttime="20231025 10:45:57.521" endtime="20231025 10:45:57.521"/>
</kw>
<msg timestamp="20231025 10:45:57.521" level="INFO">${isCIDEmpty} = False</msg>
<status status="PASS" starttime="20231025 10:45:57.521" endtime="20231025 10:45:57.521"/>
</kw>
<kw name="Run Keyword And Return Status" library="BuiltIn">
<var>${isPhoneEmpty}</var>
<arg>Should Be Empty</arg>
<arg>${Phone number_Excel}</arg>
<doc>Runs the given keyword with given arguments and returns the status as a Boolean value.</doc>
<kw name="Should Be Empty" library="BuiltIn">
<arg>${Phone number_Excel}</arg>
<doc>Verifies that the given item is empty.</doc>
<msg timestamp="20231025 10:45:57.522" level="INFO">Length is 9</msg>
<msg timestamp="20231025 10:45:57.522" level="FAIL">'900015699' should be empty.</msg>
<status status="FAIL" starttime="20231025 10:45:57.521" endtime="20231025 10:45:57.522"/>
</kw>
<msg timestamp="20231025 10:45:57.522" level="INFO">${isPhoneEmpty} = False</msg>
<status status="PASS" starttime="20231025 10:45:57.521" endtime="20231025 10:45:57.522"/>
</kw>
<kw name="Evaluate" library="BuiltIn">
<var>${shouldExit}</var>
<arg>${isCIDEmpty} and ${isPhoneEmpty}</arg>
<doc>Evaluates the given expression in Python and returns the result.</doc>
<msg timestamp="20231025 10:45:57.522" level="INFO">${shouldExit} = False</msg>
<status status="PASS" starttime="20231025 10:45:57.522" endtime="20231025 10:45:57.522"/>
</kw>
<kw name="Exit For Loop If" library="BuiltIn">
<arg>${shouldExit}</arg>
<doc>Stops executing the enclosing FOR loop if the ``condition`` is true.</doc>
<status status="PASS" starttime="20231025 10:45:57.522" endtime="20231025 10:45:57.523"/>
</kw>
<kw name="Get Names From Website A" library="Keywords">
<var>${thaiFirstName}</var>
<var>${thaiLastName}</var>
<var>${englishFirstName}</var>
<var>${englishLastName}</var>
<kw name="Open Headless Browser" library="Keywords">
<kw name="Evaluate" library="BuiltIn">
<var>${chrome_options}</var>
<arg>sys.modules['selenium.webdriver'].ChromeOptions()</arg>
<arg>sys, selenium.webdriver</arg>
<doc>Evaluates the given expression in Python and returns the result.</doc>
<msg timestamp="20231025 10:45:57.524" level="INFO">${chrome_options} = &lt;selenium.webdriver.chrome.options.Options object at 0x0000020913601250&gt;</msg>
<status status="PASS" starttime="20231025 10:45:57.524" endtime="20231025 10:45:57.524"/>
</kw>
<kw name="Call Method" library="BuiltIn">
<arg>${chrome_options}</arg>
<arg>add_argument</arg>
<arg>--headless</arg>
<doc>Calls the named method of the given object with the provided arguments.</doc>
<status status="PASS" starttime="20231025 10:45:57.524" endtime="20231025 10:45:57.524"/>
</kw>
<kw name="Call Method" library="BuiltIn">
<arg>${chrome_options}</arg>
<arg>add_argument</arg>
<arg>--disable-gpu</arg>
<doc>Calls the named method of the given object with the provided arguments.</doc>
<status status="PASS" starttime="20231025 10:45:57.524" endtime="20231025 10:45:57.525"/>
</kw>
<kw name="Create Webdriver" library="SeleniumLibrary">
<arg>Chrome</arg>
<arg>options=${chrome_options}</arg>
<doc>Creates an instance of Selenium WebDriver.</doc>
<msg timestamp="20231025 10:45:57.525" level="INFO">Creating an instance of the Chrome WebDriver.</msg>
<status status="PASS" starttime="20231025 10:45:57.525" endtime="20231025 10:45:58.559"/>
</kw>
<status status="PASS" starttime="20231025 10:45:57.523" endtime="20231025 10:45:58.559"/>
</kw>
<kw name="Go To" library="SeleniumLibrary">
<arg>${URL_A}</arg>
<doc>Navigates the current browser window to the provided ``url``.</doc>
<msg timestamp="20231025 10:45:58.559" level="INFO">Opening url 'https://kidhaina.com/thainamegenerator.html'</msg>
<status status="PASS" starttime="20231025 10:45:58.559" endtime="20231025 10:46:01.525"/>
</kw>
<kw name="Wait Until Page Contains Element" library="SeleniumLibrary">
<arg>//*[@class="first-name-th"]</arg>
<doc>Waits until the element ``locator`` appears on the current page.</doc>
<status status="PASS" starttime="20231025 10:46:01.525" endtime="20231025 10:46:02.888"/>
</kw>
<kw name="Get Text" library="SeleniumLibrary">
<var>${thaiFirstName}</var>
<arg>//*[@class="first-name-th"]</arg>
<doc>Returns the text value of the element identified by ``locator``.</doc>
<msg timestamp="20231025 10:46:02.905" level="INFO">${thaiFirstName} = บัลลังค์</msg>
<status status="PASS" starttime="20231025 10:46:02.888" endtime="20231025 10:46:02.905"/>
</kw>
<kw name="Get Text" library="SeleniumLibrary">
<var>${thaiLastName}</var>
<arg>//*[@class="last-name-th"]</arg>
<doc>Returns the text value of the element identified by ``locator``.</doc>
<msg timestamp="20231025 10:46:02.921" level="INFO">${thaiLastName} = มงคลภักดี</msg>
<status status="PASS" starttime="20231025 10:46:02.905" endtime="20231025 10:46:02.921"/>
</kw>
<kw name="Get Text" library="SeleniumLibrary">
<var>${englishFirstName}</var>
<arg>//*[@class="first-name-en"]</arg>
<doc>Returns the text value of the element identified by ``locator``.</doc>
<msg timestamp="20231025 10:46:02.937" level="INFO">${englishFirstName} = Banlang</msg>
<status status="PASS" starttime="20231025 10:46:02.921" endtime="20231025 10:46:02.937"/>
</kw>
<kw name="Get Text" library="SeleniumLibrary">
<var>${englishLastName}</var>
<arg>(//*[@class="last-name-th"])[2]</arg>
<doc>Returns the text value of the element identified by ``locator``.</doc>
<msg timestamp="20231025 10:46:02.951" level="INFO">${englishLastName} = Mongkolpakdee</msg>
<status status="PASS" starttime="20231025 10:46:02.938" endtime="20231025 10:46:02.951"/>
</kw>
<kw name="Close Browser" library="SeleniumLibrary">
<doc>Closes the current browser.</doc>
<status status="PASS" starttime="20231025 10:46:02.951" endtime="20231025 10:46:05.008"/>
</kw>
<kw name="Switch Browser" library="SeleniumLibrary">
<arg>index_or_alias=BrowserA</arg>
<doc>Switches between active browsers using ``index_or_alias``.</doc>
<status status="PASS" starttime="20231025 10:46:05.009" endtime="20231025 10:46:05.009"/>
</kw>
<msg timestamp="20231025 10:46:05.009" level="INFO">${thaiFirstName} = บัลลังค์</msg>
<msg timestamp="20231025 10:46:05.010" level="INFO">${thaiLastName} = มงคลภักดี</msg>
<msg timestamp="20231025 10:46:05.010" level="INFO">${englishFirstName} = Banlang</msg>
<msg timestamp="20231025 10:46:05.010" level="INFO">${englishLastName} = Mongkolpakdee</msg>
<status status="PASS" starttime="20231025 10:45:57.523" endtime="20231025 10:46:05.010"/>
</kw>
<kw name="Run Keyword If" library="BuiltIn">
<arg>'${SELECTED_CARD}' == '${CARD_TYPE_CC}'</arg>
<arg>Select card Credit Card</arg>
<doc>Runs the given keyword with the given arguments, if ``condition`` is true.</doc>
<status status="PASS" starttime="20231025 10:46:05.010" endtime="20231025 10:46:05.012"/>
</kw>
<kw name="Run Keyword If" library="BuiltIn">
<arg>'${SELECTED_CARD}' == '${CARD_TYPE_SPC}'</arg>
<arg>Select card Speedy Cash</arg>
<doc>Runs the given keyword with the given arguments, if ``condition`` is true.</doc>
<status status="PASS" starttime="20231025 10:46:05.012" endtime="20231025 10:46:05.012"/>
</kw>
<kw name="Run Keyword If" library="BuiltIn">
<arg>'${SELECTED_CARD}' == '${CARD_TYPE_SPL}'</arg>
<arg>Select card Speedy Loan</arg>
<doc>Runs the given keyword with the given arguments, if ``condition`` is true.</doc>
<kw name="Select card Speedy Loan" library="Keywords">
<kw name="Wait Until Element Is Not Visible" library="SeleniumLibrary">
<arg>locator=//*[text()="Please wait"]</arg>
<doc>Waits until the element ``locator`` is not visible.</doc>
<status status="PASS" starttime="20231025 10:46:05.013" endtime="20231025 10:46:10.781"/>
</kw>
<kw name="Sleep" library="BuiltIn">
<arg>2s</arg>
<doc>Pauses the test executed for the given time.</doc>
<msg timestamp="20231025 10:46:12.791" level="INFO">Slept 2 seconds</msg>
<status status="PASS" starttime="20231025 10:46:10.781" endtime="20231025 10:46:12.791"/>
</kw>
<kw name="Execute Javascript" library="SeleniumLibrary">
<arg>window.scrollTo(0, document.body.scrollHeight);</arg>
<doc>Executes the given JavaScript code with possible arguments.</doc>
<msg timestamp="20231025 10:46:12.791" level="INFO">Executing JavaScript:
window.scrollTo(0, document.body.scrollHeight);
Without any arguments.</msg>
<status status="PASS" starttime="20231025 10:46:12.791" endtime="20231025 10:46:12.803"/>
</kw>
<kw name="Wait Until Element Is Visible" library="SeleniumLibrary">
<arg>//*[text()="Speedy Loan"]</arg>
<doc>Waits until the element ``locator`` is visible.</doc>
<status status="PASS" starttime="20231025 10:46:12.803" endtime="20231025 10:46:13.299"/>
</kw>
<kw name="Click Element" library="SeleniumLibrary">
<arg>//*[text()="Speedy Loan"]</arg>
<doc>Click the element identified by ``locator``.</doc>
<msg timestamp="20231025 10:46:13.300" level="INFO">Clicking element '//*[text()="Speedy Loan"]'.</msg>
<status status="PASS" starttime="20231025 10:46:13.300" endtime="20231025 10:46:13.345"/>
</kw>
<kw name="Wait Until Element Is Visible" library="SeleniumLibrary">
<arg>${Product}</arg>
<doc>Waits until the element ``locator`` is visible.</doc>
<status status="PASS" starttime="20231025 10:46:13.346" endtime="20231025 10:46:15.112"/>
</kw>
<kw name="Click Element" library="SeleniumLibrary">
<arg>${Product}</arg>
<doc>Click the element identified by ``locator``.</doc>
<msg timestamp="20231025 10:46:15.112" level="INFO">Clicking element '//*[text()="CardX SPEEDY LOAN"]'.</msg>
<status status="PASS" starttime="20231025 10:46:15.112" endtime="20231025 10:46:15.171"/>
</kw>
<status status="PASS" starttime="20231025 10:46:05.013" endtime="20231025 10:46:15.171"/>
</kw>
<status status="PASS" starttime="20231025 10:46:05.013" endtime="20231025 10:46:15.171"/>
</kw>
<kw name="Wait Until Element Is Visible" library="SeleniumLibrary">
<arg>//*[text()='Apply']</arg>
<doc>Waits until the element ``locator`` is visible.</doc>
<status status="PASS" starttime="20231025 10:46:15.171" endtime="20231025 10:46:16.134"/>
</kw>
<kw name="Scroll Element Into View" library="SeleniumLibrary">
<arg>//*[text()='Apply']</arg>
<doc>Scrolls the element identified by ``locator`` into view.</doc>
<status status="PASS" starttime="20231025 10:46:16.134" endtime="20231025 10:46:16.411"/>
</kw>
<kw name="Wait Until Element Is Visible" library="SeleniumLibrary">
<arg>locator=//*[text()='Apply']</arg>
<doc>Waits until the element ``locator`` is visible.</doc>
<status status="PASS" starttime="20231025 10:46:16.412" endtime="20231025 10:46:16.428"/>
</kw>
<kw name="Click Element" library="SeleniumLibrary">
<arg>//*[text()='Apply']</arg>
<doc>Click the element identified by ``locator``.</doc>
<msg timestamp="20231025 10:46:16.428" level="INFO">Clicking element '//*[text()='Apply']'.</msg>
<status status="PASS" starttime="20231025 10:46:16.428" endtime="20231025 10:46:16.491"/>
</kw>
<kw name="Wait Until Element Is Not Visible" library="SeleniumLibrary">
<arg>locator=//*[text()="Please wait"]</arg>
<doc>Waits until the element ``locator`` is not visible.</doc>
<status status="PASS" starttime="20231025 10:46:16.492" endtime="20231025 10:46:16.500"/>
</kw>
<kw name="Sleep" library="BuiltIn">
<arg>2s</arg>
<doc>Pauses the test executed for the given time.</doc>
<msg timestamp="20231025 10:46:18.516" level="INFO">Slept 2 seconds</msg>
<status status="PASS" starttime="20231025 10:46:16.500" endtime="20231025 10:46:18.516"/>
</kw>
<kw name="Wait Until Element Is Visible" library="SeleniumLibrary">
<arg>//*[text()="Data privacy notice"]</arg>
<doc>Waits until the element ``locator`` is visible.</doc>
<status status="PASS" starttime="20231025 10:46:18.516" endtime="20231025 10:46:18.537"/>
</kw>
<kw name="Sleep" library="BuiltIn">
<arg>3s</arg>
<doc>Pauses the test executed for the given time.</doc>
<msg timestamp="20231025 10:46:21.546" level="INFO">Slept 3 seconds</msg>
<status status="PASS" starttime="20231025 10:46:18.537" endtime="20231025 10:46:21.546"/>
</kw>
<kw name="Execute Javascript" library="SeleniumLibrary">
<arg>document.getElementById('consent-content').scrollTop = document.getElementById('consent-content').scrollHeight;</arg>
<doc>Executes the given JavaScript code with possible arguments.</doc>
<msg timestamp="20231025 10:46:21.548" level="INFO">Executing JavaScript:
document.getElementById('consent-content').scrollTop = document.getElementById('consent-content').scrollHeight;
Without any arguments.</msg>
<status status="PASS" starttime="20231025 10:46:21.546" endtime="20231025 10:46:21.559"/>
</kw>
<kw name="Sleep" library="BuiltIn">
<arg>3s</arg>
<doc>Pauses the test executed for the given time.</doc>
<msg timestamp="20231025 10:46:24.575" level="INFO">Slept 3 seconds</msg>
<status status="PASS" starttime="20231025 10:46:21.560" endtime="20231025 10:46:24.575"/>
</kw>
<kw name="Click Element" library="SeleniumLibrary">
<arg>//*[text()='Continue']</arg>
<doc>Click the element identified by ``locator``.</doc>
<msg timestamp="20231025 10:46:24.576" level="INFO">Clicking element '//*[text()='Continue']'.</msg>
<status status="PASS" starttime="20231025 10:46:24.575" endtime="20231025 10:46:24.664"/>
</kw>
<kw name="Run Keyword If" library="BuiltIn">
<arg>'${SELECTED_CARD}' == '${CARD_TYPE_CC}'</arg>
<arg>Nationality</arg>
<doc>Runs the given keyword with the given arguments, if ``condition`` is true.</doc>
<status status="PASS" starttime="20231025 10:46:24.664" endtime="20231025 10:46:24.665"/>
</kw>
<kw name="Input data" library="Keywords">
<kw name="Wait Until Element Is Visible" library="SeleniumLibrary">
<arg>//*[text()='mockup data']</arg>
<doc>Waits until the element ``locator`` is visible.</doc>
<status status="PASS" starttime="20231025 10:46:24.665" endtime="20231025 10:46:27.483"/>
</kw>
<kw name="Execute Javascript" library="SeleniumLibrary">
<arg>window.scrollBy(0, 300)</arg>
<doc>Executes the given JavaScript code with possible arguments.</doc>
<msg timestamp="20231025 10:46:27.484" level="INFO">Executing JavaScript:
window.scrollBy(0, 300)
Without any arguments.</msg>
<status status="PASS" starttime="20231025 10:46:27.483" endtime="20231025 10:46:27.487"/>
</kw>
<kw name="Click Element" library="SeleniumLibrary">
<arg>//*[text()='mockup data']</arg>
<doc>Click the element identified by ``locator``.</doc>
<msg timestamp="20231025 10:46:27.488" level="INFO">Clicking element '//*[text()='mockup data']'.</msg>
<status status="PASS" starttime="20231025 10:46:27.487" endtime="20231025 10:46:27.561"/>
</kw>
<kw name="Click Element" library="SeleniumLibrary">
<arg>//*[text()="2021061790700"]</arg>
<doc>Click the element identified by ``locator``.</doc>
<msg timestamp="20231025 10:46:27.562" level="INFO">Clicking element '//*[text()="2021061790700"]'.</msg>
<status status="PASS" starttime="20231025 10:46:27.561" endtime="20231025 10:46:27.648"/>
</kw>
<status status="PASS" starttime="20231025 10:46:24.665" endtime="20231025 10:46:27.648"/>
</kw>
<kw name="Generate Random House Number" library="Keywords">
<var>${random_number}</var>
<kw name="Evaluate" library="BuiltIn">
<var>${random1}</var>
<arg>random.randint(0, 9)</arg>
<arg>random</arg>
<doc>Evaluates the given expression in Python and returns the result.</doc>
<msg timestamp="20231025 10:46:27.649" level="INFO">${random1} = 7</msg>
<status status="PASS" starttime="20231025 10:46:27.648" endtime="20231025 10:46:27.649"/>
</kw>
<kw name="Evaluate" library="BuiltIn">
<var>${random2}</var>
<arg>random.randint(0, 9)</arg>
<arg>random</arg>
<doc>Evaluates the given expression in Python and returns the result.</doc>
<msg timestamp="20231025 10:46:27.649" level="INFO">${random2} = 0</msg>
<status status="PASS" starttime="20231025 10:46:27.649" endtime="20231025 10:46:27.649"/>
</kw>
<kw name="Evaluate" library="BuiltIn">
<var>${random3}</var>
<arg>random.randint(0, 9)</arg>
<arg>random</arg>
<doc>Evaluates the given expression in Python and returns the result.</doc>
<msg timestamp="20231025 10:46:27.649" level="INFO">${random3} = 9</msg>
<status status="PASS" starttime="20231025 10:46:27.649" endtime="20231025 10:46:27.649"/>
</kw>
<kw name="Catenate" library="BuiltIn">
<var>${random_House_number}</var>
<arg>SEPARATOR=</arg>
<arg>${random1}</arg>
<arg>${random2}</arg>
<arg>${random3}</arg>
<doc>Catenates the given items together and returns the resulted string.</doc>
<msg timestamp="20231025 10:46:27.650" level="INFO">${random_House_number} = 709</msg>
<status status="PASS" starttime="20231025 10:46:27.649" endtime="20231025 10:46:27.650"/>
</kw>
<msg timestamp="20231025 10:46:27.650" level="INFO">${random_number} = 709</msg>
<status status="PASS" starttime="20231025 10:46:27.648" endtime="20231025 10:46:27.650"/>
</kw>
<kw name="Generate Random House Number 2" library="Keywords">
<var>${random_number2}</var>
<kw name="Evaluate" library="BuiltIn">
<var>${random1}</var>
<arg>random.randint(0, 9)</arg>
<arg>random</arg>
<doc>Evaluates the given expression in Python and returns the result.</doc>
<msg timestamp="20231025 10:46:27.651" level="INFO">${random1} = 2</msg>
<status status="PASS" starttime="20231025 10:46:27.651" endtime="20231025 10:46:27.651"/>
</kw>
<kw name="Evaluate" library="BuiltIn">
<var>${random2}</var>
<arg>random.randint(0, 9)</arg>
<arg>random</arg>
<doc>Evaluates the given expression in Python and returns the result.</doc>
<msg timestamp="20231025 10:46:27.651" level="INFO">${random2} = 8</msg>
<status status="PASS" starttime="20231025 10:46:27.651" endtime="20231025 10:46:27.651"/>
</kw>
<kw name="Evaluate" library="BuiltIn">
<var>${random3}</var>
<arg>random.randint(0, 9)</arg>
<arg>random</arg>
<doc>Evaluates the given expression in Python and returns the result.</doc>
<msg timestamp="20231025 10:46:27.652" level="INFO">${random3} = 2</msg>
<status status="PASS" starttime="20231025 10:46:27.651" endtime="20231025 10:46:27.652"/>
</kw>
<kw name="Catenate" library="BuiltIn">
<var>${random_House_number2}</var>
<arg>SEPARATOR=</arg>
<arg>${random1}</arg>
<arg>${random2}</arg>
<arg>${random3}</arg>
<doc>Catenates the given items together and returns the resulted string.</doc>
<msg timestamp="20231025 10:46:27.652" level="INFO">${random_House_number2} = 282</msg>
<status status="PASS" starttime="20231025 10:46:27.652" endtime="20231025 10:46:27.652"/>
</kw>
<msg timestamp="20231025 10:46:27.652" level="INFO">${random_number2} = 282</msg>
<status status="PASS" starttime="20231025 10:46:27.650" endtime="20231025 10:46:27.652"/>
</kw>
<kw name="Press Keys" library="SeleniumLibrary">
<arg>//*[@placeholder="House number"]</arg>
<arg>CTRL+a+DELETE</arg>
<doc>Simulates the user pressing key(s) to an element or on the active browser.</doc>
<msg timestamp="20231025 10:46:27.653" level="INFO">Sending key(s) ('CTRL+a+DELETE',) to //*[@placeholder="House number"] element.</msg>
<msg timestamp="20231025 10:46:27.939" level="INFO">Pressing special key CONTROL down.</msg>
<msg timestamp="20231025 10:46:27.939" level="INFO">Sending key a</msg>
<msg timestamp="20231025 10:46:27.939" level="INFO">Pressing special key DELETE down.</msg>
<msg timestamp="20231025 10:46:27.939" level="INFO">Releasing special key CONTROL.</msg>
<msg timestamp="20231025 10:46:27.939" level="INFO">Releasing special key DELETE.</msg>
<status status="PASS" starttime="20231025 10:46:27.652" endtime="20231025 10:46:27.956"/>
</kw>
<kw name="Input Text" library="SeleniumLibrary">
<arg>//*[@placeholder="House number"]</arg>
<arg>${random_number}/${random_number2}</arg>
<doc>Types the given ``text`` into the text field identified by ``locator``.</doc>
<msg timestamp="20231025 10:46:27.957" level="INFO">Typing text '709/282' into text field '//*[@placeholder="House number"]'.</msg>
<status status="PASS" starttime="20231025 10:46:27.956" endtime="20231025 10:46:28.024"/>
</kw>
<kw name="Input Names To Website B" library="Keywords">
<arg>${thaiFirstName}</arg>
<arg>${thaiLastName}</arg>
<arg>${englishFirstName}</arg>
<arg>${englishLastName}</arg>
<kw name="Press Keys" library="SeleniumLibrary">
<arg>//*[@placeholder="thaiFirstName"]</arg>
<arg>CTRL+a+DELETE</arg>
<doc>Simulates the user pressing key(s) to an element or on the active browser.</doc>
<msg timestamp="20231025 10:46:28.025" level="INFO">Sending key(s) ('CTRL+a+DELETE',) to //*[@placeholder="thaiFirstName"] element.</msg>
<msg timestamp="20231025 10:46:28.303" level="INFO">Pressing special key CONTROL down.</msg>
<msg timestamp="20231025 10:46:28.303" level="INFO">Sending key a</msg>
<msg timestamp="20231025 10:46:28.303" level="INFO">Pressing special key DELETE down.</msg>
<msg timestamp="20231025 10:46:28.303" level="INFO">Releasing special key CONTROL.</msg>
<msg timestamp="20231025 10:46:28.303" level="INFO">Releasing special key DELETE.</msg>
<status status="PASS" starttime="20231025 10:46:28.025" endtime="20231025 10:46:28.315"/>
</kw>
<kw name="Input Text" library="SeleniumLibrary">
<arg>//*[@placeholder="thaiFirstName"]</arg>
<arg>${thaiFirstName}</arg>
<doc>Types the given ``text`` into the text field identified by ``locator``.</doc>
<msg timestamp="20231025 10:46:28.316" level="INFO">Typing text 'บัลลังค์' into text field '//*[@placeholder="thaiFirstName"]'.</msg>
<status status="PASS" starttime="20231025 10:46:28.315" endtime="20231025 10:46:28.404"/>
</kw>
<kw name="Press Keys" library="SeleniumLibrary">
<arg>//*[@placeholder="thaiLastName"]</arg>
<arg>CTRL+a+DELETE</arg>
<doc>Simulates the user pressing key(s) to an element or on the active browser.</doc>
<msg timestamp="20231025 10:46:28.405" level="INFO">Sending key(s) ('CTRL+a+DELETE',) to //*[@placeholder="thaiLastName"] element.</msg>
<msg timestamp="20231025 10:46:28.696" level="INFO">Pressing special key CONTROL down.</msg>
<msg timestamp="20231025 10:46:28.697" level="INFO">Sending key a</msg>
<msg timestamp="20231025 10:46:28.697" level="INFO">Pressing special key DELETE down.</msg>
<msg timestamp="20231025 10:46:28.697" level="INFO">Releasing special key CONTROL.</msg>
<msg timestamp="20231025 10:46:28.697" level="INFO">Releasing special key DELETE.</msg>
<status status="PASS" starttime="20231025 10:46:28.404" endtime="20231025 10:46:28.715"/>
</kw>
<kw name="Input Text" library="SeleniumLibrary">
<arg>//*[@placeholder="thaiLastName"]</arg>
<arg>${thaiLastName}</arg>
<doc>Types the given ``text`` into the text field identified by ``locator``.</doc>
<msg timestamp="20231025 10:46:28.716" level="INFO">Typing text 'มงคลภักดี' into text field '//*[@placeholder="thaiLastName"]'.</msg>
<status status="PASS" starttime="20231025 10:46:28.716" endtime="20231025 10:46:28.772"/>
</kw>
<kw name="Press Keys" library="SeleniumLibrary">
<arg>//*[@placeholder="englishFirstName"]</arg>
<arg>CTRL+a+DELETE</arg>
<doc>Simulates the user pressing key(s) to an element or on the active browser.</doc>
<msg timestamp="20231025 10:46:28.772" level="INFO">Sending key(s) ('CTRL+a+DELETE',) to //*[@placeholder="englishFirstName"] element.</msg>
<msg timestamp="20231025 10:46:29.049" level="INFO">Pressing special key CONTROL down.</msg>
<msg timestamp="20231025 10:46:29.049" level="INFO">Sending key a</msg>
<msg timestamp="20231025 10:46:29.049" level="INFO">Pressing special key DELETE down.</msg>
<msg timestamp="20231025 10:46:29.049" level="INFO">Releasing special key CONTROL.</msg>
<msg timestamp="20231025 10:46:29.049" level="INFO">Releasing special key DELETE.</msg>
<status status="PASS" starttime="20231025 10:46:28.772" endtime="20231025 10:46:29.056"/>
</kw>
<kw name="Input Text" library="SeleniumLibrary">
<arg>//*[@placeholder="englishFirstName"]</arg>
<arg>${englishFirstName}</arg>
<doc>Types the given ``text`` into the text field identified by ``locator``.</doc>
<msg timestamp="20231025 10:46:29.057" level="INFO">Typing text 'Banlang' into text field '//*[@placeholder="englishFirstName"]'.</msg>
<status status="PASS" starttime="20231025 10:46:29.057" endtime="20231025 10:46:29.104"/>
</kw>
<kw name="Press Keys" library="SeleniumLibrary">
<arg>//*[@placeholder="englishLastName"]</arg>
<arg>CTRL+a+DELETE</arg>
<doc>Simulates the user pressing key(s) to an element or on the active browser.</doc>
<msg timestamp="20231025 10:46:29.106" level="INFO">Sending key(s) ('CTRL+a+DELETE',) to //*[@placeholder="englishLastName"] element.</msg>
<msg timestamp="20231025 10:46:29.394" level="INFO">Pressing special key CONTROL down.</msg>
<msg timestamp="20231025 10:46:29.396" level="INFO">Sending key a</msg>
<msg timestamp="20231025 10:46:29.396" level="INFO">Pressing special key DELETE down.</msg>
<msg timestamp="20231025 10:46:29.396" level="INFO">Releasing special key CONTROL.</msg>
<msg timestamp="20231025 10:46:29.396" level="INFO">Releasing special key DELETE.</msg>
<status status="PASS" starttime="20231025 10:46:29.106" endtime="20231025 10:46:29.408"/>
</kw>
<kw name="Input Text" library="SeleniumLibrary">
<arg>//*[@placeholder="englishLastName"]</arg>
<arg>${englishLastName}</arg>
<doc>Types the given ``text`` into the text field identified by ``locator``.</doc>
<msg timestamp="20231025 10:46:29.408" level="INFO">Typing text 'Mongkolpakdee' into text field '//*[@placeholder="englishLastName"]'.</msg>
<status status="PASS" starttime="20231025 10:46:29.408" endtime="20231025 10:46:29.462"/>
</kw>
<status status="PASS" starttime="20231025 10:46:28.024" endtime="20231025 10:46:29.462"/>
</kw>
<kw name="Sleep" library="BuiltIn">
<arg>2s</arg>
<doc>Pauses the test executed for the given time.</doc>
<msg timestamp="20231025 10:46:31.473" level="INFO">Slept 2 seconds</msg>
<status status="PASS" starttime="20231025 10:46:29.462" endtime="20231025 10:46:31.473"/>
</kw>
<kw name="Click Element" library="SeleniumLibrary">
<arg>//*[@name="nIDNumber"]</arg>
<doc>Click the element identified by ``locator``.</doc>
<msg timestamp="20231025 10:46:31.475" level="INFO">Clicking element '//*[@name="nIDNumber"]'.</msg>
<status status="PASS" starttime="20231025 10:46:31.473" endtime="20231025 10:46:31.513"/>
</kw>
<kw name="Press Keys" library="SeleniumLibrary">
<arg>//*[@name="nIDNumber"]</arg>
<arg>CTRL+a+DELETE</arg>
<doc>Simulates the user pressing key(s) to an element or on the active browser.</doc>
<msg timestamp="20231025 10:46:31.514" level="INFO">Sending key(s) ('CTRL+a+DELETE',) to //*[@name="nIDNumber"] element.</msg>
<msg timestamp="20231025 10:46:31.806" level="INFO">Pressing special key CONTROL down.</msg>
<msg timestamp="20231025 10:46:31.806" level="INFO">Sending key a</msg>
<msg timestamp="20231025 10:46:31.806" level="INFO">Pressing special key DELETE down.</msg>
<msg timestamp="20231025 10:46:31.806" level="INFO">Releasing special key CONTROL.</msg>
<msg timestamp="20231025 10:46:31.806" level="INFO">Releasing special key DELETE.</msg>
<status status="PASS" starttime="20231025 10:46:31.513" endtime="20231025 10:46:31.837"/>
</kw>
<kw name="Input Text" library="SeleniumLibrary">
<arg>//*[@name="nIDNumber"]</arg>
<arg>${CID_Excel}</arg>
<doc>Types the given ``text`` into the text field identified by ``locator``.</doc>
<msg timestamp="20231025 10:46:31.837" level="INFO">Typing text '3102268973232' into text field '//*[@name="nIDNumber"]'.</msg>
<status status="PASS" starttime="20231025 10:46:31.837" endtime="20231025 10:46:31.906"/>
</kw>
<kw name="Set Variable" library="BuiltIn">
<var>${Date of birth_Excel}</var>
<arg>1983-01-01 00:00:00</arg>
<doc>Returns the given values which can then be assigned to a variables.</doc>
<msg timestamp="20231025 10:46:31.906" level="INFO">${Date of birth_Excel} = 1983-01-01 00:00:00</msg>
<status status="PASS" starttime="20231025 10:46:31.906" endtime="20231025 10:46:31.906"/>
</kw>
<kw name="Format Date From Excel" library="Keywords">
<var>${formatted_date}</var>
<arg>${Date of birth_Excel}</arg>
<kw name="Get Date Without Time" library="Keywords">
<var>${date}</var>
<arg>${date_with_time}</arg>
<kw name="Set Variable" library="BuiltIn">
<var>${date}</var>
<arg>${date_with_time.split(' ')[0]}</arg>
<doc>Returns the given values which can then be assigned to a variables.</doc>
<msg timestamp="20231025 10:46:31.907" level="INFO">${date} = 1983-01-01</msg>
<status status="PASS" starttime="20231025 10:46:31.907" endtime="20231025 10:46:31.907"/>
</kw>
<msg timestamp="20231025 10:46:31.909" level="INFO">${date} = 1983-01-01</msg>
<status status="PASS" starttime="20231025 10:46:31.907" endtime="20231025 10:46:31.909"/>
</kw>
<kw name="Replace String" library="String">
<var>${formatted_date}</var>
<arg>${date}</arg>
<arg>-</arg>
<arg>-</arg>
<doc>Replaces ``search_for`` in the given ``string`` with ``replace_with``.</doc>
<msg timestamp="20231025 10:46:31.909" level="INFO">${formatted_date} = 1983-01-01</msg>
<status status="PASS" starttime="20231025 10:46:31.909" endtime="20231025 10:46:31.909"/>
</kw>
<msg timestamp="20231025 10:46:31.909" level="INFO">${formatted_date} = 1983-01-01</msg>
<status status="PASS" starttime="20231025 10:46:31.907" endtime="20231025 10:46:31.909"/>
</kw>
<kw name="Log" library="BuiltIn">
<arg>${formatted_date}</arg>
<doc>Logs the given message with the given level.</doc>
<msg timestamp="20231025 10:46:31.909" level="INFO">1983-01-01</msg>
<status status="PASS" starttime="20231025 10:46:31.909" endtime="20231025 10:46:31.909"/>
</kw>
<kw name="Press Keys" library="SeleniumLibrary">
<arg>//*[@name="birthDate"]</arg>
<arg>CTRL+a+DELETE</arg>
<doc>Simulates the user pressing key(s) to an element or on the active browser.</doc>
<msg timestamp="20231025 10:46:31.910" level="INFO">Sending key(s) ('CTRL+a+DELETE',) to //*[@name="birthDate"] element.</msg>
<msg timestamp="20231025 10:46:32.218" level="INFO">Pressing special key CONTROL down.</msg>
<msg timestamp="20231025 10:46:32.219" level="INFO">Sending key a</msg>
<msg timestamp="20231025 10:46:32.219" level="INFO">Pressing special key DELETE down.</msg>
<msg timestamp="20231025 10:46:32.219" level="INFO">Releasing special key CONTROL.</msg>
<msg timestamp="20231025 10:46:32.219" level="INFO">Releasing special key DELETE.</msg>
<status status="PASS" starttime="20231025 10:46:31.910" endtime="20231025 10:46:32.233"/>
</kw>
<kw name="Input Text" library="SeleniumLibrary">
<arg>name=birthDate</arg>
<arg>${formatted_date}</arg>
<doc>Types the given ``text`` into the text field identified by ``locator``.</doc>
<msg timestamp="20231025 10:46:32.233" level="INFO">Typing text '1983-01-01' into text field 'name=birthDate'.</msg>
<status status="PASS" starttime="20231025 10:46:32.233" endtime="20231025 10:46:32.286"/>
</kw>
<kw name="clil svae mockup data" library="Keywords">
<kw name="Wait Until Element Is Visible" library="SeleniumLibrary">
<arg>//*[@class="MuiButton-label" and text()="save"]</arg>
<doc>Waits until the element ``locator`` is visible.</doc>
<status status="PASS" starttime="20231025 10:46:32.287" endtime="20231025 10:46:32.306"/>
</kw>
<kw name="Set Variable" library="BuiltIn">
<var>${button_locator}</var>
<arg>//*[@class="MuiButton-label" and text()="save"]</arg>
<doc>Returns the given values which can then be assigned to a variables.</doc>
<msg timestamp="20231025 10:46:32.306" level="INFO">${button_locator} = //*[@class="MuiButton-label" and text()="save"]</msg>
<status status="PASS" starttime="20231025 10:46:32.306" endtime="20231025 10:46:32.306"/>
</kw>
<kw name="Execute Javascript" library="SeleniumLibrary">
<arg>document.evaluate('${button_locator}', document, null, XPathResult.FIRST_ORDERED_NODE_TYPE, null).singleNodeValue.click();</arg>
<doc>Executes the given JavaScript code with possible arguments.</doc>
<msg timestamp="20231025 10:46:32.307" level="INFO">Executing JavaScript:
document.evaluate('//*[@class="MuiButton-label" and text()="save"]', document, null, XPathResult.FIRST_ORDERED_NODE_TYPE, null).singleNodeValue.click();
Without any arguments.</msg>
<status status="PASS" starttime="20231025 10:46:32.306" endtime="20231025 10:46:32.341"/>
</kw>
<status status="PASS" starttime="20231025 10:46:32.287" endtime="20231025 10:46:32.341"/>
</kw>
<kw name="Click Element" library="SeleniumLibrary">
<arg>//*[text()="Dip Chip"]</arg>
<doc>Click the element identified by ``locator``.</doc>
<msg timestamp="20231025 10:46:32.342" level="INFO">Clicking element '//*[text()="Dip Chip"]'.</msg>
<status status="PASS" starttime="20231025 10:46:32.342" endtime="20231025 10:46:32.384"/>
</kw>
<kw name="Wait Until Element Is Visible" library="SeleniumLibrary">
<arg>//*[text()="Next"]</arg>
<doc>Waits until the element ``locator`` is visible.</doc>
<status status="PASS" starttime="20231025 10:46:32.384" endtime="20231025 10:46:39.023"/>
</kw>
<kw name="Click Element" library="SeleniumLibrary">
<arg>//*[text()="Next"]</arg>
<doc>Click the element identified by ``locator``.</doc>
<msg timestamp="20231025 10:46:39.023" level="INFO">Clicking element '//*[text()="Next"]'.</msg>
<status status="PASS" starttime="20231025 10:46:39.023" endtime="20231025 10:46:39.072"/>
</kw>
<kw name="Wait Until Element Is Not Visible" library="SeleniumLibrary">
<arg>locator=//*[text()="Please wait"]</arg>
<doc>Waits until the element ``locator`` is not visible.</doc>
<status status="PASS" starttime="20231025 10:46:39.072" endtime="20231025 10:46:39.086"/>
</kw>
<kw name="Wait Until Element Is Visible" library="SeleniumLibrary">
<arg>//*[text()="Customer Photo"]</arg>
<doc>Waits until the element ``locator`` is visible.</doc>
<status status="PASS" starttime="20231025 10:46:39.086" endtime="20231025 10:46:39.326"/>
</kw>
<kw name="Sleep" library="BuiltIn">
<arg>2s</arg>
<doc>Pauses the test executed for the given time.</doc>
<msg timestamp="20231025 10:46:41.343" level="INFO">Slept 2 seconds</msg>
<status status="PASS" starttime="20231025 10:46:39.327" endtime="20231025 10:46:41.343"/>
</kw>
<kw name="Execute Javascript" library="SeleniumLibrary">
<arg>window.scrollTo(0, document.body.scrollHeight);</arg>
<doc>Executes the given JavaScript code with possible arguments.</doc>
<msg timestamp="20231025 10:46:41.344" level="INFO">Executing JavaScript:
window.scrollTo(0, document.body.scrollHeight);
Without any arguments.</msg>
<status status="PASS" starttime="20231025 10:46:41.343" endtime="20231025 10:46:41.356"/>
</kw>
<kw name="Choose File" library="SeleniumLibrary">
<arg>id=file1</arg>
<arg>D:\\test.jpg</arg>
<doc>Inputs the ``file_path`` into the file input field ``locator``.</doc>
<msg timestamp="20231025 10:46:41.359" level="INFO">Sending D:\test.jpg to browser.</msg>
<status status="PASS" starttime="20231025 10:46:41.357" endtime="20231025 10:46:41.386"/>
</kw>
<kw name="Click Element" library="SeleniumLibrary">
<arg>//*[text()="Confirm"]</arg>
<doc>Click the element identified by ``locator``.</doc>
<msg timestamp="20231025 10:46:41.388" level="INFO">Clicking element '//*[text()="Confirm"]'.</msg>
<status status="PASS" starttime="20231025 10:46:41.387" endtime="20231025 10:46:41.440"/>
</kw>
<kw name="Click Element" library="SeleniumLibrary">
<arg>//*[text()="Yes"]</arg>
<doc>Click the element identified by ``locator``.</doc>
<msg timestamp="20231025 10:46:41.442" level="INFO">Clicking element '//*[text()="Yes"]'.</msg>
<status status="PASS" starttime="20231025 10:46:41.440" endtime="20231025 10:46:41.509"/>
</kw>
<kw name="Wait Until Element Is Not Visible" library="SeleniumLibrary">
<arg>//*[text()="Please wait"]</arg>
<doc>Waits until the element ``locator`` is not visible.</doc>
<status status="PASS" starttime="20231025 10:46:41.509" endtime="20231025 10:46:43.375"/>
</kw>
<kw name="Sleep" library="BuiltIn">
<arg>4s</arg>
<doc>Pauses the test executed for the given time.</doc>
<msg timestamp="20231025 10:46:47.379" level="INFO">Slept 4 seconds</msg>
<status status="PASS" starttime="20231025 10:46:43.376" endtime="20231025 10:46:47.380"/>
</kw>
<kw name="Execute Javascript" library="SeleniumLibrary">
<arg>window.scrollBy(0, 300)</arg>
<doc>Executes the given JavaScript code with possible arguments.</doc>
<msg timestamp="20231025 10:46:47.382" level="INFO">Executing JavaScript:
window.scrollBy(0, 300)
Without any arguments.</msg>
<status status="PASS" starttime="20231025 10:46:47.381" endtime="20231025 10:46:47.391"/>
</kw>
<kw name="Set Focus To Element" library="SeleniumLibrary">
<arg>//*[@class="MuiInputBase-input MuiOutlinedInput-input"]</arg>
<doc>Sets the focus to the element identified by ``locator``.</doc>
<status status="PASS" starttime="20231025 10:46:47.392" endtime="20231025 10:46:47.410"/>
</kw>
<kw name="Wait Until Element Is Not Visible" library="SeleniumLibrary">
<arg>locator=//*[text()="Please wait"]</arg>
<doc>Waits until the element ``locator`` is not visible.</doc>
<status status="PASS" starttime="20231025 10:46:47.410" endtime="20231025 10:46:48.546"/>
</kw>
<kw name="Sleep" library="BuiltIn">
<arg>1s</arg>
<doc>Pauses the test executed for the given time.</doc>
<msg timestamp="20231025 10:46:49.553" level="INFO">Slept 1 second</msg>
<status status="PASS" starttime="20231025 10:46:48.546" endtime="20231025 10:46:49.553"/>
</kw>
<kw name="Wait Until Element Is Visible" library="SeleniumLibrary">
<arg>//*[@class="MuiInputBase-input MuiOutlinedInput-input"]</arg>
<doc>Waits until the element ``locator`` is visible.</doc>
<status status="PASS" starttime="20231025 10:46:49.553" endtime="20231025 10:46:49.573"/>
</kw>
<kw name="Input Text" library="SeleniumLibrary">
<arg>//*[@class="MuiInputBase-input MuiOutlinedInput-input"]</arg>
<arg>${Phone number_Excel}</arg>
<doc>Types the given ``text`` into the text field identified by ``locator``.</doc>
<msg timestamp="20231025 10:46:49.574" level="INFO">Typing text '900015699' into text field '//*[@class="MuiInputBase-input MuiOutlinedInput-input"]'.</msg>
<status status="PASS" starttime="20231025 10:46:49.573" endtime="20231025 10:46:49.696"/>
</kw>
<kw name="Execute Javascript" library="SeleniumLibrary">
<arg>window.scrollBy(0, 300)</arg>
<doc>Executes the given JavaScript code with possible arguments.</doc>
<msg timestamp="20231025 10:46:49.697" level="INFO">Executing JavaScript:
window.scrollBy(0, 300)
Without any arguments.</msg>
<status status="PASS" starttime="20231025 10:46:49.696" endtime="20231025 10:46:49.705"/>
</kw>
<kw name="Wait Until Element Is Not Visible" library="SeleniumLibrary">
<arg>//*[text()="Please wait"]</arg>
<doc>Waits until the element ``locator`` is not visible.</doc>
<status status="PASS" starttime="20231025 10:46:49.705" endtime="20231025 10:46:49.716"/>
</kw>
<kw name="Wait Until Element Is Visible" library="SeleniumLibrary">
<arg>//*[text()="Next"]</arg>
<doc>Waits until the element ``locator`` is visible.</doc>
<status status="PASS" starttime="20231025 10:46:49.716" endtime="20231025 10:46:49.730"/>
</kw>
<kw name="Click Element" library="SeleniumLibrary">
<arg>//*[text()="Next"]</arg>
<doc>Click the element identified by ``locator``.</doc>
<msg timestamp="20231025 10:46:49.731" level="INFO">Clicking element '//*[text()="Next"]'.</msg>
<status status="PASS" starttime="20231025 10:46:49.730" endtime="20231025 10:46:49.774"/>
</kw>
<kw name="Wait Until Element Is Visible" library="SeleniumLibrary">
<arg>//*[text()="skipOTP"]</arg>
<doc>Waits until the element ``locator`` is visible.</doc>
<status status="PASS" starttime="20231025 10:46:49.774" endtime="20231025 10:46:51.117"/>
</kw>
<kw name="Click Element" library="SeleniumLibrary">
<arg>//*[text()="skipOTP"]</arg>
<doc>Click the element identified by ``locator``.</doc>
<msg timestamp="20231025 10:46:51.118" level="INFO">Clicking element '//*[text()="skipOTP"]'.</msg>
<status status="PASS" starttime="20231025 10:46:51.117" endtime="20231025 10:46:51.171"/>
</kw>
<kw name="Wait Until Element Is Not Visible" library="SeleniumLibrary">
<arg>locator=//*[text()="Please wait"]</arg>
<doc>Waits until the element ``locator`` is not visible.</doc>
<status status="PASS" starttime="20231025 10:46:51.171" endtime="20231025 10:46:51.238"/>
</kw>
<kw name="Run Keyword If" library="BuiltIn">
<arg>'${SELECTED_CARD}' == '${CARD_TYPE_CC}'</arg>
<arg>Select income</arg>
<doc>Runs the given keyword with the given arguments, if ``condition`` is true.</doc>
<status status="PASS" starttime="20231025 10:46:51.239" endtime="20231025 10:46:51.239"/>
</kw>
<kw name="Wait Until Element Is Visible" library="SeleniumLibrary">
<arg>//*[@id="income"]</arg>
<doc>Waits until the element ``locator`` is visible.</doc>
<status status="PASS" starttime="20231025 10:46:51.239" endtime="20231025 10:46:51.476"/>
</kw>
<kw name="Press Keys" library="SeleniumLibrary">
<arg>//*[@id="income"]</arg>
<arg>CTRL+a+DELETE</arg>
<doc>Simulates the user pressing key(s) to an element or on the active browser.</doc>
<msg timestamp="20231025 10:46:51.477" level="INFO">Sending key(s) ('CTRL+a+DELETE',) to //*[@id="income"] element.</msg>
<msg timestamp="20231025 10:46:51.772" level="INFO">Pressing special key CONTROL down.</msg>
<msg timestamp="20231025 10:46:51.772" level="INFO">Sending key a</msg>
<msg timestamp="20231025 10:46:51.772" level="INFO">Pressing special key DELETE down.</msg>
<msg timestamp="20231025 10:46:51.772" level="INFO">Releasing special key CONTROL.</msg>
<msg timestamp="20231025 10:46:51.772" level="INFO">Releasing special key DELETE.</msg>
<status status="PASS" starttime="20231025 10:46:51.477" endtime="20231025 10:46:51.783"/>
</kw>
<kw name="Input Text" library="SeleniumLibrary">
<arg>id=income</arg>
<arg>${Income_Excel}</arg>
<doc>Types the given ``text`` into the text field identified by ``locator``.</doc>
<msg timestamp="20231025 10:46:51.784" level="INFO">Typing text '50000' into text field 'id=income'.</msg>
<status status="PASS" starttime="20231025 10:46:51.783" endtime="20231025 10:46:51.839"/>
</kw>
<kw name="Click Element" library="SeleniumLibrary">
<arg>//*[text()="Calculate"]</arg>
<doc>Click the element identified by ``locator``.</doc>
<msg timestamp="20231025 10:46:51.839" level="INFO">Clicking element '//*[text()="Calculate"]'.</msg>
<status status="PASS" starttime="20231025 10:46:51.839" endtime="20231025 10:46:51.905"/>
</kw>
<kw name="Click Element If Visible" library="Keywords">
<arg>//*[text()="No thanks, next"]</arg>
<kw name="Run Keyword And Return Status" library="BuiltIn">
<var>${status}</var>
<arg>Wait Until Element Is Visible</arg>
<arg>${locator}</arg>
<arg>5s</arg>
<doc>Runs the given keyword with given arguments and returns the status as a Boolean value.</doc>
<kw name="Wait Until Element Is Visible" library="SeleniumLibrary">
<arg>${locator}</arg>
<arg>5s</arg>
<doc>Waits until the element ``locator`` is visible.</doc>
<msg timestamp="20231025 10:46:57.227" level="INFO" html="true">&lt;/td&gt;&lt;/tr&gt;&lt;tr&gt;&lt;td colspan="3"&gt;&lt;a href="../../results/selenium-screenshot-350.png"&gt;&lt;img src="../../results/selenium-screenshot-350.png" width="800px"&gt;&lt;/a&gt;</msg>
<msg timestamp="20231025 10:46:57.227" level="FAIL">Element '//*[text()="No thanks, next"]' not visible after 5 seconds.</msg>
<status status="FAIL" starttime="20231025 10:46:51.906" endtime="20231025 10:46:57.260"/>
</kw>
<msg timestamp="20231025 10:46:57.260" level="INFO">${status} = False</msg>
<status status="PASS" starttime="20231025 10:46:51.906" endtime="20231025 10:46:57.260"/>
</kw>
<kw name="Run Keyword If" library="BuiltIn">
<arg>${status}</arg>
<arg>Wait And Click Element</arg>
<arg>${locator}</arg>
<doc>Runs the given keyword with the given arguments, if ``condition`` is true.</doc>
<status status="PASS" starttime="20231025 10:46:57.261" endtime="20231025 10:46:57.261"/>
</kw>
<status status="PASS" starttime="20231025 10:46:51.906" endtime="20231025 10:46:57.261"/>
</kw>
<kw name="Run Keyword If" library="BuiltIn">
<arg>'${SELECTED_CARD}' == '${CARD_TYPE_CC}'</arg>
<arg>Select Credit limit CC,SPC</arg>
<doc>Runs the given keyword with the given arguments, if ``condition`` is true.</doc>
<status status="PASS" starttime="20231025 10:46:57.261" endtime="20231025 10:46:57.261"/>
</kw>
<kw name="Run Keyword If" library="BuiltIn">
<arg>'${SELECTED_CARD}' == '${CARD_TYPE_SPC}'</arg>
<arg>Select Credit limit CC,SPC</arg>
<doc>Runs the given keyword with the given arguments, if ``condition`` is true.</doc>
<status status="PASS" starttime="20231025 10:46:57.262" endtime="20231025 10:46:57.262"/>
</kw>
<kw name="Run Keyword If" library="BuiltIn">
<arg>'${SELECTED_CARD}' == '${CARD_TYPE_SPL}'</arg>
<arg>Run Keywords</arg>
<arg>Execute JavaScript</arg>
<arg>window.scrollTo(0, document.body.scrollHeight / 2);</arg>
<arg>AND</arg>
<arg>Sleep</arg>
<arg>5s</arg>
<arg>AND</arg>
<arg>Drag And Drop By Offset</arg>
<arg>//span[@class="MuiSlider-root jss632 MuiSlider-colorPrimary"]</arg>
<arg>50</arg>
<arg>0</arg>
<arg>AND</arg>
<arg>Click Element</arg>
<arg>//*[text()="${Select installment period (month)}"]</arg>
<arg>AND</arg>
<arg>Sleep</arg>
<arg>3s</arg>
<arg>AND</arg>
<arg>Execute JavaScript</arg>
<arg>window.scrollTo(0, document.body.scrollHeight)</arg>
<doc>Runs the given keyword with the given arguments, if ``condition`` is true.</doc>
<kw name="Run Keywords" library="BuiltIn">
<arg>Execute JavaScript</arg>
<arg>window.scrollTo(0, document.body.scrollHeight / 2);</arg>
<arg>AND</arg>
<arg>Sleep</arg>
<arg>5s</arg>
<arg>AND</arg>
<arg>Drag And Drop By Offset</arg>
<arg>//span[@class="MuiSlider-root jss632 MuiSlider-colorPrimary"]</arg>
<arg>50</arg>
<arg>0</arg>
<arg>AND</arg>
<arg>Click Element</arg>
<arg>//*[text()="${Select installment period (month)}"]</arg>
<arg>AND</arg>
<arg>Sleep</arg>
<arg>3s</arg>
<arg>AND</arg>
<arg>Execute JavaScript</arg>
<arg>window.scrollTo(0, document.body.scrollHeight)</arg>
<doc>Executes all the given keywords in a sequence.</doc>
<kw name="Execute Javascript" library="SeleniumLibrary">
<arg>window.scrollTo(0, document.body.scrollHeight / 2);</arg>
<doc>Executes the given JavaScript code with possible arguments.</doc>
<msg timestamp="20231025 10:46:57.265" level="INFO">Executing JavaScript:
window.scrollTo(0, document.body.scrollHeight / 2);
Without any arguments.</msg>
<status status="PASS" starttime="20231025 10:46:57.263" endtime="20231025 10:46:57.271"/>
</kw>
<kw name="Sleep" library="BuiltIn">
<arg>5s</arg>
<doc>Pauses the test executed for the given time.</doc>
<msg timestamp="20231025 10:47:02.274" level="INFO">Slept 5 seconds</msg>
<status status="PASS" starttime="20231025 10:46:57.271" endtime="20231025 10:47:02.274"/>
</kw>
<kw name="Drag And Drop By Offset" library="SeleniumLibrary">
<arg>//span[@class="MuiSlider-root jss632 MuiSlider-colorPrimary"]</arg>
<arg>50</arg>
<arg>0</arg>
<doc>Drags the element identified with ``locator`` by ``xoffset/yoffset``.</doc>
<status status="PASS" starttime="20231025 10:47:02.275" endtime="20231025 10:47:02.886"/>
</kw>
<kw name="Click Element" library="SeleniumLibrary">
<arg>//*[text()="${Select installment period (month)}"]</arg>
<doc>Click the element identified by ``locator``.</doc>
<msg timestamp="20231025 10:47:02.886" level="INFO">Clicking element '//*[text()="72"]'.</msg>
<status status="PASS" starttime="20231025 10:47:02.886" endtime="20231025 10:47:02.942"/>
</kw>
<kw name="Sleep" library="BuiltIn">
<arg>3s</arg>
<doc>Pauses the test executed for the given time.</doc>
<msg timestamp="20231025 10:47:05.947" level="INFO">Slept 3 seconds</msg>
<status status="PASS" starttime="20231025 10:47:02.942" endtime="20231025 10:47:05.947"/>
</kw>
<kw name="Execute Javascript" library="SeleniumLibrary">
<arg>window.scrollTo(0, document.body.scrollHeight)</arg>
<doc>Executes the given JavaScript code with possible arguments.</doc>
<msg timestamp="20231025 10:47:05.949" level="INFO">Executing JavaScript:
window.scrollTo(0, document.body.scrollHeight)
Without any arguments.</msg>
<status status="PASS" starttime="20231025 10:47:05.948" endtime="20231025 10:47:05.962"/>
</kw>
<status status="PASS" starttime="20231025 10:46:57.263" endtime="20231025 10:47:05.962"/>
</kw>
<status status="PASS" starttime="20231025 10:46:57.262" endtime="20231025 10:47:05.962"/>
</kw>
<kw name="Wait Until Element Is Visible" library="SeleniumLibrary">
<arg>locator=//*[text()="Next"]</arg>
<doc>Waits until the element ``locator`` is visible.</doc>
<status status="PASS" starttime="20231025 10:47:05.962" endtime="20231025 10:47:05.978"/>
</kw>
<kw name="Sleep" library="BuiltIn">
<arg>1s</arg>
<doc>Pauses the test executed for the given time.</doc>
<msg timestamp="20231025 10:47:06.990" level="INFO">Slept 1 second</msg>
<status status="PASS" starttime="20231025 10:47:05.980" endtime="20231025 10:47:06.990"/>
</kw>
<kw name="Click Element" library="SeleniumLibrary">
<arg>//*[text()="Next"]</arg>
<doc>Click the element identified by ``locator``.</doc>
<msg timestamp="20231025 10:47:06.990" level="INFO">Clicking element '//*[text()="Next"]'.</msg>
<status status="PASS" starttime="20231025 10:47:06.990" endtime="20231025 10:47:07.034"/>
</kw>
<kw name="Wait Until Element Is Not Visible" library="SeleniumLibrary">
<arg>locator=//*[text()="Please wait"]</arg>
<doc>Waits until the element ``locator`` is not visible.</doc>
<status status="PASS" starttime="20231025 10:47:07.035" endtime="20231025 10:47:07.046"/>
</kw>
<kw name="Run Keyword And Return Status" library="BuiltIn">
<var>${status}</var>
<arg>Page Should Contain</arg>
<arg>Reference Loan Account</arg>
<doc>Runs the given keyword with given arguments and returns the status as a Boolean value.</doc>
<kw name="Page Should Contain" library="SeleniumLibrary">
<arg>Reference Loan Account</arg>
<doc>Verifies that current page contains ``text``.</doc>
<msg timestamp="20231025 10:47:07.346" level="INFO" html="true">&lt;/td&gt;&lt;/tr&gt;&lt;tr&gt;&lt;td colspan="3"&gt;&lt;a href="../../results/selenium-screenshot-351.png"&gt;&lt;img src="../../results/selenium-screenshot-351.png" width="800px"&gt;&lt;/a&gt;</msg>
<msg timestamp="20231025 10:47:07.346" level="FAIL">Page should have contained text 'Reference Loan Account' but did not.</msg>
<status status="FAIL" starttime="20231025 10:47:07.049" endtime="20231025 10:47:07.357"/>
</kw>
<msg timestamp="20231025 10:47:07.357" level="INFO">${status} = False</msg>
<status status="PASS" starttime="20231025 10:47:07.047" endtime="20231025 10:47:07.357"/>
</kw>
<kw name="Run Keyword If" library="BuiltIn">
<arg>${status}</arg>
<arg>Reference Loan SPL</arg>
<doc>Runs the given keyword with the given arguments, if ``condition`` is true.</doc>
<status status="PASS" starttime="20231025 10:47:07.358" endtime="20231025 10:47:07.358"/>
</kw>
<kw name="Click Element" library="SeleniumLibrary">
<arg>//*[text()="Confirm"]</arg>
<doc>Click the element identified by ``locator``.</doc>
<msg timestamp="20231025 10:47:07.359" level="INFO">Clicking element '//*[text()="Confirm"]'.</msg>
<status status="PASS" starttime="20231025 10:47:07.358" endtime="20231025 10:47:07.404"/>
</kw>
<kw name="Wait Until Element Is Visible" library="SeleniumLibrary">
<arg>//*[text()="Current address"]</arg>
<doc>Waits until the element ``locator`` is visible.</doc>
<status status="PASS" starttime="20231025 10:47:07.404" endtime="20231025 10:47:15.198"/>
</kw>
<kw name="Scroll Element Into View" library="SeleniumLibrary">
<arg>//*[text()="Current address"]</arg>
<doc>Scrolls the element identified by ``locator`` into view.</doc>
<status status="PASS" starttime="20231025 10:47:15.198" endtime="20231025 10:47:15.496"/>
</kw>
<kw name="Wait Until Element Is Visible" library="SeleniumLibrary">
<arg>//*[@placeholder="Select education level"]</arg>
<doc>Waits until the element ``locator`` is visible.</doc>
<status status="PASS" starttime="20231025 10:47:15.496" endtime="20231025 10:47:15.511"/>
</kw>
<kw name="Wait Until Element Is Visible" library="SeleniumLibrary">
<arg>//*[@placeholder="Select education level"]</arg>
<doc>Waits until the element ``locator`` is visible.</doc>
<status status="PASS" starttime="20231025 10:47:15.511" endtime="20231025 10:47:15.524"/>
</kw>
<kw name="Click Element" library="SeleniumLibrary">
<arg>//*[@placeholder="Select education level"]</arg>
<doc>Click the element identified by ``locator``.</doc>
<msg timestamp="20231025 10:47:15.524" level="INFO">Clicking element '//*[@placeholder="Select education level"]'.</msg>
<status status="PASS" starttime="20231025 10:47:15.524" endtime="20231025 10:47:15.581"/>
</kw>
<kw name="Wait Until Element Is Visible" library="SeleniumLibrary">
<arg>(//*[@placeholder="Select education level"])[2]</arg>
<doc>Waits until the element ``locator`` is visible.</doc>
<status status="PASS" starttime="20231025 10:47:15.583" endtime="20231025 10:47:15.610"/>
</kw>
<kw name="Input Text" library="SeleniumLibrary">
<arg>(//*[@placeholder="Select education level"])[2]</arg>
<arg>BACHELOR'S DEGREE</arg>
<doc>Types the given ``text`` into the text field identified by ``locator``.</doc>
<msg timestamp="20231025 10:47:15.610" level="INFO">Typing text 'BACHELOR'S DEGREE' into text field '(//*[@placeholder="Select education level"])[2]'.</msg>
<status status="PASS" starttime="20231025 10:47:15.610" endtime="20231025 10:47:15.702"/>
</kw>
<kw name="Click Element" library="SeleniumLibrary">
<arg>//*[text()="BACHELOR'S DEGREE"]</arg>
<doc>Click the element identified by ``locator``.</doc>
<msg timestamp="20231025 10:47:15.703" level="INFO">Clicking element '//*[text()="BACHELOR'S DEGREE"]'.</msg>
<status status="PASS" starttime="20231025 10:47:15.702" endtime="20231025 10:47:15.762"/>
</kw>
<kw name="Click Element" library="SeleniumLibrary">
<arg>//*[@placeholder="Select marital status"]</arg>
<doc>Click the element identified by ``locator``.</doc>
<msg timestamp="20231025 10:47:15.762" level="INFO">Clicking element '//*[@placeholder="Select marital status"]'.</msg>
<status status="PASS" starttime="20231025 10:47:15.762" endtime="20231025 10:47:15.812"/>
</kw>
<kw name="Input Text" library="SeleniumLibrary">
<arg>(//*[@placeholder="Select marital status"])[2]</arg>
<arg>SINGLE</arg>
<doc>Types the given ``text`` into the text field identified by ``locator``.</doc>
<msg timestamp="20231025 10:47:15.813" level="INFO">Typing text 'SINGLE' into text field '(//*[@placeholder="Select marital status"])[2]'.</msg>
<status status="PASS" starttime="20231025 10:47:15.812" endtime="20231025 10:47:15.885"/>
</kw>
<kw name="Click Element" library="SeleniumLibrary">
<arg>//*[text()="SINGLE"]</arg>
<doc>Click the element identified by ``locator``.</doc>
<msg timestamp="20231025 10:47:15.886" level="INFO">Clicking element '//*[text()="SINGLE"]'.</msg>
<status status="PASS" starttime="20231025 10:47:15.886" endtime="20231025 10:47:15.939"/>
</kw>
<kw name="Press Keys" library="SeleniumLibrary">
<arg>//*[@name="emailAddressForStatement"]</arg>
<arg>CTRL+a+DELETE</arg>
<doc>Simulates the user pressing key(s) to an element or on the active browser.</doc>
<msg timestamp="20231025 10:47:15.940" level="INFO">Sending key(s) ('CTRL+a+DELETE',) to //*[@name="emailAddressForStatement"] element.</msg>
<msg timestamp="20231025 10:47:16.245" level="INFO">Pressing special key CONTROL down.</msg>
<msg timestamp="20231025 10:47:16.245" level="INFO">Sending key a</msg>
<msg timestamp="20231025 10:47:16.245" level="INFO">Pressing special key DELETE down.</msg>
<msg timestamp="20231025 10:47:16.245" level="INFO">Releasing special key CONTROL.</msg>
<msg timestamp="20231025 10:47:16.245" level="INFO">Releasing special key DELETE.</msg>
<status status="PASS" starttime="20231025 10:47:15.939" endtime="20231025 10:47:16.256"/>
</kw>
<kw name="Input Text" library="SeleniumLibrary">
<arg>//*[@name="emailAddressForStatement"]</arg>
<arg>${Email_Excel}</arg>
<doc>Types the given ``text`` into the text field identified by ``locator``.</doc>
<msg timestamp="20231025 10:47:16.257" level="INFO">Typing text 'Testdata01_spc3223@gmail.com' into text field '//*[@name="emailAddressForStatement"]'.</msg>
<status status="PASS" starttime="20231025 10:47:16.256" endtime="20231025 10:47:16.558"/>
</kw>
<kw name="Execute Javascript" library="SeleniumLibrary">
<arg>window.scrollTo(0, document.body.scrollHeight)</arg>
<doc>Executes the given JavaScript code with possible arguments.</doc>
<msg timestamp="20231025 10:47:16.559" level="INFO">Executing JavaScript:
window.scrollTo(0, document.body.scrollHeight)
Without any arguments.</msg>
<status status="PASS" starttime="20231025 10:47:16.559" endtime="20231025 10:47:16.568"/>
</kw>
<kw name="Click Element" library="SeleniumLibrary">
<arg>//*[text()="Use address as specified in National ID Card"]</arg>
<doc>Click the element identified by ``locator``.</doc>
<msg timestamp="20231025 10:47:16.569" level="INFO">Clicking element '//*[text()="Use address as specified in National ID Card"]'.</msg>
<status status="PASS" starttime="20231025 10:47:16.568" endtime="20231025 10:47:16.641"/>
</kw>
<kw name="Click Element" library="SeleniumLibrary">
<arg>//*[text()="National ID Card"]</arg>
<doc>Click the element identified by ``locator``.</doc>
<msg timestamp="20231025 10:47:16.642" level="INFO">Clicking element '//*[text()="National ID Card"]'.</msg>
<status status="PASS" starttime="20231025 10:47:16.641" endtime="20231025 10:47:16.694"/>
</kw>
<kw name="Click Element" library="SeleniumLibrary">
<arg>//*[text()="Next"]</arg>
<doc>Click the element identified by ``locator``.</doc>
<msg timestamp="20231025 10:47:16.695" level="INFO">Clicking element '//*[text()="Next"]'.</msg>
<status status="PASS" starttime="20231025 10:47:16.694" endtime="20231025 10:47:16.749"/>
</kw>
<kw name="Wait Until Element Is Visible" library="SeleniumLibrary">
<arg>locator=//*[text()="skipOTP"]</arg>
<doc>Waits until the element ``locator`` is visible.</doc>
<status status="PASS" starttime="20231025 10:47:16.749" endtime="20231025 10:47:18.094"/>
</kw>
<kw name="Click Element" library="SeleniumLibrary">
<arg>//*[text()="skipOTP"]</arg>
<doc>Click the element identified by ``locator``.</doc>
<msg timestamp="20231025 10:47:18.094" level="INFO">Clicking element '//*[text()="skipOTP"]'.</msg>
<status status="PASS" starttime="20231025 10:47:18.094" endtime="20231025 10:47:18.211"/>
</kw>
<kw name="Wait Until Element Is Not Visible" library="SeleniumLibrary">
<arg>locator=//*[text()="Please wait"]</arg>
<doc>Waits until the element ``locator`` is not visible.</doc>
<status status="PASS" starttime="20231025 10:47:18.211" endtime="20231025 10:47:25.692"/>
</kw>
<kw name="Wait Until Element Is Visible" library="SeleniumLibrary">
<arg>locator=(//*[@class="MuiIconButton-label"])[3]</arg>
<doc>Waits until the element ``locator`` is visible.</doc>
<status status="PASS" starttime="20231025 10:47:25.692" endtime="20231025 10:47:25.707"/>
</kw>
<kw name="Click Element" library="SeleniumLibrary">
<arg>(//*[@class="MuiIconButton-label"])[3]</arg>
<doc>Click the element identified by ``locator``.</doc>
<msg timestamp="20231025 10:47:25.707" level="INFO">Clicking element '(//*[@class="MuiIconButton-label"])[3]'.</msg>
<status status="PASS" starttime="20231025 10:47:25.707" endtime="20231025 10:47:25.769"/>
</kw>
<kw name="Click Element" library="SeleniumLibrary">
<arg>//*[@placeholder="Select occupation"]</arg>
<doc>Click the element identified by ``locator``.</doc>
<msg timestamp="20231025 10:47:25.770" level="INFO">Clicking element '//*[@placeholder="Select occupation"]'.</msg>
<status status="PASS" starttime="20231025 10:47:25.769" endtime="20231025 10:47:25.826"/>
</kw>
<kw name="Input Text" library="SeleniumLibrary">
<arg>//*[@placeholder="Search"]</arg>
<arg>Doctor</arg>
<doc>Types the given ``text`` into the text field identified by ``locator``.</doc>
<msg timestamp="20231025 10:47:25.827" level="INFO">Typing text 'Doctor' into text field '//*[@placeholder="Search"]'.</msg>
<status status="PASS" starttime="20231025 10:47:25.826" endtime="20231025 10:47:25.944"/>
</kw>
<kw name="Wait Until Element Is Visible" library="SeleniumLibrary">
<arg>locator=//*[text()="Doctor"]</arg>
<doc>Waits until the element ``locator`` is visible.</doc>
<status status="PASS" starttime="20231025 10:47:25.944" endtime="20231025 10:47:26.402"/>
</kw>
<kw name="Click Element" library="SeleniumLibrary">
<arg>//*[text()="Doctor"]</arg>
<doc>Click the element identified by ``locator``.</doc>
<msg timestamp="20231025 10:47:26.402" level="INFO">Clicking element '//*[text()="Doctor"]'.</msg>
<status status="PASS" starttime="20231025 10:47:26.402" endtime="20231025 10:47:26.446"/>
</kw>
<kw name="Input Text" library="SeleniumLibrary">
<arg>name=companyName</arg>
<arg>${Company name}</arg>
<doc>Types the given ``text`` into the text field identified by ``locator``.</doc>
<msg timestamp="20231025 10:47:26.446" level="INFO">Typing text 'Nospital' into text field 'name=companyName'.</msg>
<status status="PASS" starttime="20231025 10:47:26.446" endtime="20231025 10:47:26.547"/>
</kw>
<kw name="Click Element" library="SeleniumLibrary">
<arg>//*[@placeholder="Select year(s) and month(s)"]</arg>
<doc>Click the element identified by ``locator``.</doc>
<msg timestamp="20231025 10:47:26.547" level="INFO">Clicking element '//*[@placeholder="Select year(s) and month(s)"]'.</msg>
<status status="PASS" starttime="20231025 10:47:26.547" endtime="20231025 10:47:26.589"/>
</kw>
<kw name="Click Plus Button 4 Times" library="Keywords">
<arg>//*[name()='path' and @d='M14 8H8V14H6V8H0V6H6V0H8V6H14V8Z']</arg>
<for flavor="IN RANGE">
<var>${i}</var>
<value>4</value>
<iter>
<var name="${i}">0</var>
<kw name="Click Element" library="SeleniumLibrary">
<arg>${locator}</arg>
<doc>Click the element identified by ``locator``.</doc>
<msg timestamp="20231025 10:47:26.590" level="INFO">Clicking element '//*[name()='path' and @d='M14 8H8V14H6V8H0V6H6V0H8V6H14V8Z']'.</msg>
<status status="PASS" starttime="20231025 10:47:26.590" endtime="20231025 10:47:26.626"/>
</kw>
<status status="PASS" starttime="20231025 10:47:26.589" endtime="20231025 10:47:26.626"/>
</iter>
<iter>
<var name="${i}">1</var>
<kw name="Click Element" library="SeleniumLibrary">
<arg>${locator}</arg>
<doc>Click the element identified by ``locator``.</doc>
<msg timestamp="20231025 10:47:26.626" level="INFO">Clicking element '//*[name()='path' and @d='M14 8H8V14H6V8H0V6H6V0H8V6H14V8Z']'.</msg>
<status status="PASS" starttime="20231025 10:47:26.626" endtime="20231025 10:47:26.655"/>
</kw>
<status status="PASS" starttime="20231025 10:47:26.626" endtime="20231025 10:47:26.655"/>
</iter>
<iter>
<var name="${i}">2</var>
<kw name="Click Element" library="SeleniumLibrary">
<arg>${locator}</arg>
<doc>Click the element identified by ``locator``.</doc>
<msg timestamp="20231025 10:47:26.656" level="INFO">Clicking element '//*[name()='path' and @d='M14 8H8V14H6V8H0V6H6V0H8V6H14V8Z']'.</msg>
<status status="PASS" starttime="20231025 10:47:26.656" endtime="20231025 10:47:26.684"/>
</kw>
<status status="PASS" starttime="20231025 10:47:26.655" endtime="20231025 10:47:26.684"/>
</iter>
<iter>
<var name="${i}">3</var>
<kw name="Click Element" library="SeleniumLibrary">
<arg>${locator}</arg>
<doc>Click the element identified by ``locator``.</doc>
<msg timestamp="20231025 10:47:26.685" level="INFO">Clicking element '//*[name()='path' and @d='M14 8H8V14H6V8H0V6H6V0H8V6H14V8Z']'.</msg>
<status status="PASS" starttime="20231025 10:47:26.684" endtime="20231025 10:47:26.710"/>
</kw>
<status status="PASS" starttime="20231025 10:47:26.684" endtime="20231025 10:47:26.710"/>
</iter>
<status status="PASS" starttime="20231025 10:47:26.589" endtime="20231025 10:47:26.710"/>
</for>
<status status="PASS" starttime="20231025 10:47:26.589" endtime="20231025 10:47:26.710"/>
</kw>
<kw name="Wait Until Element Is Visible" library="SeleniumLibrary">
<arg>//*[text()="OK"]</arg>
<doc>Waits until the element ``locator`` is visible.</doc>
<status status="PASS" starttime="20231025 10:47:26.710" endtime="20231025 10:47:26.726"/>
</kw>
<kw name="Sleep" library="BuiltIn">
<arg>3s</arg>
<doc>Pauses the test executed for the given time.</doc>
<msg timestamp="20231025 10:47:29.733" level="INFO">Slept 3 seconds</msg>
<status status="PASS" starttime="20231025 10:47:26.726" endtime="20231025 10:47:29.733"/>
</kw>
<kw name="Click Element" library="SeleniumLibrary">
<arg>//*[text()="OK"]</arg>
<doc>Click the element identified by ``locator``.</doc>
<msg timestamp="20231025 10:47:29.735" level="INFO">Clicking element '//*[text()="OK"]'.</msg>
<status status="PASS" starttime="20231025 10:47:29.733" endtime="20231025 10:47:29.789"/>
</kw>
<kw name="Wait Until Element Is Not Visible" library="SeleniumLibrary">
<arg>//*[text()="Please wait"]</arg>
<doc>Waits until the element ``locator`` is not visible.</doc>
<status status="PASS" starttime="20231025 10:47:29.789" endtime="20231025 10:47:29.805"/>
</kw>
<kw name="Execute Javascript" library="SeleniumLibrary">
<arg>window.scrollTo(0, document.body.scrollHeight)</arg>
<doc>Executes the given JavaScript code with possible arguments.</doc>
<msg timestamp="20231025 10:47:29.806" level="INFO">Executing JavaScript:
window.scrollTo(0, document.body.scrollHeight)
Without any arguments.</msg>
<status status="PASS" starttime="20231025 10:47:29.805" endtime="20231025 10:47:29.813"/>
</kw>
<kw name="Input Text" library="SeleniumLibrary">
<arg>//*[@name="mobileNo"]</arg>
<arg>${PhoneNumber}</arg>
<doc>Types the given ``text`` into the text field identified by ``locator``.</doc>
<msg timestamp="20231025 10:47:29.814" level="INFO">Typing text '(090)123-7355' into text field '//*[@name="mobileNo"]'.</msg>
<status status="PASS" starttime="20231025 10:47:29.814" endtime="20231025 10:47:29.941"/>
</kw>
<kw name="Click Element" library="SeleniumLibrary">
<arg>//*[@placeholder="Input work address"]</arg>
<doc>Click the element identified by ``locator``.</doc>
<msg timestamp="20231025 10:47:29.942" level="INFO">Clicking element '//*[@placeholder="Input work address"]'.</msg>
<status status="PASS" starttime="20231025 10:47:29.941" endtime="20231025 10:47:29.991"/>
</kw>
<kw name="Wait Until Element Is Visible" library="SeleniumLibrary">
<arg>//*[text()="Use address as specified in National ID Card"]</arg>
<doc>Waits until the element ``locator`` is visible.</doc>
<status status="PASS" starttime="20231025 10:47:29.992" endtime="20231025 10:47:30.013"/>
</kw>
<kw name="Sleep" library="BuiltIn">
<arg>3s</arg>
<doc>Pauses the test executed for the given time.</doc>
<msg timestamp="20231025 10:47:33.024" level="INFO">Slept 3 seconds</msg>
<status status="PASS" starttime="20231025 10:47:30.013" endtime="20231025 10:47:33.024"/>
</kw>
<kw name="Click Element" library="SeleniumLibrary">
<arg>//*[text()="Use address as specified in National ID Card"]</arg>
<doc>Click the element identified by ``locator``.</doc>
<msg timestamp="20231025 10:47:33.026" level="INFO">Clicking element '//*[text()="Use address as specified in National ID Card"]'.</msg>
<status status="PASS" starttime="20231025 10:47:33.025" endtime="20231025 10:47:33.073"/>
</kw>
<kw name="Execute Javascript" library="SeleniumLibrary">
<arg>window.scrollTo(0, document.body.scrollHeight)</arg>
<doc>Executes the given JavaScript code with possible arguments.</doc>
<msg timestamp="20231025 10:47:33.074" level="INFO">Executing JavaScript:
window.scrollTo(0, document.body.scrollHeight)
Without any arguments.</msg>
<status status="PASS" starttime="20231025 10:47:33.073" endtime="20231025 10:47:33.082"/>
</kw>
<kw name="Click Element" library="SeleniumLibrary">
<arg>//*[text()="Save"]</arg>
<doc>Click the element identified by ``locator``.</doc>
<msg timestamp="20231025 10:47:33.082" level="INFO">Clicking element '//*[text()="Save"]'.</msg>
<status status="PASS" starttime="20231025 10:47:33.082" endtime="20231025 10:47:33.157"/>
</kw>
<kw name="Run Keyword If" library="BuiltIn">
<arg>'${SELECTED_CARD}' == '${CARD_TYPE_CC}'</arg>
<arg>Click Element</arg>
<arg>//*[text()="Next"]</arg>
<doc>Runs the given keyword with the given arguments, if ``condition`` is true.</doc>
<status status="PASS" starttime="20231025 10:47:33.158" endtime="20231025 10:47:33.158"/>
</kw>
<kw name="Run Keyword If" library="BuiltIn">
[...]
</kw>
<kw name="Run Keyword If" library="BuiltIn">
<arg>'${SELECTED_CARD}' == '${CARD_TYPE_SPL}'</arg>
<arg>Select add account number or not</arg>
<doc>Runs the given keyword with the given arguments, if ``condition`` is true.</doc>
<status status="NOT RUN" starttime="20231025 10:50:48.963" endtime="20231025 10:50:48.963"/>
</kw>
<kw name="Wait Until Element Is Visible" library="SeleniumLibrary">
<arg>locator=//*[@alt="arrowdown"]</arg>
<doc>Waits until the element ``locator`` is visible.</doc>
<status status="NOT RUN" starttime="20231025 10:50:48.963" endtime="20231025 10:50:48.963"/>
</kw>
<kw name="Click Element" library="SeleniumLibrary">
<arg>//*[@alt="arrowdown"]</arg>
<doc>Click the element identified by ``locator``.</doc>
<status status="NOT RUN" starttime="20231025 10:50:48.963" endtime="20231025 10:50:48.963"/>
</kw>
<kw name="Sleep" library="BuiltIn">
<arg>2s</arg>
<doc>Pauses the test executed for the given time.</doc>
<status status="NOT RUN" starttime="20231025 10:50:48.963" endtime="20231025 10:50:48.963"/>
</kw>
<kw name="Click Element" library="SeleniumLibrary">
<arg>//*[text()="Accept"]</arg>
<doc>Click the element identified by ``locator``.</doc>
<status status="NOT RUN" starttime="20231025 10:50:48.963" endtime="20231025 10:50:48.963"/>
</kw>
<kw name="Click Element" library="SeleniumLibrary">
<arg>//*[text()="skipOTP"]</arg>
<doc>Click the element identified by ``locator``.</doc>
<status status="NOT RUN" starttime="20231025 10:50:48.963" endtime="20231025 10:50:48.963"/>
</kw>
<kw name="Wait Until Element Is Not Visible" library="SeleniumLibrary">
<arg>//*[text()="Please wait"]</arg>
<doc>Waits until the element ``locator`` is not visible.</doc>
<status status="NOT RUN" starttime="20231025 10:50:48.964" endtime="20231025 10:50:48.964"/>
</kw>
<kw name="Execute Javascript" library="SeleniumLibrary">
<arg>window.scrollTo(0, document.body.scrollHeight)</arg>
<doc>Executes the given JavaScript code with possible arguments.</doc>
<status status="NOT RUN" starttime="20231025 10:50:48.964" endtime="20231025 10:50:48.964"/>
</kw>
<kw name="Click Element" library="SeleniumLibrary">
<arg>(//*[@class="MuiButton-label"])[2]</arg>
<doc>Click the element identified by ``locator``.</doc>
<status status="NOT RUN" starttime="20231025 10:50:48.964" endtime="20231025 10:50:48.964"/>
</kw>
<kw name="Wait Until Element Is Not Visible" library="SeleniumLibrary">
<arg>//*[text()="Please wait"]</arg>
<doc>Waits until the element ``locator`` is not visible.</doc>
<status status="NOT RUN" starttime="20231025 10:50:48.964" endtime="20231025 10:50:48.964"/>
</kw>
<kw name="Scroll Element Into View" library="SeleniumLibrary">
<arg>//*[text()="Accept all"]</arg>
<doc>Scrolls the element identified by ``locator`` into view.</doc>
<status status="NOT RUN" starttime="20231025 10:50:48.964" endtime="20231025 10:50:48.964"/>
</kw>
<kw name="Click Element" library="SeleniumLibrary">
<arg>//*[text()="Accept all"]</arg>
<doc>Click the element identified by ``locator``.</doc>
<status status="NOT RUN" starttime="20231025 10:50:48.964" endtime="20231025 10:50:48.964"/>
</kw>
<kw name="Click Element" library="SeleniumLibrary">
<arg>//*[text()="I have read and agreed to the"]</arg>
<doc>Click the element identified by ``locator``.</doc>
<status status="NOT RUN" starttime="20231025 10:50:48.964" endtime="20231025 10:50:48.964"/>
</kw>
<kw name="Execute Javascript" library="SeleniumLibrary">
<arg>window.scrollTo(0, document.body.scrollHeight)</arg>
<doc>Executes the given JavaScript code with possible arguments.</doc>
<status status="NOT RUN" starttime="20231025 10:50:48.965" endtime="20231025 10:50:48.965"/>
</kw>
<kw name="Click Element" library="SeleniumLibrary">
<arg>//*[text()="Next"]</arg>
<doc>Click the element identified by ``locator``.</doc>
<status status="NOT RUN" starttime="20231025 10:50:48.965" endtime="20231025 10:50:48.965"/>
</kw>
<kw name="Wait Until Element Is Not Visible" library="SeleniumLibrary">
<arg>//*[text()="Please wait"]</arg>
<doc>Waits until the element ``locator`` is not visible.</doc>
<status status="NOT RUN" starttime="20231025 10:50:48.965" endtime="20231025 10:50:48.965"/>
</kw>
<kw name="Wait Until Element Is Visible" library="SeleniumLibrary">
<arg>locator=//*[@name="ReferralCode1"]</arg>
<doc>Waits until the element ``locator`` is visible.</doc>
<status status="NOT RUN" starttime="20231025 10:50:48.965" endtime="20231025 10:50:48.965"/>
</kw>
<kw name="Input Text" library="SeleniumLibrary">
<arg>//*[@name="ReferralCode1"]</arg>
<arg>${Sales code 1_uat}</arg>
<doc>Types the given ``text`` into the text field identified by ``locator``.</doc>
<status status="NOT RUN" starttime="20231025 10:50:48.965" endtime="20231025 10:50:48.965"/>
</kw>
<kw name="Sleep" library="BuiltIn">
<arg>4s</arg>
<doc>Pauses the test executed for the given time.</doc>
<status status="NOT RUN" starttime="20231025 10:50:48.965" endtime="20231025 10:50:48.965"/>
</kw>
<kw name="Next" library="Keywords">
<status status="NOT RUN" starttime="20231025 10:50:48.966" endtime="20231025 10:50:48.966"/>
</kw>
<kw name="Wait Until Element Is Not Visible" library="SeleniumLibrary">
<arg>//*[text()="Please wait"]</arg>
<doc>Waits until the element ``locator`` is not visible.</doc>
<status status="NOT RUN" starttime="20231025 10:50:48.966" endtime="20231025 10:50:48.966"/>
</kw>
<kw name="Execute Javascript" library="SeleniumLibrary">
<arg>window.scrollTo(0, document.body.scrollHeight)</arg>
<doc>Executes the given JavaScript code with possible arguments.</doc>
<status status="NOT RUN" starttime="20231025 10:50:48.966" endtime="20231025 10:50:48.966"/>
</kw>
<kw name="Click Element" library="SeleniumLibrary">
<arg>//*[text()="Confirm application"]</arg>
<doc>Click the element identified by ``locator``.</doc>
<status status="NOT RUN" starttime="20231025 10:50:48.966" endtime="20231025 10:50:48.966"/>
</kw>
<kw name="Wait Until Element Is Visible" library="SeleniumLibrary">
<arg>//*[text()="skipOTP"]</arg>
<doc>Waits until the element ``locator`` is visible.</doc>
<status status="NOT RUN" starttime="20231025 10:50:48.966" endtime="20231025 10:50:48.966"/>
</kw>
<kw name="Click Element" library="SeleniumLibrary">
<arg>//*[text()="skipOTP"]</arg>
<doc>Click the element identified by ``locator``.</doc>
<status status="NOT RUN" starttime="20231025 10:50:48.966" endtime="20231025 10:50:48.966"/>
</kw>
<kw name="Wait Until Element Is Not Visible" library="SeleniumLibrary">
<arg>//*[text()="Application is being processed,please wait a few minutes"]</arg>
<arg>200s</arg>
<doc>Waits until the element ``locator`` is not visible.</doc>
<status status="NOT RUN" starttime="20231025 10:50:48.966" endtime="20231025 10:50:48.966"/>
</kw>
<kw name="Wait Until Element Is Visible" library="SeleniumLibrary">
<arg>//*[text()="Submit document via Sale Tablet"]</arg>
<doc>Waits until the element ``locator`` is visible.</doc>
<status status="NOT RUN" starttime="20231025 10:50:48.966" endtime="20231025 10:50:48.966"/>
</kw>
<kw name="Click Element" library="SeleniumLibrary">
<arg>//*[text()="Submit document via Sale Tablet"]</arg>
<doc>Click the element identified by ``locator``.</doc>
<status status="NOT RUN" starttime="20231025 10:50:48.966" endtime="20231025 10:50:48.966"/>
</kw>
<kw name="Wait Until Element Is Visible" library="SeleniumLibrary">
<arg>//*[text()="Upload"]</arg>
<doc>Waits until the element ``locator`` is visible.</doc>
<status status="NOT RUN" starttime="20231025 10:50:48.966" endtime="20231025 10:50:48.966"/>
</kw>
<kw name="Sleep" library="BuiltIn">
<arg>3s</arg>
<doc>Pauses the test executed for the given time.</doc>
<status status="NOT RUN" starttime="20231025 10:50:48.966" endtime="20231025 10:50:48.967"/>
</kw>
<kw name="Click Element" library="SeleniumLibrary">
<arg>//*[text()="Upload"]</arg>
<doc>Click the element identified by ``locator``.</doc>
<status status="NOT RUN" starttime="20231025 10:50:48.967" endtime="20231025 10:50:48.967"/>
</kw>
<kw name="Wait Until Element Is Not Visible" library="SeleniumLibrary">
<arg>//*[text()="Please wait"]</arg>
<doc>Waits until the element ``locator`` is not visible.</doc>
<status status="NOT RUN" starttime="20231025 10:50:48.967" endtime="20231025 10:50:48.967"/>
</kw>
<kw name="Wait Until Element Is Visible" library="SeleniumLibrary">
<arg>//*[text()="Add photo"]</arg>
<doc>Waits until the element ``locator`` is visible.</doc>
<status status="NOT RUN" starttime="20231025 10:50:48.967" endtime="20231025 10:50:48.967"/>
</kw>
<kw name="Sleep" library="BuiltIn">
<arg>5s</arg>
<doc>Pauses the test executed for the given time.</doc>
<status status="NOT RUN" starttime="20231025 10:50:48.967" endtime="20231025 10:50:48.967"/>
</kw>
<kw name="Click Element" library="SeleniumLibrary">
<arg>//*[text()="Add photo"]</arg>
<doc>Click the element identified by ``locator``.</doc>
<status status="NOT RUN" starttime="20231025 10:50:48.967" endtime="20231025 10:50:48.967"/>
</kw>
<kw name="Sleep" library="BuiltIn">
<arg>2s</arg>
<doc>Pauses the test executed for the given time.</doc>
<status status="NOT RUN" starttime="20231025 10:50:48.967" endtime="20231025 10:50:48.967"/>
</kw>
<kw name="Choose File" library="SeleniumLibrary">
<arg>xpath=//*[@id="selectImage"]</arg>
<arg>D:\\test.jpg</arg>
<doc>Inputs the ``file_path`` into the file input field ``locator``.</doc>
<status status="NOT RUN" starttime="20231025 10:50:48.967" endtime="20231025 10:50:48.967"/>
</kw>
<kw name="Sleep" library="BuiltIn">
<arg>3s</arg>
<doc>Pauses the test executed for the given time.</doc>
<status status="NOT RUN" starttime="20231025 10:50:48.967" endtime="20231025 10:50:48.967"/>
</kw>
<kw name="Wait Until Element Is Not Visible" library="SeleniumLibrary">
<arg>locator=//*[text()="Please wait"]</arg>
<doc>Waits until the element ``locator`` is not visible.</doc>
<status status="NOT RUN" starttime="20231025 10:50:48.967" endtime="20231025 10:50:48.968"/>
</kw>
<kw name="Sleep" library="BuiltIn">
<arg>1s</arg>
<doc>Pauses the test executed for the given time.</doc>
<status status="NOT RUN" starttime="20231025 10:50:48.968" endtime="20231025 10:50:48.968"/>
</kw>
<kw name="Execute Javascript" library="SeleniumLibrary">
<arg>window.scrollTo(0, document.body.scrollHeight)</arg>
<doc>Executes the given JavaScript code with possible arguments.</doc>
<status status="NOT RUN" starttime="20231025 10:50:48.968" endtime="20231025 10:50:48.968"/>
</kw>
<kw name="Sleep" library="BuiltIn">
<arg>5s</arg>
<doc>Pauses the test executed for the given time.</doc>
<status status="NOT RUN" starttime="20231025 10:50:48.968" endtime="20231025 10:50:48.968"/>
</kw>
<kw name="Wait Until Element Is Visible" library="SeleniumLibrary">
<arg>locator=//*[text()="Done"]</arg>
<doc>Waits until the element ``locator`` is visible.</doc>
<status status="NOT RUN" starttime="20231025 10:50:48.968" endtime="20231025 10:50:48.968"/>
</kw>
<kw name="Sleep" library="BuiltIn">
<arg>3s</arg>
<doc>Pauses the test executed for the given time.</doc>
<status status="NOT RUN" starttime="20231025 10:50:48.968" endtime="20231025 10:50:48.968"/>
</kw>
<kw name="Click Element" library="SeleniumLibrary">
<arg>//*[text()="Done"]</arg>
<doc>Click the element identified by ``locator``.</doc>
<status status="NOT RUN" starttime="20231025 10:50:48.968" endtime="20231025 10:50:48.968"/>
</kw>
<kw name="Sleep" library="BuiltIn">
<arg>10s</arg>
<doc>Pauses the test executed for the given time.</doc>
<status status="NOT RUN" starttime="20231025 10:50:48.968" endtime="20231025 10:50:48.968"/>
</kw>
<kw name="Wait Until Element Is Not Visible" library="SeleniumLibrary">
<arg>//*[text()="Please wait"]</arg>
<doc>Waits until the element ``locator`` is not visible.</doc>
<status status="NOT RUN" starttime="20231025 10:50:48.968" endtime="20231025 10:50:48.968"/>
</kw>
<kw name="Sleep" library="BuiltIn">
<arg>4s</arg>
<doc>Pauses the test executed for the given time.</doc>
<status status="NOT RUN" starttime="20231025 10:50:48.968" endtime="20231025 10:50:48.968"/>
</kw>
<kw name="Execute Javascript" library="SeleniumLibrary">
<arg>window.scrollTo(0, document.body.scrollHeight)</arg>
<doc>Executes the given JavaScript code with possible arguments.</doc>
<status status="NOT RUN" starttime="20231025 10:50:48.969" endtime="20231025 10:50:48.969"/>
</kw>
<kw name="Sleep" library="BuiltIn">
<arg>5s</arg>
<doc>Pauses the test executed for the given time.</doc>
<status status="NOT RUN" starttime="20231025 10:50:48.969" endtime="20231025 10:50:48.969"/>
</kw>
<kw name="Run Keyword And Return Status" library="BuiltIn">
<var>${status1}</var>
<arg>Wait Until Element Is Visible</arg>
<arg>//*[@id="5"]//div[text()="Upload"]</arg>
<arg>1s</arg>
<doc>Runs the given keyword with given arguments and returns the status as a Boolean value.</doc>
<status status="NOT RUN" starttime="20231025 10:50:48.969" endtime="20231025 10:50:48.969"/>
</kw>
<kw name="Run Keyword If" library="BuiltIn">
<arg>${status1}</arg>
<arg>Run Keywords</arg>
<arg>Wait Until Element Is Visible</arg>
<arg>//*[@id="5"]//div[text()="Upload"]</arg>
<arg>AND</arg>
<arg>Click Element</arg>
<arg>//*[@id="5"]//div[text()="Upload"]</arg>
<arg>AND</arg>
<arg>Upload picture</arg>
<doc>Runs the given keyword with the given arguments, if ``condition`` is true.</doc>
<status status="NOT RUN" starttime="20231025 10:50:48.969" endtime="20231025 10:50:48.969"/>
</kw>
<kw name="Run Keyword And Return Status" library="BuiltIn">
<var>${status2}</var>
<arg>Wait Until Element Is Visible</arg>
<arg>//*[@id="6"]//div[text()="Upload"]</arg>
<arg>1s</arg>
<doc>Runs the given keyword with given arguments and returns the status as a Boolean value.</doc>
<status status="NOT RUN" starttime="20231025 10:50:48.969" endtime="20231025 10:50:48.969"/>
</kw>
<kw name="Run Keyword If" library="BuiltIn">
<arg>${status2}</arg>
<arg>Run Keywords</arg>
<arg>Wait Until Element Is Visible</arg>
<arg>//*[@id="6"]//div[text()="Upload"]</arg>
<arg>5s</arg>
<arg>AND</arg>
<arg>Click Element</arg>
<arg>//*[@id="6"]//div[text()="Upload"]</arg>
<arg>AND</arg>
<arg>Upload picture</arg>
<doc>Runs the given keyword with the given arguments, if ``condition`` is true.</doc>
<status status="NOT RUN" starttime="20231025 10:50:48.969" endtime="20231025 10:50:48.969"/>
</kw>
<kw name="Run Keyword And Return Status" library="BuiltIn">
<var>${status3}</var>
<arg>Wait Until Element Is Visible</arg>
<arg>//*[@id="7"]//div[text()="Upload"]</arg>
<arg>1s</arg>
<doc>Runs the given keyword with given arguments and returns the status as a Boolean value.</doc>
<status status="NOT RUN" starttime="20231025 10:50:48.969" endtime="20231025 10:50:48.969"/>
</kw>
<kw name="Run Keyword If" library="BuiltIn">
<arg>${status3}</arg>
<arg>Run Keywords</arg>
<arg>Wait Until Element Is Visible</arg>
<arg>//*[@id="7"]//div[text()="Upload"]</arg>
<arg>AND</arg>
<arg>Click Element</arg>
<arg>//*[@id="7"]//div[text()="Upload"]</arg>
<arg>AND</arg>
<arg>Upload picture</arg>
<doc>Runs the given keyword with the given arguments, if ``condition`` is true.</doc>
<status status="NOT RUN" starttime="20231025 10:50:48.969" endtime="20231025 10:50:48.969"/>
</kw>
<kw name="Wait Until Element Is Visible" library="SeleniumLibrary">
<arg>//*[text()="Submit document"]</arg>
<doc>Waits until the element ``locator`` is visible.</doc>
<status status="NOT RUN" starttime="20231025 10:50:48.969" endtime="20231025 10:50:48.969"/>
</kw>
<kw name="Click Element" library="SeleniumLibrary">
<arg>//*[text()="Submit document"]</arg>
<doc>Click the element identified by ``locator``.</doc>
<status status="NOT RUN" starttime="20231025 10:50:48.969" endtime="20231025 10:50:48.970"/>
</kw>
<kw name="Click Element" library="SeleniumLibrary">
<arg>//*[text()="Confirm"]</arg>
<doc>Click the element identified by ``locator``.</doc>
<status status="NOT RUN" starttime="20231025 10:50:48.970" endtime="20231025 10:50:48.970"/>
</kw>
<kw name="Wait Until Element Is Visible" library="SeleniumLibrary">
<arg>xpath=//*[text()="Back to home page"]</arg>
<doc>Waits until the element ``locator`` is visible.</doc>
<status status="NOT RUN" starttime="20231025 10:50:48.970" endtime="20231025 10:50:48.970"/>
</kw>
<kw name="Input Ref no" library="Keywords">
<arg>${ROW}</arg>
<status status="NOT RUN" starttime="20231025 10:50:48.970" endtime="20231025 10:50:48.970"/>
</kw>
<kw name="Scroll Element Into View" library="SeleniumLibrary">
<arg>xpath=//*[text()="Back to home page"]</arg>
<doc>Scrolls the element identified by ``locator`` into view.</doc>
<status status="NOT RUN" starttime="20231025 10:50:48.970" endtime="20231025 10:50:48.970"/>
</kw>
<kw name="Click Element" library="SeleniumLibrary">
<arg>xpath=//*[text()="Back to home page"]</arg>
<doc>Click the element identified by ``locator``.</doc>
<status status="NOT RUN" starttime="20231025 10:50:48.970" endtime="20231025 10:50:48.970"/>
</kw>
<kw name="Wait Until Element Is Not Visible" library="SeleniumLibrary">
<arg>locator=//*[text()="Please wait"]</arg>
<doc>Waits until the element ``locator`` is not visible.</doc>
<status status="NOT RUN" starttime="20231025 10:50:48.970" endtime="20231025 10:50:48.970"/>
</kw>
<status status="FAIL" starttime="20231025 10:50:34.640" endtime="20231025 10:50:48.970"/>
</iter>
<status status="FAIL" starttime="20231025 10:45:57.484" endtime="20231025 10:50:48.970"/>
</for>
<status status="FAIL" starttime="20231025 10:45:47.186" endtime="20231025 10:50:48.971">NoSuchWindowException: Message: no such window: target window already closed
from unknown error: web view not found
  (Session info: chrome=118.0.5993.89)
Stacktrace:
	GetHandleVerifier [0x00007FF61E968EF2+54786]
	(No symbol) [0x00007FF61E8D5612]
	(No symbol) [0x00007FF61E78A64B]
	(No symbol) [0x00007FF61E76A9F5]
	(No symbol) [0x00007FF61E7F0887]
	(No symbol) [0x00007FF61E8043CF]
	(No symbol) [0x00007FF61E7EBC43]
	(No symbol) [0x00007FF61E7C0941]
	(No symbol) [0x00007FF61E7C1B84]
	GetHandleVerifier [0x00007FF61ECB7F52+3524194]
	GetHandleVerifier [0x00007FF61ED0D800+3874576]
	GetHandleVerifier [0x00007FF61ED05D7F+3843215]
	GetHandleVerifier [0x00007FF61EA05086+694166]
	(No symbol) [0x00007FF61E8E0A88]
	(No symbol) [0x00007FF61E8DCA94]
	(No symbol) [0x00007FF61E8DCBC2]
	(No symbol) [0x00007FF61E8CCC83]
	BaseThreadInitThunk [0x00007FFF7372257D+29]
	RtlUserThreadStart [0x00007FFF7426AA78+40]
</status>
</test>
<status status="FAIL" starttime="20231025 10:45:46.309" endtime="20231025 10:50:48.974"/>
</suite>
<statistics>
<total>
<stat pass="0" fail="1" skip="0">All Tasks</stat>
</total>
<tag>
</tag>
<suite>
<stat pass="0" fail="1" skip="0" id="s1" name="Run task">Run task</stat>
</suite>
</statistics>
<errors>
<msg timestamp="20231025 10:45:47.184" level="ERROR">Error in file 'D:\automate\Onborad CC SPC SPL\1.Setting\Setting.robot' on line 15: Error in file 'D:\automate\Onborad CC SPC SPL\3.Task\Run task.robot' on line 127: Resource file with 'Tasks' section is invalid.</msg>
<msg timestamp="20231025 10:50:48.886" level="WARN">Keyword 'Capture Page Screenshot' could not be run on failure: Message: no such window: target window already closed
from unknown error: web view not found
  (Session info: chrome=118.0.5993.89)
Stacktrace:
	GetHandleVerifier [0x00007FF61E968EF2+54786]
	(No symbol) [0x00007FF61E8D5612]
	(No symbol) [0x00007FF61E78A64B]
	(No symbol) [0x00007FF61E76A9F5]
	(No symbol) [0x00007FF61E7F0887]
	(No symbol) [0x00007FF61E8043CF]
	(No symbol) [0x00007FF61E7EBC43]
	(No symbol) [0x00007FF61E7C0941]
	(No symbol) [0x00007FF61E7C1B84]
	GetHandleVerifier [0x00007FF61ECB7F52+3524194]
	GetHandleVerifier [0x00007FF61ED0D800+3874576]
	GetHandleVerifier [0x00007FF61ED05D7F+3843215]
	GetHandleVerifier [0x00007FF61EA05086+694166]
	(No symbol) [0x00007FF61E8E0A88]
	(No symbol) [0x00007FF61E8DCA94]
	(No symbol) [0x00007FF61E8DCBC2]
	(No symbol) [0x00007FF61E8CCC83]
	BaseThreadInitThunk [0x00007FFF7372257D+29]
	RtlUserThreadStart [0x00007FFF7426AA78+40]
</msg>
</errors>
</robot>
