<?xml version="1.0" encoding="UTF-8"?>
<robot generator="Robot 6.1.1 (Python 3.11.5 on win32)" generated="20231006 13:46:40.716" rpa="true" schemaversion="4">
<suite id="s1" name="Withdrawn" source="D:\Scrip onborad and los\Withdrawn Scrip\Withdrawn">
<suite id="s1-s1" name="5.Test Case" source="D:\Scrip onborad and los\Withdrawn Scrip\Withdrawn\5.Test Case">
<suite id="s1-s1-s1" name="Test" source="D:\Scrip onborad and los\Withdrawn Scrip\Withdrawn\5.Test Case\test.robot">
<test id="s1-s1-s1-t1" name="test" line="7">
<kw name="Open and login2" library="1.Keyword">
<arg>${Username_uat}</arg>
<arg>${Password_uat}</arg>
<kw name="Get Edge Options" library="custom_library_Edge">
<var>${edge_options}</var>
<arg>${PROFILE_PATH}</arg>
<arg>Profile 1</arg>
<msg timestamp="20231006 13:46:41.590" level="INFO">${edge_options} = &lt;selenium.webdriver.edge.options.Options object at 0x00000208E3C53110&gt;</msg>
<status status="PASS" starttime="20231006 13:46:41.589" endtime="20231006 13:46:41.590"/>
</kw>
<kw name="Open Browser" library="SeleniumLibrary">
<arg>${URL}</arg>
<arg>${BROWSER2}</arg>
<arg>executable_path=${EDGEDRIVER_PATH}</arg>
<arg>options=${edge_options}</arg>
<doc>Opens a new browser instance to the optional ``url``.</doc>
<msg timestamp="20231006 13:46:41.591" level="INFO">Opening browser 'Edge' to base url 'https://cardxscb--uat.sandbox.my.salesforce.com/'.</msg>
<status status="PASS" starttime="20231006 13:46:41.590" endtime="20231006 13:46:43.983"/>
</kw>
<kw name="Maximize Browser Window" library="SeleniumLibrary">
<doc>Maximizes current browser window.</doc>
<status status="PASS" starttime="20231006 13:46:43.983" endtime="20231006 13:46:44.122"/>
</kw>
<kw name="Wait Until Element Is Enabled" library="SeleniumLibrary">
<arg>//*[@id="Login"]</arg>
<doc>Waits until the element ``locator`` is enabled.</doc>
<status status="PASS" starttime="20231006 13:46:44.123" endtime="20231006 13:46:44.308"/>
</kw>
<kw name="Input Text" library="SeleniumLibrary">
<arg>id=username</arg>
<arg>${Username}</arg>
<doc>Types the given ``text`` into the text field identified by ``locator``.</doc>
<msg timestamp="20231006 13:46:44.309" level="INFO">Typing text 'Alonggorn.p@cardx.uat' into text field 'id=username'.</msg>
<status status="PASS" starttime="20231006 13:46:44.309" endtime="20231006 13:46:44.435"/>
</kw>
<kw name="Input Text" library="SeleniumLibrary">
<arg>id=password</arg>
<arg>${Password}</arg>
<doc>Types the given ``text`` into the text field identified by ``locator``.</doc>
<msg timestamp="20231006 13:46:44.436" level="INFO">Typing text 'Paohub1993#' into text field 'id=password'.</msg>
<status status="PASS" starttime="20231006 13:46:44.436" endtime="20231006 13:46:44.509"/>
</kw>
<kw name="Click Element" library="SeleniumLibrary">
<arg>id=Login</arg>
<doc>Click the element identified by ``locator``.</doc>
<msg timestamp="20231006 13:46:44.509" level="INFO">Clicking element 'id=Login'.</msg>
<status status="PASS" starttime="20231006 13:46:44.509" endtime="20231006 13:46:46.159"/>
</kw>
<kw name="Pause Execution" library="Dialogs">
<arg>Please enter "Salesforce Authenticator"</arg>
<doc>Pauses execution until user clicks ``Ok`` button.</doc>
<status status="PASS" starttime="20231006 13:46:46.160" endtime="20231006 13:47:25.549"/>
</kw>
<status status="PASS" starttime="20231006 13:46:41.589" endtime="20231006 13:47:25.549"/>
</kw>
<status status="PASS" starttime="20231006 13:46:41.588" endtime="20231006 13:47:25.550"/>
</test>
<status status="PASS" starttime="20231006 13:46:40.745" endtime="20231006 13:47:25.551"/>
</suite>
<status status="PASS" starttime="20231006 13:46:40.742" endtime="20231006 13:47:25.555"/>
</suite>
<status status="PASS" starttime="20231006 13:46:40.723" endtime="20231006 13:47:25.557"/>
</suite>
<statistics>
<total>
<stat pass="1" fail="0" skip="0">All Tasks</stat>
</total>
<tag>
</tag>
<suite>
<stat pass="1" fail="0" skip="0" id="s1" name="Withdrawn">Withdrawn</stat>
<stat pass="1" fail="0" skip="0" id="s1-s1" name="5.Test Case">Withdrawn.5.Test Case</stat>
<stat pass="1" fail="0" skip="0" id="s1-s1-s1" name="Test">Withdrawn.5.Test Case.Test</stat>
</suite>
</statistics>
<errors>
</errors>
</robot>
