<?xml version="1.0" encoding="UTF-8"?>
<robot generator="Robot 6.1.1 (Python 3.9.0 on win32)" generated="20231009 13:43:41.970" rpa="true" schemaversion="4">
<suite id="s1" name="0.PPB All Step" source="D:\Scrip onborad and los\Paper Base Loan App\5.Task\0.PPB_All_Step.robot">
<test id="s1-t1" name="Open and login SF" line="35">
<kw name="Get Names From Website" library="Keyword">
<var>${thaiFirstName}</var>
<var>${thaiLastName}</var>
<var>${englishFirstName}</var>
<var>${englishLastName}</var>
<kw name="Open Headless Browser" library="Keyword">
<kw name="Evaluate" library="BuiltIn">
<var>${chrome_options}</var>
<arg>sys.modules['selenium.webdriver'].ChromeOptions()</arg>
<arg>sys, selenium.webdriver</arg>
<doc>Evaluates the given expression in Python and returns the result.</doc>
<msg timestamp="20231009 13:43:43.111" level="INFO">${chrome_options} = &lt;selenium.webdriver.chrome.options.Options object at 0x0000018A6FAC6FA0&gt;</msg>
<status status="PASS" starttime="20231009 13:43:43.095" endtime="20231009 13:43:43.111"/>
</kw>
<kw name="Call Method" library="BuiltIn">
<arg>${chrome_options}</arg>
<arg>add_argument</arg>
<arg>--headless</arg>
<doc>Calls the named method of the given object with the provided arguments.</doc>
<status status="PASS" starttime="20231009 13:43:43.111" endtime="20231009 13:43:43.111"/>
</kw>
<kw name="Call Method" library="BuiltIn">
<arg>${chrome_options}</arg>
<arg>add_argument</arg>
<arg>--disable-gpu</arg>
<doc>Calls the named method of the given object with the provided arguments.</doc>
<status status="PASS" starttime="20231009 13:43:43.111" endtime="20231009 13:43:43.111"/>
</kw>
<kw name="Create Webdriver" library="SeleniumLibrary">
<arg>Chrome</arg>
<arg>options=${chrome_options}</arg>
<doc>Creates an instance of Selenium WebDriver.</doc>
<msg timestamp="20231009 13:43:43.111" level="INFO">Creating an instance of the Chrome WebDriver.</msg>
<status status="PASS" starttime="20231009 13:43:43.111" endtime="20231009 13:43:44.191"/>
</kw>
<status status="PASS" starttime="20231009 13:43:43.095" endtime="20231009 13:43:44.191"/>
</kw>
<kw name="Go To" library="SeleniumLibrary">
<arg>https://kidhaina.com/thainamegenerator.html</arg>
<doc>Navigates the current browser window to the provided ``url``.</doc>
<msg timestamp="20231009 13:43:44.191" level="INFO">Opening url 'https://kidhaina.com/thainamegenerator.html'</msg>
<status status="PASS" starttime="20231009 13:43:44.191" endtime="20231009 13:43:57.541"/>
</kw>
<kw name="Wait Until Page Contains Element" library="SeleniumLibrary">
<arg>//*[@class="first-name-th"]</arg>
<doc>Waits until the element ``locator`` appears on the current page.</doc>
<status status="PASS" starttime="20231009 13:43:57.541" endtime="20231009 13:43:57.556"/>
</kw>
<kw name="Get Text" library="SeleniumLibrary">
<var>${thaiFirstName}</var>
<arg>//*[@class="first-name-th"]</arg>
<doc>Returns the text value of the element identified by ``locator``.</doc>
<msg timestamp="20231009 13:43:57.604" level="INFO">${thaiFirstName} = อธิฐาน</msg>
<status status="PASS" starttime="20231009 13:43:57.556" endtime="20231009 13:43:57.604"/>
</kw>
<kw name="Get Text" library="SeleniumLibrary">
<var>${thaiLastName}</var>
<arg>//*[@class="last-name-th"]</arg>
<doc>Returns the text value of the element identified by ``locator``.</doc>
<msg timestamp="20231009 13:43:57.648" level="INFO">${thaiLastName} = สิริวาณิชย์</msg>
<status status="PASS" starttime="20231009 13:43:57.604" endtime="20231009 13:43:57.648"/>
</kw>
<kw name="Get Text" library="SeleniumLibrary">
<var>${englishFirstName}</var>
<arg>//*[@class="first-name-en"]</arg>
<doc>Returns the text value of the element identified by ``locator``.</doc>
<msg timestamp="20231009 13:43:57.664" level="INFO">${englishFirstName} = Atitan</msg>
<status status="PASS" starttime="20231009 13:43:57.648" endtime="20231009 13:43:57.664"/>
</kw>
<kw name="Get Text" library="SeleniumLibrary">
<var>${englishLastName}</var>
<arg>(//*[@class="last-name-th"])[2]</arg>
<doc>Returns the text value of the element identified by ``locator``.</doc>
<msg timestamp="20231009 13:43:57.696" level="INFO">${englishLastName} = Siriwanich</msg>
<status status="PASS" starttime="20231009 13:43:57.664" endtime="20231009 13:43:57.696"/>
</kw>
<kw name="Close Browser" library="SeleniumLibrary">
<doc>Closes the current browser.</doc>
<status status="PASS" starttime="20231009 13:43:57.696" endtime="20231009 13:43:59.756"/>
</kw>
<msg timestamp="20231009 13:43:59.756" level="INFO">${thaiFirstName} = อธิฐาน</msg>
<msg timestamp="20231009 13:43:59.756" level="INFO">${thaiLastName} = สิริวาณิชย์</msg>
<msg timestamp="20231009 13:43:59.756" level="INFO">${englishFirstName} = Atitan</msg>
<msg timestamp="20231009 13:43:59.756" level="INFO">${englishLastName} = Siriwanich</msg>
<status status="PASS" starttime="20231009 13:43:43.095" endtime="20231009 13:43:59.756"/>
</kw>
<kw name=" Open and login" library="Keyword">
<arg>Username=${Username_uat}</arg>
<arg>Password=${Password_uat}</arg>
<kw name="Get Chrome Options" library="custom_library">
<var>${chrome_options}</var>
<arg>${PROFILE_PATH}</arg>
<arg>Profile 1</arg>
<msg timestamp="20231009 13:43:59.757" level="INFO">${chrome_options} = &lt;selenium.webdriver.chrome.options.Options object at 0x0000018A6FB1A400&gt;</msg>
<status status="PASS" starttime="20231009 13:43:59.757" endtime="20231009 13:43:59.757"/>
</kw>
<kw name="Open Browser" library="SeleniumLibrary">
<arg>${URL}</arg>
<arg>${BROWSER}</arg>
<arg>executable_path=${CHROMEDRIVER_PATH}</arg>
<arg>options=${chrome_options}</arg>
<doc>Opens a new browser instance to the optional ``url``.</doc>
<msg timestamp="20231009 13:43:59.758" level="INFO">Opening browser 'gc' to base url 'https://cardxscb--uat.sandbox.my.salesforce.com/'.</msg>
<status status="PASS" starttime="20231009 13:43:59.757" endtime="20231009 13:44:02.615"/>
</kw>
<kw name="Call Method" library="BuiltIn">
<arg>${chrome_options}</arg>
<arg>add_argument</arg>
<arg>--disable-gpu</arg>
<doc>Calls the named method of the given object with the provided arguments.</doc>
<status status="PASS" starttime="20231009 13:44:02.616" endtime="20231009 13:44:02.616"/>
</kw>
<kw name="Call Method" library="BuiltIn">
<arg>${chrome_options}</arg>
<arg>add_argument</arg>
<arg>--no-sandbox</arg>
<doc>Calls the named method of the given object with the provided arguments.</doc>
<status status="PASS" starttime="20231009 13:44:02.616" endtime="20231009 13:44:02.616"/>
</kw>
<kw name="Maximize Browser Window" library="SeleniumLibrary">
<doc>Maximizes current browser window.</doc>
<status status="PASS" starttime="20231009 13:44:02.616" endtime="20231009 13:44:02.620"/>
</kw>
<kw name="Wait Until Element Is Enabled" library="SeleniumLibrary">
<arg>//*[@id="Login"]</arg>
<doc>Waits until the element ``locator`` is enabled.</doc>
<status status="PASS" starttime="20231009 13:44:02.620" endtime="20231009 13:44:02.662"/>
</kw>
<kw name="Input Text" library="SeleniumLibrary">
<arg>id=username</arg>
<arg>${Username}</arg>
<doc>Types the given ``text`` into the text field identified by ``locator``.</doc>
<msg timestamp="20231009 13:44:02.663" level="INFO">Typing text 'patchaya.in@cardx.uat' into text field 'id=username'.</msg>
<status status="PASS" starttime="20231009 13:44:02.662" endtime="20231009 13:44:02.783"/>
</kw>
<kw name="Input Text" library="SeleniumLibrary">
<arg>id=password</arg>
<arg>${Password}</arg>
<doc>Types the given ``text`` into the text field identified by ``locator``.</doc>
<msg timestamp="20231009 13:44:02.784" level="INFO">Typing text '@Test2542' into text field 'id=password'.</msg>
<status status="PASS" starttime="20231009 13:44:02.784" endtime="20231009 13:44:02.893"/>
</kw>
<kw name="Click Element" library="SeleniumLibrary">
<arg>id=Login</arg>
<doc>Click the element identified by ``locator``.</doc>
<msg timestamp="20231009 13:44:02.894" level="INFO">Clicking element 'id=Login'.</msg>
<status status="PASS" starttime="20231009 13:44:02.893" endtime="20231009 13:44:02.980"/>
</kw>
<kw name="Pause Execution" library="Dialogs">
<arg>Please enter "Salesforce Authenticator"</arg>
<doc>Pauses execution until user clicks ``Ok`` button.</doc>
<status status="PASS" starttime="20231009 13:44:02.981" endtime="20231009 13:44:18.811"/>
</kw>
<status status="PASS" starttime="20231009 13:43:59.757" endtime="20231009 13:44:18.811"/>
</kw>
<kw name="Wait Until Element Is Visible" library="SeleniumLibrary">
<arg>locator=//*[@aria-label="Search"]</arg>
<doc>Waits until the element ``locator`` is visible.</doc>
<msg timestamp="20231009 13:44:18.853" level="WARN">Keyword 'Capture Page Screenshot' could not be run on failure: Message: no such window: target window already closed
from unknown error: web view not found
  (Session info: chrome=117.0.5938.150)
Stacktrace:
	GetHandleVerifier [0x007BCFE3+45267]
	(No symbol) [0x00749741]
	(No symbol) [0x0063BE1D]
	(No symbol) [0x006234AE]
	(No symbol) [0x0068EFDB]
	(No symbol) [0x0069D913]
	(No symbol) [0x0068AE36]
	(No symbol) [0x0066674E]
	(No symbol) [0x006678ED]
	GetHandleVerifier [0x00A75659+2897737]
	GetHandleVerifier [0x00ABE78B+3197051]
	GetHandleVerifier [0x00AB8571+3171937]
	GetHandleVerifier [0x00845E40+606000]
	(No symbol) [0x0075338C]
	(No symbol) [0x0074F508]
	(No symbol) [0x0074F62F]
	(No symbol) [0x00741D27]
	BaseThreadInitThunk [0x75FC7BA9+25]
	RtlInitializeExceptionChain [0x77E6BC5B+107]
	RtlClearBits [0x77E6BBDF+191]
</msg>
<msg timestamp="20231009 13:44:18.855" level="FAIL">NoSuchWindowException: Message: no such window: target window already closed
from unknown error: web view not found
  (Session info: chrome=117.0.5938.150)
Stacktrace:
	GetHandleVerifier [0x007BCFE3+45267]
	(No symbol) [0x00749741]
	(No symbol) [0x0063BE1D]
	(No symbol) [0x006234AE]
	(No symbol) [0x0068EFDB]
	(No symbol) [0x0069D913]
	(No symbol) [0x0068AE36]
	(No symbol) [0x0066674E]
	(No symbol) [0x006678ED]
	GetHandleVerifier [0x00A75659+2897737]
	GetHandleVerifier [0x00ABE78B+3197051]
	GetHandleVerifier [0x00AB8571+3171937]
	GetHandleVerifier [0x00845E40+606000]
	(No symbol) [0x0075338C]
	(No symbol) [0x0074F508]
	(No symbol) [0x0074F62F]
	(No symbol) [0x00741D27]
	BaseThreadInitThunk [0x75FC7BA9+25]
	RtlInitializeExceptionChain [0x77E6BC5B+107]
	RtlClearBits [0x77E6BBDF+191]
</msg>
<status status="FAIL" starttime="20231009 13:44:18.811" endtime="20231009 13:44:18.860"/>
</kw>
<kw name="Sleep" library="BuiltIn">
<arg>6s</arg>
<doc>Pauses the test executed for the given time.</doc>
<status status="NOT RUN" starttime="20231009 13:44:18.861" endtime="20231009 13:44:18.861"/>
</kw>
<kw name="Execute Javascript" library="SeleniumLibrary">
<arg>document.evaluate("${NEXT_BUTTON}", document, null, XPathResult.FIRST_ORDERED_NODE_TYPE, null).singleNodeValue.click()</arg>
<doc>Executes the given JavaScript code with possible arguments.</doc>
<status status="NOT RUN" starttime="20231009 13:44:18.862" endtime="20231009 13:44:18.862"/>
</kw>
<kw name="Sleep" library="BuiltIn">
<arg>5s</arg>
<doc>Pauses the test executed for the given time.</doc>
<status status="NOT RUN" starttime="20231009 13:44:18.863" endtime="20231009 13:44:18.863"/>
</kw>
<kw name="Select Frame" library="SeleniumLibrary">
<arg>css=iframe.insext-popup</arg>
<doc>Sets frame identified by ``locator`` as the current frame.</doc>
<status status="NOT RUN" starttime="20231009 13:44:18.863" endtime="20231009 13:44:18.863"/>
</kw>
<kw name="Click Element" library="SeleniumLibrary">
<arg>//li[@data-aspect='users']</arg>
<doc>Click the element identified by ``locator``.</doc>
<status status="NOT RUN" starttime="20231009 13:44:18.864" endtime="20231009 13:44:18.864"/>
</kw>
<kw name="Click Element" library="SeleniumLibrary">
<arg>//*[@class="all-data-input"]</arg>
<doc>Click the element identified by ``locator``.</doc>
<status status="NOT RUN" starttime="20231009 13:44:18.864" endtime="20231009 13:44:18.864"/>
</kw>
<kw name="Input Text" library="SeleniumLibrary">
<arg>//*[@class="all-data-input"]</arg>
<arg>Operations AuthLevel30</arg>
<doc>Types the given ``text`` into the text field identified by ``locator``.</doc>
<status status="NOT RUN" starttime="20231009 13:44:18.865" endtime="20231009 13:44:18.865"/>
</kw>
<kw name="Wait Until Element Is Visible" library="SeleniumLibrary">
<arg>locator=//mark[contains(text(), 'Operations AuthLevel30')]</arg>
<doc>Waits until the element ``locator`` is visible.</doc>
<status status="NOT RUN" starttime="20231009 13:44:18.865" endtime="20231009 13:44:18.865"/>
</kw>
<kw name="Click Element" library="SeleniumLibrary">
<arg>locator=//mark[contains(text(), 'Operations AuthLevel30')]</arg>
<doc>Click the element identified by ``locator``.</doc>
<status status="NOT RUN" starttime="20231009 13:44:18.866" endtime="20231009 13:44:18.866"/>
</kw>
<kw name="Wait Until Element Is Visible" library="SeleniumLibrary">
<arg>locator=//*[@class="button button-secondary" and text()="Try login as"]</arg>
<doc>Waits until the element ``locator`` is visible.</doc>
<status status="NOT RUN" starttime="20231009 13:44:18.867" endtime="20231009 13:44:18.867"/>
</kw>
<kw name="Click Element" library="SeleniumLibrary">
<arg>locator=//*[@class="button button-secondary" and text()="Try login as"]</arg>
<doc>Click the element identified by ``locator``.</doc>
<status status="NOT RUN" starttime="20231009 13:44:18.867" endtime="20231009 13:44:18.867"/>
</kw>
<kw name="Execute Javascript" library="SeleniumLibrary">
<var>${element1}</var>
<arg>return document.evaluate('//*[@type="button" and @title="Show Navigation Menu"]', document, null, XPathResult.FIRST_ORDERED_NODE_TYPE, null).singleNodeValue;</arg>
<doc>Executes the given JavaScript code with possible arguments.</doc>
<status status="NOT RUN" starttime="20231009 13:44:18.867" endtime="20231009 13:44:18.867"/>
</kw>
<kw name="Run Keyword And Return Status" library="BuiltIn">
<var>${EN}</var>
<arg>Wait Until Element Is Visible</arg>
<arg>//*[@type="button" and @title="Show Navigation Menu"]</arg>
<arg>5s</arg>
<doc>Runs the given keyword with given arguments and returns the status as a Boolean value.</doc>
<status status="NOT RUN" starttime="20231009 13:44:18.868" endtime="20231009 13:44:18.868"/>
</kw>
<kw name="Execute Javascript" library="SeleniumLibrary">
<var>${element2}</var>
<arg>return document.evaluate('//*[@type="button" and @title="แสดงเมนูการนำทาง"]', document, null, XPathResult.FIRST_ORDERED_NODE_TYPE, null).singleNodeValue;</arg>
<doc>Executes the given JavaScript code with possible arguments.</doc>
<status status="NOT RUN" starttime="20231009 13:44:18.869" endtime="20231009 13:44:18.869"/>
</kw>
<kw name="Run Keyword And Return Status" library="BuiltIn">
<var>${TH}</var>
<arg>Wait Until Element Is Visible</arg>
<arg>//*[@type="button" and @title="แสดงเมนูการนำทาง"]</arg>
<arg>5s</arg>
<doc>Runs the given keyword with given arguments and returns the status as a Boolean value.</doc>
<status status="NOT RUN" starttime="20231009 13:44:18.869" endtime="20231009 13:44:18.869"/>
</kw>
<kw name="Wait Until Keyword Succeeds" library="BuiltIn">
<arg>3x</arg>
<arg>10s</arg>
<arg>Log</arg>
<arg>Waiting for elements...</arg>
<doc>Runs the specified keyword and retries if it fails.</doc>
<status status="NOT RUN" starttime="20231009 13:44:18.870" endtime="20231009 13:44:18.870"/>
</kw>
<kw name="Run Keyword If" library="BuiltIn">
<arg>${TH}</arg>
<arg>Check For Elements language</arg>
<doc>Runs the given keyword with the given arguments, if ``condition`` is true.</doc>
<status status="NOT RUN" starttime="20231009 13:44:18.871" endtime="20231009 13:44:18.871"/>
</kw>
<kw name="Wait Until Element Is Visible" library="SeleniumLibrary">
<arg>locator=//*[@type="button" and @title="Show Navigation Menu" ]</arg>
<doc>Waits until the element ``locator`` is visible.</doc>
<status status="NOT RUN" starttime="20231009 13:44:18.871" endtime="20231009 13:44:18.871"/>
</kw>
<kw name="Click Element" library="SeleniumLibrary">
<arg>locator=//*[@type="button" and @title="Show Navigation Menu" ]</arg>
<doc>Click the element identified by ``locator``.</doc>
<status status="NOT RUN" starttime="20231009 13:44:18.871" endtime="20231009 13:44:18.872"/>
</kw>
<kw name="Sleep" library="BuiltIn">
<arg>5s</arg>
<doc>Pauses the test executed for the given time.</doc>
<status status="NOT RUN" starttime="20231009 13:44:18.872" endtime="20231009 13:44:18.872"/>
</kw>
<kw name="Wait Until Element Is Visible" library="SeleniumLibrary">
<arg>locator=//*[text()="Submit Paper Base Loan App"]</arg>
<doc>Waits until the element ``locator`` is visible.</doc>
<status status="NOT RUN" starttime="20231009 13:44:18.872" endtime="20231009 13:44:18.872"/>
</kw>
<kw name="Click Element" library="SeleniumLibrary">
<arg>locator=//*[text()="Submit Paper Base Loan App"]</arg>
<doc>Click the element identified by ``locator``.</doc>
<status status="NOT RUN" starttime="20231009 13:44:18.873" endtime="20231009 13:44:18.873"/>
</kw>
<kw name="Run Keyword If" library="BuiltIn">
<arg>'${SELECTED_CARD}' == '${CARD_TYPE_CC}'</arg>
<arg>Credit Card</arg>
<doc>Runs the given keyword with the given arguments, if ``condition`` is true.</doc>
<status status="NOT RUN" starttime="20231009 13:44:18.873" endtime="20231009 13:44:18.874"/>
</kw>
<kw name="Run Keyword If" library="BuiltIn">
<arg>'${SELECTED_CARD}' == '${CARD_TYPE_SPC}'</arg>
<arg>Speedy Cash</arg>
<doc>Runs the given keyword with the given arguments, if ``condition`` is true.</doc>
<status status="NOT RUN" starttime="20231009 13:44:18.877" endtime="20231009 13:44:18.877"/>
</kw>
<kw name="Run Keyword If" library="BuiltIn">
<arg>'${SELECTED_CARD}' == '${CARD_TYPE_SPL}'</arg>
<arg>Speedy Loan</arg>
<doc>Runs the given keyword with the given arguments, if ``condition`` is true.</doc>
<status status="NOT RUN" starttime="20231009 13:44:18.877" endtime="20231009 13:44:18.877"/>
</kw>
<kw name="Wait Until Element Is Not Visible" library="SeleniumLibrary">
<arg>locator=//*[text()="Please wait"]</arg>
<doc>Waits until the element ``locator`` is not visible.</doc>
<status status="NOT RUN" starttime="20231009 13:44:18.878" endtime="20231009 13:44:18.878"/>
</kw>
<kw name="Execute Javascript" library="SeleniumLibrary">
<arg>window.scrollTo(0, document.body.scrollHeight);</arg>
<doc>Executes the given JavaScript code with possible arguments.</doc>
<status status="NOT RUN" starttime="20231009 13:44:18.878" endtime="20231009 13:44:18.878"/>
</kw>
<kw name="Click Element" library="SeleniumLibrary">
<arg>locator=//*[text()="Apply"]</arg>
<doc>Click the element identified by ``locator``.</doc>
<status status="NOT RUN" starttime="20231009 13:44:18.878" endtime="20231009 13:44:18.878"/>
</kw>
<kw name="Wait Until Element Is Not Visible" library="SeleniumLibrary">
<arg>locator=//*[text()="Please wait"]</arg>
<doc>Waits until the element ``locator`` is not visible.</doc>
<status status="NOT RUN" starttime="20231009 13:44:18.879" endtime="20231009 13:44:18.879"/>
</kw>
<kw name="Wait Until Element Is Visible" library="SeleniumLibrary">
<arg>locator=//*[text()="Thai"]</arg>
<doc>Waits until the element ``locator`` is visible.</doc>
<status status="NOT RUN" starttime="20231009 13:44:18.879" endtime="20231009 13:44:18.879"/>
</kw>
<kw name="Click Element" library="SeleniumLibrary">
<arg>locator=//*[text()="Thai"]</arg>
<doc>Click the element identified by ``locator``.</doc>
<status status="NOT RUN" starttime="20231009 13:44:18.879" endtime="20231009 13:44:18.879"/>
</kw>
<kw name="Input Text" library="SeleniumLibrary">
<arg>locator=//*[@name="IdcardNumber"]</arg>
<arg>text=${National ID Card Number}</arg>
<doc>Types the given ``text`` into the text field identified by ``locator``.</doc>
<status status="NOT RUN" starttime="20231009 13:44:18.879" endtime="20231009 13:44:18.879"/>
</kw>
<kw name="Input Names To PPB TH" library="Keyword">
<arg>${thaiFirstName}</arg>
<arg>${thaiLastName}</arg>
<status status="NOT RUN" starttime="20231009 13:44:18.879" endtime="20231009 13:44:18.879"/>
</kw>
<kw name="Input Text" library="SeleniumLibrary">
<arg>//*[@name="LaserID"]</arg>
<arg>${Laser ID}</arg>
<doc>Types the given ``text`` into the text field identified by ``locator``.</doc>
<status status="NOT RUN" starttime="20231009 13:44:18.880" endtime="20231009 13:44:18.880"/>
</kw>
<kw name="Click Element" library="SeleniumLibrary">
<arg>locator=(//*[@src="assets/images/vector/calendar.png"])[1]</arg>
<doc>Click the element identified by ``locator``.</doc>
<status status="NOT RUN" starttime="20231009 13:44:18.880" endtime="20231009 13:44:18.880"/>
</kw>
<kw name="Click Element" library="SeleniumLibrary">
<arg>locator=//*[@class="MuiTypography-root MuiPickersToolbarText-toolbarTxt MuiTypography-subtitle1"]</arg>
<doc>Click the element identified by ``locator``.</doc>
<status status="NOT RUN" starttime="20231009 13:44:18.880" endtime="20231009 13:44:18.880"/>
</kw>
<kw name="Click Element" library="SeleniumLibrary">
<arg>locator=//*[@role="button" and text()="1983"]</arg>
<doc>Click the element identified by ``locator``.</doc>
<status status="NOT RUN" starttime="20231009 13:44:18.880" endtime="20231009 13:44:18.880"/>
</kw>
<kw name="Click Element" library="SeleniumLibrary">
<arg>locator=//*[text()="5"]</arg>
<doc>Click the element identified by ``locator``.</doc>
<status status="NOT RUN" starttime="20231009 13:44:18.880" endtime="20231009 13:44:18.880"/>
</kw>
<kw name="Click Element" library="SeleniumLibrary">
<arg>locator=//*[text()="OK"]</arg>
<doc>Click the element identified by ``locator``.</doc>
<status status="NOT RUN" starttime="20231009 13:44:18.880" endtime="20231009 13:44:18.880"/>
</kw>
<kw name="Execute Javascript" library="SeleniumLibrary">
<arg>window.scrollTo(0, document.body.scrollHeight);</arg>
<doc>Executes the given JavaScript code with possible arguments.</doc>
<status status="NOT RUN" starttime="20231009 13:44:18.881" endtime="20231009 13:44:18.881"/>
</kw>
<kw name="Click Element" library="SeleniumLibrary">
<arg>locator=(//*[@src="assets/images/vector/calendar.png"])[2]</arg>
<doc>Click the element identified by ``locator``.</doc>
<status status="NOT RUN" starttime="20231009 13:44:18.881" endtime="20231009 13:44:18.881"/>
</kw>
<kw name="Click Element" library="SeleniumLibrary">
<arg>locator=//*[@class="MuiTypography-root MuiPickersToolbarText-toolbarTxt MuiTypography-subtitle1"]</arg>
<doc>Click the element identified by ``locator``.</doc>
<status status="NOT RUN" starttime="20231009 13:44:18.881" endtime="20231009 13:44:18.881"/>
</kw>
<kw name="Click Element" library="SeleniumLibrary">
<arg>locator=//*[@role="button" and text()="2020"]</arg>
<doc>Click the element identified by ``locator``.</doc>
<status status="NOT RUN" starttime="20231009 13:44:18.881" endtime="20231009 13:44:18.881"/>
</kw>
<kw name="Click Element" library="SeleniumLibrary">
<arg>locator=//*[text()="25"]</arg>
<doc>Click the element identified by ``locator``.</doc>
<status status="NOT RUN" starttime="20231009 13:44:18.881" endtime="20231009 13:44:18.881"/>
</kw>
<kw name="Click Element" library="SeleniumLibrary">
<arg>locator=//*[text()="OK"]</arg>
<doc>Click the element identified by ``locator``.</doc>
<status status="NOT RUN" starttime="20231009 13:44:18.881" endtime="20231009 13:44:18.881"/>
</kw>
<kw name="Click Element" library="SeleniumLibrary">
<arg>locator=(//*[@src="assets/images/vector/calendar.png"])[3]</arg>
<doc>Click the element identified by ``locator``.</doc>
<status status="NOT RUN" starttime="20231009 13:44:18.882" endtime="20231009 13:44:18.882"/>
</kw>
<kw name="Click Element" library="SeleniumLibrary">
<arg>locator=//*[@class="MuiTypography-root MuiPickersToolbarText-toolbarTxt MuiTypography-subtitle1"]</arg>
<doc>Click the element identified by ``locator``.</doc>
<status status="NOT RUN" starttime="20231009 13:44:18.882" endtime="20231009 13:44:18.882"/>
</kw>
<kw name="Click Element" library="SeleniumLibrary">
<arg>locator=//*[@role="button" and text()="2040"]</arg>
<doc>Click the element identified by ``locator``.</doc>
<status status="NOT RUN" starttime="20231009 13:44:18.882" endtime="20231009 13:44:18.882"/>
</kw>
<kw name="Click Element" library="SeleniumLibrary">
<arg>locator=//*[text()="5"]</arg>
<doc>Click the element identified by ``locator``.</doc>
<status status="NOT RUN" starttime="20231009 13:44:18.882" endtime="20231009 13:44:18.883"/>
</kw>
<kw name="Click Element" library="SeleniumLibrary">
<arg>locator=//*[text()="OK"]</arg>
<doc>Click the element identified by ``locator``.</doc>
<status status="NOT RUN" starttime="20231009 13:44:18.883" endtime="20231009 13:44:18.883"/>
</kw>
<kw name="Execute Javascript" library="SeleniumLibrary">
<arg>window.scrollTo(0, document.body.scrollHeight);</arg>
<doc>Executes the given JavaScript code with possible arguments.</doc>
<status status="NOT RUN" starttime="20231009 13:44:18.883" endtime="20231009 13:44:18.883"/>
</kw>
<kw name="Click Element" library="SeleniumLibrary">
<arg>locator=//*[text()="Next"]</arg>
<doc>Click the element identified by ``locator``.</doc>
<status status="NOT RUN" starttime="20231009 13:44:18.884" endtime="20231009 13:44:18.884"/>
</kw>
<kw name="Wait Until Element Is Not Visible" library="SeleniumLibrary">
<arg>locator=//*[text()="Please wait"]</arg>
<doc>Waits until the element ``locator`` is not visible.</doc>
<status status="NOT RUN" starttime="20231009 13:44:18.884" endtime="20231009 13:44:18.884"/>
</kw>
<kw name="Sleep" library="BuiltIn">
<arg>3s</arg>
<doc>Pauses the test executed for the given time.</doc>
<status status="NOT RUN" starttime="20231009 13:44:18.884" endtime="20231009 13:44:18.884"/>
</kw>
<kw name="Run Keyword If" library="BuiltIn">
<arg>'${SELECTED_TYPE}' == '${ETB}'</arg>
<arg>Run Keywords</arg>
<arg>Wait Until Element Is Visible</arg>
<arg>//*[@name="mobileNo"]</arg>
<arg>AND</arg>
<arg>Input Text</arg>
<arg>//*[@name="mobileNo"]</arg>
<arg>${mobileNo}</arg>
<arg>AND</arg>
<arg>Wait Until Element Is Visible</arg>
<arg>locator=//*[text()="Confirm"]</arg>
<arg>AND</arg>
<arg>Click Element</arg>
<arg>locator=//*[text()="Confirm"]</arg>
<doc>Runs the given keyword with the given arguments, if ``condition`` is true.</doc>
<status status="NOT RUN" starttime="20231009 13:44:18.884" endtime="20231009 13:44:18.884"/>
</kw>
<kw name="Run Keyword If" library="BuiltIn">
<arg>'${SELECTED_TYPE}' == '${NTU}'</arg>
<arg>Run Keywords</arg>
<arg>Wait Until Element Is Visible</arg>
<arg>locator=//*[text()="Confirm"]</arg>
<arg>AND</arg>
<arg>Click Element</arg>
<arg>locator=//*[text()="Confirm"]</arg>
<doc>Runs the given keyword with the given arguments, if ``condition`` is true.</doc>
<status status="NOT RUN" starttime="20231009 13:44:18.884" endtime="20231009 13:44:18.884"/>
</kw>
<kw name="Run Keyword If" library="BuiltIn">
<arg>'${SELECTED_CARD}' == '${CARD_TYPE_CC}'</arg>
<arg>IncomeCC</arg>
<doc>Runs the given keyword with the given arguments, if ``condition`` is true.</doc>
<status status="NOT RUN" starttime="20231009 13:44:18.884" endtime="20231009 13:44:18.885"/>
</kw>
<kw name="Wait Until Element Is Visible" library="SeleniumLibrary">
<arg>locator=//*[@id="income"]</arg>
<doc>Waits until the element ``locator`` is visible.</doc>
<status status="NOT RUN" starttime="20231009 13:44:18.885" endtime="20231009 13:44:18.885"/>
</kw>
<kw name="Input Text" library="SeleniumLibrary">
<arg>locator=//*[@id="income"]</arg>
<arg>text=${income}</arg>
<doc>Types the given ``text`` into the text field identified by ``locator``.</doc>
<status status="NOT RUN" starttime="20231009 13:44:18.885" endtime="20231009 13:44:18.885"/>
</kw>
<kw name="Click Element" library="SeleniumLibrary">
<arg>locator=//*[text()="Calculate"]</arg>
<doc>Click the element identified by ``locator``.</doc>
<status status="NOT RUN" starttime="20231009 13:44:18.885" endtime="20231009 13:44:18.885"/>
</kw>
<kw name="Wait Until Element Is Not Visible" library="SeleniumLibrary">
<arg>locator=//*[text()="Please wait"]</arg>
<doc>Waits until the element ``locator`` is not visible.</doc>
<status status="NOT RUN" starttime="20231009 13:44:18.885" endtime="20231009 13:44:18.885"/>
</kw>
<kw name="Execute Javascript" library="SeleniumLibrary">
<arg>window.scrollTo(0, document.body.scrollHeight);</arg>
<doc>Executes the given JavaScript code with possible arguments.</doc>
<status status="NOT RUN" starttime="20231009 13:44:18.885" endtime="20231009 13:44:18.885"/>
</kw>
<kw name="Run Keyword If" library="BuiltIn">
<arg>'${SELECTED_CARD}' == '${CARD_TYPE_SPL}'</arg>
<arg>Drag And Drop By Offset</arg>
<arg>//*[@class="MuiSlider-root jss434 MuiSlider-colorPrimary"]</arg>
<arg>50</arg>
<arg>0</arg>
<doc>Runs the given keyword with the given arguments, if ``condition`` is true.</doc>
<status status="NOT RUN" starttime="20231009 13:44:18.885" endtime="20231009 13:44:18.885"/>
</kw>
<kw name="Wait Until Element Is Not Visible" library="SeleniumLibrary">
<arg>locator=//*[text()="Please wait"]</arg>
<doc>Waits until the element ``locator`` is not visible.</doc>
<status status="NOT RUN" starttime="20231009 13:44:18.886" endtime="20231009 13:44:18.886"/>
</kw>
<kw name="Sleep" library="BuiltIn">
<arg>4s</arg>
<doc>Pauses the test executed for the given time.</doc>
<status status="NOT RUN" starttime="20231009 13:44:18.886" endtime="20231009 13:44:18.886"/>
</kw>
<kw name="Run Keyword If" library="BuiltIn">
<arg>'${SELECTED_CARD}' == '${CARD_TYPE_SPL}'</arg>
<arg>Click Element</arg>
<arg>//*[text()="${installment period}"]</arg>
<doc>Runs the given keyword with the given arguments, if ``condition`` is true.</doc>
<status status="NOT RUN" starttime="20231009 13:44:18.886" endtime="20231009 13:44:18.886"/>
</kw>
<kw name="Wait Until Element Is Not Visible" library="SeleniumLibrary">
<arg>locator=//*[text()="Please wait"]</arg>
<doc>Waits until the element ``locator`` is not visible.</doc>
<status status="NOT RUN" starttime="20231009 13:44:18.886" endtime="20231009 13:44:18.886"/>
</kw>
<kw name="Sleep" library="BuiltIn">
<arg>2s</arg>
<doc>Pauses the test executed for the given time.</doc>
<status status="NOT RUN" starttime="20231009 13:44:18.886" endtime="20231009 13:44:18.886"/>
</kw>
<kw name="Click Element" library="SeleniumLibrary">
<arg>locator=//*[text()="Next"]</arg>
<doc>Click the element identified by ``locator``.</doc>
<status status="NOT RUN" starttime="20231009 13:44:18.887" endtime="20231009 13:44:18.887"/>
</kw>
<kw name="Click Element" library="SeleniumLibrary">
<arg>locator=//*[text()="Confirm"]</arg>
<doc>Click the element identified by ``locator``.</doc>
<status status="NOT RUN" starttime="20231009 13:44:18.887" endtime="20231009 13:44:18.888"/>
</kw>
<kw name="Wait Until Element Is Not Visible" library="SeleniumLibrary">
<arg>locator=//*[text()="Please wait"]</arg>
<doc>Waits until the element ``locator`` is not visible.</doc>
<status status="NOT RUN" starttime="20231009 13:44:18.888" endtime="20231009 13:44:18.888"/>
</kw>
<kw name="Wait Until Element Is Visible" library="SeleniumLibrary">
<arg>locator=//*[@name="passportNumber"]</arg>
<doc>Waits until the element ``locator`` is visible.</doc>
<status status="NOT RUN" starttime="20231009 13:44:18.888" endtime="20231009 13:44:18.888"/>
</kw>
<kw name="Input Text" library="SeleniumLibrary">
<arg>locator=//*[@name="passportNumber"]</arg>
<arg>text=${National ID Card Number}</arg>
<doc>Types the given ``text`` into the text field identified by ``locator``.</doc>
<status status="NOT RUN" starttime="20231009 13:44:18.888" endtime="20231009 13:44:18.888"/>
</kw>
<kw name="Input Text" library="SeleniumLibrary">
<arg>locator=//*[@name="ReferralCode1"]</arg>
<arg>text=${Sales Referral Code 1}</arg>
<doc>Types the given ``text`` into the text field identified by ``locator``.</doc>
<status status="NOT RUN" starttime="20231009 13:44:18.888" endtime="20231009 13:44:18.888"/>
</kw>
<kw name="Execute Javascript" library="SeleniumLibrary">
<arg>window.scrollTo(0, document.body.scrollHeight);</arg>
<doc>Executes the given JavaScript code with possible arguments.</doc>
<status status="NOT RUN" starttime="20231009 13:44:18.889" endtime="20231009 13:44:18.889"/>
</kw>
<kw name="Click Element" library="SeleniumLibrary">
<arg>locator=//*[text()="Next"]</arg>
<doc>Click the element identified by ``locator``.</doc>
<status status="NOT RUN" starttime="20231009 13:44:18.889" endtime="20231009 13:44:18.889"/>
</kw>
<kw name="Wait Until Element Is Not Visible" library="SeleniumLibrary">
<arg>locator=//*[text()="Please wait"]</arg>
<doc>Waits until the element ``locator`` is not visible.</doc>
<status status="NOT RUN" starttime="20231009 13:44:18.889" endtime="20231009 13:44:18.889"/>
</kw>
<kw name="Sleep" library="BuiltIn">
<arg>1s</arg>
<doc>Pauses the test executed for the given time.</doc>
<status status="NOT RUN" starttime="20231009 13:44:18.891" endtime="20231009 13:44:18.891"/>
</kw>
<kw name="Click Element" library="SeleniumLibrary">
<arg>locator=//*[text()="Next"]</arg>
<doc>Click the element identified by ``locator``.</doc>
<status status="NOT RUN" starttime="20231009 13:44:18.892" endtime="20231009 13:44:18.892"/>
</kw>
<kw name="Wait Until Element Is Not Visible" library="SeleniumLibrary">
<arg>locator=//*[text()="Please wait"]</arg>
<arg>timeout=60s</arg>
<doc>Waits until the element ``locator`` is not visible.</doc>
<status status="NOT RUN" starttime="20231009 13:44:18.892" endtime="20231009 13:44:18.892"/>
</kw>
<kw name="Sleep" library="BuiltIn">
<arg>2s</arg>
<doc>Pauses the test executed for the given time.</doc>
<status status="NOT RUN" starttime="20231009 13:44:18.894" endtime="20231009 13:44:18.894"/>
</kw>
<kw name="Execute Javascript" library="SeleniumLibrary">
<arg>window.scrollTo(0, document.body.scrollHeight);</arg>
<doc>Executes the given JavaScript code with possible arguments.</doc>
<status status="NOT RUN" starttime="20231009 13:44:18.894" endtime="20231009 13:44:18.894"/>
</kw>
<kw name="Wait Until Element Is Visible" library="SeleniumLibrary">
<arg>locator=//*[text()="Back to home page"]</arg>
<doc>Waits until the element ``locator`` is visible.</doc>
<status status="NOT RUN" starttime="20231009 13:44:18.895" endtime="20231009 13:44:18.895"/>
</kw>
<kw name="Wait Until Element Is Visible" library="SeleniumLibrary">
<arg>locator=//span[contains(text(), 'DP')]</arg>
<doc>Waits until the element ``locator`` is visible.</doc>
<status status="NOT RUN" starttime="20231009 13:44:18.895" endtime="20231009 13:44:18.895"/>
</kw>
<kw name="Get Text" library="SeleniumLibrary">
<var>${Get_Ref}</var>
<arg>locator=//span[contains(text(), 'DP')]</arg>
<doc>Returns the text value of the element identified by ``locator``.</doc>
<status status="NOT RUN" starttime="20231009 13:44:18.896" endtime="20231009 13:44:18.896"/>
</kw>
<kw name="Log" library="BuiltIn">
<arg>${Get_Ref}</arg>
<doc>Logs the given message with the given level.</doc>
<status status="NOT RUN" starttime="20231009 13:44:18.896" endtime="20231009 13:44:18.896"/>
</kw>
<kw name="Log To Console" library="BuiltIn">
<arg>${Get_Ref}</arg>
<doc>Logs the given message to the console.</doc>
<status status="NOT RUN" starttime="20231009 13:44:18.897" endtime="20231009 13:44:18.897"/>
</kw>
<kw name="Close Browser" library="SeleniumLibrary">
<doc>Closes the current browser.</doc>
<status status="NOT RUN" starttime="20231009 13:44:18.898" endtime="20231009 13:44:18.898"/>
</kw>
<kw name=" Open and login" library="Keyword">
<arg>Username=${Username_uat}</arg>
<arg>Password=${Password_uat}</arg>
<status status="NOT RUN" starttime="20231009 13:44:18.898" endtime="20231009 13:44:18.898"/>
</kw>
<kw name="Wait Until Element Is Visible" library="SeleniumLibrary">
<arg>//*[@aria-label="Search"]</arg>
<doc>Waits until the element ``locator`` is visible.</doc>
<status status="NOT RUN" starttime="20231009 13:44:18.898" endtime="20231009 13:44:18.898"/>
</kw>
<kw name="Sleep" library="BuiltIn">
<arg>6s</arg>
<doc>Pauses the test executed for the given time.</doc>
<status status="NOT RUN" starttime="20231009 13:44:18.899" endtime="20231009 13:44:18.899"/>
</kw>
<kw name="Click Element" library="SeleniumLibrary">
<arg>//*[@aria-label="Search"]</arg>
<doc>Click the element identified by ``locator``.</doc>
<status status="NOT RUN" starttime="20231009 13:44:18.899" endtime="20231009 13:44:18.899"/>
</kw>
<kw name="Wait Until Element Is Visible" library="SeleniumLibrary">
<arg>//*[@type="search" and @placeholder="Search..."]</arg>
<doc>Waits until the element ``locator`` is visible.</doc>
<status status="NOT RUN" starttime="20231009 13:44:18.899" endtime="20231009 13:44:18.899"/>
</kw>
<kw name="Input Text" library="SeleniumLibrary">
<arg>//*[@type="search" and @placeholder="Search..."]</arg>
<arg>${Get_Ref}</arg>
<doc>Types the given ``text`` into the text field identified by ``locator``.</doc>
<status status="NOT RUN" starttime="20231009 13:44:18.900" endtime="20231009 13:44:18.900"/>
</kw>
<kw name="Wait Until Element Is Visible" library="SeleniumLibrary">
<arg>//span/mark[contains(text(), '${Get_Ref}')]</arg>
<doc>Waits until the element ``locator`` is visible.</doc>
<status status="NOT RUN" starttime="20231009 13:44:18.900" endtime="20231009 13:44:18.900"/>
</kw>
<kw name="Click Element" library="SeleniumLibrary">
<arg>//span/mark[contains(text(), '${Get_Ref}')]</arg>
<doc>Click the element identified by ``locator``.</doc>
<status status="NOT RUN" starttime="20231009 13:44:18.900" endtime="20231009 13:44:18.900"/>
</kw>
<kw name="Sleep" library="BuiltIn">
<arg>7s</arg>
<doc>Pauses the test executed for the given time.</doc>
<status status="NOT RUN" starttime="20231009 13:44:18.901" endtime="20231009 13:44:18.901"/>
</kw>
<kw name="Execute Javascript" library="SeleniumLibrary">
<arg>document.evaluate('//*[@title="Document Upload"]', document, null, XPathResult.FIRST_ORDERED_NODE_TYPE, null).singleNodeValue.click();</arg>
<doc>Executes the given JavaScript code with possible arguments.</doc>
<status status="NOT RUN" starttime="20231009 13:44:18.902" endtime="20231009 13:44:18.902"/>
</kw>
<kw name="Sleep" library="BuiltIn">
<arg>5s</arg>
<doc>Pauses the test executed for the given time.</doc>
<status status="NOT RUN" starttime="20231009 13:44:18.902" endtime="20231009 13:44:18.902"/>
</kw>
<kw name="Switch Window" library="SeleniumLibrary">
<arg>NEW</arg>
<doc>Switches to browser window matching ``locator``.</doc>
<status status="NOT RUN" starttime="20231009 13:44:18.903" endtime="20231009 13:44:18.903"/>
</kw>
<kw name="Wait Until Element Is Not Visible" library="SeleniumLibrary">
<arg>//*[text()="Please wait"]</arg>
<doc>Waits until the element ``locator`` is not visible.</doc>
<status status="NOT RUN" starttime="20231009 13:44:18.903" endtime="20231009 13:44:18.903"/>
</kw>
<kw name="Wait Until Element Is Visible" library="SeleniumLibrary">
<arg>locator=(//*[@class="MuiSvgIcon-root"])[1]</arg>
<doc>Waits until the element ``locator`` is visible.</doc>
<status status="NOT RUN" starttime="20231009 13:44:18.903" endtime="20231009 13:44:18.904"/>
</kw>
<kw name="Click Element" library="SeleniumLibrary">
<arg>locator=(//*[@class="MuiSvgIcon-root"])[1]</arg>
<doc>Click the element identified by ``locator``.</doc>
<status status="NOT RUN" starttime="20231009 13:44:18.904" endtime="20231009 13:44:18.904"/>
</kw>
<kw name="Wait Until Element Is Visible" library="SeleniumLibrary">
<arg>locator=(//*[text()="Upload"])[1]</arg>
<doc>Waits until the element ``locator`` is visible.</doc>
<status status="NOT RUN" starttime="20231009 13:44:18.904" endtime="20231009 13:44:18.904"/>
</kw>
<kw name="Click Element" library="SeleniumLibrary">
<arg>locator=(//*[text()="Upload"])[1]</arg>
<doc>Click the element identified by ``locator``.</doc>
<status status="NOT RUN" starttime="20231009 13:44:18.905" endtime="20231009 13:44:18.905"/>
</kw>
<kw name="Wait Until Element Is Visible" library="SeleniumLibrary">
<arg>locator=//*[text()="Add photo"]</arg>
<doc>Waits until the element ``locator`` is visible.</doc>
<status status="NOT RUN" starttime="20231009 13:44:18.905" endtime="20231009 13:44:18.905"/>
</kw>
<kw name="Choose File" library="SeleniumLibrary">
<arg>id=selectImage</arg>
<arg>file_path=D:\\test.jpg</arg>
<doc>Inputs the ``file_path`` into the file input field ``locator``.</doc>
<status status="NOT RUN" starttime="20231009 13:44:18.905" endtime="20231009 13:44:18.905"/>
</kw>
<kw name="Execute Javascript" library="SeleniumLibrary">
<arg>window.scrollTo(0, document.body.scrollHeight);</arg>
<doc>Executes the given JavaScript code with possible arguments.</doc>
<status status="NOT RUN" starttime="20231009 13:44:18.905" endtime="20231009 13:44:18.905"/>
</kw>
<kw name="Wait Until Element Is Visible" library="SeleniumLibrary">
<arg>locator=//*[text()="Done"]</arg>
<doc>Waits until the element ``locator`` is visible.</doc>
<status status="NOT RUN" starttime="20231009 13:44:18.907" endtime="20231009 13:44:18.907"/>
</kw>
<kw name="Click Element" library="SeleniumLibrary">
<arg>locator=//*[text()="Done"]</arg>
<doc>Click the element identified by ``locator``.</doc>
<status status="NOT RUN" starttime="20231009 13:44:18.907" endtime="20231009 13:44:18.907"/>
</kw>
<kw name="Execute Javascript" library="SeleniumLibrary">
<arg>window.scrollTo(0, document.body.scrollHeight);</arg>
<doc>Executes the given JavaScript code with possible arguments.</doc>
<status status="NOT RUN" starttime="20231009 13:44:18.907" endtime="20231009 13:44:18.907"/>
</kw>
<kw name="Wait Until Element Is Visible" library="SeleniumLibrary">
<arg>locator=//*[text()="Submit document"]</arg>
<doc>Waits until the element ``locator`` is visible.</doc>
<status status="NOT RUN" starttime="20231009 13:44:18.908" endtime="20231009 13:44:18.908"/>
</kw>
<kw name="Click Element" library="SeleniumLibrary">
<arg>locator=//*[text()="Submit document"]</arg>
<doc>Click the element identified by ``locator``.</doc>
<status status="NOT RUN" starttime="20231009 13:44:18.908" endtime="20231009 13:44:18.908"/>
</kw>
<kw name="Sleep" library="BuiltIn">
<arg>3s</arg>
<doc>Pauses the test executed for the given time.</doc>
<status status="NOT RUN" starttime="20231009 13:44:18.909" endtime="20231009 13:44:18.909"/>
</kw>
<kw name="Wait Until Element Is Visible" library="SeleniumLibrary">
<arg>locator=//*[text()="Confirm"]</arg>
<doc>Waits until the element ``locator`` is visible.</doc>
<status status="NOT RUN" starttime="20231009 13:44:18.910" endtime="20231009 13:44:18.910"/>
</kw>
<kw name="Sleep" library="BuiltIn">
<arg>3s</arg>
<doc>Pauses the test executed for the given time.</doc>
<status status="NOT RUN" starttime="20231009 13:44:18.923" endtime="20231009 13:44:18.923"/>
</kw>
<kw name="Click Element" library="SeleniumLibrary">
<arg>locator=//*[text()="Confirm"]</arg>
<doc>Click the element identified by ``locator``.</doc>
<status status="NOT RUN" starttime="20231009 13:44:18.924" endtime="20231009 13:44:18.924"/>
</kw>
<kw name="Wait Until Element Is Not Visible" library="SeleniumLibrary">
<arg>locator=//*[text()="Please wait"]</arg>
<doc>Waits until the element ``locator`` is not visible.</doc>
<status status="NOT RUN" starttime="20231009 13:44:18.925" endtime="20231009 13:44:18.925"/>
</kw>
<kw name="Switch Window" library="SeleniumLibrary">
<arg>MAIN</arg>
<doc>Switches to browser window matching ``locator``.</doc>
<status status="NOT RUN" starttime="20231009 13:44:18.925" endtime="20231009 13:44:18.925"/>
</kw>
<for flavor="IN RANGE">
<var>${i}</var>
<value>20</value>
<iter>
<var name="${i}"/>
<kw name="Click Element" library="SeleniumLibrary">
<arg>//button[@title='Actions for ${Get_Ref} | Loan Application']</arg>
<doc>Click the element identified by ``locator``.</doc>
<status status="NOT RUN" starttime="20231009 13:44:18.926" endtime="20231009 13:44:18.926"/>
</kw>
<kw name="Wait Until Element Is Visible" library="SeleniumLibrary">
<arg>${REFRESH_XPATH}</arg>
<doc>Waits until the element ``locator`` is visible.</doc>
<status status="NOT RUN" starttime="20231009 13:44:18.926" endtime="20231009 13:44:18.926"/>
</kw>
<kw name="Click Element" library="SeleniumLibrary">
<arg>${REFRESH_XPATH}</arg>
<doc>Click the element identified by ``locator``.</doc>
<status status="NOT RUN" starttime="20231009 13:44:18.926" endtime="20231009 13:44:18.926"/>
</kw>
<kw name="Run Keyword And Return Status" library="BuiltIn">
<var>${isFound}</var>
<arg>Element Should Be Visible</arg>
<arg>${Check status Pending-DataMaker}</arg>
<doc>Runs the given keyword with given arguments and returns the status as a Boolean value.</doc>
<status status="NOT RUN" starttime="20231009 13:44:18.927" endtime="20231009 13:44:18.927"/>
</kw>
<kw name="Exit For Loop If" library="BuiltIn">
<arg>${isFound}</arg>
<doc>Stops executing the enclosing FOR loop if the ``condition`` is true.</doc>
<status status="NOT RUN" starttime="20231009 13:44:18.927" endtime="20231009 13:44:18.927"/>
</kw>
<kw name="Sleep" library="BuiltIn">
<arg>5s</arg>
<doc>Pauses the test executed for the given time.</doc>
<status status="NOT RUN" starttime="20231009 13:44:18.927" endtime="20231009 13:44:18.927"/>
</kw>
<status status="NOT RUN" starttime="20231009 13:44:18.926" endtime="20231009 13:44:18.927"/>
</iter>
<status status="NOT RUN" starttime="20231009 13:44:18.926" endtime="20231009 13:44:18.927"/>
</for>
<kw name="Close Browser" library="SeleniumLibrary">
<doc>Closes the current browser.</doc>
<status status="NOT RUN" starttime="20231009 13:44:18.928" endtime="20231009 13:44:18.928"/>
</kw>
<kw name=" Open and login" library="Keyword">
<arg>Username=${Username_uat}</arg>
<arg>Password=${Password_uat}</arg>
<status status="NOT RUN" starttime="20231009 13:44:18.929" endtime="20231009 13:44:18.929"/>
</kw>
<kw name="Wait Until Element Is Visible" library="SeleniumLibrary">
<arg>//*[@aria-label="Search"]</arg>
<doc>Waits until the element ``locator`` is visible.</doc>
<status status="NOT RUN" starttime="20231009 13:44:18.929" endtime="20231009 13:44:18.929"/>
</kw>
<kw name="Sleep" library="BuiltIn">
<arg>6s</arg>
<doc>Pauses the test executed for the given time.</doc>
<status status="NOT RUN" starttime="20231009 13:44:18.930" endtime="20231009 13:44:18.930"/>
</kw>
<kw name="Click Element" library="SeleniumLibrary">
<arg>//*[@aria-label="Search"]</arg>
<doc>Click the element identified by ``locator``.</doc>
<status status="NOT RUN" starttime="20231009 13:44:18.930" endtime="20231009 13:44:18.930"/>
</kw>
<kw name="Wait Until Element Is Visible" library="SeleniumLibrary">
<arg>//*[@type="search" and @placeholder="Search..."]</arg>
<doc>Waits until the element ``locator`` is visible.</doc>
<status status="NOT RUN" starttime="20231009 13:44:18.930" endtime="20231009 13:44:18.931"/>
</kw>
<kw name="Input Text" library="SeleniumLibrary">
<arg>//*[@type="search" and @placeholder="Search..."]</arg>
<arg>${Get_Ref}</arg>
<doc>Types the given ``text`` into the text field identified by ``locator``.</doc>
<status status="NOT RUN" starttime="20231009 13:44:18.931" endtime="20231009 13:44:18.931"/>
</kw>
<kw name="Wait Until Element Is Visible" library="SeleniumLibrary">
<arg>//span/mark[contains(text(), '${Get_Ref}')]</arg>
<doc>Waits until the element ``locator`` is visible.</doc>
<status status="NOT RUN" starttime="20231009 13:44:18.932" endtime="20231009 13:44:18.932"/>
</kw>
<kw name="Click Element" library="SeleniumLibrary">
<arg>//span/mark[contains(text(), '${Get_Ref}')]</arg>
<doc>Click the element identified by ``locator``.</doc>
<status status="NOT RUN" starttime="20231009 13:44:18.932" endtime="20231009 13:44:18.932"/>
</kw>
<kw name="Sleep" library="BuiltIn">
<arg>4s</arg>
<doc>Pauses the test executed for the given time.</doc>
<status status="NOT RUN" starttime="20231009 13:44:18.934" endtime="20231009 13:44:18.934"/>
</kw>
<kw name="Execute Javascript" library="SeleniumLibrary">
<arg>document.evaluate("${NEXT_BUTTON}", document, null, XPathResult.FIRST_ORDERED_NODE_TYPE, null).singleNodeValue.click()</arg>
<doc>Executes the given JavaScript code with possible arguments.</doc>
<status status="NOT RUN" starttime="20231009 13:44:18.934" endtime="20231009 13:44:18.934"/>
</kw>
<kw name="Select Frame" library="SeleniumLibrary">
<arg>css=iframe.insext-popup</arg>
<doc>Sets frame identified by ``locator`` as the current frame.</doc>
<status status="NOT RUN" starttime="20231009 13:44:18.935" endtime="20231009 13:44:18.935"/>
</kw>
<kw name="Wait Until Element Is Visible" library="SeleniumLibrary">
<arg>//li[@data-aspect='users']</arg>
<doc>Waits until the element ``locator`` is visible.</doc>
<status status="NOT RUN" starttime="20231009 13:44:18.935" endtime="20231009 13:44:18.935"/>
</kw>
<kw name="Click Element" library="SeleniumLibrary">
<arg>//li[@data-aspect='users']</arg>
<doc>Click the element identified by ``locator``.</doc>
<status status="NOT RUN" starttime="20231009 13:44:18.935" endtime="20231009 13:44:18.935"/>
</kw>
<kw name="Click Element" library="SeleniumLibrary">
<arg>//*[@class="all-data-input"]</arg>
<doc>Click the element identified by ``locator``.</doc>
<status status="NOT RUN" starttime="20231009 13:44:18.936" endtime="20231009 13:44:18.936"/>
</kw>
<kw name="Input Text" library="SeleniumLibrary">
<arg>//*[@class="all-data-input"]</arg>
<arg>Data Entry Maker AuthLevel30</arg>
<doc>Types the given ``text`` into the text field identified by ``locator``.</doc>
<status status="NOT RUN" starttime="20231009 13:44:18.936" endtime="20231009 13:44:18.936"/>
</kw>
<kw name="Wait Until Element Is Visible" library="SeleniumLibrary">
<arg>locator=//mark[contains(text(), 'Data Entry Maker AuthLevel30')]</arg>
<doc>Waits until the element ``locator`` is visible.</doc>
<status status="NOT RUN" starttime="20231009 13:44:18.936" endtime="20231009 13:44:18.936"/>
</kw>
<kw name="Click Element" library="SeleniumLibrary">
<arg>locator=//mark[contains(text(), 'Data Entry Maker AuthLevel30')]</arg>
<doc>Click the element identified by ``locator``.</doc>
<status status="NOT RUN" starttime="20231009 13:44:18.936" endtime="20231009 13:44:18.936"/>
</kw>
<kw name="Wait Until Element Is Visible" library="SeleniumLibrary">
<arg>locator=//*[@class="button button-secondary" and text()="Try login as"]</arg>
<doc>Waits until the element ``locator`` is visible.</doc>
<status status="NOT RUN" starttime="20231009 13:44:18.936" endtime="20231009 13:44:18.936"/>
</kw>
<kw name="Click Element" library="SeleniumLibrary">
<arg>locator=//*[@class="button button-secondary" and text()="Try login as"]</arg>
<doc>Click the element identified by ``locator``.</doc>
<status status="NOT RUN" starttime="20231009 13:44:18.937" endtime="20231009 13:44:18.937"/>
</kw>
<kw name="Execute Javascript" library="SeleniumLibrary">
<var>${element1}</var>
<arg>return document.evaluate('//*[@type="button" and @title="Show Navigation Menu"]', document, null, XPathResult.FIRST_ORDERED_NODE_TYPE, null).singleNodeValue;</arg>
<doc>Executes the given JavaScript code with possible arguments.</doc>
<status status="NOT RUN" starttime="20231009 13:44:18.937" endtime="20231009 13:44:18.937"/>
</kw>
<kw name="Should Not Be Equal" library="BuiltIn">
<arg>${element1}</arg>
<arg>None</arg>
<arg>msg=Element not found.</arg>
<doc>Fails if the given objects are equal.</doc>
<status status="NOT RUN" starttime="20231009 13:44:18.937" endtime="20231009 13:44:18.937"/>
</kw>
<kw name="Run Keyword And Return Status" library="BuiltIn">
<var>${EN}</var>
<arg>Wait Until Element Is Visible</arg>
<arg>//*[@type="button" and @title="Show Navigation Menu"]</arg>
<arg>5s</arg>
<doc>Runs the given keyword with given arguments and returns the status as a Boolean value.</doc>
<status status="NOT RUN" starttime="20231009 13:44:18.937" endtime="20231009 13:44:18.937"/>
</kw>
<kw name="Run Keyword And Return Status" library="BuiltIn">
<var>${TH}</var>
<arg>Wait Until Element Is Visible</arg>
<arg>//*[@type="button" and @title="แสดงเมนูการนำทาง"]</arg>
<arg>5s</arg>
<doc>Runs the given keyword with given arguments and returns the status as a Boolean value.</doc>
<status status="NOT RUN" starttime="20231009 13:44:18.937" endtime="20231009 13:44:18.937"/>
</kw>
<kw name="Wait Until Keyword Succeeds" library="BuiltIn">
<arg>3x</arg>
<arg>10s</arg>
<arg>Log</arg>
<arg>Waiting for elements...</arg>
<doc>Runs the specified keyword and retries if it fails.</doc>
<status status="NOT RUN" starttime="20231009 13:44:18.938" endtime="20231009 13:44:18.938"/>
</kw>
<kw name="Run Keyword If" library="BuiltIn">
<arg>${TH}</arg>
<arg>Run Keywords</arg>
<arg>Check For Elements language</arg>
<arg>AND</arg>
<arg>Wait Until Element Is Visible</arg>
<arg>(//span[@class='title slds-truncate' and text()='${Get_Ref} | Loan Application'])[1]</arg>
<arg>AND</arg>
<arg>Click Element</arg>
<arg>(//span[@class='title slds-truncate' and text()='${Get_Ref} | Loan Application'])[1]</arg>
<arg>AND</arg>
<arg>Sleep</arg>
<arg>4s</arg>
<doc>Runs the given keyword with the given arguments, if ``condition`` is true.</doc>
<status status="NOT RUN" starttime="20231009 13:44:18.939" endtime="20231009 13:44:18.939"/>
</kw>
<kw name="Wait Until Element Is Visible" library="SeleniumLibrary">
<arg>locator=//*[@class="slds-button__icon slds-button__icon_hint"]</arg>
<doc>Waits until the element ``locator`` is visible.</doc>
<status status="NOT RUN" starttime="20231009 13:44:18.940" endtime="20231009 13:44:18.940"/>
</kw>
<kw name="Click Element" library="SeleniumLibrary">
<arg>locator=//*[@class="slds-button__icon slds-button__icon_hint"]</arg>
<doc>Click the element identified by ``locator``.</doc>
<status status="NOT RUN" starttime="20231009 13:44:18.942" endtime="20231009 13:44:18.942"/>
</kw>
<kw name="Wait Until Element Is Visible" library="SeleniumLibrary">
<arg>locator=//*[@class="primaryLabel slds-truncate slds-lookup__result-text" and text()="Data Entry Maker AuthLevel30"]</arg>
<doc>Waits until the element ``locator`` is visible.</doc>
<status status="NOT RUN" starttime="20231009 13:44:18.942" endtime="20231009 13:44:18.942"/>
</kw>
<kw name="Click Element" library="SeleniumLibrary">
<arg>locator=//*[@class="primaryLabel slds-truncate slds-lookup__result-text" and text()="Data Entry Maker AuthLevel30"]</arg>
<doc>Click the element identified by ``locator``.</doc>
<status status="NOT RUN" starttime="20231009 13:44:18.943" endtime="20231009 13:44:18.943"/>
</kw>
<kw name="Wait Until Element Is Visible" library="SeleniumLibrary">
<arg>locator=//*[@value="change owner"]</arg>
<doc>Waits until the element ``locator`` is visible.</doc>
<status status="NOT RUN" starttime="20231009 13:44:18.943" endtime="20231009 13:44:18.943"/>
</kw>
<kw name="Click Element" library="SeleniumLibrary">
<arg>locator=//*[@value="change owner"]</arg>
<doc>Click the element identified by ``locator``.</doc>
<status status="NOT RUN" starttime="20231009 13:44:18.943" endtime="20231009 13:44:18.943"/>
</kw>
<kw name="Wait Until Element Is Not Visible" library="SeleniumLibrary">
<arg>locator=//*[@value="change owner"]</arg>
<doc>Waits until the element ``locator`` is not visible.</doc>
<status status="NOT RUN" starttime="20231009 13:44:18.944" endtime="20231009 13:44:18.944"/>
</kw>
<kw name="Wait Until Element Is Visible" library="SeleniumLibrary">
<arg>locator=//*[@title="Fill in application"]</arg>
<doc>Waits until the element ``locator`` is visible.</doc>
<status status="NOT RUN" starttime="20231009 13:44:18.944" endtime="20231009 13:44:18.944"/>
</kw>
<kw name="Sleep" library="BuiltIn">
<arg>7s</arg>
<doc>Pauses the test executed for the given time.</doc>
<status status="NOT RUN" starttime="20231009 13:44:18.944" endtime="20231009 13:44:18.944"/>
</kw>
<kw name="Execute Javascript" library="SeleniumLibrary">
<arg>document.evaluate('//*[@title="Fill in application"]', document, null, XPathResult.FIRST_ORDERED_NODE_TYPE, null).singleNodeValue.click();</arg>
<doc>Executes the given JavaScript code with possible arguments.</doc>
<status status="NOT RUN" starttime="20231009 13:44:18.944" endtime="20231009 13:44:18.944"/>
</kw>
<kw name="Sleep" library="BuiltIn">
<arg>5s</arg>
<doc>Pauses the test executed for the given time.</doc>
<status status="NOT RUN" starttime="20231009 13:44:18.945" endtime="20231009 13:44:18.945"/>
</kw>
<kw name="Switch Window" library="SeleniumLibrary">
<arg>NEW</arg>
<doc>Switches to browser window matching ``locator``.</doc>
<status status="NOT RUN" starttime="20231009 13:44:18.945" endtime="20231009 13:44:18.945"/>
</kw>
<kw name="Wait Until Element Is Not Visible" library="SeleniumLibrary">
<arg>locator=//*[text()="Please wait"]</arg>
<doc>Waits until the element ``locator`` is not visible.</doc>
<status status="NOT RUN" starttime="20231009 13:44:18.945" endtime="20231009 13:44:18.945"/>
</kw>
<kw name="Wait Until Element Is Visible" library="SeleniumLibrary">
<arg>locator=//*[@placeholder="Select title"]</arg>
<doc>Waits until the element ``locator`` is visible.</doc>
<status status="NOT RUN" starttime="20231009 13:44:18.945" endtime="20231009 13:44:18.945"/>
</kw>
<kw name="Wait Until Element Is Not Visible" library="SeleniumLibrary">
<arg>locator=//*[text()="Please wait"]</arg>
<doc>Waits until the element ``locator`` is not visible.</doc>
<status status="NOT RUN" starttime="20231009 13:44:18.945" endtime="20231009 13:44:18.946"/>
</kw>
<kw name="Random Title and Gender" library="Keyword">
<status status="NOT RUN" starttime="20231009 13:44:18.946" endtime="20231009 13:44:18.946"/>
</kw>
<kw name="Execute Javascript" library="SeleniumLibrary">
<arg>window.scrollBy(0, window.innerHeight * 0.5);</arg>
<doc>Executes the given JavaScript code with possible arguments.</doc>
<status status="NOT RUN" starttime="20231009 13:44:18.946" endtime="20231009 13:44:18.946"/>
</kw>
<kw name="Press Keys" library="SeleniumLibrary">
<arg>//*[@name="firstNameEn"]</arg>
<arg>CTRL+a+DELETE</arg>
<doc>Simulates the user pressing key(s) to an element or on the active browser.</doc>
<status status="NOT RUN" starttime="20231009 13:44:18.947" endtime="20231009 13:44:18.947"/>
</kw>
<kw name="Input Text" library="SeleniumLibrary">
<arg>//*[@name="firstNameEn"]</arg>
<arg>${englishFirstName}</arg>
<doc>Types the given ``text`` into the text field identified by ``locator``.</doc>
<status status="NOT RUN" starttime="20231009 13:44:18.948" endtime="20231009 13:44:18.948"/>
</kw>
<kw name="Press Keys" library="SeleniumLibrary">
<arg>//*[@name="lastNameEn"]</arg>
<arg>CTRL+a+DELETE</arg>
<doc>Simulates the user pressing key(s) to an element or on the active browser.</doc>
<status status="NOT RUN" starttime="20231009 13:44:18.948" endtime="20231009 13:44:18.948"/>
</kw>
<kw name="Input Text" library="SeleniumLibrary">
<arg>//*[@name="lastNameEn"]</arg>
<arg>${englishLastName}</arg>
<doc>Types the given ``text`` into the text field identified by ``locator``.</doc>
<status status="NOT RUN" starttime="20231009 13:44:18.949" endtime="20231009 13:44:18.949"/>
</kw>
<kw name="Click Element" library="SeleniumLibrary">
<arg>locator=//*[@placeholder="Select education level"]</arg>
<doc>Click the element identified by ``locator``.</doc>
<status status="NOT RUN" starttime="20231009 13:44:18.949" endtime="20231009 13:44:18.949"/>
</kw>
<kw name="Input Text" library="SeleniumLibrary">
<arg>locator=(//*[@placeholder="Select education level"])[2]</arg>
<arg>text=BACHELOR'S DEGREE</arg>
<doc>Types the given ``text`` into the text field identified by ``locator``.</doc>
<status status="NOT RUN" starttime="20231009 13:44:18.950" endtime="20231009 13:44:18.950"/>
</kw>
<kw name="Click Element" library="SeleniumLibrary">
<arg>locator=//*[text()="BACHELOR'S DEGREE"]</arg>
<doc>Click the element identified by ``locator``.</doc>
<status status="NOT RUN" starttime="20231009 13:44:18.950" endtime="20231009 13:44:18.950"/>
</kw>
<kw name="Click Element" library="SeleniumLibrary">
<arg>locator=//*[@placeholder="Select marital status"]</arg>
<doc>Click the element identified by ``locator``.</doc>
<status status="NOT RUN" starttime="20231009 13:44:18.951" endtime="20231009 13:44:18.951"/>
</kw>
<kw name="Input Text" library="SeleniumLibrary">
<arg>locator=(//*[@placeholder="Select marital status"])[2]</arg>
<arg>text=SINGLE</arg>
<doc>Types the given ``text`` into the text field identified by ``locator``.</doc>
<status status="NOT RUN" starttime="20231009 13:44:18.951" endtime="20231009 13:44:18.951"/>
</kw>
<kw name="Click Element" library="SeleniumLibrary">
<arg>locator=//*[text()="SINGLE"]</arg>
<doc>Click the element identified by ``locator``.</doc>
<status status="NOT RUN" starttime="20231009 13:44:18.952" endtime="20231009 13:44:18.952"/>
</kw>
<kw name="Press Keys" library="SeleniumLibrary">
<arg>//input[@name="emailAddressForStatement"]</arg>
<arg>CTRL+a+DELETE</arg>
<doc>Simulates the user pressing key(s) to an element or on the active browser.</doc>
<status status="NOT RUN" starttime="20231009 13:44:18.952" endtime="20231009 13:44:18.952"/>
</kw>
<kw name="Input Text" library="SeleniumLibrary">
<arg>locator=//*[@inputmode="email"]</arg>
<arg>text=Testdata01_spc0363@gmail.com</arg>
<doc>Types the given ``text`` into the text field identified by ``locator``.</doc>
<status status="NOT RUN" starttime="20231009 13:44:18.952" endtime="20231009 13:44:18.952"/>
</kw>
<kw name="Click Element" library="SeleniumLibrary">
<arg>locator=//*[@placeholder="Input address"]</arg>
<doc>Click the element identified by ``locator``.</doc>
<status status="NOT RUN" starttime="20231009 13:44:18.952" endtime="20231009 13:44:18.953"/>
</kw>
<kw name="Wait Until Element Is Visible" library="SeleniumLibrary">
<arg>locator=//*[text()="Building address"]</arg>
<doc>Waits until the element ``locator`` is visible.</doc>
<status status="NOT RUN" starttime="20231009 13:44:18.953" endtime="20231009 13:44:18.953"/>
</kw>
<kw name="Click Element" library="SeleniumLibrary">
<arg>locator=//*[text()="Building address"]</arg>
<doc>Click the element identified by ``locator``.</doc>
<status status="NOT RUN" starttime="20231009 13:44:18.953" endtime="20231009 13:44:18.953"/>
</kw>
<kw name="Generate Random House Number" library="Keyword">
<var>${random_number}</var>
<status status="NOT RUN" starttime="20231009 13:44:18.954" endtime="20231009 13:44:18.954"/>
</kw>
<kw name="Generate Random House Number 2" library="Keyword">
<var>${random_number2}</var>
<status status="NOT RUN" starttime="20231009 13:44:18.954" endtime="20231009 13:44:18.954"/>
</kw>
<kw name="Input Text" library="SeleniumLibrary">
<arg>//*[@id="addressNumber"]</arg>
<arg>${random_number}/${random_number2}</arg>
<doc>Types the given ``text`` into the text field identified by ``locator``.</doc>
<status status="NOT RUN" starttime="20231009 13:44:18.954" endtime="20231009 13:44:18.954"/>
</kw>
<kw name="Random Building Name" library="Keyword">
<var>${building}</var>
<status status="NOT RUN" starttime="20231009 13:44:18.954" endtime="20231009 13:44:18.954"/>
</kw>
<kw name="Log" library="BuiltIn">
<arg>${building}</arg>
<doc>Logs the given message with the given level.</doc>
<status status="NOT RUN" starttime="20231009 13:44:18.954" endtime="20231009 13:44:18.954"/>
</kw>
<kw name="Input Text" library="SeleniumLibrary">
<arg>locator=//*[@id="building"]</arg>
<arg>text=${building}</arg>
<doc>Types the given ``text`` into the text field identified by ``locator``.</doc>
<status status="NOT RUN" starttime="20231009 13:44:18.955" endtime="20231009 13:44:18.955"/>
</kw>
<kw name="Generate Random String" library="String">
<var>${random_moo}</var>
<arg>1</arg>
<arg>123456789</arg>
<doc>Generates a string with a desired ``length`` from the given ``chars``.</doc>
<status status="NOT RUN" starttime="20231009 13:44:18.955" endtime="20231009 13:44:18.955"/>
</kw>
<kw name="Log" library="BuiltIn">
<arg>${random_moo}</arg>
<doc>Logs the given message with the given level.</doc>
<status status="NOT RUN" starttime="20231009 13:44:18.957" endtime="20231009 13:44:18.957"/>
</kw>
<kw name="Input Text" library="SeleniumLibrary">
<arg>locator=//*[@id="moo"]</arg>
<arg>text=${random_moo}</arg>
<doc>Types the given ``text`` into the text field identified by ``locator``.</doc>
<status status="NOT RUN" starttime="20231009 13:44:18.957" endtime="20231009 13:44:18.958"/>
</kw>
<kw name="Click Element" library="SeleniumLibrary">
<arg>locator=//*[@placeholder="Input address information."]</arg>
<doc>Click the element identified by ``locator``.</doc>
<status status="NOT RUN" starttime="20231009 13:44:18.958" endtime="20231009 13:44:18.958"/>
</kw>
<kw name="Wait Until Element Is Visible" library="SeleniumLibrary">
<arg>locator=//*[text()="BANGKOK"]</arg>
<doc>Waits until the element ``locator`` is visible.</doc>
<status status="NOT RUN" starttime="20231009 13:44:18.959" endtime="20231009 13:44:18.959"/>
</kw>
<kw name="Click Element" library="SeleniumLibrary">
<arg>locator=//*[text()="BANGKOK"]</arg>
<doc>Click the element identified by ``locator``.</doc>
<status status="NOT RUN" starttime="20231009 13:44:18.960" endtime="20231009 13:44:18.960"/>
</kw>
<kw name="Input Text" library="SeleniumLibrary">
<arg>locator=//*[@placeholder="Search"]</arg>
<arg>text=DUSIT</arg>
<doc>Types the given ``text`` into the text field identified by ``locator``.</doc>
<status status="NOT RUN" starttime="20231009 13:44:18.960" endtime="20231009 13:44:18.960"/>
</kw>
<kw name="Wait Until Element Is Visible" library="SeleniumLibrary">
<arg>locator=//*[text()="DUSIT"]</arg>
<doc>Waits until the element ``locator`` is visible.</doc>
<status status="NOT RUN" starttime="20231009 13:44:18.961" endtime="20231009 13:44:18.962"/>
</kw>
<kw name="Click Element" library="SeleniumLibrary">
<arg>locator=//*[text()="DUSIT"]</arg>
<doc>Click the element identified by ``locator``.</doc>
<status status="NOT RUN" starttime="20231009 13:44:18.962" endtime="20231009 13:44:18.962"/>
</kw>
<kw name="Wait Until Element Is Visible" library="SeleniumLibrary">
<arg>locator=//*[text()="DUSIT"]</arg>
<doc>Waits until the element ``locator`` is visible.</doc>
<status status="NOT RUN" starttime="20231009 13:44:18.962" endtime="20231009 13:44:18.963"/>
</kw>
<kw name="Click Element" library="SeleniumLibrary">
<arg>locator=//*[text()="DUSIT"]</arg>
<doc>Click the element identified by ``locator``.</doc>
<status status="NOT RUN" starttime="20231009 13:44:18.963" endtime="20231009 13:44:18.963"/>
</kw>
<kw name="Wait Until Element Is Visible" library="SeleniumLibrary">
<arg>locator=//*[text()="10300"]</arg>
<doc>Waits until the element ``locator`` is visible.</doc>
<status status="NOT RUN" starttime="20231009 13:44:18.963" endtime="20231009 13:44:18.963"/>
</kw>
<kw name="Click Element" library="SeleniumLibrary">
<arg>locator=//*[text()="10300"]</arg>
<doc>Click the element identified by ``locator``.</doc>
<status status="NOT RUN" starttime="20231009 13:44:18.963" endtime="20231009 13:44:18.963"/>
</kw>
<kw name="Click Element" library="SeleniumLibrary">
<arg>locator=(//*[@class="MuiButton-label"])[2]</arg>
<doc>Click the element identified by ``locator``.</doc>
<status status="NOT RUN" starttime="20231009 13:44:18.964" endtime="20231009 13:44:18.964"/>
</kw>
<kw name="Execute Javascript" library="SeleniumLibrary">
<arg>window.scrollBy(0, window.innerHeight * 0.8);</arg>
<doc>Executes the given JavaScript code with possible arguments.</doc>
<status status="NOT RUN" starttime="20231009 13:44:18.964" endtime="20231009 13:44:18.964"/>
</kw>
<kw name="Click Element" library="SeleniumLibrary">
<arg>locator=(//*[@type="checkbox"])[1]</arg>
<doc>Click the element identified by ``locator``.</doc>
<status status="NOT RUN" starttime="20231009 13:44:18.964" endtime="20231009 13:44:18.964"/>
</kw>
<kw name="Click Element" library="SeleniumLibrary">
<arg>locator=//*[text()="Use address in the national ID card"]</arg>
<doc>Click the element identified by ``locator``.</doc>
<status status="NOT RUN" starttime="20231009 13:44:18.964" endtime="20231009 13:44:18.964"/>
</kw>
<kw name="Sleep" library="BuiltIn">
<arg>3s</arg>
<doc>Pauses the test executed for the given time.</doc>
<status status="NOT RUN" starttime="20231009 13:44:18.965" endtime="20231009 13:44:18.965"/>
</kw>
<kw name="Click Element" library="SeleniumLibrary">
<arg>locator=//*[text()="Next"]</arg>
<doc>Click the element identified by ``locator``.</doc>
<status status="NOT RUN" starttime="20231009 13:44:18.965" endtime="20231009 13:44:18.965"/>
</kw>
<kw name="Wait Until Element Is Not Visible" library="SeleniumLibrary">
<arg>locator=//*[text()="Please wait"]</arg>
<doc>Waits until the element ``locator`` is not visible.</doc>
<status status="NOT RUN" starttime="20231009 13:44:18.965" endtime="20231009 13:44:18.965"/>
</kw>
<kw name="Wait Until Element Is Not Visible" library="SeleniumLibrary">
<arg>locator=//*[text()="Please wait"]</arg>
<doc>Waits until the element ``locator`` is not visible.</doc>
<status status="NOT RUN" starttime="20231009 13:44:18.965" endtime="20231009 13:44:18.965"/>
</kw>
<kw name="Wait Until Element Is Visible" library="SeleniumLibrary">
<arg>locator=//*[text()="Salaried employee"]</arg>
<doc>Waits until the element ``locator`` is visible.</doc>
<status status="NOT RUN" starttime="20231009 13:44:18.965" endtime="20231009 13:44:18.965"/>
</kw>
<kw name="Wait Until Element Is Enabled" library="SeleniumLibrary">
<arg>locator=//*[text()="Salaried employee"]</arg>
<doc>Waits until the element ``locator`` is enabled.</doc>
<status status="NOT RUN" starttime="20231009 13:44:18.965" endtime="20231009 13:44:18.966"/>
</kw>
<kw name="Sleep" library="BuiltIn">
<arg>4s</arg>
<doc>Pauses the test executed for the given time.</doc>
<status status="NOT RUN" starttime="20231009 13:44:18.966" endtime="20231009 13:44:18.966"/>
</kw>
<kw name="Click Element" library="SeleniumLibrary">
<arg>locator=//*[text()="Salaried employee"]</arg>
<doc>Click the element identified by ``locator``.</doc>
<status status="NOT RUN" starttime="20231009 13:44:18.966" endtime="20231009 13:44:18.966"/>
</kw>
<kw name="Execute Javascript" library="SeleniumLibrary">
<arg>window.scrollBy(0, window.innerHeight * 0.5);</arg>
<doc>Executes the given JavaScript code with possible arguments.</doc>
<status status="NOT RUN" starttime="20231009 13:44:18.967" endtime="20231009 13:44:18.967"/>
</kw>
<kw name="Click Element" library="SeleniumLibrary">
<arg>locator=//*[@placeholder="Select occupation"]</arg>
<doc>Click the element identified by ``locator``.</doc>
<status status="NOT RUN" starttime="20231009 13:44:18.967" endtime="20231009 13:44:18.967"/>
</kw>
<kw name="Input Text" library="SeleniumLibrary">
<arg>locator=//*[@placeholder="Search"]</arg>
<arg>text=Doctor</arg>
<doc>Types the given ``text`` into the text field identified by ``locator``.</doc>
<status status="NOT RUN" starttime="20231009 13:44:18.968" endtime="20231009 13:44:18.968"/>
</kw>
<kw name="Wait Until Element Is Visible" library="SeleniumLibrary">
<arg>locator=//*[text()="Doctor"]</arg>
<doc>Waits until the element ``locator`` is visible.</doc>
<status status="NOT RUN" starttime="20231009 13:44:18.968" endtime="20231009 13:44:18.968"/>
</kw>
<kw name="Click Element" library="SeleniumLibrary">
<arg>locator=//*[text()="Doctor"]</arg>
<doc>Click the element identified by ``locator``.</doc>
<status status="NOT RUN" starttime="20231009 13:44:18.969" endtime="20231009 13:44:18.969"/>
</kw>
<kw name="Press Keys" library="SeleniumLibrary">
<arg>//*[@placeholder="Input company name"]</arg>
<arg>CTRL+a+DELETE</arg>
<doc>Simulates the user pressing key(s) to an element or on the active browser.</doc>
<status status="NOT RUN" starttime="20231009 13:44:18.969" endtime="20231009 13:44:18.969"/>
</kw>
<kw name="Input Text" library="SeleniumLibrary">
<arg>locator=//*[@placeholder="Input company name"]</arg>
<arg>text=TEST01</arg>
<doc>Types the given ``text`` into the text field identified by ``locator``.</doc>
<status status="NOT RUN" starttime="20231009 13:44:18.969" endtime="20231009 13:44:18.969"/>
</kw>
<kw name="Click Element" library="SeleniumLibrary">
<arg>locator=//*[@placeholder="Select year(s) and month(s)"]</arg>
<doc>Click the element identified by ``locator``.</doc>
<status status="NOT RUN" starttime="20231009 13:44:18.970" endtime="20231009 13:44:18.970"/>
</kw>
<kw name="Click Plus Button 4 Times" library="Keyword">
<arg>locator=//*[@data-testid="plus_year"]</arg>
<status status="NOT RUN" starttime="20231009 13:44:18.970" endtime="20231009 13:44:18.970"/>
</kw>
<kw name="Sleep" library="BuiltIn">
<arg>3s</arg>
<doc>Pauses the test executed for the given time.</doc>
<status status="NOT RUN" starttime="20231009 13:44:18.970" endtime="20231009 13:44:18.970"/>
</kw>
<kw name="Click Element" library="SeleniumLibrary">
<arg>locator=//*[text()="OK"]</arg>
<doc>Click the element identified by ``locator``.</doc>
<status status="NOT RUN" starttime="20231009 13:44:18.971" endtime="20231009 13:44:18.971"/>
</kw>
<kw name="Generate Random String" library="String">
<var>${random_mobileno}</var>
<arg>7</arg>
<arg>1234567890</arg>
<doc>Generates a string with a desired ``length`` from the given ``chars``.</doc>
<status status="NOT RUN" starttime="20231009 13:44:18.971" endtime="20231009 13:44:18.971"/>
</kw>
<kw name="Press Keys" library="SeleniumLibrary">
<arg>//*[@name="mobileNo"]</arg>
<arg>CTRL+a+DELETE</arg>
<doc>Simulates the user pressing key(s) to an element or on the active browser.</doc>
<status status="NOT RUN" starttime="20231009 13:44:18.971" endtime="20231009 13:44:18.971"/>
</kw>
<kw name="Input Text" library="SeleniumLibrary">
<arg>locator=//*[@name="mobileNo"]</arg>
<arg>text=2${random_mobileno}</arg>
<doc>Types the given ``text`` into the text field identified by ``locator``.</doc>
<status status="NOT RUN" starttime="20231009 13:44:18.971" endtime="20231009 13:44:18.972"/>
</kw>
<kw name="Execute Javascript" library="SeleniumLibrary">
<arg>window.scrollTo(0, document.body.scrollHeight);</arg>
<doc>Executes the given JavaScript code with possible arguments.</doc>
<status status="NOT RUN" starttime="20231009 13:44:18.972" endtime="20231009 13:44:18.972"/>
</kw>
<kw name="Click Element" library="SeleniumLibrary">
<arg>locator=//*[@placeholder="Input work address"]</arg>
<doc>Click the element identified by ``locator``.</doc>
<status status="NOT RUN" starttime="20231009 13:44:18.972" endtime="20231009 13:44:18.972"/>
</kw>
<kw name="Click Element" library="SeleniumLibrary">
<arg>locator=//*[text()="Building address"]</arg>
<doc>Click the element identified by ``locator``.</doc>
<status status="NOT RUN" starttime="20231009 13:44:18.973" endtime="20231009 13:44:18.973"/>
</kw>
<kw name="Generate Random House Number" library="Keyword">
<var>${random_1}</var>
<status status="NOT RUN" starttime="20231009 13:44:18.973" endtime="20231009 13:44:18.973"/>
</kw>
<kw name="Generate Random House Number 2" library="Keyword">
<var>${random_2}</var>
<status status="NOT RUN" starttime="20231009 13:44:18.973" endtime="20231009 13:44:18.973"/>
</kw>
<kw name="Input Text" library="SeleniumLibrary">
<arg>//*[@name="addressNumber"]</arg>
<arg>${random_1}/${random_2}</arg>
<doc>Types the given ``text`` into the text field identified by ``locator``.</doc>
<status status="NOT RUN" starttime="20231009 13:44:18.974" endtime="20231009 13:44:18.974"/>
</kw>
<kw name="Random Building Name" library="Keyword">
<var>${building_a}</var>
<status status="NOT RUN" starttime="20231009 13:44:18.975" endtime="20231009 13:44:18.975"/>
</kw>
<kw name="Log" library="BuiltIn">
<arg>${building_a}</arg>
<doc>Logs the given message with the given level.</doc>
<status status="NOT RUN" starttime="20231009 13:44:18.975" endtime="20231009 13:44:18.975"/>
</kw>
<kw name="Input Text" library="SeleniumLibrary">
<arg>locator=//*[@placeholder="Input building name"]</arg>
<arg>text=${building_a}</arg>
<doc>Types the given ``text`` into the text field identified by ``locator``.</doc>
<status status="NOT RUN" starttime="20231009 13:44:18.975" endtime="20231009 13:44:18.976"/>
</kw>
<kw name="Generate Random String" library="String">
<var>${random_moo_2}</var>
<arg>1</arg>
<arg>123456789</arg>
<doc>Generates a string with a desired ``length`` from the given ``chars``.</doc>
<status status="NOT RUN" starttime="20231009 13:44:18.976" endtime="20231009 13:44:18.976"/>
</kw>
<kw name="Log" library="BuiltIn">
<arg>${random_moo_2}</arg>
<doc>Logs the given message with the given level.</doc>
<status status="NOT RUN" starttime="20231009 13:44:18.977" endtime="20231009 13:44:18.977"/>
</kw>
<kw name="Input Text" library="SeleniumLibrary">
<arg>locator=//*[@name="moo"]</arg>
<arg>text=${random_moo_2}</arg>
<doc>Types the given ``text`` into the text field identified by ``locator``.</doc>
<status status="NOT RUN" starttime="20231009 13:44:18.977" endtime="20231009 13:44:18.977"/>
</kw>
<kw name="Click Element" library="SeleniumLibrary">
<arg>locator=//*[@placeholder="Input address information."]</arg>
<doc>Click the element identified by ``locator``.</doc>
<status status="NOT RUN" starttime="20231009 13:44:18.977" endtime="20231009 13:44:18.978"/>
</kw>
<kw name="Wait Until Element Is Visible" library="SeleniumLibrary">
<arg>locator=//*[text()="BANGKOK"]</arg>
<doc>Waits until the element ``locator`` is visible.</doc>
<status status="NOT RUN" starttime="20231009 13:44:18.978" endtime="20231009 13:44:18.978"/>
</kw>
<kw name="Click Element" library="SeleniumLibrary">
<arg>locator=//*[text()="BANGKOK"]</arg>
<doc>Click the element identified by ``locator``.</doc>
<status status="NOT RUN" starttime="20231009 13:44:18.978" endtime="20231009 13:44:18.978"/>
</kw>
<kw name="Input Text" library="SeleniumLibrary">
<arg>locator=//*[@placeholder="Search"]</arg>
<arg>text=DUSIT</arg>
<doc>Types the given ``text`` into the text field identified by ``locator``.</doc>
<status status="NOT RUN" starttime="20231009 13:44:18.978" endtime="20231009 13:44:18.979"/>
</kw>
<kw name="Wait Until Element Is Visible" library="SeleniumLibrary">
<arg>locator=//*[text()="DUSIT"]</arg>
<doc>Waits until the element ``locator`` is visible.</doc>
<status status="NOT RUN" starttime="20231009 13:44:18.979" endtime="20231009 13:44:18.979"/>
</kw>
<kw name="Click Element" library="SeleniumLibrary">
<arg>locator=//*[text()="DUSIT"]</arg>
<doc>Click the element identified by ``locator``.</doc>
<status status="NOT RUN" starttime="20231009 13:44:18.979" endtime="20231009 13:44:18.979"/>
</kw>
<kw name="Wait Until Element Is Visible" library="SeleniumLibrary">
<arg>locator=//*[text()="SI YAEK MAHANAK"]</arg>
<doc>Waits until the element ``locator`` is visible.</doc>
<status status="NOT RUN" starttime="20231009 13:44:18.979" endtime="20231009 13:44:18.979"/>
</kw>
<kw name="Click Element" library="SeleniumLibrary">
<arg>locator=//*[text()="SI YAEK MAHANAK"]</arg>
<doc>Click the element identified by ``locator``.</doc>
<status status="NOT RUN" starttime="20231009 13:44:18.980" endtime="20231009 13:44:18.980"/>
</kw>
<kw name="Wait Until Element Is Visible" library="SeleniumLibrary">
<arg>locator=//*[text()="10300"]</arg>
<doc>Waits until the element ``locator`` is visible.</doc>
<status status="NOT RUN" starttime="20231009 13:44:18.980" endtime="20231009 13:44:18.980"/>
</kw>
<kw name="Click Element" library="SeleniumLibrary">
<arg>locator=//*[text()="10300"]</arg>
<doc>Click the element identified by ``locator``.</doc>
<status status="NOT RUN" starttime="20231009 13:44:18.980" endtime="20231009 13:44:18.980"/>
</kw>
<kw name="Scroll Element Into View" library="SeleniumLibrary">
<arg>(//*[@class="MuiButton-label"])[3]</arg>
<doc>Scrolls the element identified by ``locator`` into view.</doc>
<status status="NOT RUN" starttime="20231009 13:44:18.980" endtime="20231009 13:44:18.980"/>
</kw>
<kw name="Click Element" library="SeleniumLibrary">
<arg>locator=(//*[@class="MuiButton-label"])[3]</arg>
<doc>Click the element identified by ``locator``.</doc>
<status status="NOT RUN" starttime="20231009 13:44:18.980" endtime="20231009 13:44:18.980"/>
</kw>
<kw name="Wait Until Element Is Visible" library="SeleniumLibrary">
<arg>locator=//span[@class='MuiButton-label']/div[text()='Continue']</arg>
<doc>Waits until the element ``locator`` is visible.</doc>
[...]
<arg>Password=${Password_uat}</arg>
<status status="NOT RUN" starttime="20231009 13:44:19.036" endtime="20231009 13:44:19.036"/>
</kw>
<kw name="Wait Until Element Is Visible" library="SeleniumLibrary">
<arg>//*[@aria-label="Search"]</arg>
<doc>Waits until the element ``locator`` is visible.</doc>
<status status="NOT RUN" starttime="20231009 13:44:19.036" endtime="20231009 13:44:19.036"/>
</kw>
<kw name="Sleep" library="BuiltIn">
<arg>6s</arg>
<doc>Pauses the test executed for the given time.</doc>
<status status="NOT RUN" starttime="20231009 13:44:19.036" endtime="20231009 13:44:19.036"/>
</kw>
<kw name="Click Element" library="SeleniumLibrary">
<arg>//*[@aria-label="Search"]</arg>
<doc>Click the element identified by ``locator``.</doc>
<status status="NOT RUN" starttime="20231009 13:44:19.036" endtime="20231009 13:44:19.036"/>
</kw>
<kw name="Wait Until Element Is Visible" library="SeleniumLibrary">
<arg>//*[@type="search" and @placeholder="Search..."]</arg>
<doc>Waits until the element ``locator`` is visible.</doc>
<status status="NOT RUN" starttime="20231009 13:44:19.037" endtime="20231009 13:44:19.037"/>
</kw>
<kw name="Input Text" library="SeleniumLibrary">
<arg>//*[@type="search" and @placeholder="Search..."]</arg>
<arg>${Get_Ref}</arg>
<doc>Types the given ``text`` into the text field identified by ``locator``.</doc>
<status status="NOT RUN" starttime="20231009 13:44:19.037" endtime="20231009 13:44:19.037"/>
</kw>
<kw name="Wait Until Element Is Visible" library="SeleniumLibrary">
<arg>//span/mark[contains(text(), '${Get_Ref}')]</arg>
<doc>Waits until the element ``locator`` is visible.</doc>
<status status="NOT RUN" starttime="20231009 13:44:19.037" endtime="20231009 13:44:19.037"/>
</kw>
<kw name="Click Element" library="SeleniumLibrary">
<arg>//span/mark[contains(text(), '${Get_Ref}')]</arg>
<doc>Click the element identified by ``locator``.</doc>
<status status="NOT RUN" starttime="20231009 13:44:19.037" endtime="20231009 13:44:19.037"/>
</kw>
<kw name="Sleep" library="BuiltIn">
<arg>5s</arg>
<doc>Pauses the test executed for the given time.</doc>
<status status="NOT RUN" starttime="20231009 13:44:19.037" endtime="20231009 13:44:19.038"/>
</kw>
<for flavor="IN RANGE">
<var>${i}</var>
<value>20</value>
<iter>
<var name="${i}"/>
<kw name="Click Element" library="SeleniumLibrary">
<arg>//button[@title='Actions for ${Get_Ref} | Loan Application']</arg>
<doc>Click the element identified by ``locator``.</doc>
<status status="NOT RUN" starttime="20231009 13:44:19.038" endtime="20231009 13:44:19.038"/>
</kw>
<kw name="Wait Until Element Is Visible" library="SeleniumLibrary">
<arg>${REFRESH_XPATH}</arg>
<doc>Waits until the element ``locator`` is visible.</doc>
<status status="NOT RUN" starttime="20231009 13:44:19.038" endtime="20231009 13:44:19.038"/>
</kw>
<kw name="Click Element" library="SeleniumLibrary">
<arg>${REFRESH_XPATH}</arg>
<doc>Click the element identified by ``locator``.</doc>
<status status="NOT RUN" starttime="20231009 13:44:19.038" endtime="20231009 13:44:19.038"/>
</kw>
<kw name="Run Keyword And Return Status" library="BuiltIn">
<var>${isWebVerificationPending}</var>
<arg>Element Should Be Visible</arg>
<arg>${Check status Pending-WebVerrification}</arg>
<doc>Runs the given keyword with given arguments and returns the status as a Boolean value.</doc>
<status status="NOT RUN" starttime="20231009 13:44:19.039" endtime="20231009 13:44:19.039"/>
</kw>
<kw name="Run Keyword And Return Status" library="BuiltIn">
<var>${isIncomeCheckerPending}</var>
<arg>Element Should Be Visible</arg>
<arg>${Check status Pending-IncomeChecker}</arg>
<doc>Runs the given keyword with given arguments and returns the status as a Boolean value.</doc>
<status status="NOT RUN" starttime="20231009 13:44:19.039" endtime="20231009 13:44:19.039"/>
</kw>
<kw name="Exit For Loop If" library="BuiltIn">
<arg>${isWebVerificationPending}</arg>
<doc>Stops executing the enclosing FOR loop if the ``condition`` is true.</doc>
<status status="NOT RUN" starttime="20231009 13:44:19.039" endtime="20231009 13:44:19.039"/>
</kw>
<kw name="Run Keyword If" library="BuiltIn">
<arg>${isIncomeCheckerPending}</arg>
<arg>Income Checker AuthLevel30</arg>
<doc>Runs the given keyword with the given arguments, if ``condition`` is true.</doc>
<status status="NOT RUN" starttime="20231009 13:44:19.039" endtime="20231009 13:44:19.039"/>
</kw>
<kw name="Exit For Loop If" library="BuiltIn">
<arg>${isIncomeCheckerPending}</arg>
<doc>Stops executing the enclosing FOR loop if the ``condition`` is true.</doc>
<status status="NOT RUN" starttime="20231009 13:44:19.039" endtime="20231009 13:44:19.039"/>
</kw>
<kw name="Sleep" library="BuiltIn">
<arg>5s</arg>
<doc>Pauses the test executed for the given time.</doc>
<status status="NOT RUN" starttime="20231009 13:44:19.040" endtime="20231009 13:44:19.040"/>
</kw>
<status status="NOT RUN" starttime="20231009 13:44:19.038" endtime="20231009 13:44:19.040"/>
</iter>
<status status="NOT RUN" starttime="20231009 13:44:19.038" endtime="20231009 13:44:19.040"/>
</for>
<kw name="Close Browser" library="SeleniumLibrary">
<doc>Closes the current browser.</doc>
<status status="NOT RUN" starttime="20231009 13:44:19.041" endtime="20231009 13:44:19.041"/>
</kw>
<kw name=" Open and login" library="Keyword">
<arg>Username=${Username_uat}</arg>
<arg>Password=${Password_uat}</arg>
<status status="NOT RUN" starttime="20231009 13:44:19.042" endtime="20231009 13:44:19.042"/>
</kw>
<kw name="Wait Until Element Is Visible" library="SeleniumLibrary">
<arg>//*[@aria-label="Search"]</arg>
<doc>Waits until the element ``locator`` is visible.</doc>
<status status="NOT RUN" starttime="20231009 13:44:19.042" endtime="20231009 13:44:19.042"/>
</kw>
<kw name="Sleep" library="BuiltIn">
<arg>6s</arg>
<doc>Pauses the test executed for the given time.</doc>
<status status="NOT RUN" starttime="20231009 13:44:19.043" endtime="20231009 13:44:19.043"/>
</kw>
<kw name="Click Element" library="SeleniumLibrary">
<arg>//*[@aria-label="Search"]</arg>
<doc>Click the element identified by ``locator``.</doc>
<status status="NOT RUN" starttime="20231009 13:44:19.043" endtime="20231009 13:44:19.043"/>
</kw>
<kw name="Wait Until Element Is Visible" library="SeleniumLibrary">
<arg>//*[@type="search" and @placeholder="Search..."]</arg>
<doc>Waits until the element ``locator`` is visible.</doc>
<status status="NOT RUN" starttime="20231009 13:44:19.044" endtime="20231009 13:44:19.044"/>
</kw>
<kw name="Input Text" library="SeleniumLibrary">
<arg>//*[@type="search" and @placeholder="Search..."]</arg>
<arg>${Get_Ref}</arg>
<doc>Types the given ``text`` into the text field identified by ``locator``.</doc>
<status status="NOT RUN" starttime="20231009 13:44:19.044" endtime="20231009 13:44:19.044"/>
</kw>
<kw name="Wait Until Element Is Visible" library="SeleniumLibrary">
<arg>//span/mark[contains(text(), '${Get_Ref}')]</arg>
<doc>Waits until the element ``locator`` is visible.</doc>
<status status="NOT RUN" starttime="20231009 13:44:19.044" endtime="20231009 13:44:19.044"/>
</kw>
<kw name="Click Element" library="SeleniumLibrary">
<arg>//span/mark[contains(text(), '${Get_Ref}')]</arg>
<doc>Click the element identified by ``locator``.</doc>
<status status="NOT RUN" starttime="20231009 13:44:19.044" endtime="20231009 13:44:19.044"/>
</kw>
<kw name="Sleep" library="BuiltIn">
<arg>4s</arg>
<doc>Pauses the test executed for the given time.</doc>
<status status="NOT RUN" starttime="20231009 13:44:19.044" endtime="20231009 13:44:19.044"/>
</kw>
<kw name="Execute Javascript" library="SeleniumLibrary">
<arg>document.evaluate("${NEXT_BUTTON}", document, null, XPathResult.FIRST_ORDERED_NODE_TYPE, null).singleNodeValue.click()</arg>
<doc>Executes the given JavaScript code with possible arguments.</doc>
<status status="NOT RUN" starttime="20231009 13:44:19.045" endtime="20231009 13:44:19.045"/>
</kw>
<kw name="Select Frame" library="SeleniumLibrary">
<arg>css=iframe.insext-popup</arg>
<doc>Sets frame identified by ``locator`` as the current frame.</doc>
<status status="NOT RUN" starttime="20231009 13:44:19.045" endtime="20231009 13:44:19.045"/>
</kw>
<kw name="Wait Until Element Is Visible" library="SeleniumLibrary">
<arg>//li[@data-aspect='users']</arg>
<doc>Waits until the element ``locator`` is visible.</doc>
<status status="NOT RUN" starttime="20231009 13:44:19.045" endtime="20231009 13:44:19.045"/>
</kw>
<kw name="Click Element" library="SeleniumLibrary">
<arg>//li[@data-aspect='users']</arg>
<doc>Click the element identified by ``locator``.</doc>
<status status="NOT RUN" starttime="20231009 13:44:19.045" endtime="20231009 13:44:19.045"/>
</kw>
<kw name="Click Element" library="SeleniumLibrary">
<arg>//*[@class="all-data-input"]</arg>
<doc>Click the element identified by ``locator``.</doc>
<status status="NOT RUN" starttime="20231009 13:44:19.045" endtime="20231009 13:44:19.045"/>
</kw>
<kw name="Input Text" library="SeleniumLibrary">
<arg>//*[@class="all-data-input"]</arg>
<arg>Call Ver AuthLevel30</arg>
<doc>Types the given ``text`` into the text field identified by ``locator``.</doc>
<status status="NOT RUN" starttime="20231009 13:44:19.046" endtime="20231009 13:44:19.046"/>
</kw>
<kw name="Wait Until Element Is Visible" library="SeleniumLibrary">
<arg>locator=//mark[contains(text(), 'Call Ver AuthLevel30')]</arg>
<doc>Waits until the element ``locator`` is visible.</doc>
<status status="NOT RUN" starttime="20231009 13:44:19.046" endtime="20231009 13:44:19.046"/>
</kw>
<kw name="Click Element" library="SeleniumLibrary">
<arg>locator=//mark[contains(text(), 'Call Ver AuthLevel30')]</arg>
<doc>Click the element identified by ``locator``.</doc>
<status status="NOT RUN" starttime="20231009 13:44:19.046" endtime="20231009 13:44:19.046"/>
</kw>
<kw name="Wait Until Element Is Visible" library="SeleniumLibrary">
<arg>locator=//*[@class="button button-secondary" and text()="Try login as"]</arg>
<doc>Waits until the element ``locator`` is visible.</doc>
<status status="NOT RUN" starttime="20231009 13:44:19.046" endtime="20231009 13:44:19.046"/>
</kw>
<kw name="Click Element" library="SeleniumLibrary">
<arg>locator=//*[@class="button button-secondary" and text()="Try login as"]</arg>
<doc>Click the element identified by ``locator``.</doc>
<status status="NOT RUN" starttime="20231009 13:44:19.047" endtime="20231009 13:44:19.047"/>
</kw>
<kw name="Run Keyword And Return Status" library="BuiltIn">
<var>${EN}</var>
<arg>Wait Until Element Is Visible</arg>
<arg>//*[@type="button" and @title="Show Navigation Menu"]</arg>
<arg>5s</arg>
<doc>Runs the given keyword with given arguments and returns the status as a Boolean value.</doc>
<status status="NOT RUN" starttime="20231009 13:44:19.047" endtime="20231009 13:44:19.047"/>
</kw>
<kw name="Run Keyword And Return Status" library="BuiltIn">
<var>${TH}</var>
<arg>Wait Until Element Is Visible</arg>
<arg>//*[@type="button" and @title="แสดงเมนูการนำทาง"]</arg>
<arg>5s</arg>
<doc>Runs the given keyword with given arguments and returns the status as a Boolean value.</doc>
<status status="NOT RUN" starttime="20231009 13:44:19.048" endtime="20231009 13:44:19.048"/>
</kw>
<kw name="Log" library="BuiltIn">
<arg>${EN}</arg>
<doc>Logs the given message with the given level.</doc>
<status status="NOT RUN" starttime="20231009 13:44:19.048" endtime="20231009 13:44:19.048"/>
</kw>
<kw name="Log" library="BuiltIn">
<arg>${TH}</arg>
<doc>Logs the given message with the given level.</doc>
<status status="NOT RUN" starttime="20231009 13:44:19.048" endtime="20231009 13:44:19.048"/>
</kw>
<kw name="Wait Until Keyword Succeeds" library="BuiltIn">
<arg>3x</arg>
<arg>10s</arg>
<arg>Log</arg>
<arg>Waiting for elements...</arg>
<doc>Runs the specified keyword and retries if it fails.</doc>
<status status="NOT RUN" starttime="20231009 13:44:19.048" endtime="20231009 13:44:19.048"/>
</kw>
<kw name="Run Keyword If" library="BuiltIn">
<arg>${TH}</arg>
<arg>Run Keywords</arg>
<arg>Check For Elements language</arg>
<arg>AND</arg>
<arg>Wait Until Element Is Visible</arg>
<arg>(//span[@class='title slds-truncate' and text()='${Get_Ref} | Loan Application'])[1]</arg>
<arg>AND</arg>
<arg>Click Element</arg>
<arg>(//span[@class='title slds-truncate' and text()='${Get_Ref} | Loan Application'])[1]</arg>
<arg>AND</arg>
<arg>Sleep</arg>
<arg>4s</arg>
<doc>Runs the given keyword with the given arguments, if ``condition`` is true.</doc>
<status status="NOT RUN" starttime="20231009 13:44:19.048" endtime="20231009 13:44:19.048"/>
</kw>
<kw name="Click Element" library="SeleniumLibrary">
<arg>locator=//*[@class="slds-button__icon slds-button__icon_hint"]</arg>
<doc>Click the element identified by ``locator``.</doc>
<status status="NOT RUN" starttime="20231009 13:44:19.049" endtime="20231009 13:44:19.049"/>
</kw>
<kw name="Wait Until Element Is Visible" library="SeleniumLibrary">
<arg>locator=//*[@class="primaryLabel slds-truncate slds-lookup__result-text" and text()="Call Ver AuthLevel30"]</arg>
<doc>Waits until the element ``locator`` is visible.</doc>
<status status="NOT RUN" starttime="20231009 13:44:19.049" endtime="20231009 13:44:19.049"/>
</kw>
<kw name="Click Element" library="SeleniumLibrary">
<arg>locator=//*[@class="primaryLabel slds-truncate slds-lookup__result-text" and text()="Call Ver AuthLevel30"]</arg>
<doc>Click the element identified by ``locator``.</doc>
<status status="NOT RUN" starttime="20231009 13:44:19.049" endtime="20231009 13:44:19.049"/>
</kw>
<kw name="Wait Until Element Is Visible" library="SeleniumLibrary">
<arg>locator=//*[@value="change owner"]</arg>
<doc>Waits until the element ``locator`` is visible.</doc>
<status status="NOT RUN" starttime="20231009 13:44:19.049" endtime="20231009 13:44:19.049"/>
</kw>
<kw name="Click Element" library="SeleniumLibrary">
<arg>locator=//*[@value="change owner"]</arg>
<doc>Click the element identified by ``locator``.</doc>
<status status="NOT RUN" starttime="20231009 13:44:19.050" endtime="20231009 13:44:19.050"/>
</kw>
<kw name="Wait Until Element Is Not Visible" library="SeleniumLibrary">
<arg>locator=//*[@value="change owner"]</arg>
<doc>Waits until the element ``locator`` is not visible.</doc>
<status status="NOT RUN" starttime="20231009 13:44:19.050" endtime="20231009 13:44:19.050"/>
</kw>
<kw name="Sleep" library="BuiltIn">
<arg>10s</arg>
<doc>Pauses the test executed for the given time.</doc>
<status status="NOT RUN" starttime="20231009 13:44:19.050" endtime="20231009 13:44:19.050"/>
</kw>
<kw name="Run Keyword If" library="BuiltIn">
<arg>'${SELECTED_CARD}' == '${CARD_TYPE_CC}'</arg>
<arg>Call ver CC,SPC</arg>
<doc>Runs the given keyword with the given arguments, if ``condition`` is true.</doc>
<status status="NOT RUN" starttime="20231009 13:44:19.050" endtime="20231009 13:44:19.050"/>
</kw>
<kw name="Run Keyword If" library="BuiltIn">
<arg>'${SELECTED_CARD}' == '${CARD_TYPE_SPC}'</arg>
<arg>Call ver CC,SPC</arg>
<doc>Runs the given keyword with the given arguments, if ``condition`` is true.</doc>
<status status="NOT RUN" starttime="20231009 13:44:19.051" endtime="20231009 13:44:19.051"/>
</kw>
<kw name="Run Keyword If" library="BuiltIn">
<arg>'${SELECTED_CARD}' == '${CARD_TYPE_SPL}'</arg>
<arg>Call ver SPL</arg>
<doc>Runs the given keyword with the given arguments, if ``condition`` is true.</doc>
<status status="NOT RUN" starttime="20231009 13:44:19.051" endtime="20231009 13:44:19.051"/>
</kw>
<kw name="Wait Until Element Is Visible" library="SeleniumLibrary">
<arg>//button[@title='Actions for ${Get_Ref} | Loan Application']</arg>
<doc>Waits until the element ``locator`` is visible.</doc>
<status status="NOT RUN" starttime="20231009 13:44:19.051" endtime="20231009 13:44:19.051"/>
</kw>
<for flavor="IN RANGE">
<var>${i}</var>
<value>20</value>
<iter>
<var name="${i}"/>
<kw name="Click Element" library="SeleniumLibrary">
<arg>//button[@title='Actions for ${Get_Ref} | Loan Application']</arg>
<doc>Click the element identified by ``locator``.</doc>
<status status="NOT RUN" starttime="20231009 13:44:19.051" endtime="20231009 13:44:19.051"/>
</kw>
<kw name="Wait Until Element Is Visible" library="SeleniumLibrary">
<arg>${REFRESH_XPATH}</arg>
<doc>Waits until the element ``locator`` is visible.</doc>
<status status="NOT RUN" starttime="20231009 13:44:19.051" endtime="20231009 13:44:19.053"/>
</kw>
<kw name="Click Element" library="SeleniumLibrary">
<arg>${REFRESH_XPATH}</arg>
<doc>Click the element identified by ``locator``.</doc>
<status status="NOT RUN" starttime="20231009 13:44:19.053" endtime="20231009 13:44:19.053"/>
</kw>
<kw name="Run Keyword And Return Status" library="BuiltIn">
<var>${isFound}</var>
<arg>Element Should Be Visible</arg>
<arg>Resolved-Completed</arg>
<doc>Runs the given keyword with given arguments and returns the status as a Boolean value.</doc>
<status status="NOT RUN" starttime="20231009 13:44:19.053" endtime="20231009 13:44:19.053"/>
</kw>
<kw name="Exit For Loop If" library="BuiltIn">
<arg>${isFound}</arg>
<doc>Stops executing the enclosing FOR loop if the ``condition`` is true.</doc>
<status status="NOT RUN" starttime="20231009 13:44:19.053" endtime="20231009 13:44:19.053"/>
</kw>
<kw name="Sleep" library="BuiltIn">
<arg>5s</arg>
<doc>Pauses the test executed for the given time.</doc>
<status status="NOT RUN" starttime="20231009 13:44:19.053" endtime="20231009 13:44:19.053"/>
</kw>
<status status="NOT RUN" starttime="20231009 13:44:19.051" endtime="20231009 13:44:19.053"/>
</iter>
<status status="NOT RUN" starttime="20231009 13:44:19.051" endtime="20231009 13:44:19.053"/>
</for>
<kw name="Run Keyword If" library="BuiltIn">
<arg>NOT ${isFound}</arg>
<arg>Fail</arg>
<arg>The word Resolved-Completed is not displayed.</arg>
<doc>Runs the given keyword with the given arguments, if ``condition`` is true.</doc>
<status status="NOT RUN" starttime="20231009 13:44:19.053" endtime="20231009 13:44:19.053"/>
</kw>
<status status="FAIL" starttime="20231009 13:43:43.095" endtime="20231009 13:44:19.053">NoSuchWindowException: Message: no such window: target window already closed
from unknown error: web view not found
  (Session info: chrome=117.0.5938.150)
Stacktrace:
	GetHandleVerifier [0x007BCFE3+45267]
	(No symbol) [0x00749741]
	(No symbol) [0x0063BE1D]
	(No symbol) [0x006234AE]
	(No symbol) [0x0068EFDB]
	(No symbol) [0x0069D913]
	(No symbol) [0x0068AE36]
	(No symbol) [0x0066674E]
	(No symbol) [0x006678ED]
	GetHandleVerifier [0x00A75659+2897737]
	GetHandleVerifier [0x00ABE78B+3197051]
	GetHandleVerifier [0x00AB8571+3171937]
	GetHandleVerifier [0x00845E40+606000]
	(No symbol) [0x0075338C]
	(No symbol) [0x0074F508]
	(No symbol) [0x0074F62F]
	(No symbol) [0x00741D27]
	BaseThreadInitThunk [0x75FC7BA9+25]
	RtlInitializeExceptionChain [0x77E6BC5B+107]
	RtlClearBits [0x77E6BBDF+191]
</status>
</test>
<status status="FAIL" starttime="20231009 13:43:41.970" endtime="20231009 13:44:19.056"/>
</suite>
<statistics>
<total>
<stat pass="0" fail="1" skip="0">All Tasks</stat>
</total>
<tag>
</tag>
<suite>
<stat pass="0" fail="1" skip="0" id="s1" name="0.PPB All Step">0.PPB All Step</stat>
</suite>
</statistics>
<errors>
<msg timestamp="20231009 13:44:18.853" level="WARN">Keyword 'Capture Page Screenshot' could not be run on failure: Message: no such window: target window already closed
from unknown error: web view not found
  (Session info: chrome=117.0.5938.150)
Stacktrace:
	GetHandleVerifier [0x007BCFE3+45267]
	(No symbol) [0x00749741]
	(No symbol) [0x0063BE1D]
	(No symbol) [0x006234AE]
	(No symbol) [0x0068EFDB]
	(No symbol) [0x0069D913]
	(No symbol) [0x0068AE36]
	(No symbol) [0x0066674E]
	(No symbol) [0x006678ED]
	GetHandleVerifier [0x00A75659+2897737]
	GetHandleVerifier [0x00ABE78B+3197051]
	GetHandleVerifier [0x00AB8571+3171937]
	GetHandleVerifier [0x00845E40+606000]
	(No symbol) [0x0075338C]
	(No symbol) [0x0074F508]
	(No symbol) [0x0074F62F]
	(No symbol) [0x00741D27]
	BaseThreadInitThunk [0x75FC7BA9+25]
	RtlInitializeExceptionChain [0x77E6BC5B+107]
	RtlClearBits [0x77E6BBDF+191]
</msg>
</errors>
</robot>
