<?xml version="1.0" encoding="UTF-8"?>
<robot generator="Robot 6.1.1 (Python 3.9.0 on win32)" generated="20231025 18:25:31.575" rpa="true" schemaversion="4">
<suite id="s1" name="0.PPB All Step" source="D:\automate\Paper Base Loan App\5.Task\0.PPB_All_Step.robot">
<test id="s1-t1" name="Open and login SF" line="35">
<kw name="Get Names From Website" library="Keyword">
<var>${thaiFirstName}</var>
<var>${thaiLastName}</var>
<var>${englishFirstName}</var>
<var>${englishLastName}</var>
<kw name="Open Headless Browser" library="Keyword">
<kw name="Evaluate" library="BuiltIn">
<var>${chrome_options}</var>
<arg>sys.modules['selenium.webdriver'].ChromeOptions()</arg>
<arg>sys, selenium.webdriver</arg>
<doc>Evaluates the given expression in Python and returns the result.</doc>
<msg timestamp="20231025 18:25:32.566" level="INFO">${chrome_options} = &lt;selenium.webdriver.chrome.options.Options object at 0x0000024AFF22BE80&gt;</msg>
<status status="PASS" starttime="20231025 18:25:32.566" endtime="20231025 18:25:32.566"/>
</kw>
<kw name="Call Method" library="BuiltIn">
<arg>${chrome_options}</arg>
<arg>add_argument</arg>
<arg>--headless</arg>
<doc>Calls the named method of the given object with the provided arguments.</doc>
<status status="PASS" starttime="20231025 18:25:32.566" endtime="20231025 18:25:32.567"/>
</kw>
<kw name="Call Method" library="BuiltIn">
<arg>${chrome_options}</arg>
<arg>add_argument</arg>
<arg>--disable-gpu</arg>
<doc>Calls the named method of the given object with the provided arguments.</doc>
<status status="PASS" starttime="20231025 18:25:32.567" endtime="20231025 18:25:32.567"/>
</kw>
<kw name="Create Webdriver" library="SeleniumLibrary">
<arg>Chrome</arg>
<arg>options=${chrome_options}</arg>
<doc>Creates an instance of Selenium WebDriver.</doc>
<msg timestamp="20231025 18:25:32.567" level="INFO">Creating an instance of the Chrome WebDriver.</msg>
<status status="PASS" starttime="20231025 18:25:32.567" endtime="20231025 18:25:33.646"/>
</kw>
<status status="PASS" starttime="20231025 18:25:32.565" endtime="20231025 18:25:33.646"/>
</kw>
<kw name="Go To" library="SeleniumLibrary">
<arg>https://kidhaina.com/thainamegenerator.html</arg>
<doc>Navigates the current browser window to the provided ``url``.</doc>
<msg timestamp="20231025 18:25:33.646" level="INFO">Opening url 'https://kidhaina.com/thainamegenerator.html'</msg>
<status status="PASS" starttime="20231025 18:25:33.646" endtime="20231025 18:25:34.938"/>
</kw>
<kw name="Wait Until Page Contains Element" library="SeleniumLibrary">
<arg>//*[@class="first-name-th"]</arg>
<doc>Waits until the element ``locator`` appears on the current page.</doc>
<status status="PASS" starttime="20231025 18:25:34.938" endtime="20231025 18:25:34.953"/>
</kw>
<kw name="Get Text" library="SeleniumLibrary">
<var>${thaiFirstName}</var>
<arg>//*[@class="first-name-th"]</arg>
<doc>Returns the text value of the element identified by ``locator``.</doc>
<msg timestamp="20231025 18:25:34.971" level="INFO">${thaiFirstName} = ฉัตรพล</msg>
<status status="PASS" starttime="20231025 18:25:34.953" endtime="20231025 18:25:34.972"/>
</kw>
<kw name="Get Text" library="SeleniumLibrary">
<var>${thaiLastName}</var>
<arg>//*[@class="last-name-th"]</arg>
<doc>Returns the text value of the element identified by ``locator``.</doc>
<msg timestamp="20231025 18:25:34.986" level="INFO">${thaiLastName} = สว่างเสนา</msg>
<status status="PASS" starttime="20231025 18:25:34.972" endtime="20231025 18:25:34.986"/>
</kw>
<kw name="Get Text" library="SeleniumLibrary">
<var>${englishFirstName}</var>
<arg>//*[@class="first-name-en"]</arg>
<doc>Returns the text value of the element identified by ``locator``.</doc>
<msg timestamp="20231025 18:25:35.003" level="INFO">${englishFirstName} = Chatpol</msg>
<status status="PASS" starttime="20231025 18:25:34.987" endtime="20231025 18:25:35.003"/>
</kw>
<kw name="Get Text" library="SeleniumLibrary">
<var>${englishLastName}</var>
<arg>(//*[@class="last-name-th"])[2]</arg>
<doc>Returns the text value of the element identified by ``locator``.</doc>
<msg timestamp="20231025 18:25:35.018" level="INFO">${englishLastName} = Sawangsena</msg>
<status status="PASS" starttime="20231025 18:25:35.003" endtime="20231025 18:25:35.018"/>
</kw>
<kw name="Close Browser" library="SeleniumLibrary">
<doc>Closes the current browser.</doc>
<status status="PASS" starttime="20231025 18:25:35.018" endtime="20231025 18:25:37.075"/>
</kw>
<msg timestamp="20231025 18:25:37.076" level="INFO">${thaiFirstName} = ฉัตรพล</msg>
<msg timestamp="20231025 18:25:37.076" level="INFO">${thaiLastName} = สว่างเสนา</msg>
<msg timestamp="20231025 18:25:37.076" level="INFO">${englishFirstName} = Chatpol</msg>
<msg timestamp="20231025 18:25:37.076" level="INFO">${englishLastName} = Sawangsena</msg>
<status status="PASS" starttime="20231025 18:25:32.565" endtime="20231025 18:25:37.076"/>
</kw>
<kw name=" Open and login" library="Keyword">
<arg>Username=${Username_uat}</arg>
<arg>Password=${Password_uat}</arg>
<kw name="Get Chrome Options" library="custom_library">
<var>${chrome_options}</var>
<arg>${PROFILE_PATH}</arg>
<arg>Profile 1</arg>
<msg timestamp="20231025 18:25:37.079" level="INFO">${chrome_options} = &lt;selenium.webdriver.chrome.options.Options object at 0x0000024AFF22E1F0&gt;</msg>
<status status="PASS" starttime="20231025 18:25:37.078" endtime="20231025 18:25:37.079"/>
</kw>
<kw name="Open Browser" library="SeleniumLibrary">
<arg>${URL}</arg>
<arg>${BROWSER}</arg>
<arg>executable_path=${CHROMEDRIVER_PATH}</arg>
<arg>options=${chrome_options}</arg>
<doc>Opens a new browser instance to the optional ``url``.</doc>
<msg timestamp="20231025 18:25:37.081" level="INFO">Opening browser 'gc' to base url 'https://cardxscb--uat.sandbox.my.salesforce.com/'.</msg>
<status status="PASS" starttime="20231025 18:25:37.079" endtime="20231025 18:25:39.171"/>
</kw>
<kw name="Call Method" library="BuiltIn">
<arg>${chrome_options}</arg>
<arg>add_argument</arg>
<arg>--disable-gpu</arg>
<doc>Calls the named method of the given object with the provided arguments.</doc>
<status status="PASS" starttime="20231025 18:25:39.171" endtime="20231025 18:25:39.172"/>
</kw>
<kw name="Call Method" library="BuiltIn">
<arg>${chrome_options}</arg>
<arg>add_argument</arg>
<arg>--no-sandbox</arg>
<doc>Calls the named method of the given object with the provided arguments.</doc>
<status status="PASS" starttime="20231025 18:25:39.172" endtime="20231025 18:25:39.172"/>
</kw>
<kw name="Maximize Browser Window" library="SeleniumLibrary">
<doc>Maximizes current browser window.</doc>
<status status="PASS" starttime="20231025 18:25:39.172" endtime="20231025 18:25:39.175"/>
</kw>
<kw name="Wait Until Element Is Enabled" library="SeleniumLibrary">
<arg>//*[@id="Login"]</arg>
<doc>Waits until the element ``locator`` is enabled.</doc>
<status status="PASS" starttime="20231025 18:25:39.176" endtime="20231025 18:25:39.209"/>
</kw>
<kw name="Input Text" library="SeleniumLibrary">
<arg>id=username</arg>
<arg>${Username}</arg>
<doc>Types the given ``text`` into the text field identified by ``locator``.</doc>
<msg timestamp="20231025 18:25:39.210" level="INFO">Typing text 'patchaya.in@cardx.uat' into text field 'id=username'.</msg>
<status status="PASS" starttime="20231025 18:25:39.209" endtime="20231025 18:25:39.295"/>
</kw>
<kw name="Input Text" library="SeleniumLibrary">
<arg>id=password</arg>
<arg>${Password}</arg>
<doc>Types the given ``text`` into the text field identified by ``locator``.</doc>
<msg timestamp="20231025 18:25:39.297" level="INFO">Typing text '@Test2542' into text field 'id=password'.</msg>
<status status="PASS" starttime="20231025 18:25:39.296" endtime="20231025 18:25:39.389"/>
</kw>
<kw name="Click Element" library="SeleniumLibrary">
<arg>id=Login</arg>
<doc>Click the element identified by ``locator``.</doc>
<msg timestamp="20231025 18:25:39.390" level="INFO">Clicking element 'id=Login'.</msg>
<status status="PASS" starttime="20231025 18:25:39.389" endtime="20231025 18:25:41.612"/>
</kw>
<kw name="Pause Execution" library="Dialogs">
<arg>Please enter "Salesforce Authenticator"</arg>
<doc>Pauses execution until user clicks ``Ok`` button.</doc>
<status status="PASS" starttime="20231025 18:25:41.613" endtime="20231025 18:25:44.414"/>
</kw>
<status status="PASS" starttime="20231025 18:25:37.077" endtime="20231025 18:25:44.414"/>
</kw>
<kw name="Wait Until Element Is Visible" library="SeleniumLibrary">
<arg>locator=//*[@aria-label="Search"]</arg>
<doc>Waits until the element ``locator`` is visible.</doc>
<status status="PASS" starttime="20231025 18:25:44.415" endtime="20231025 18:25:53.069"/>
</kw>
<kw name="Sleep" library="BuiltIn">
<arg>6s</arg>
<doc>Pauses the test executed for the given time.</doc>
<msg timestamp="20231025 18:25:59.073" level="INFO">Slept 6 seconds</msg>
<status status="PASS" starttime="20231025 18:25:53.070" endtime="20231025 18:25:59.073"/>
</kw>
<kw name="Execute Javascript" library="SeleniumLibrary">
<arg>document.evaluate("${NEXT_BUTTON}", document, null, XPathResult.FIRST_ORDERED_NODE_TYPE, null).singleNodeValue.click()</arg>
<doc>Executes the given JavaScript code with possible arguments.</doc>
<msg timestamp="20231025 18:25:59.075" level="INFO">Executing JavaScript:
document.evaluate("//div[@class='insext-btn' and @title='Show Salesforce details (Alt+I / Shift+Alt+I)']", document, null, XPathResult.FIRST_ORDERED_NODE_TYPE, null).singleNodeValue.click()
Without any arguments.</msg>
<status status="PASS" starttime="20231025 18:25:59.074" endtime="20231025 18:25:59.091"/>
</kw>
<kw name="Sleep" library="BuiltIn">
<arg>5s</arg>
<doc>Pauses the test executed for the given time.</doc>
<msg timestamp="20231025 18:26:04.105" level="INFO">Slept 5 seconds</msg>
<status status="PASS" starttime="20231025 18:25:59.092" endtime="20231025 18:26:04.105"/>
</kw>
<kw name="Select Frame" library="SeleniumLibrary">
<arg>css=iframe.insext-popup</arg>
<doc>Sets frame identified by ``locator`` as the current frame.</doc>
<msg timestamp="20231025 18:26:04.107" level="INFO">Selecting frame 'css=iframe.insext-popup'.</msg>
<status status="PASS" starttime="20231025 18:26:04.106" endtime="20231025 18:26:04.155"/>
</kw>
<kw name="Click Element" library="SeleniumLibrary">
<arg>//li[@data-aspect='users']</arg>
<doc>Click the element identified by ``locator``.</doc>
<msg timestamp="20231025 18:26:04.156" level="INFO">Clicking element '//li[@data-aspect='users']'.</msg>
<status status="PASS" starttime="20231025 18:26:04.155" endtime="20231025 18:26:04.239"/>
</kw>
<kw name="Click Element" library="SeleniumLibrary">
<arg>//*[@class="all-data-input"]</arg>
<doc>Click the element identified by ``locator``.</doc>
<msg timestamp="20231025 18:26:04.240" level="INFO">Clicking element '//*[@class="all-data-input"]'.</msg>
<status status="PASS" starttime="20231025 18:26:04.239" endtime="20231025 18:26:04.308"/>
</kw>
<kw name="Input Text" library="SeleniumLibrary">
<arg>//*[@class="all-data-input"]</arg>
<arg>Operations AuthLevel30</arg>
<doc>Types the given ``text`` into the text field identified by ``locator``.</doc>
<msg timestamp="20231025 18:26:04.309" level="INFO">Typing text 'Operations AuthLevel30' into text field '//*[@class="all-data-input"]'.</msg>
<status status="PASS" starttime="20231025 18:26:04.308" endtime="20231025 18:26:04.382"/>
</kw>
<kw name="Wait Until Element Is Visible" library="SeleniumLibrary">
<arg>locator=//mark[contains(text(), 'Operations AuthLevel30')]</arg>
<doc>Waits until the element ``locator`` is visible.</doc>
<status status="PASS" starttime="20231025 18:26:04.382" endtime="20231025 18:26:05.284"/>
</kw>
<kw name="Click Element" library="SeleniumLibrary">
<arg>locator=//mark[contains(text(), 'Operations AuthLevel30')]</arg>
<doc>Click the element identified by ``locator``.</doc>
<msg timestamp="20231025 18:26:05.285" level="INFO">Clicking element '//mark[contains(text(), 'Operations AuthLevel30')]'.</msg>
<status status="PASS" starttime="20231025 18:26:05.284" endtime="20231025 18:26:05.345"/>
</kw>
<kw name="Wait Until Element Is Visible" library="SeleniumLibrary">
<arg>locator=//*[@class="button button-secondary" and text()="Try login as"]</arg>
<doc>Waits until the element ``locator`` is visible.</doc>
<status status="PASS" starttime="20231025 18:26:05.346" endtime="20231025 18:26:05.813"/>
</kw>
<kw name="Click Element" library="SeleniumLibrary">
<arg>locator=//*[@class="button button-secondary" and text()="Try login as"]</arg>
<doc>Click the element identified by ``locator``.</doc>
<msg timestamp="20231025 18:26:05.814" level="INFO">Clicking element '//*[@class="button button-secondary" and text()="Try login as"]'.</msg>
<status status="PASS" starttime="20231025 18:26:05.813" endtime="20231025 18:26:05.884"/>
</kw>
<kw name="Execute Javascript" library="SeleniumLibrary">
<var>${element1}</var>
<arg>return document.evaluate('//*[@type="button" and @title="Show Navigation Menu"]', document, null, XPathResult.FIRST_ORDERED_NODE_TYPE, null).singleNodeValue;</arg>
<doc>Executes the given JavaScript code with possible arguments.</doc>
<msg timestamp="20231025 18:26:05.887" level="INFO">Executing JavaScript:
return document.evaluate('//*[@type="button" and @title="Show Navigation Menu"]', document, null, XPathResult.FIRST_ORDERED_NODE_TYPE, null).singleNodeValue;
Without any arguments.</msg>
<msg timestamp="20231025 18:26:08.196" level="INFO">${element1} = None</msg>
<status status="PASS" starttime="20231025 18:26:05.885" endtime="20231025 18:26:08.196"/>
</kw>
<kw name="Run Keyword And Return Status" library="BuiltIn">
<var>${EN}</var>
<arg>Wait Until Element Is Visible</arg>
<arg>//*[@type="button" and @title="Show Navigation Menu"]</arg>
<arg>5s</arg>
<doc>Runs the given keyword with given arguments and returns the status as a Boolean value.</doc>
<kw name="Wait Until Element Is Visible" library="SeleniumLibrary">
<arg>//*[@type="button" and @title="Show Navigation Menu"]</arg>
<arg>5s</arg>
<doc>Waits until the element ``locator`` is visible.</doc>
<status status="PASS" starttime="20231025 18:26:08.197" endtime="20231025 18:26:08.881"/>
</kw>
<msg timestamp="20231025 18:26:08.881" level="INFO">${EN} = True</msg>
<status status="PASS" starttime="20231025 18:26:08.196" endtime="20231025 18:26:08.881"/>
</kw>
<kw name="Execute Javascript" library="SeleniumLibrary">
<var>${element2}</var>
<arg>return document.evaluate('//*[@type="button" and @title="แสดงเมนูการนำทาง"]', document, null, XPathResult.FIRST_ORDERED_NODE_TYPE, null).singleNodeValue;</arg>
<doc>Executes the given JavaScript code with possible arguments.</doc>
<msg timestamp="20231025 18:26:08.884" level="INFO">Executing JavaScript:
return document.evaluate('//*[@type="button" and @title="แสดงเมนูการนำทาง"]', document, null, XPathResult.FIRST_ORDERED_NODE_TYPE, null).singleNodeValue;
Without any arguments.</msg>
<msg timestamp="20231025 18:26:08.891" level="INFO">${element2} = None</msg>
<status status="PASS" starttime="20231025 18:26:08.883" endtime="20231025 18:26:08.891"/>
</kw>
<kw name="Run Keyword And Return Status" library="BuiltIn">
<var>${TH}</var>
<arg>Wait Until Element Is Visible</arg>
<arg>//*[@type="button" and @title="แสดงเมนูการนำทาง"]</arg>
<arg>5s</arg>
<doc>Runs the given keyword with given arguments and returns the status as a Boolean value.</doc>
<kw name="Wait Until Element Is Visible" library="SeleniumLibrary">
<arg>//*[@type="button" and @title="แสดงเมนูการนำทาง"]</arg>
<arg>5s</arg>
<doc>Waits until the element ``locator`` is visible.</doc>
<msg timestamp="20231025 18:26:14.242" level="INFO" html="true">&lt;/td&gt;&lt;/tr&gt;&lt;tr&gt;&lt;td colspan="3"&gt;&lt;a href="selenium-screenshot-22.png"&gt;&lt;img src="selenium-screenshot-22.png" width="800px"&gt;&lt;/a&gt;</msg>
<msg timestamp="20231025 18:26:14.242" level="FAIL">Element '//*[@type="button" and @title="แสดงเมนูการนำทาง"]' not visible after 5 seconds.</msg>
<status status="FAIL" starttime="20231025 18:26:08.891" endtime="20231025 18:26:14.244"/>
</kw>
<msg timestamp="20231025 18:26:14.245" level="INFO">${TH} = False</msg>
<status status="PASS" starttime="20231025 18:26:08.891" endtime="20231025 18:26:14.245"/>
</kw>
<kw name="Wait Until Keyword Succeeds" library="BuiltIn">
<arg>3x</arg>
<arg>10s</arg>
<arg>Log</arg>
<arg>Waiting for elements...</arg>
<doc>Runs the specified keyword and retries if it fails.</doc>
<kw name="Log" library="BuiltIn">
<arg>Waiting for elements...</arg>
<doc>Logs the given message with the given level.</doc>
<msg timestamp="20231025 18:26:14.246" level="INFO">Waiting for elements...</msg>
<status status="PASS" starttime="20231025 18:26:14.246" endtime="20231025 18:26:14.246"/>
</kw>
<status status="PASS" starttime="20231025 18:26:14.245" endtime="20231025 18:26:14.246"/>
</kw>
<kw name="Run Keyword If" library="BuiltIn">
<arg>${TH}</arg>
<arg>Check For Elements language_1</arg>
<doc>Runs the given keyword with the given arguments, if ``condition`` is true.</doc>
<status status="PASS" starttime="20231025 18:26:14.247" endtime="20231025 18:26:14.247"/>
</kw>
<kw name="Execute Javascript" library="SeleniumLibrary">
<var>${element3}</var>
<arg>return document.evaluate('//*[@type="button" and @title="Show Navigation Menu" ]', document, null, XPathResult.FIRST_ORDERED_NODE_TYPE, null).singleNodeValue;</arg>
<doc>Executes the given JavaScript code with possible arguments.</doc>
<msg timestamp="20231025 18:26:14.248" level="INFO">Executing JavaScript:
return document.evaluate('//*[@type="button" and @title="Show Navigation Menu" ]', document, null, XPathResult.FIRST_ORDERED_NODE_TYPE, null).singleNodeValue;
Without any arguments.</msg>
<msg timestamp="20231025 18:26:14.257" level="INFO">${element3} = &lt;selenium.webdriver.remote.webelement.WebElement (session="c5ba27c346fbd369423c0ec1b493e5d8", element="879A01B7FEEBF873DC2D8060BA5DF6F0_element_193")&gt;</msg>
<status status="PASS" starttime="20231025 18:26:14.248" endtime="20231025 18:26:14.257"/>
</kw>
<kw name="Wait Until Element Is Visible" library="SeleniumLibrary">
<arg>locator=//*[@type="button" and @title="Show Navigation Menu" ]</arg>
<doc>Waits until the element ``locator`` is visible.</doc>
<status status="PASS" starttime="20231025 18:26:14.258" endtime="20231025 18:26:14.284"/>
</kw>
<kw name="Click Element" library="SeleniumLibrary">
<arg>locator=//*[@type="button" and @title="Show Navigation Menu" ]</arg>
<doc>Click the element identified by ``locator``.</doc>
<msg timestamp="20231025 18:26:14.285" level="INFO">Clicking element '//*[@type="button" and @title="Show Navigation Menu" ]'.</msg>
<status status="PASS" starttime="20231025 18:26:14.284" endtime="20231025 18:26:14.363"/>
</kw>
<kw name="Sleep" library="BuiltIn">
<arg>5s</arg>
<doc>Pauses the test executed for the given time.</doc>
<msg timestamp="20231025 18:26:19.367" level="INFO">Slept 5 seconds</msg>
<status status="PASS" starttime="20231025 18:26:14.365" endtime="20231025 18:26:19.367"/>
</kw>
<kw name="Wait Until Element Is Visible" library="SeleniumLibrary">
<arg>locator=//*[text()="Submit Paper Base Loan App"]</arg>
<doc>Waits until the element ``locator`` is visible.</doc>
<msg timestamp="20231025 18:26:19.374" level="WARN">Keyword 'Capture Page Screenshot' could not be run on failure: Message: no such window: target window already closed
from unknown error: web view not found
  (Session info: chrome=118.0.5993.89)
Stacktrace:
	GetHandleVerifier [0x00007FF61E968EF2+54786]
	(No symbol) [0x00007FF61E8D5612]
	(No symbol) [0x00007FF61E78A64B]
	(No symbol) [0x00007FF61E76A9F5]
	(No symbol) [0x00007FF61E7F0887]
	(No symbol) [0x00007FF61E8043CF]
	(No symbol) [0x00007FF61E7EBC43]
	(No symbol) [0x00007FF61E7C0941]
	(No symbol) [0x00007FF61E7C1B84]
	GetHandleVerifier [0x00007FF61ECB7F52+3524194]
	GetHandleVerifier [0x00007FF61ED0D800+3874576]
	GetHandleVerifier [0x00007FF61ED05D7F+3843215]
	GetHandleVerifier [0x00007FF61EA05086+694166]
	(No symbol) [0x00007FF61E8E0A88]
	(No symbol) [0x00007FF61E8DCA94]
	(No symbol) [0x00007FF61E8DCBC2]
	(No symbol) [0x00007FF61E8CCC83]
	BaseThreadInitThunk [0x00007FFF7372257D+29]
	RtlUserThreadStart [0x00007FFF7426AA78+40]
</msg>
<msg timestamp="20231025 18:26:19.377" level="FAIL">NoSuchWindowException: Message: no such window: target window already closed
from unknown error: web view not found
  (Session info: chrome=118.0.5993.89)
Stacktrace:
	GetHandleVerifier [0x00007FF61E968EF2+54786]
	(No symbol) [0x00007FF61E8D5612]
	(No symbol) [0x00007FF61E78A64B]
	(No symbol) [0x00007FF61E76A9F5]
	(No symbol) [0x00007FF61E7F0887]
	(No symbol) [0x00007FF61E8043CF]
	(No symbol) [0x00007FF61E7EBC43]
	(No symbol) [0x00007FF61E7C0941]
	(No symbol) [0x00007FF61E7C1B84]
	GetHandleVerifier [0x00007FF61ECB7F52+3524194]
	GetHandleVerifier [0x00007FF61ED0D800+3874576]
	GetHandleVerifier [0x00007FF61ED05D7F+3843215]
	GetHandleVerifier [0x00007FF61EA05086+694166]
	(No symbol) [0x00007FF61E8E0A88]
	(No symbol) [0x00007FF61E8DCA94]
	(No symbol) [0x00007FF61E8DCBC2]
	(No symbol) [0x00007FF61E8CCC83]
	BaseThreadInitThunk [0x00007FFF7372257D+29]
	RtlUserThreadStart [0x00007FFF7426AA78+40]
</msg>
<status status="FAIL" starttime="20231025 18:26:19.368" endtime="20231025 18:26:19.380"/>
</kw>
<kw name="Click Element" library="SeleniumLibrary">
<arg>locator=//*[text()="Submit Paper Base Loan App"]</arg>
<doc>Click the element identified by ``locator``.</doc>
<status status="NOT RUN" starttime="20231025 18:26:19.381" endtime="20231025 18:26:19.381"/>
</kw>
<kw name="Run Keyword If" library="BuiltIn">
<arg>'${SELECTED_CARD}' == '${CARD_TYPE_CC}'</arg>
<arg>Credit Card</arg>
<doc>Runs the given keyword with the given arguments, if ``condition`` is true.</doc>
<status status="NOT RUN" starttime="20231025 18:26:19.382" endtime="20231025 18:26:19.382"/>
</kw>
<kw name="Run Keyword If" library="BuiltIn">
<arg>'${SELECTED_CARD}' == '${CARD_TYPE_SPC}'</arg>
<arg>Speedy Cash</arg>
<doc>Runs the given keyword with the given arguments, if ``condition`` is true.</doc>
<status status="NOT RUN" starttime="20231025 18:26:19.382" endtime="20231025 18:26:19.382"/>
</kw>
<kw name="Run Keyword If" library="BuiltIn">
<arg>'${SELECTED_CARD}' == '${CARD_TYPE_SPL}'</arg>
<arg>Speedy Loan</arg>
<doc>Runs the given keyword with the given arguments, if ``condition`` is true.</doc>
<status status="NOT RUN" starttime="20231025 18:26:19.383" endtime="20231025 18:26:19.383"/>
</kw>
<kw name="Wait Until Element Is Not Visible" library="SeleniumLibrary">
<arg>locator=//*[text()="Please wait"]</arg>
<doc>Waits until the element ``locator`` is not visible.</doc>
<status status="NOT RUN" starttime="20231025 18:26:19.383" endtime="20231025 18:26:19.383"/>
</kw>
<kw name="Execute Javascript" library="SeleniumLibrary">
<arg>window.scrollTo(0, document.body.scrollHeight);</arg>
<doc>Executes the given JavaScript code with possible arguments.</doc>
<status status="NOT RUN" starttime="20231025 18:26:19.384" endtime="20231025 18:26:19.384"/>
</kw>
<kw name="Click Element" library="SeleniumLibrary">
<arg>locator=//*[text()="Apply"]</arg>
<doc>Click the element identified by ``locator``.</doc>
<status status="NOT RUN" starttime="20231025 18:26:19.385" endtime="20231025 18:26:19.385"/>
</kw>
<kw name="Wait Until Element Is Not Visible" library="SeleniumLibrary">
<arg>locator=//*[text()="Please wait"]</arg>
<doc>Waits until the element ``locator`` is not visible.</doc>
<status status="NOT RUN" starttime="20231025 18:26:19.385" endtime="20231025 18:26:19.385"/>
</kw>
<kw name="Wait Until Element Is Visible" library="SeleniumLibrary">
<arg>locator=//*[text()="Thai"]</arg>
<doc>Waits until the element ``locator`` is visible.</doc>
<status status="NOT RUN" starttime="20231025 18:26:19.386" endtime="20231025 18:26:19.386"/>
</kw>
<kw name="Click Element" library="SeleniumLibrary">
<arg>locator=//*[text()="Thai"]</arg>
<doc>Click the element identified by ``locator``.</doc>
<status status="NOT RUN" starttime="20231025 18:26:19.387" endtime="20231025 18:26:19.387"/>
</kw>
<kw name="Input Text" library="SeleniumLibrary">
<arg>locator=//*[@name="IdcardNumber"]</arg>
<arg>text=${National ID Card Number}</arg>
<doc>Types the given ``text`` into the text field identified by ``locator``.</doc>
<status status="NOT RUN" starttime="20231025 18:26:19.387" endtime="20231025 18:26:19.388"/>
</kw>
<kw name="Input Names To PPB TH" library="Keyword">
<arg>${thaiFirstName}</arg>
<arg>${thaiLastName}</arg>
<status status="NOT RUN" starttime="20231025 18:26:19.388" endtime="20231025 18:26:19.388"/>
</kw>
<kw name="Input Text" library="SeleniumLibrary">
<arg>//*[@name="LaserID"]</arg>
<arg>${Laser ID}</arg>
<doc>Types the given ``text`` into the text field identified by ``locator``.</doc>
<status status="NOT RUN" starttime="20231025 18:26:19.389" endtime="20231025 18:26:19.389"/>
</kw>
<kw name="Click Element" library="SeleniumLibrary">
<arg>locator=(//*[@src="assets/images/vector/calendar.png"])[1]</arg>
<doc>Click the element identified by ``locator``.</doc>
<status status="NOT RUN" starttime="20231025 18:26:19.389" endtime="20231025 18:26:19.390"/>
</kw>
<kw name="Click Element" library="SeleniumLibrary">
<arg>locator=//*[@class="MuiTypography-root MuiPickersToolbarText-toolbarTxt MuiTypography-subtitle1"]</arg>
<doc>Click the element identified by ``locator``.</doc>
<status status="NOT RUN" starttime="20231025 18:26:19.390" endtime="20231025 18:26:19.390"/>
</kw>
<kw name="Click Element" library="SeleniumLibrary">
<arg>locator=//*[@role="button" and text()="1983"]</arg>
<doc>Click the element identified by ``locator``.</doc>
<status status="NOT RUN" starttime="20231025 18:26:19.391" endtime="20231025 18:26:19.391"/>
</kw>
<kw name="Click Element" library="SeleniumLibrary">
<arg>locator=//*[text()="5"]</arg>
<doc>Click the element identified by ``locator``.</doc>
<status status="NOT RUN" starttime="20231025 18:26:19.391" endtime="20231025 18:26:19.391"/>
</kw>
<kw name="Click Element" library="SeleniumLibrary">
<arg>locator=//*[text()="OK"]</arg>
<doc>Click the element identified by ``locator``.</doc>
<status status="NOT RUN" starttime="20231025 18:26:19.393" endtime="20231025 18:26:19.393"/>
</kw>
<kw name="Execute Javascript" library="SeleniumLibrary">
<arg>window.scrollTo(0, document.body.scrollHeight);</arg>
<doc>Executes the given JavaScript code with possible arguments.</doc>
<status status="NOT RUN" starttime="20231025 18:26:19.393" endtime="20231025 18:26:19.393"/>
</kw>
<kw name="Click Element" library="SeleniumLibrary">
<arg>locator=(//*[@src="assets/images/vector/calendar.png"])[2]</arg>
<doc>Click the element identified by ``locator``.</doc>
<status status="NOT RUN" starttime="20231025 18:26:19.393" endtime="20231025 18:26:19.393"/>
</kw>
<kw name="Click Element" library="SeleniumLibrary">
<arg>locator=//*[@class="MuiTypography-root MuiPickersToolbarText-toolbarTxt MuiTypography-subtitle1"]</arg>
<doc>Click the element identified by ``locator``.</doc>
<status status="NOT RUN" starttime="20231025 18:26:19.394" endtime="20231025 18:26:19.394"/>
</kw>
<kw name="Click Element" library="SeleniumLibrary">
<arg>locator=//*[@role="button" and text()="2020"]</arg>
<doc>Click the element identified by ``locator``.</doc>
<status status="NOT RUN" starttime="20231025 18:26:19.394" endtime="20231025 18:26:19.394"/>
</kw>
<kw name="Click Element" library="SeleniumLibrary">
<arg>locator=//*[text()="25"]</arg>
<doc>Click the element identified by ``locator``.</doc>
<status status="NOT RUN" starttime="20231025 18:26:19.395" endtime="20231025 18:26:19.395"/>
</kw>
<kw name="Click Element" library="SeleniumLibrary">
<arg>locator=//*[text()="OK"]</arg>
<doc>Click the element identified by ``locator``.</doc>
<status status="NOT RUN" starttime="20231025 18:26:19.395" endtime="20231025 18:26:19.395"/>
</kw>
<kw name="Click Element" library="SeleniumLibrary">
<arg>locator=(//*[@src="assets/images/vector/calendar.png"])[3]</arg>
<doc>Click the element identified by ``locator``.</doc>
<status status="NOT RUN" starttime="20231025 18:26:19.396" endtime="20231025 18:26:19.396"/>
</kw>
<kw name="Click Element" library="SeleniumLibrary">
<arg>locator=//*[@class="MuiTypography-root MuiPickersToolbarText-toolbarTxt MuiTypography-subtitle1"]</arg>
<doc>Click the element identified by ``locator``.</doc>
<status status="NOT RUN" starttime="20231025 18:26:19.396" endtime="20231025 18:26:19.396"/>
</kw>
<kw name="Click Element" library="SeleniumLibrary">
<arg>locator=//*[@role="button" and text()="2040"]</arg>
<doc>Click the element identified by ``locator``.</doc>
<status status="NOT RUN" starttime="20231025 18:26:19.397" endtime="20231025 18:26:19.397"/>
</kw>
<kw name="Click Element" library="SeleniumLibrary">
<arg>locator=//*[text()="5"]</arg>
<doc>Click the element identified by ``locator``.</doc>
<status status="NOT RUN" starttime="20231025 18:26:19.397" endtime="20231025 18:26:19.397"/>
</kw>
<kw name="Click Element" library="SeleniumLibrary">
<arg>locator=//*[text()="OK"]</arg>
<doc>Click the element identified by ``locator``.</doc>
<status status="NOT RUN" starttime="20231025 18:26:19.398" endtime="20231025 18:26:19.398"/>
</kw>
<kw name="Execute Javascript" library="SeleniumLibrary">
<arg>window.scrollTo(0, document.body.scrollHeight);</arg>
<doc>Executes the given JavaScript code with possible arguments.</doc>
<status status="NOT RUN" starttime="20231025 18:26:19.398" endtime="20231025 18:26:19.398"/>
</kw>
<kw name="Click Element" library="SeleniumLibrary">
<arg>locator=//*[text()="Next"]</arg>
<doc>Click the element identified by ``locator``.</doc>
<status status="NOT RUN" starttime="20231025 18:26:19.399" endtime="20231025 18:26:19.399"/>
</kw>
<kw name="Wait Until Element Is Not Visible" library="SeleniumLibrary">
<arg>locator=//*[text()="Please wait"]</arg>
<doc>Waits until the element ``locator`` is not visible.</doc>
<status status="NOT RUN" starttime="20231025 18:26:19.399" endtime="20231025 18:26:19.399"/>
</kw>
<kw name="Sleep" library="BuiltIn">
<arg>3s</arg>
<doc>Pauses the test executed for the given time.</doc>
<status status="NOT RUN" starttime="20231025 18:26:19.400" endtime="20231025 18:26:19.400"/>
</kw>
<kw name="Run Keyword If" library="BuiltIn">
<arg>'${SELECTED_TYPE}' == '${ETB}'</arg>
<arg>Run Keywords</arg>
<arg>Wait Until Element Is Visible</arg>
<arg>//*[@name="mobileNo"]</arg>
<arg>AND</arg>
<arg>Input Text</arg>
<arg>//*[@name="mobileNo"]</arg>
<arg>${mobileNo}</arg>
<arg>AND</arg>
<arg>Wait Until Element Is Visible</arg>
<arg>locator=//*[text()="Confirm"]</arg>
<arg>AND</arg>
<arg>Click Element</arg>
<arg>locator=//*[text()="Confirm"]</arg>
<doc>Runs the given keyword with the given arguments, if ``condition`` is true.</doc>
<status status="NOT RUN" starttime="20231025 18:26:19.401" endtime="20231025 18:26:19.401"/>
</kw>
<kw name="Run Keyword If" library="BuiltIn">
<arg>'${SELECTED_TYPE}' == '${NTU}'</arg>
<arg>Run Keywords</arg>
<arg>Wait Until Element Is Visible</arg>
<arg>locator=//*[text()="Confirm"]</arg>
<arg>AND</arg>
<arg>Click Element</arg>
<arg>locator=//*[text()="Confirm"]</arg>
<doc>Runs the given keyword with the given arguments, if ``condition`` is true.</doc>
<status status="NOT RUN" starttime="20231025 18:26:19.401" endtime="20231025 18:26:19.401"/>
</kw>
<kw name="Run Keyword If" library="BuiltIn">
<arg>'${SELECTED_CARD}' == '${CARD_TYPE_CC}'</arg>
<arg>IncomeCC</arg>
<doc>Runs the given keyword with the given arguments, if ``condition`` is true.</doc>
<status status="NOT RUN" starttime="20231025 18:26:19.402" endtime="20231025 18:26:19.402"/>
</kw>
<kw name="Wait Until Element Is Visible" library="SeleniumLibrary">
<arg>locator=//*[@id="income"]</arg>
<doc>Waits until the element ``locator`` is visible.</doc>
<status status="NOT RUN" starttime="20231025 18:26:19.402" endtime="20231025 18:26:19.402"/>
</kw>
<kw name="Input Text" library="SeleniumLibrary">
<arg>locator=//*[@id="income"]</arg>
<arg>text=${income}</arg>
<doc>Types the given ``text`` into the text field identified by ``locator``.</doc>
<status status="NOT RUN" starttime="20231025 18:26:19.403" endtime="20231025 18:26:19.403"/>
</kw>
<kw name="Click Element" library="SeleniumLibrary">
<arg>locator=//*[text()="Calculate"]</arg>
<doc>Click the element identified by ``locator``.</doc>
<status status="NOT RUN" starttime="20231025 18:26:19.403" endtime="20231025 18:26:19.404"/>
</kw>
<kw name="Wait Until Element Is Not Visible" library="SeleniumLibrary">
<arg>locator=//*[text()="Please wait"]</arg>
<doc>Waits until the element ``locator`` is not visible.</doc>
<status status="NOT RUN" starttime="20231025 18:26:19.404" endtime="20231025 18:26:19.404"/>
</kw>
<kw name="Execute Javascript" library="SeleniumLibrary">
<arg>window.scrollTo(0, document.body.scrollHeight);</arg>
<doc>Executes the given JavaScript code with possible arguments.</doc>
<status status="NOT RUN" starttime="20231025 18:26:19.405" endtime="20231025 18:26:19.405"/>
</kw>
<kw name="Run Keyword If" library="BuiltIn">
<arg>'${SELECTED_CARD}' == '${CARD_TYPE_SPL}'</arg>
<arg>Drag And Drop By Offset</arg>
<arg>//*[@class="MuiSlider-root jss434 MuiSlider-colorPrimary"]</arg>
<arg>50</arg>
<arg>0</arg>
<doc>Runs the given keyword with the given arguments, if ``condition`` is true.</doc>
<status status="NOT RUN" starttime="20231025 18:26:19.405" endtime="20231025 18:26:19.405"/>
</kw>
<kw name="Wait Until Element Is Not Visible" library="SeleniumLibrary">
<arg>locator=//*[text()="Please wait"]</arg>
<doc>Waits until the element ``locator`` is not visible.</doc>
<status status="NOT RUN" starttime="20231025 18:26:19.405" endtime="20231025 18:26:19.405"/>
</kw>
<kw name="Sleep" library="BuiltIn">
<arg>4s</arg>
<doc>Pauses the test executed for the given time.</doc>
<status status="NOT RUN" starttime="20231025 18:26:19.406" endtime="20231025 18:26:19.406"/>
</kw>
<kw name="Run Keyword If" library="BuiltIn">
<arg>'${SELECTED_CARD}' == '${CARD_TYPE_SPL}'</arg>
<arg>Click Element</arg>
<arg>//*[text()="${installment period}"]</arg>
<doc>Runs the given keyword with the given arguments, if ``condition`` is true.</doc>
<status status="NOT RUN" starttime="20231025 18:26:19.406" endtime="20231025 18:26:19.406"/>
</kw>
<kw name="Wait Until Element Is Not Visible" library="SeleniumLibrary">
<arg>locator=//*[text()="Please wait"]</arg>
<doc>Waits until the element ``locator`` is not visible.</doc>
<status status="NOT RUN" starttime="20231025 18:26:19.406" endtime="20231025 18:26:19.406"/>
</kw>
<kw name="Sleep" library="BuiltIn">
<arg>2s</arg>
<doc>Pauses the test executed for the given time.</doc>
<status status="NOT RUN" starttime="20231025 18:26:19.407" endtime="20231025 18:26:19.407"/>
</kw>
<kw name="Click Element" library="SeleniumLibrary">
<arg>locator=//*[text()="Next"]</arg>
<doc>Click the element identified by ``locator``.</doc>
<status status="NOT RUN" starttime="20231025 18:26:19.407" endtime="20231025 18:26:19.407"/>
</kw>
<kw name="Click Element" library="SeleniumLibrary">
<arg>locator=//*[text()="Confirm"]</arg>
<doc>Click the element identified by ``locator``.</doc>
<status status="NOT RUN" starttime="20231025 18:26:19.408" endtime="20231025 18:26:19.408"/>
</kw>
<kw name="Wait Until Element Is Not Visible" library="SeleniumLibrary">
<arg>locator=//*[text()="Please wait"]</arg>
<doc>Waits until the element ``locator`` is not visible.</doc>
<status status="NOT RUN" starttime="20231025 18:26:19.409" endtime="20231025 18:26:19.409"/>
</kw>
<kw name="Wait Until Element Is Visible" library="SeleniumLibrary">
<arg>locator=//*[@name="passportNumber"]</arg>
<doc>Waits until the element ``locator`` is visible.</doc>
<status status="NOT RUN" starttime="20231025 18:26:19.410" endtime="20231025 18:26:19.410"/>
</kw>
<kw name="Input Text" library="SeleniumLibrary">
<arg>locator=//*[@name="passportNumber"]</arg>
<arg>text=${National ID Card Number}</arg>
<doc>Types the given ``text`` into the text field identified by ``locator``.</doc>
<status status="NOT RUN" starttime="20231025 18:26:19.411" endtime="20231025 18:26:19.411"/>
</kw>
<kw name="Input Text" library="SeleniumLibrary">
<arg>locator=//*[@name="ReferralCode1"]</arg>
<arg>text=${Sales Referral Code 1}</arg>
<doc>Types the given ``text`` into the text field identified by ``locator``.</doc>
<status status="NOT RUN" starttime="20231025 18:26:19.411" endtime="20231025 18:26:19.411"/>
</kw>
<kw name="Execute Javascript" library="SeleniumLibrary">
<arg>window.scrollTo(0, document.body.scrollHeight);</arg>
<doc>Executes the given JavaScript code with possible arguments.</doc>
<status status="NOT RUN" starttime="20231025 18:26:19.412" endtime="20231025 18:26:19.412"/>
</kw>
<kw name="Click Element" library="SeleniumLibrary">
<arg>locator=//*[text()="Next"]</arg>
<doc>Click the element identified by ``locator``.</doc>
<status status="NOT RUN" starttime="20231025 18:26:19.412" endtime="20231025 18:26:19.412"/>
</kw>
<kw name="Wait Until Element Is Not Visible" library="SeleniumLibrary">
<arg>locator=//*[text()="Please wait"]</arg>
<doc>Waits until the element ``locator`` is not visible.</doc>
<status status="NOT RUN" starttime="20231025 18:26:19.413" endtime="20231025 18:26:19.413"/>
</kw>
<kw name="Sleep" library="BuiltIn">
<arg>1s</arg>
<doc>Pauses the test executed for the given time.</doc>
<status status="NOT RUN" starttime="20231025 18:26:19.414" endtime="20231025 18:26:19.414"/>
</kw>
<kw name="Click Element" library="SeleniumLibrary">
<arg>locator=//*[text()="Next"]</arg>
<doc>Click the element identified by ``locator``.</doc>
<status status="NOT RUN" starttime="20231025 18:26:19.414" endtime="20231025 18:26:19.414"/>
</kw>
<kw name="Wait Until Element Is Not Visible" library="SeleniumLibrary">
<arg>locator=//*[text()="Please wait"]</arg>
<arg>timeout=60s</arg>
<doc>Waits until the element ``locator`` is not visible.</doc>
<status status="NOT RUN" starttime="20231025 18:26:19.414" endtime="20231025 18:26:19.416"/>
</kw>
<kw name="Sleep" library="BuiltIn">
<arg>2s</arg>
<doc>Pauses the test executed for the given time.</doc>
<status status="NOT RUN" starttime="20231025 18:26:19.416" endtime="20231025 18:26:19.416"/>
</kw>
<kw name="Execute Javascript" library="SeleniumLibrary">
<arg>window.scrollTo(0, document.body.scrollHeight);</arg>
<doc>Executes the given JavaScript code with possible arguments.</doc>
<status status="NOT RUN" starttime="20231025 18:26:19.417" endtime="20231025 18:26:19.417"/>
</kw>
<kw name="Wait Until Element Is Visible" library="SeleniumLibrary">
<arg>locator=//*[text()="Back to home page"]</arg>
<doc>Waits until the element ``locator`` is visible.</doc>
<status status="NOT RUN" starttime="20231025 18:26:19.418" endtime="20231025 18:26:19.418"/>
</kw>
<kw name="Wait Until Element Is Visible" library="SeleniumLibrary">
<arg>locator=//span[contains(text(), 'DP')]</arg>
<doc>Waits until the element ``locator`` is visible.</doc>
<status status="NOT RUN" starttime="20231025 18:26:19.418" endtime="20231025 18:26:19.418"/>
</kw>
<kw name="Get Text" library="SeleniumLibrary">
<var>${Get_Ref}</var>
<arg>locator=//span[contains(text(), 'DP')]</arg>
<doc>Returns the text value of the element identified by ``locator``.</doc>
<status status="NOT RUN" starttime="20231025 18:26:19.419" endtime="20231025 18:26:19.419"/>
</kw>
<kw name="Log" library="BuiltIn">
<arg>${Get_Ref}</arg>
<doc>Logs the given message with the given level.</doc>
<status status="NOT RUN" starttime="20231025 18:26:19.419" endtime="20231025 18:26:19.419"/>
</kw>
<kw name="Log To Console" library="BuiltIn">
<arg>${Get_Ref}</arg>
<doc>Logs the given message to the console.</doc>
<status status="NOT RUN" starttime="20231025 18:26:19.420" endtime="20231025 18:26:19.420"/>
</kw>
<kw name="Close Browser" library="SeleniumLibrary">
<doc>Closes the current browser.</doc>
<status status="NOT RUN" starttime="20231025 18:26:19.421" endtime="20231025 18:26:19.421"/>
</kw>
<kw name=" Open and login" library="Keyword">
<arg>Username=${Username_uat}</arg>
<arg>Password=${Password_uat}</arg>
<status status="NOT RUN" starttime="20231025 18:26:19.421" endtime="20231025 18:26:19.421"/>
</kw>
<kw name="Wait Until Element Is Visible" library="SeleniumLibrary">
<arg>//*[@aria-label="Search"]</arg>
<doc>Waits until the element ``locator`` is visible.</doc>
<status status="NOT RUN" starttime="20231025 18:26:19.421" endtime="20231025 18:26:19.421"/>
</kw>
<kw name="Sleep" library="BuiltIn">
<arg>6s</arg>
<doc>Pauses the test executed for the given time.</doc>
<status status="NOT RUN" starttime="20231025 18:26:19.421" endtime="20231025 18:26:19.421"/>
</kw>
<kw name="Click Element" library="SeleniumLibrary">
<arg>//*[@aria-label="Search"]</arg>
<doc>Click the element identified by ``locator``.</doc>
<status status="NOT RUN" starttime="20231025 18:26:19.421" endtime="20231025 18:26:19.421"/>
</kw>
<kw name="Wait Until Element Is Visible" library="SeleniumLibrary">
<arg>//*[@type="search" and @placeholder="Search..."]</arg>
<doc>Waits until the element ``locator`` is visible.</doc>
<status status="NOT RUN" starttime="20231025 18:26:19.421" endtime="20231025 18:26:19.421"/>
</kw>
<kw name="Input Text" library="SeleniumLibrary">
<arg>//*[@type="search" and @placeholder="Search..."]</arg>
<arg>${Get_Ref}</arg>
<doc>Types the given ``text`` into the text field identified by ``locator``.</doc>
<status status="NOT RUN" starttime="20231025 18:26:19.421" endtime="20231025 18:26:19.421"/>
</kw>
<kw name="Run Keyword And Return Status" library="BuiltIn">
<var>${status}</var>
<arg>Wait Until Keyword Succeeds</arg>
<arg>3s</arg>
<arg>1s</arg>
<arg>Element Should Be Visible</arg>
<arg>//span[contains(text(), 'Show more results for')]</arg>
<doc>Runs the given keyword with given arguments and returns the status as a Boolean value.</doc>
<status status="NOT RUN" starttime="20231025 18:26:19.421" endtime="20231025 18:26:19.421"/>
</kw>
<kw name="Run Keyword If" library="BuiltIn">
<arg>${status}</arg>
<arg>Reload app no.</arg>
<doc>Runs the given keyword with the given arguments, if ``condition`` is true.</doc>
<status status="NOT RUN" starttime="20231025 18:26:19.422" endtime="20231025 18:26:19.422"/>
</kw>
<kw name="Wait Until Element Is Visible" library="SeleniumLibrary">
<arg>//mark[@class="data-match" and text()="${Get_Ref}"]</arg>
<doc>Waits until the element ``locator`` is visible.</doc>
<status status="NOT RUN" starttime="20231025 18:26:19.422" endtime="20231025 18:26:19.422"/>
</kw>
<kw name="Click Element" library="SeleniumLibrary">
<arg>//mark[@class="data-match" and text()="${Get_Ref}"]</arg>
<doc>Click the element identified by ``locator``.</doc>
<status status="NOT RUN" starttime="20231025 18:26:19.422" endtime="20231025 18:26:19.422"/>
</kw>
<kw name="Sleep" library="BuiltIn">
<arg>7s</arg>
<doc>Pauses the test executed for the given time.</doc>
<status status="NOT RUN" starttime="20231025 18:26:19.423" endtime="20231025 18:26:19.423"/>
</kw>
<kw name="Execute Javascript" library="SeleniumLibrary">
<arg>document.evaluate('//*[@title="Document Upload"]', document, null, XPathResult.FIRST_ORDERED_NODE_TYPE, null).singleNodeValue.click();</arg>
<doc>Executes the given JavaScript code with possible arguments.</doc>
<status status="NOT RUN" starttime="20231025 18:26:19.423" endtime="20231025 18:26:19.423"/>
</kw>
<kw name="Sleep" library="BuiltIn">
<arg>5s</arg>
<doc>Pauses the test executed for the given time.</doc>
<status status="NOT RUN" starttime="20231025 18:26:19.423" endtime="20231025 18:26:19.423"/>
</kw>
<kw name="Switch Window" library="SeleniumLibrary">
<arg>NEW</arg>
<doc>Switches to browser window matching ``locator``.</doc>
<status status="NOT RUN" starttime="20231025 18:26:19.423" endtime="20231025 18:26:19.423"/>
</kw>
<kw name="Wait Until Element Is Not Visible" library="SeleniumLibrary">
<arg>//*[text()="Please wait"]</arg>
<doc>Waits until the element ``locator`` is not visible.</doc>
<status status="NOT RUN" starttime="20231025 18:26:19.423" endtime="20231025 18:26:19.423"/>
</kw>
<kw name="Wait Until Element Is Visible" library="SeleniumLibrary">
<arg>locator=(//*[@class="MuiSvgIcon-root"])[1]</arg>
<doc>Waits until the element ``locator`` is visible.</doc>
<status status="NOT RUN" starttime="20231025 18:26:19.424" endtime="20231025 18:26:19.424"/>
</kw>
<kw name="Click Element" library="SeleniumLibrary">
<arg>locator=(//*[@class="MuiSvgIcon-root"])[1]</arg>
<doc>Click the element identified by ``locator``.</doc>
<status status="NOT RUN" starttime="20231025 18:26:19.424" endtime="20231025 18:26:19.424"/>
</kw>
<kw name="Wait Until Element Is Visible" library="SeleniumLibrary">
<arg>locator=(//*[text()="Upload"])[1]</arg>
<doc>Waits until the element ``locator`` is visible.</doc>
<status status="NOT RUN" starttime="20231025 18:26:19.424" endtime="20231025 18:26:19.424"/>
</kw>
<kw name="Click Element" library="SeleniumLibrary">
<arg>locator=(//*[text()="Upload"])[1]</arg>
<doc>Click the element identified by ``locator``.</doc>
<status status="NOT RUN" starttime="20231025 18:26:19.424" endtime="20231025 18:26:19.424"/>
</kw>
<kw name="Wait Until Element Is Visible" library="SeleniumLibrary">
<arg>locator=//*[text()="Add photo"]</arg>
<doc>Waits until the element ``locator`` is visible.</doc>
<status status="NOT RUN" starttime="20231025 18:26:19.424" endtime="20231025 18:26:19.424"/>
</kw>
<kw name="Choose File" library="SeleniumLibrary">
<arg>id=selectImage</arg>
<arg>file_path=D:\\test.jpg</arg>
<doc>Inputs the ``file_path`` into the file input field ``locator``.</doc>
<status status="NOT RUN" starttime="20231025 18:26:19.424" endtime="20231025 18:26:19.424"/>
</kw>
<kw name="Execute Javascript" library="SeleniumLibrary">
<arg>window.scrollTo(0, document.body.scrollHeight);</arg>
<doc>Executes the given JavaScript code with possible arguments.</doc>
<status status="NOT RUN" starttime="20231025 18:26:19.425" endtime="20231025 18:26:19.425"/>
</kw>
<kw name="Wait Until Element Is Visible" library="SeleniumLibrary">
<arg>locator=//*[text()="Done"]</arg>
<doc>Waits until the element ``locator`` is visible.</doc>
<status status="NOT RUN" starttime="20231025 18:26:19.425" endtime="20231025 18:26:19.425"/>
</kw>
<kw name="Click Element" library="SeleniumLibrary">
<arg>locator=//*[text()="Done"]</arg>
<doc>Click the element identified by ``locator``.</doc>
<status status="NOT RUN" starttime="20231025 18:26:19.425" endtime="20231025 18:26:19.425"/>
</kw>
<kw name="Execute Javascript" library="SeleniumLibrary">
<arg>window.scrollTo(0, document.body.scrollHeight);</arg>
<doc>Executes the given JavaScript code with possible arguments.</doc>
<status status="NOT RUN" starttime="20231025 18:26:19.425" endtime="20231025 18:26:19.425"/>
</kw>
<kw name="Wait Until Element Is Visible" library="SeleniumLibrary">
<arg>locator=//*[text()="Submit document"]</arg>
<doc>Waits until the element ``locator`` is visible.</doc>
<status status="NOT RUN" starttime="20231025 18:26:19.426" endtime="20231025 18:26:19.426"/>
</kw>
<kw name="Click Element" library="SeleniumLibrary">
<arg>locator=//*[text()="Submit document"]</arg>
<doc>Click the element identified by ``locator``.</doc>
<status status="NOT RUN" starttime="20231025 18:26:19.426" endtime="20231025 18:26:19.426"/>
</kw>
<kw name="Sleep" library="BuiltIn">
<arg>3s</arg>
<doc>Pauses the test executed for the given time.</doc>
<status status="NOT RUN" starttime="20231025 18:26:19.426" endtime="20231025 18:26:19.426"/>
</kw>
<kw name="Wait Until Element Is Visible" library="SeleniumLibrary">
<arg>locator=//*[text()="Confirm"]</arg>
<doc>Waits until the element ``locator`` is visible.</doc>
<status status="NOT RUN" starttime="20231025 18:26:19.426" endtime="20231025 18:26:19.426"/>
</kw>
<kw name="Sleep" library="BuiltIn">
<arg>3s</arg>
<doc>Pauses the test executed for the given time.</doc>
<status status="NOT RUN" starttime="20231025 18:26:19.427" endtime="20231025 18:26:19.427"/>
</kw>
<kw name="Click Element" library="SeleniumLibrary">
<arg>locator=//*[text()="Confirm"]</arg>
<doc>Click the element identified by ``locator``.</doc>
<status status="NOT RUN" starttime="20231025 18:26:19.427" endtime="20231025 18:26:19.427"/>
</kw>
<kw name="Wait Until Element Is Not Visible" library="SeleniumLibrary">
<arg>locator=//*[text()="Please wait"]</arg>
<doc>Waits until the element ``locator`` is not visible.</doc>
<status status="NOT RUN" starttime="20231025 18:26:19.427" endtime="20231025 18:26:19.427"/>
</kw>
<kw name="Switch Window" library="SeleniumLibrary">
<arg>MAIN</arg>
<doc>Switches to browser window matching ``locator``.</doc>
<status status="NOT RUN" starttime="20231025 18:26:19.428" endtime="20231025 18:26:19.428"/>
</kw>
<for flavor="IN RANGE">
<var>${i}</var>
<value>20</value>
<iter>
<var name="${i}"/>
<kw name="Click Element" library="SeleniumLibrary">
<arg>//button[@title='Actions for ${Get_Ref} | Loan Application']</arg>
<doc>Click the element identified by ``locator``.</doc>
<status status="NOT RUN" starttime="20231025 18:26:19.428" endtime="20231025 18:26:19.428"/>
</kw>
<kw name="Wait Until Element Is Visible" library="SeleniumLibrary">
<arg>${REFRESH_XPATH}</arg>
<doc>Waits until the element ``locator`` is visible.</doc>
<status status="NOT RUN" starttime="20231025 18:26:19.428" endtime="20231025 18:26:19.428"/>
</kw>
<kw name="Click Element" library="SeleniumLibrary">
<arg>${REFRESH_XPATH}</arg>
<doc>Click the element identified by ``locator``.</doc>
<status status="NOT RUN" starttime="20231025 18:26:19.428" endtime="20231025 18:26:19.428"/>
</kw>
<kw name="Run Keyword And Return Status" library="BuiltIn">
<var>${isFound}</var>
<arg>Element Should Be Visible</arg>
<arg>${Check status Pending-DataMaker}</arg>
<doc>Runs the given keyword with given arguments and returns the status as a Boolean value.</doc>
<status status="NOT RUN" starttime="20231025 18:26:19.428" endtime="20231025 18:26:19.428"/>
</kw>
<kw name="Exit For Loop If" library="BuiltIn">
<arg>${isFound}</arg>
<doc>Stops executing the enclosing FOR loop if the ``condition`` is true.</doc>
<status status="NOT RUN" starttime="20231025 18:26:19.428" endtime="20231025 18:26:19.428"/>
</kw>
<kw name="Sleep" library="BuiltIn">
<arg>5s</arg>
<doc>Pauses the test executed for the given time.</doc>
<status status="NOT RUN" starttime="20231025 18:26:19.428" endtime="20231025 18:26:19.428"/>
</kw>
<status status="NOT RUN" starttime="20231025 18:26:19.428" endtime="20231025 18:26:19.428"/>
</iter>
<status status="NOT RUN" starttime="20231025 18:26:19.428" endtime="20231025 18:26:19.428"/>
</for>
<kw name="Close Browser" library="SeleniumLibrary">
<doc>Closes the current browser.</doc>
<status status="NOT RUN" starttime="20231025 18:26:19.429" endtime="20231025 18:26:19.429"/>
</kw>
<kw name=" Open and login" library="Keyword">
<arg>Username=${Username_uat}</arg>
<arg>Password=${Password_uat}</arg>
<status status="NOT RUN" starttime="20231025 18:26:19.429" endtime="20231025 18:26:19.429"/>
</kw>
<kw name="Wait Until Element Is Visible" library="SeleniumLibrary">
<arg>//*[@aria-label="Search"]</arg>
<doc>Waits until the element ``locator`` is visible.</doc>
<status status="NOT RUN" starttime="20231025 18:26:19.429" endtime="20231025 18:26:19.429"/>
</kw>
<kw name="Sleep" library="BuiltIn">
<arg>6s</arg>
<doc>Pauses the test executed for the given time.</doc>
<status status="NOT RUN" starttime="20231025 18:26:19.429" endtime="20231025 18:26:19.429"/>
</kw>
<kw name="Click Element" library="SeleniumLibrary">
<arg>//*[@aria-label="Search"]</arg>
<doc>Click the element identified by ``locator``.</doc>
<status status="NOT RUN" starttime="20231025 18:26:19.429" endtime="20231025 18:26:19.429"/>
</kw>
<kw name="Wait Until Element Is Visible" library="SeleniumLibrary">
<arg>//*[@type="search" and @placeholder="Search..."]</arg>
<doc>Waits until the element ``locator`` is visible.</doc>
<status status="NOT RUN" starttime="20231025 18:26:19.430" endtime="20231025 18:26:19.430"/>
</kw>
<kw name="Input Text" library="SeleniumLibrary">
<arg>//*[@type="search" and @placeholder="Search..."]</arg>
<arg>${Get_Ref}</arg>
<doc>Types the given ``text`` into the text field identified by ``locator``.</doc>
<status status="NOT RUN" starttime="20231025 18:26:19.430" endtime="20231025 18:26:19.430"/>
</kw>
<kw name="Wait Until Element Is Visible" library="SeleniumLibrary">
<arg>//mark[@class="data-match" and text()="${Get_Ref}"]</arg>
<doc>Waits until the element ``locator`` is visible.</doc>
<status status="NOT RUN" starttime="20231025 18:26:19.430" endtime="20231025 18:26:19.430"/>
</kw>
<kw name="Click Element" library="SeleniumLibrary">
<arg>//mark[@class="data-match" and text()="${Get_Ref}"]</arg>
<doc>Click the element identified by ``locator``.</doc>
<status status="NOT RUN" starttime="20231025 18:26:19.430" endtime="20231025 18:26:19.430"/>
</kw>
<kw name="Sleep" library="BuiltIn">
<arg>4s</arg>
<doc>Pauses the test executed for the given time.</doc>
<status status="NOT RUN" starttime="20231025 18:26:19.430" endtime="20231025 18:26:19.430"/>
</kw>
<kw name="Execute Javascript" library="SeleniumLibrary">
<arg>document.evaluate("${NEXT_BUTTON}", document, null, XPathResult.FIRST_ORDERED_NODE_TYPE, null).singleNodeValue.click()</arg>
<doc>Executes the given JavaScript code with possible arguments.</doc>
<status status="NOT RUN" starttime="20231025 18:26:19.430" endtime="20231025 18:26:19.430"/>
</kw>
<kw name="Select Frame" library="SeleniumLibrary">
<arg>css=iframe.insext-popup</arg>
<doc>Sets frame identified by ``locator`` as the current frame.</doc>
<status status="NOT RUN" starttime="20231025 18:26:19.431" endtime="20231025 18:26:19.431"/>
</kw>
<kw name="Wait Until Element Is Visible" library="SeleniumLibrary">
<arg>//li[@data-aspect='users']</arg>
<doc>Waits until the element ``locator`` is visible.</doc>
<status status="NOT RUN" starttime="20231025 18:26:19.431" endtime="20231025 18:26:19.431"/>
</kw>
<kw name="Click Element" library="SeleniumLibrary">
<arg>//li[@data-aspect='users']</arg>
<doc>Click the element identified by ``locator``.</doc>
<status status="NOT RUN" starttime="20231025 18:26:19.431" endtime="20231025 18:26:19.431"/>
</kw>
<kw name="Click Element" library="SeleniumLibrary">
<arg>//*[@class="all-data-input"]</arg>
<doc>Click the element identified by ``locator``.</doc>
<status status="NOT RUN" starttime="20231025 18:26:19.431" endtime="20231025 18:26:19.431"/>
</kw>
<kw name="Input Text" library="SeleniumLibrary">
<arg>//*[@class="all-data-input"]</arg>
<arg>Data Entry Maker AuthLevel30</arg>
<doc>Types the given ``text`` into the text field identified by ``locator``.</doc>
<status status="NOT RUN" starttime="20231025 18:26:19.431" endtime="20231025 18:26:19.431"/>
</kw>
<kw name="Wait Until Element Is Visible" library="SeleniumLibrary">
<arg>locator=//mark[contains(text(), 'Data Entry Maker AuthLevel30')]</arg>
<doc>Waits until the element ``locator`` is visible.</doc>
<status status="NOT RUN" starttime="20231025 18:26:19.431" endtime="20231025 18:26:19.432"/>
</kw>
<kw name="Click Element" library="SeleniumLibrary">
<arg>locator=//mark[contains(text(), 'Data Entry Maker AuthLevel30')]</arg>
<doc>Click the element identified by ``locator``.</doc>
<status status="NOT RUN" starttime="20231025 18:26:19.433" endtime="20231025 18:26:19.433"/>
</kw>
<kw name="Wait Until Element Is Visible" library="SeleniumLibrary">
<arg>locator=//*[@class="button button-secondary" and text()="Try login as"]</arg>
<doc>Waits until the element ``locator`` is visible.</doc>
<status status="NOT RUN" starttime="20231025 18:26:19.433" endtime="20231025 18:26:19.433"/>
</kw>
<kw name="Click Element" library="SeleniumLibrary">
<arg>locator=//*[@class="button button-secondary" and text()="Try login as"]</arg>
<doc>Click the element identified by ``locator``.</doc>
<status status="NOT RUN" starttime="20231025 18:26:19.433" endtime="20231025 18:26:19.433"/>
</kw>
<kw name="Execute Javascript" library="SeleniumLibrary">
<var>${element1}</var>
<arg>return document.evaluate('//*[@type="button" and @title="Show Navigation Menu"]', document, null, XPathResult.FIRST_ORDERED_NODE_TYPE, null).singleNodeValue;</arg>
<doc>Executes the given JavaScript code with possible arguments.</doc>
<status status="NOT RUN" starttime="20231025 18:26:19.433" endtime="20231025 18:26:19.433"/>
</kw>
<kw name="Should Not Be Equal" library="BuiltIn">
<arg>${element1}</arg>
<arg>None</arg>
<arg>msg=Element not found.</arg>
<doc>Fails if the given objects are equal.</doc>
<status status="NOT RUN" starttime="20231025 18:26:19.433" endtime="20231025 18:26:19.433"/>
</kw>
<kw name="Run Keyword And Return Status" library="BuiltIn">
<var>${EN}</var>
<arg>Wait Until Element Is Visible</arg>
<arg>//*[@type="button" and @title="Show Navigation Menu"]</arg>
<arg>5s</arg>
<doc>Runs the given keyword with given arguments and returns the status as a Boolean value.</doc>
<status status="NOT RUN" starttime="20231025 18:26:19.434" endtime="20231025 18:26:19.434"/>
</kw>
<kw name="Run Keyword And Return Status" library="BuiltIn">
<var>${TH}</var>
<arg>Wait Until Element Is Visible</arg>
<arg>//*[@type="button" and @title="แสดงเมนูการนำทาง"]</arg>
<arg>5s</arg>
<doc>Runs the given keyword with given arguments and returns the status as a Boolean value.</doc>
<status status="NOT RUN" starttime="20231025 18:26:19.434" endtime="20231025 18:26:19.434"/>
</kw>
<kw name="Wait Until Keyword Succeeds" library="BuiltIn">
<arg>3x</arg>
<arg>10s</arg>
<arg>Log</arg>
<arg>Waiting for elements...</arg>
<doc>Runs the specified keyword and retries if it fails.</doc>
<status status="NOT RUN" starttime="20231025 18:26:19.434" endtime="20231025 18:26:19.434"/>
</kw>
<kw name="Run Keyword If" library="BuiltIn">
<arg>${TH}</arg>
<arg>Run Keywords</arg>
<arg>Check For Elements language</arg>
<arg>AND</arg>
<arg>Wait Until Element Is Visible</arg>
<arg>(//span[@class='title slds-truncate' and text()='${Get_Ref} | Loan Application'])[1]</arg>
<arg>AND</arg>
<arg>Click Element</arg>
<arg>(//span[@class='title slds-truncate' and text()='${Get_Ref} | Loan Application'])[1]</arg>
<arg>AND</arg>
<arg>Sleep</arg>
<arg>4s</arg>
<doc>Runs the given keyword with the given arguments, if ``condition`` is true.</doc>
<status status="NOT RUN" starttime="20231025 18:26:19.434" endtime="20231025 18:26:19.434"/>
</kw>
<kw name="Wait Until Element Is Visible" library="SeleniumLibrary">
<arg>locator=//*[@class="slds-button__icon slds-button__icon_hint"]</arg>
<doc>Waits until the element ``locator`` is visible.</doc>
<status status="NOT RUN" starttime="20231025 18:26:19.434" endtime="20231025 18:26:19.434"/>
</kw>
<kw name="Click Element" library="SeleniumLibrary">
<arg>locator=//*[@class="slds-button__icon slds-button__icon_hint"]</arg>
<doc>Click the element identified by ``locator``.</doc>
<status status="NOT RUN" starttime="20231025 18:26:19.435" endtime="20231025 18:26:19.435"/>
</kw>
<kw name="Wait Until Element Is Visible" library="SeleniumLibrary">
<arg>locator=//*[@class="primaryLabel slds-truncate slds-lookup__result-text" and text()="Data Entry Maker AuthLevel30"]</arg>
<doc>Waits until the element ``locator`` is visible.</doc>
<status status="NOT RUN" starttime="20231025 18:26:19.435" endtime="20231025 18:26:19.435"/>
</kw>
<kw name="Click Element" library="SeleniumLibrary">
<arg>locator=//*[@class="primaryLabel slds-truncate slds-lookup__result-text" and text()="Data Entry Maker AuthLevel30"]</arg>
<doc>Click the element identified by ``locator``.</doc>
<status status="NOT RUN" starttime="20231025 18:26:19.435" endtime="20231025 18:26:19.435"/>
</kw>
<kw name="Wait Until Element Is Visible" library="SeleniumLibrary">
<arg>locator=//*[@value="change owner"]</arg>
<doc>Waits until the element ``locator`` is visible.</doc>
<status status="NOT RUN" starttime="20231025 18:26:19.435" endtime="20231025 18:26:19.435"/>
</kw>
<kw name="Click Element" library="SeleniumLibrary">
<arg>locator=//*[@value="change owner"]</arg>
<doc>Click the element identified by ``locator``.</doc>
<status status="NOT RUN" starttime="20231025 18:26:19.435" endtime="20231025 18:26:19.435"/>
</kw>
<kw name="Wait Until Element Is Not Visible" library="SeleniumLibrary">
<arg>locator=//*[@value="change owner"]</arg>
<doc>Waits until the element ``locator`` is not visible.</doc>
<status status="NOT RUN" starttime="20231025 18:26:19.435" endtime="20231025 18:26:19.435"/>
</kw>
<kw name="Wait Until Element Is Visible" library="SeleniumLibrary">
<arg>locator=//*[@title="Fill in application"]</arg>
<doc>Waits until the element ``locator`` is visible.</doc>
<status status="NOT RUN" starttime="20231025 18:26:19.436" endtime="20231025 18:26:19.436"/>
</kw>
<kw name="Sleep" library="BuiltIn">
<arg>7s</arg>
<doc>Pauses the test executed for the given time.</doc>
<status status="NOT RUN" starttime="20231025 18:26:19.436" endtime="20231025 18:26:19.436"/>
</kw>
<kw name="Execute Javascript" library="SeleniumLibrary">
<arg>document.evaluate('//*[@title="Fill in application"]', document, null, XPathResult.FIRST_ORDERED_NODE_TYPE, null).singleNodeValue.click();</arg>
<doc>Executes the given JavaScript code with possible arguments.</doc>
<status status="NOT RUN" starttime="20231025 18:26:19.437" endtime="20231025 18:26:19.437"/>
</kw>
<kw name="Sleep" library="BuiltIn">
<arg>5s</arg>
<doc>Pauses the test executed for the given time.</doc>
<status status="NOT RUN" starttime="20231025 18:26:19.437" endtime="20231025 18:26:19.437"/>
</kw>
<kw name="Switch Window" library="SeleniumLibrary">
<arg>NEW</arg>
<doc>Switches to browser window matching ``locator``.</doc>
<status status="NOT RUN" starttime="20231025 18:26:19.438" endtime="20231025 18:26:19.438"/>
</kw>
<kw name="Wait Until Element Is Not Visible" library="SeleniumLibrary">
<arg>locator=//*[text()="Please wait"]</arg>
<doc>Waits until the element ``locator`` is not visible.</doc>
<status status="NOT RUN" starttime="20231025 18:26:19.438" endtime="20231025 18:26:19.438"/>
</kw>
<kw name="Wait Until Element Is Visible" library="SeleniumLibrary">
<arg>locator=//*[@placeholder="Select title"]</arg>
<doc>Waits until the element ``locator`` is visible.</doc>
<status status="NOT RUN" starttime="20231025 18:26:19.438" endtime="20231025 18:26:19.438"/>
</kw>
<kw name="Wait Until Element Is Not Visible" library="SeleniumLibrary">
<arg>locator=//*[text()="Please wait"]</arg>
<doc>Waits until the element ``locator`` is not visible.</doc>
<status status="NOT RUN" starttime="20231025 18:26:19.439" endtime="20231025 18:26:19.439"/>
</kw>
<kw name="Random Title and Gender" library="Keyword">
<status status="NOT RUN" starttime="20231025 18:26:19.439" endtime="20231025 18:26:19.439"/>
</kw>
<kw name="Execute Javascript" library="SeleniumLibrary">
<arg>window.scrollBy(0, window.innerHeight * 0.5);</arg>
<doc>Executes the given JavaScript code with possible arguments.</doc>
<status status="NOT RUN" starttime="20231025 18:26:19.439" endtime="20231025 18:26:19.439"/>
</kw>
<kw name="Press Keys" library="SeleniumLibrary">
<arg>//*[@name="firstNameEn"]</arg>
<arg>CTRL+a+DELETE</arg>
<doc>Simulates the user pressing key(s) to an element or on the active browser.</doc>
<status status="NOT RUN" starttime="20231025 18:26:19.439" endtime="20231025 18:26:19.439"/>
</kw>
<kw name="Input Text" library="SeleniumLibrary">
<arg>//*[@name="firstNameEn"]</arg>
<arg>alonggorn</arg>
<doc>Types the given ``text`` into the text field identified by ``locator``.</doc>
<status status="NOT RUN" starttime="20231025 18:26:19.439" endtime="20231025 18:26:19.441"/>
</kw>
<kw name="Press Keys" library="SeleniumLibrary">
<arg>//*[@name="lastNameEn"]</arg>
<arg>CTRL+a+DELETE</arg>
<doc>Simulates the user pressing key(s) to an element or on the active browser.</doc>
<status status="NOT RUN" starttime="20231025 18:26:19.441" endtime="20231025 18:26:19.441"/>
</kw>
<kw name="Input Text" library="SeleniumLibrary">
<arg>//*[@name="lastNameEn"]</arg>
<arg>deejung</arg>
<doc>Types the given ``text`` into the text field identified by ``locator``.</doc>
<status status="NOT RUN" starttime="20231025 18:26:19.441" endtime="20231025 18:26:19.441"/>
</kw>
<kw name="Click Element" library="SeleniumLibrary">
<arg>locator=//*[@placeholder="Select education level"]</arg>
<doc>Click the element identified by ``locator``.</doc>
<status status="NOT RUN" starttime="20231025 18:26:19.441" endtime="20231025 18:26:19.441"/>
</kw>
<kw name="Input Text" library="SeleniumLibrary">
<arg>locator=(//*[@placeholder="Select education level"])[2]</arg>
<arg>text=BACHELOR'S DEGREE</arg>
<doc>Types the given ``text`` into the text field identified by ``locator``.</doc>
<status status="NOT RUN" starttime="20231025 18:26:19.441" endtime="20231025 18:26:19.441"/>
</kw>
<kw name="Click Element" library="SeleniumLibrary">
<arg>locator=//*[text()="BACHELOR'S DEGREE"]</arg>
<doc>Click the element identified by ``locator``.</doc>
<status status="NOT RUN" starttime="20231025 18:26:19.441" endtime="20231025 18:26:19.441"/>
</kw>
<kw name="Click Element" library="SeleniumLibrary">
<arg>locator=//*[@placeholder="Select marital status"]</arg>
<doc>Click the element identified by ``locator``.</doc>
<status status="NOT RUN" starttime="20231025 18:26:19.442" endtime="20231025 18:26:19.442"/>
</kw>
<kw name="Input Text" library="SeleniumLibrary">
<arg>locator=(//*[@placeholder="Select marital status"])[2]</arg>
<arg>text=SINGLE</arg>
<doc>Types the given ``text`` into the text field identified by ``locator``.</doc>
<status status="NOT RUN" starttime="20231025 18:26:19.442" endtime="20231025 18:26:19.442"/>
</kw>
<kw name="Click Element" library="SeleniumLibrary">
<arg>locator=//*[text()="SINGLE"]</arg>
<doc>Click the element identified by ``locator``.</doc>
<status status="NOT RUN" starttime="20231025 18:26:19.442" endtime="20231025 18:26:19.442"/>
</kw>
<kw name="Run Keyword If" library="BuiltIn">
<arg>'${SELECTED_TYPE}' == '${NTU}'</arg>
<arg>Input Text</arg>
<arg>//*[@placeholder="Input mobile number"]</arg>
<arg>${mobileNo}</arg>
<doc>Runs the given keyword with the given arguments, if ``condition`` is true.</doc>
<status status="NOT RUN" starttime="20231025 18:26:19.442" endtime="20231025 18:26:19.442"/>
</kw>
<kw name="Press Keys" library="SeleniumLibrary">
<arg>//input[@name="emailAddressForStatement"]</arg>
<arg>CTRL+a+DELETE</arg>
<doc>Simulates the user pressing key(s) to an element or on the active browser.</doc>
<status status="NOT RUN" starttime="20231025 18:26:19.442" endtime="20231025 18:26:19.442"/>
</kw>
<kw name="Input Text" library="SeleniumLibrary">
<arg>locator=//*[@inputmode="email"]</arg>
<arg>text=Testdata01_spc0363@gmail.com</arg>
<doc>Types the given ``text`` into the text field identified by ``locator``.</doc>
<status status="NOT RUN" starttime="20231025 18:26:19.443" endtime="20231025 18:26:19.443"/>
</kw>
<kw name="Click Element" library="SeleniumLibrary">
<arg>locator=//*[@placeholder="Input address"]</arg>
<doc>Click the element identified by ``locator``.</doc>
<status status="NOT RUN" starttime="20231025 18:26:19.443" endtime="20231025 18:26:19.443"/>
</kw>
<kw name="Wait Until Element Is Visible" library="SeleniumLibrary">
<arg>locator=//*[text()="Building address"]</arg>
<doc>Waits until the element ``locator`` is visible.</doc>
<status status="NOT RUN" starttime="20231025 18:26:19.443" endtime="20231025 18:26:19.443"/>
</kw>
<kw name="Click Element" library="SeleniumLibrary">
<arg>locator=//*[text()="Building address"]</arg>
<doc>Click the element identified by ``locator``.</doc>
<status status="NOT RUN" starttime="20231025 18:26:19.443" endtime="20231025 18:26:19.443"/>
</kw>
<kw name="Generate Random House Number" library="Keyword">
<var>${random_number}</var>
<status status="NOT RUN" starttime="20231025 18:26:19.444" endtime="20231025 18:26:19.444"/>
</kw>
<kw name="Generate Random House Number 2" library="Keyword">
<var>${random_number2}</var>
<status status="NOT RUN" starttime="20231025 18:26:19.444" endtime="20231025 18:26:19.444"/>
</kw>
<kw name="Input Text" library="SeleniumLibrary">
<arg>//*[@id="addressNumber"]</arg>
<arg>${random_number}/${random_number2}</arg>
<doc>Types the given ``text`` into the text field identified by ``locator``.</doc>
<status status="NOT RUN" starttime="20231025 18:26:19.445" endtime="20231025 18:26:19.445"/>
</kw>
<kw name="Random Building Name" library="Keyword">
<var>${building}</var>
<status status="NOT RUN" starttime="20231025 18:26:19.445" endtime="20231025 18:26:19.445"/>
</kw>
<kw name="Log" library="BuiltIn">
<arg>${building}</arg>
<doc>Logs the given message with the given level.</doc>
<status status="NOT RUN" starttime="20231025 18:26:19.446" endtime="20231025 18:26:19.446"/>
</kw>
<kw name="Input Text" library="SeleniumLibrary">
<arg>locator=//*[@id="building"]</arg>
<arg>text=${building}</arg>
<doc>Types the given ``text`` into the text field identified by ``locator``.</doc>
<status status="NOT RUN" starttime="20231025 18:26:19.446" endtime="20231025 18:26:19.447"/>
</kw>
<kw name="Generate Random String" library="String">
<var>${random_moo}</var>
<arg>1</arg>
<arg>123456789</arg>
<doc>Generates a string with a desired ``length`` from the given ``chars``.</doc>
<status status="NOT RUN" starttime="20231025 18:26:19.447" endtime="20231025 18:26:19.447"/>
</kw>
<kw name="Log" library="BuiltIn">
<arg>${random_moo}</arg>
<doc>Logs the given message with the given level.</doc>
<status status="NOT RUN" starttime="20231025 18:26:19.448" endtime="20231025 18:26:19.448"/>
</kw>
<kw name="Input Text" library="SeleniumLibrary">
<arg>locator=//*[@id="moo"]</arg>
<arg>text=${random_moo}</arg>
<doc>Types the given ``text`` into the text field identified by ``locator``.</doc>
<status status="NOT RUN" starttime="20231025 18:26:19.448" endtime="20231025 18:26:19.448"/>
</kw>
<kw name="Click Element" library="SeleniumLibrary">
<arg>locator=//*[@placeholder="Input sub-district, district, province, postal code"]</arg>
<doc>Click the element identified by ``locator``.</doc>
<status status="NOT RUN" starttime="20231025 18:26:19.449" endtime="20231025 18:26:19.449"/>
</kw>
<kw name="Wait Until Element Is Visible" library="SeleniumLibrary">
<arg>locator=//*[text()="BANGKOK"]</arg>
<doc>Waits until the element ``locator`` is visible.</doc>
<status status="NOT RUN" starttime="20231025 18:26:19.449" endtime="20231025 18:26:19.449"/>
</kw>
<kw name="Click Element" library="SeleniumLibrary">
<arg>locator=//*[text()="BANGKOK"]</arg>
<doc>Click the element identified by ``locator``.</doc>
<status status="NOT RUN" starttime="20231025 18:26:19.449" endtime="20231025 18:26:19.449"/>
</kw>
<kw name="Input Text" library="SeleniumLibrary">
<arg>locator=//*[@placeholder="Search"]</arg>
<arg>text=DUSIT</arg>
<doc>Types the given ``text`` into the text field identified by ``locator``.</doc>
<status status="NOT RUN" starttime="20231025 18:26:19.450" endtime="20231025 18:26:19.450"/>
</kw>
<kw name="Wait Until Element Is Visible" library="SeleniumLibrary">
<arg>locator=//*[text()="DUSIT"]</arg>
<doc>Waits until the element ``locator`` is visible.</doc>
<status status="NOT RUN" starttime="20231025 18:26:19.450" endtime="20231025 18:26:19.450"/>
</kw>
<kw name="Click Element" library="SeleniumLibrary">
<arg>locator=//*[text()="DUSIT"]</arg>
<doc>Click the element identified by ``locator``.</doc>
<status status="NOT RUN" starttime="20231025 18:26:19.451" endtime="20231025 18:26:19.451"/>
</kw>
<kw name="Wait Until Element Is Visible" library="SeleniumLibrary">
<arg>locator=//*[text()="DUSIT"]</arg>
<doc>Waits until the element ``locator`` is visible.</doc>
<status status="NOT RUN" starttime="20231025 18:26:19.451" endtime="20231025 18:26:19.451"/>
</kw>
<kw name="Click Element" library="SeleniumLibrary">
<arg>locator=//*[text()="DUSIT"]</arg>
<doc>Click the element identified by ``locator``.</doc>
<status status="NOT RUN" starttime="20231025 18:26:19.451" endtime="20231025 18:26:19.451"/>
</kw>
<kw name="Wait Until Element Is Visible" library="SeleniumLibrary">
<arg>locator=//*[text()="10300"]</arg>
<doc>Waits until the element ``locator`` is visible.</doc>
<status status="NOT RUN" starttime="20231025 18:26:19.452" endtime="20231025 18:26:19.452"/>
</kw>
<kw name="Click Element" library="SeleniumLibrary">
<arg>locator=//*[text()="10300"]</arg>
<doc>Click the element identified by ``locator``.</doc>
<status status="NOT RUN" starttime="20231025 18:26:19.452" endtime="20231025 18:26:19.452"/>
</kw>
<kw name="Click Element" library="SeleniumLibrary">
<arg>locator=(//*[@class="MuiButton-label"])[2]</arg>
<doc>Click the element identified by ``locator``.</doc>
<status status="NOT RUN" starttime="20231025 18:26:19.452" endtime="20231025 18:26:19.452"/>
</kw>
<kw name="Execute Javascript" library="SeleniumLibrary">
<arg>window.scrollBy(0, window.innerHeight * 0.8);</arg>
<doc>Executes the given JavaScript code with possible arguments.</doc>
<status status="NOT RUN" starttime="20231025 18:26:19.452" endtime="20231025 18:26:19.452"/>
</kw>
<kw name="Click Element" library="SeleniumLibrary">
<arg>locator=//*[text()="Use address as specified in National ID Card"]</arg>
<doc>Click the element identified by ``locator``.</doc>
<status status="NOT RUN" starttime="20231025 18:26:19.453" endtime="20231025 18:26:19.453"/>
</kw>
<kw name="Click Element" library="SeleniumLibrary">
<arg>locator=//*[text()="National ID Card"]</arg>
<doc>Click the element identified by ``locator``.</doc>
<status status="NOT RUN" starttime="20231025 18:26:19.453" endtime="20231025 18:26:19.453"/>
</kw>
<kw name="Sleep" library="BuiltIn">
<arg>3s</arg>
<doc>Pauses the test executed for the given time.</doc>
<status status="NOT RUN" starttime="20231025 18:26:19.453" endtime="20231025 18:26:19.453"/>
</kw>
<kw name="Click Element" library="SeleniumLibrary">
<arg>locator=//*[text()="Next"]</arg>
<doc>Click the element identified by ``locator``.</doc>
<status status="NOT RUN" starttime="20231025 18:26:19.453" endtime="20231025 18:26:19.453"/>
</kw>
<kw name="Wait Until Element Is Not Visible" library="SeleniumLibrary">
<arg>locator=//*[text()="Please wait"]</arg>
<doc>Waits until the element ``locator`` is not visible.</doc>
<status status="NOT RUN" starttime="20231025 18:26:19.454" endtime="20231025 18:26:19.454"/>
</kw>
<kw name="Wait Until Element Is Not Visible" library="SeleniumLibrary">
<arg>locator=//*[text()="Please wait"]</arg>
<doc>Waits until the element ``locator`` is not visible.</doc>
<status status="NOT RUN" starttime="20231025 18:26:19.454" endtime="20231025 18:26:19.454"/>
</kw>
<kw name="Wait Until Element Is Visible" library="SeleniumLibrary">
<arg>locator=//*[text()="Salaried employee"]</arg>
<doc>Waits until the element ``locator`` is visible.</doc>
<status status="NOT RUN" starttime="20231025 18:26:19.454" endtime="20231025 18:26:19.454"/>
</kw>
<kw name="Wait Until Element Is Enabled" library="SeleniumLibrary">
<arg>locator=//*[text()="Salaried employee"]</arg>
<doc>Waits until the element ``locator`` is enabled.</doc>
<status status="NOT RUN" starttime="20231025 18:26:19.455" endtime="20231025 18:26:19.455"/>
</kw>
<kw name="Sleep" library="BuiltIn">
<arg>4s</arg>
<doc>Pauses the test executed for the given time.</doc>
<status status="NOT RUN" starttime="20231025 18:26:19.455" endtime="20231025 18:26:19.455"/>
</kw>
<kw name="Click Element" library="SeleniumLibrary">
<arg>locator=//*[text()="Salaried employee"]</arg>
<doc>Click the element identified by ``locator``.</doc>
<status status="NOT RUN" starttime="20231025 18:26:19.455" endtime="20231025 18:26:19.455"/>
</kw>
<kw name="Execute Javascript" library="SeleniumLibrary">
<arg>window.scrollBy(0, window.innerHeight * 0.5);</arg>
<doc>Executes the given JavaScript code with possible arguments.</doc>
<status status="NOT RUN" starttime="20231025 18:26:19.455" endtime="20231025 18:26:19.455"/>
</kw>
<kw name="Click Element" library="SeleniumLibrary">
<arg>locator=//*[@placeholder="Select occupation"]</arg>
<doc>Click the element identified by ``locator``.</doc>
<status status="NOT RUN" starttime="20231025 18:26:19.457" endtime="20231025 18:26:19.457"/>
</kw>
<kw name="Input Text" library="SeleniumLibrary">
<arg>locator=//*[@placeholder="Search"]</arg>
<arg>text=Doctor</arg>
<doc>Types the given ``text`` into the text field identified by ``locator``.</doc>
<status status="NOT RUN" starttime="20231025 18:26:19.457" endtime="20231025 18:26:19.457"/>
</kw>
<kw name="Wait Until Element Is Visible" library="SeleniumLibrary">
<arg>locator=//*[text()="Doctor"]</arg>
<doc>Waits until the element ``locator`` is visible.</doc>
<status status="NOT RUN" starttime="20231025 18:26:19.457" endtime="20231025 18:26:19.457"/>
</kw>
<kw name="Click Element" library="SeleniumLibrary">
<arg>locator=//*[text()="Doctor"]</arg>
<doc>Click the element identified by ``locator``.</doc>
<status status="NOT RUN" starttime="20231025 18:26:19.458" endtime="20231025 18:26:19.458"/>
</kw>
<kw name="Press Keys" library="SeleniumLibrary">
<arg>//*[@placeholder="Input company name"]</arg>
<arg>CTRL+a+DELETE</arg>
<doc>Simulates the user pressing key(s) to an element or on the active browser.</doc>
<status status="NOT RUN" starttime="20231025 18:26:19.458" endtime="20231025 18:26:19.458"/>
</kw>
<kw name="Input Text" library="SeleniumLibrary">
<arg>locator=//*[@placeholder="Input company name"]</arg>
<arg>text=TEST01</arg>
<doc>Types the given ``text`` into the text field identified by ``locator``.</doc>
<status status="NOT RUN" starttime="20231025 18:26:19.458" endtime="20231025 18:26:19.458"/>
</kw>
<kw name="Click Element" library="SeleniumLibrary">
<arg>locator=//*[@placeholder="Select year(s) and month(s)"]</arg>
<doc>Click the element identified by ``locator``.</doc>
<status status="NOT RUN" starttime="20231025 18:26:19.458" endtime="20231025 18:26:19.458"/>
</kw>
<kw name="Click Plus Button 4 Times" library="Keyword">
<arg>locator=//*[@data-testid="plus_year"]</arg>
<status status="NOT RUN" starttime="20231025 18:26:19.458" endtime="20231025 18:26:19.458"/>
</kw>
<kw name="Sleep" library="BuiltIn">
<arg>3s</arg>
<doc>Pauses the test executed for the given time.</doc>
<status status="NOT RUN" starttime="20231025 18:26:19.458" endtime="20231025 18:26:19.458"/>
</kw>
<kw name="Click Element" library="SeleniumLibrary">
<arg>locator=//*[text()="OK"]</arg>
<doc>Click the element identified by ``locator``.</doc>
<status status="NOT RUN" starttime="20231025 18:26:19.458" endtime="20231025 18:26:19.458"/>
</kw>
<kw name="Generate Random String" library="String">
<var>${random_mobileno}</var>
<arg>7</arg>
<arg>1234567890</arg>
<doc>Generates a string with a desired ``length`` from the given ``chars``.</doc>
<status status="NOT RUN" starttime="20231025 18:26:19.459" endtime="20231025 18:26:19.459"/>
</kw>
<kw name="Press Keys" library="SeleniumLibrary">
<arg>//*[@name="mobileNo"]</arg>
<arg>CTRL+a+DELETE</arg>
<doc>Simulates the user pressing key(s) to an element or on the active browser.</doc>
<status status="NOT RUN" starttime="20231025 18:26:19.459" endtime="20231025 18:26:19.459"/>
</kw>
<kw name="Input Text" library="SeleniumLibrary">
<arg>locator=//*[@name="mobileNo"]</arg>
<arg>text=2${random_mobileno}</arg>
<doc>Types the given ``text`` into the text field identified by ``locator``.</doc>
<status status="NOT RUN" starttime="20231025 18:26:19.459" endtime="20231025 18:26:19.459"/>
</kw>
<kw name="Execute Javascript" library="SeleniumLibrary">
<arg>window.scrollTo(0, document.body.scrollHeight);</arg>
<doc>Executes the given JavaScript code with possible arguments.</doc>
<status status="NOT RUN" starttime="20231025 18:26:19.459" endtime="20231025 18:26:19.459"/>
</kw>
<kw name="Click Element" library="SeleniumLibrary">
<arg>locator=//*[@placeholder="Input work address"]</arg>
<doc>Click the element identified by ``locator``.</doc>
<status status="NOT RUN" starttime="20231025 18:26:19.460" endtime="20231025 18:26:19.460"/>
</kw>
<kw name="Click Element" library="SeleniumLibrary">
<arg>locator=//*[text()="Building address"]</arg>
<doc>Click the element identified by ``locator``.</doc>
[...]
<status status="NOT RUN" starttime="20231025 18:26:19.539" endtime="20231025 18:26:19.539"/>
</kw>
<kw name="Wait Until Element Is Visible" library="SeleniumLibrary">
<arg>//mark[@class="data-match" and text()="${Get_Ref}"]</arg>
<doc>Waits until the element ``locator`` is visible.</doc>
<status status="NOT RUN" starttime="20231025 18:26:19.540" endtime="20231025 18:26:19.540"/>
</kw>
<kw name="Click Element" library="SeleniumLibrary">
<arg>//mark[@class="data-match" and text()="${Get_Ref}"]</arg>
<doc>Click the element identified by ``locator``.</doc>
<status status="NOT RUN" starttime="20231025 18:26:19.540" endtime="20231025 18:26:19.540"/>
</kw>
<kw name="Sleep" library="BuiltIn">
<arg>5s</arg>
<doc>Pauses the test executed for the given time.</doc>
<status status="NOT RUN" starttime="20231025 18:26:19.540" endtime="20231025 18:26:19.540"/>
</kw>
<for flavor="IN RANGE">
<var>${i}</var>
<value>20</value>
<iter>
<var name="${i}"/>
<kw name="Click Element" library="SeleniumLibrary">
<arg>//button[@title='Actions for ${Get_Ref} | Loan Application']</arg>
<doc>Click the element identified by ``locator``.</doc>
<status status="NOT RUN" starttime="20231025 18:26:19.541" endtime="20231025 18:26:19.541"/>
</kw>
<kw name="Wait Until Element Is Visible" library="SeleniumLibrary">
<arg>${REFRESH_XPATH}</arg>
<doc>Waits until the element ``locator`` is visible.</doc>
<status status="NOT RUN" starttime="20231025 18:26:19.541" endtime="20231025 18:26:19.541"/>
</kw>
<kw name="Click Element" library="SeleniumLibrary">
<arg>${REFRESH_XPATH}</arg>
<doc>Click the element identified by ``locator``.</doc>
<status status="NOT RUN" starttime="20231025 18:26:19.541" endtime="20231025 18:26:19.541"/>
</kw>
<kw name="Run Keyword And Return Status" library="BuiltIn">
<var>${isWebVerificationPending}</var>
<arg>Element Should Be Visible</arg>
<arg>${Check status Pending-WebVerrification}</arg>
<doc>Runs the given keyword with given arguments and returns the status as a Boolean value.</doc>
<status status="NOT RUN" starttime="20231025 18:26:19.541" endtime="20231025 18:26:19.541"/>
</kw>
<kw name="Run Keyword And Return Status" library="BuiltIn">
<var>${isIncomeCheckerPending}</var>
<arg>Element Should Be Visible</arg>
<arg>${Check status Pending-IncomeChecker}</arg>
<doc>Runs the given keyword with given arguments and returns the status as a Boolean value.</doc>
<status status="NOT RUN" starttime="20231025 18:26:19.542" endtime="20231025 18:26:19.542"/>
</kw>
<kw name="Exit For Loop If" library="BuiltIn">
<arg>${isWebVerificationPending}</arg>
<doc>Stops executing the enclosing FOR loop if the ``condition`` is true.</doc>
<status status="NOT RUN" starttime="20231025 18:26:19.542" endtime="20231025 18:26:19.542"/>
</kw>
<kw name="Run Keyword If" library="BuiltIn">
<arg>${isIncomeCheckerPending}</arg>
<arg>Income Checker AuthLevel30</arg>
<doc>Runs the given keyword with the given arguments, if ``condition`` is true.</doc>
<status status="NOT RUN" starttime="20231025 18:26:19.542" endtime="20231025 18:26:19.542"/>
</kw>
<kw name="Exit For Loop If" library="BuiltIn">
<arg>${isIncomeCheckerPending}</arg>
<doc>Stops executing the enclosing FOR loop if the ``condition`` is true.</doc>
<status status="NOT RUN" starttime="20231025 18:26:19.542" endtime="20231025 18:26:19.542"/>
</kw>
<kw name="Sleep" library="BuiltIn">
<arg>5s</arg>
<doc>Pauses the test executed for the given time.</doc>
<status status="NOT RUN" starttime="20231025 18:26:19.542" endtime="20231025 18:26:19.542"/>
</kw>
<status status="NOT RUN" starttime="20231025 18:26:19.541" endtime="20231025 18:26:19.542"/>
</iter>
<status status="NOT RUN" starttime="20231025 18:26:19.540" endtime="20231025 18:26:19.542"/>
</for>
<kw name="Close Browser" library="SeleniumLibrary">
<doc>Closes the current browser.</doc>
<status status="NOT RUN" starttime="20231025 18:26:19.543" endtime="20231025 18:26:19.543"/>
</kw>
<kw name=" Open and login" library="Keyword">
<arg>Username=${Username_uat}</arg>
<arg>Password=${Password_uat}</arg>
<status status="NOT RUN" starttime="20231025 18:26:19.543" endtime="20231025 18:26:19.543"/>
</kw>
<kw name="Wait Until Element Is Visible" library="SeleniumLibrary">
<arg>//*[@aria-label="Search"]</arg>
<doc>Waits until the element ``locator`` is visible.</doc>
<status status="NOT RUN" starttime="20231025 18:26:19.543" endtime="20231025 18:26:19.543"/>
</kw>
<kw name="Sleep" library="BuiltIn">
<arg>6s</arg>
<doc>Pauses the test executed for the given time.</doc>
<status status="NOT RUN" starttime="20231025 18:26:19.544" endtime="20231025 18:26:19.544"/>
</kw>
<kw name="Click Element" library="SeleniumLibrary">
<arg>//*[@aria-label="Search"]</arg>
<doc>Click the element identified by ``locator``.</doc>
<status status="NOT RUN" starttime="20231025 18:26:19.544" endtime="20231025 18:26:19.544"/>
</kw>
<kw name="Wait Until Element Is Visible" library="SeleniumLibrary">
<arg>//*[@type="search" and @placeholder="Search..."]</arg>
<doc>Waits until the element ``locator`` is visible.</doc>
<status status="NOT RUN" starttime="20231025 18:26:19.544" endtime="20231025 18:26:19.545"/>
</kw>
<kw name="Input Text" library="SeleniumLibrary">
<arg>//*[@type="search" and @placeholder="Search..."]</arg>
<arg>${Get_Ref}</arg>
<doc>Types the given ``text`` into the text field identified by ``locator``.</doc>
<status status="NOT RUN" starttime="20231025 18:26:19.545" endtime="20231025 18:26:19.545"/>
</kw>
<kw name="Wait Until Element Is Visible" library="SeleniumLibrary">
<arg>//mark[@class="data-match" and text()="${Get_Ref}"]</arg>
<doc>Waits until the element ``locator`` is visible.</doc>
<status status="NOT RUN" starttime="20231025 18:26:19.546" endtime="20231025 18:26:19.546"/>
</kw>
<kw name="Click Element" library="SeleniumLibrary">
<arg>//mark[@class="data-match" and text()="${Get_Ref}"]</arg>
<doc>Click the element identified by ``locator``.</doc>
<status status="NOT RUN" starttime="20231025 18:26:19.547" endtime="20231025 18:26:19.547"/>
</kw>
<kw name="Sleep" library="BuiltIn">
<arg>4s</arg>
<doc>Pauses the test executed for the given time.</doc>
<status status="NOT RUN" starttime="20231025 18:26:19.547" endtime="20231025 18:26:19.547"/>
</kw>
<kw name="Execute Javascript" library="SeleniumLibrary">
<arg>document.evaluate("${NEXT_BUTTON}", document, null, XPathResult.FIRST_ORDERED_NODE_TYPE, null).singleNodeValue.click()</arg>
<doc>Executes the given JavaScript code with possible arguments.</doc>
<status status="NOT RUN" starttime="20231025 18:26:19.549" endtime="20231025 18:26:19.549"/>
</kw>
<kw name="Select Frame" library="SeleniumLibrary">
<arg>css=iframe.insext-popup</arg>
<doc>Sets frame identified by ``locator`` as the current frame.</doc>
<status status="NOT RUN" starttime="20231025 18:26:19.549" endtime="20231025 18:26:19.549"/>
</kw>
<kw name="Wait Until Element Is Visible" library="SeleniumLibrary">
<arg>//li[@data-aspect='users']</arg>
<doc>Waits until the element ``locator`` is visible.</doc>
<status status="NOT RUN" starttime="20231025 18:26:19.550" endtime="20231025 18:26:19.550"/>
</kw>
<kw name="Click Element" library="SeleniumLibrary">
<arg>//li[@data-aspect='users']</arg>
<doc>Click the element identified by ``locator``.</doc>
<status status="NOT RUN" starttime="20231025 18:26:19.550" endtime="20231025 18:26:19.551"/>
</kw>
<kw name="Click Element" library="SeleniumLibrary">
<arg>//*[@class="all-data-input"]</arg>
<doc>Click the element identified by ``locator``.</doc>
<status status="NOT RUN" starttime="20231025 18:26:19.551" endtime="20231025 18:26:19.551"/>
</kw>
<kw name="Input Text" library="SeleniumLibrary">
<arg>//*[@class="all-data-input"]</arg>
<arg>Call Ver AuthLevel30</arg>
<doc>Types the given ``text`` into the text field identified by ``locator``.</doc>
<status status="NOT RUN" starttime="20231025 18:26:19.552" endtime="20231025 18:26:19.552"/>
</kw>
<kw name="Wait Until Element Is Visible" library="SeleniumLibrary">
<arg>locator=//mark[contains(text(), 'Call Ver AuthLevel30')]</arg>
<doc>Waits until the element ``locator`` is visible.</doc>
<status status="NOT RUN" starttime="20231025 18:26:19.552" endtime="20231025 18:26:19.552"/>
</kw>
<kw name="Click Element" library="SeleniumLibrary">
<arg>locator=//mark[contains(text(), 'Call Ver AuthLevel30')]</arg>
<doc>Click the element identified by ``locator``.</doc>
<status status="NOT RUN" starttime="20231025 18:26:19.553" endtime="20231025 18:26:19.553"/>
</kw>
<kw name="Wait Until Element Is Visible" library="SeleniumLibrary">
<arg>locator=//*[@class="button button-secondary" and text()="Try login as"]</arg>
<doc>Waits until the element ``locator`` is visible.</doc>
<status status="NOT RUN" starttime="20231025 18:26:19.553" endtime="20231025 18:26:19.553"/>
</kw>
<kw name="Click Element" library="SeleniumLibrary">
<arg>locator=//*[@class="button button-secondary" and text()="Try login as"]</arg>
<doc>Click the element identified by ``locator``.</doc>
<status status="NOT RUN" starttime="20231025 18:26:19.554" endtime="20231025 18:26:19.554"/>
</kw>
<kw name="Execute Javascript" library="SeleniumLibrary">
<var>${element1}</var>
<arg>return document.evaluate('//*[@type="button" and @title="Show Navigation Menu"]', document, null, XPathResult.FIRST_ORDERED_NODE_TYPE, null).singleNodeValue;</arg>
<doc>Executes the given JavaScript code with possible arguments.</doc>
<status status="NOT RUN" starttime="20231025 18:26:19.555" endtime="20231025 18:26:19.555"/>
</kw>
<kw name="Run Keyword And Return Status" library="BuiltIn">
<var>${EN}</var>
<arg>Wait Until Element Is Visible</arg>
<arg>//*[@type="button" and @title="Show Navigation Menu"]</arg>
<arg>5s</arg>
<doc>Runs the given keyword with given arguments and returns the status as a Boolean value.</doc>
<status status="NOT RUN" starttime="20231025 18:26:19.555" endtime="20231025 18:26:19.556"/>
</kw>
<kw name="Run Keyword And Return Status" library="BuiltIn">
<var>${TH}</var>
<arg>Wait Until Element Is Visible</arg>
<arg>//*[@type="button" and @title="แสดงเมนูการนำทาง"]</arg>
<arg>5s</arg>
<doc>Runs the given keyword with given arguments and returns the status as a Boolean value.</doc>
<status status="NOT RUN" starttime="20231025 18:26:19.557" endtime="20231025 18:26:19.557"/>
</kw>
<kw name="Log" library="BuiltIn">
<arg>${EN}</arg>
<doc>Logs the given message with the given level.</doc>
<status status="NOT RUN" starttime="20231025 18:26:19.557" endtime="20231025 18:26:19.558"/>
</kw>
<kw name="Log" library="BuiltIn">
<arg>${TH}</arg>
<doc>Logs the given message with the given level.</doc>
<status status="NOT RUN" starttime="20231025 18:26:19.558" endtime="20231025 18:26:19.558"/>
</kw>
<kw name="Wait Until Keyword Succeeds" library="BuiltIn">
<arg>3x</arg>
<arg>10s</arg>
<arg>Log</arg>
<arg>Waiting for elements...</arg>
<doc>Runs the specified keyword and retries if it fails.</doc>
<status status="NOT RUN" starttime="20231025 18:26:19.558" endtime="20231025 18:26:19.559"/>
</kw>
<kw name="Run Keyword If" library="BuiltIn">
<arg>${TH}</arg>
<arg>Run Keywords</arg>
<arg>Check For Elements language</arg>
<arg>AND</arg>
<arg>Wait Until Element Is Visible</arg>
<arg>(//span[@class='title slds-truncate' and text()='${Get_Ref} | Loan Application'])[1]</arg>
<arg>AND</arg>
<arg>Click Element</arg>
<arg>(//span[@class='title slds-truncate' and text()='${Get_Ref} | Loan Application'])[1]</arg>
<arg>AND</arg>
<arg>Sleep</arg>
<arg>4s</arg>
<doc>Runs the given keyword with the given arguments, if ``condition`` is true.</doc>
<status status="NOT RUN" starttime="20231025 18:26:19.559" endtime="20231025 18:26:19.559"/>
</kw>
<kw name="Run Keyword If" library="BuiltIn">
<arg>${TH}</arg>
<arg>Run Keywords</arg>
<arg>Check For Elements language</arg>
<arg>AND</arg>
<arg>Wait Until Element Is Visible</arg>
<arg>(//span[@class='title slds-truncate' and text()='${Get_Ref} | Loan Application'])[1]</arg>
<arg>AND</arg>
<arg>Click Element</arg>
<arg>(//span[@class='title slds-truncate' and text()='${Get_Ref} | Loan Application'])[1]</arg>
<arg>AND</arg>
<arg>Sleep</arg>
<arg>4s</arg>
<doc>Runs the given keyword with the given arguments, if ``condition`` is true.</doc>
<status status="NOT RUN" starttime="20231025 18:26:19.560" endtime="20231025 18:26:19.560"/>
</kw>
<kw name="Click Element" library="SeleniumLibrary">
<arg>locator=//*[@class="slds-button__icon slds-button__icon_hint"]</arg>
<doc>Click the element identified by ``locator``.</doc>
<status status="NOT RUN" starttime="20231025 18:26:19.561" endtime="20231025 18:26:19.561"/>
</kw>
<kw name="Wait Until Element Is Visible" library="SeleniumLibrary">
<arg>locator=//*[@class="primaryLabel slds-truncate slds-lookup__result-text" and text()="Call Ver AuthLevel30"]</arg>
<doc>Waits until the element ``locator`` is visible.</doc>
<status status="NOT RUN" starttime="20231025 18:26:19.561" endtime="20231025 18:26:19.561"/>
</kw>
<kw name="Click Element" library="SeleniumLibrary">
<arg>locator=//*[@class="primaryLabel slds-truncate slds-lookup__result-text" and text()="Call Ver AuthLevel30"]</arg>
<doc>Click the element identified by ``locator``.</doc>
<status status="NOT RUN" starttime="20231025 18:26:19.562" endtime="20231025 18:26:19.562"/>
</kw>
<kw name="Wait Until Element Is Visible" library="SeleniumLibrary">
<arg>locator=//*[@value="change owner"]</arg>
<doc>Waits until the element ``locator`` is visible.</doc>
<status status="NOT RUN" starttime="20231025 18:26:19.562" endtime="20231025 18:26:19.562"/>
</kw>
<kw name="Click Element" library="SeleniumLibrary">
<arg>locator=//*[@value="change owner"]</arg>
<doc>Click the element identified by ``locator``.</doc>
<status status="NOT RUN" starttime="20231025 18:26:19.563" endtime="20231025 18:26:19.563"/>
</kw>
<kw name="Wait Until Element Is Not Visible" library="SeleniumLibrary">
<arg>locator=//*[@value="change owner"]</arg>
<doc>Waits until the element ``locator`` is not visible.</doc>
<status status="NOT RUN" starttime="20231025 18:26:19.563" endtime="20231025 18:26:19.563"/>
</kw>
<kw name="Sleep" library="BuiltIn">
<arg>10s</arg>
<doc>Pauses the test executed for the given time.</doc>
<status status="NOT RUN" starttime="20231025 18:26:19.565" endtime="20231025 18:26:19.565"/>
</kw>
<kw name="Run Keyword If" library="BuiltIn">
<arg>'${SELECTED_CARD}' == '${CARD_TYPE_CC}'</arg>
<arg>Call ver CC,SPC</arg>
<doc>Runs the given keyword with the given arguments, if ``condition`` is true.</doc>
<status status="NOT RUN" starttime="20231025 18:26:19.566" endtime="20231025 18:26:19.566"/>
</kw>
<kw name="Run Keyword If" library="BuiltIn">
<arg>'${SELECTED_CARD}' == '${CARD_TYPE_SPC}'</arg>
<arg>Call ver CC,SPC</arg>
<doc>Runs the given keyword with the given arguments, if ``condition`` is true.</doc>
<status status="NOT RUN" starttime="20231025 18:26:19.567" endtime="20231025 18:26:19.567"/>
</kw>
<kw name="Run Keyword If" library="BuiltIn">
<arg>'${SELECTED_CARD}' == '${CARD_TYPE_SPL}'</arg>
<arg>Call ver SPL</arg>
<doc>Runs the given keyword with the given arguments, if ``condition`` is true.</doc>
<status status="NOT RUN" starttime="20231025 18:26:19.567" endtime="20231025 18:26:19.567"/>
</kw>
<kw name="Wait Until Element Is Visible" library="SeleniumLibrary">
<arg>//button[@title='Actions for ${Get_Ref} | Loan Application']</arg>
<doc>Waits until the element ``locator`` is visible.</doc>
<status status="NOT RUN" starttime="20231025 18:26:19.568" endtime="20231025 18:26:19.568"/>
</kw>
<for flavor="IN RANGE">
<var>${i}</var>
<value>20</value>
<iter>
<var name="${i}"/>
<kw name="Click Element" library="SeleniumLibrary">
<arg>//button[@title='Actions for ${Get_Ref} | Loan Application']</arg>
<doc>Click the element identified by ``locator``.</doc>
<status status="NOT RUN" starttime="20231025 18:26:19.568" endtime="20231025 18:26:19.568"/>
</kw>
<kw name="Wait Until Element Is Visible" library="SeleniumLibrary">
<arg>${REFRESH_XPATH}</arg>
<doc>Waits until the element ``locator`` is visible.</doc>
<status status="NOT RUN" starttime="20231025 18:26:19.569" endtime="20231025 18:26:19.569"/>
</kw>
<kw name="Click Element" library="SeleniumLibrary">
<arg>${REFRESH_XPATH}</arg>
<doc>Click the element identified by ``locator``.</doc>
<status status="NOT RUN" starttime="20231025 18:26:19.569" endtime="20231025 18:26:19.569"/>
</kw>
<kw name="Run Keyword And Return Status" library="BuiltIn">
<var>${isFound}</var>
<arg>Element Should Be Visible</arg>
<arg>Resolved-Completed</arg>
<doc>Runs the given keyword with given arguments and returns the status as a Boolean value.</doc>
<status status="NOT RUN" starttime="20231025 18:26:19.569" endtime="20231025 18:26:19.569"/>
</kw>
<kw name="Exit For Loop If" library="BuiltIn">
<arg>${isFound}</arg>
<doc>Stops executing the enclosing FOR loop if the ``condition`` is true.</doc>
<status status="NOT RUN" starttime="20231025 18:26:19.569" endtime="20231025 18:26:19.569"/>
</kw>
<kw name="Sleep" library="BuiltIn">
<arg>5s</arg>
<doc>Pauses the test executed for the given time.</doc>
<status status="NOT RUN" starttime="20231025 18:26:19.570" endtime="20231025 18:26:19.570"/>
</kw>
<status status="NOT RUN" starttime="20231025 18:26:19.568" endtime="20231025 18:26:19.570"/>
</iter>
<status status="NOT RUN" starttime="20231025 18:26:19.568" endtime="20231025 18:26:19.570"/>
</for>
<kw name="Run Keyword If" library="BuiltIn">
<arg>NOT ${isFound}</arg>
<arg>Fail</arg>
<arg>The word Resolved-Completed is not displayed.</arg>
<doc>Runs the given keyword with the given arguments, if ``condition`` is true.</doc>
<status status="NOT RUN" starttime="20231025 18:26:19.570" endtime="20231025 18:26:19.570"/>
</kw>
<status status="FAIL" starttime="20231025 18:25:32.564" endtime="20231025 18:26:19.571">NoSuchWindowException: Message: no such window: target window already closed
from unknown error: web view not found
  (Session info: chrome=118.0.5993.89)
Stacktrace:
	GetHandleVerifier [0x00007FF61E968EF2+54786]
	(No symbol) [0x00007FF61E8D5612]
	(No symbol) [0x00007FF61E78A64B]
	(No symbol) [0x00007FF61E76A9F5]
	(No symbol) [0x00007FF61E7F0887]
	(No symbol) [0x00007FF61E8043CF]
	(No symbol) [0x00007FF61E7EBC43]
	(No symbol) [0x00007FF61E7C0941]
	(No symbol) [0x00007FF61E7C1B84]
	GetHandleVerifier [0x00007FF61ECB7F52+3524194]
	GetHandleVerifier [0x00007FF61ED0D800+3874576]
	GetHandleVerifier [0x00007FF61ED05D7F+3843215]
	GetHandleVerifier [0x00007FF61EA05086+694166]
	(No symbol) [0x00007FF61E8E0A88]
	(No symbol) [0x00007FF61E8DCA94]
	(No symbol) [0x00007FF61E8DCBC2]
	(No symbol) [0x00007FF61E8CCC83]
	BaseThreadInitThunk [0x00007FFF7372257D+29]
	RtlUserThreadStart [0x00007FFF7426AA78+40]
</status>
</test>
<status status="FAIL" starttime="20231025 18:25:31.577" endtime="20231025 18:26:19.576"/>
</suite>
<statistics>
<total>
<stat pass="0" fail="1" skip="0">All Tasks</stat>
</total>
<tag>
</tag>
<suite>
<stat pass="0" fail="1" skip="0" id="s1" name="0.PPB All Step">0.PPB All Step</stat>
</suite>
</statistics>
<errors>
<msg timestamp="20231025 18:26:19.374" level="WARN">Keyword 'Capture Page Screenshot' could not be run on failure: Message: no such window: target window already closed
from unknown error: web view not found
  (Session info: chrome=118.0.5993.89)
Stacktrace:
	GetHandleVerifier [0x00007FF61E968EF2+54786]
	(No symbol) [0x00007FF61E8D5612]
	(No symbol) [0x00007FF61E78A64B]
	(No symbol) [0x00007FF61E76A9F5]
	(No symbol) [0x00007FF61E7F0887]
	(No symbol) [0x00007FF61E8043CF]
	(No symbol) [0x00007FF61E7EBC43]
	(No symbol) [0x00007FF61E7C0941]
	(No symbol) [0x00007FF61E7C1B84]
	GetHandleVerifier [0x00007FF61ECB7F52+3524194]
	GetHandleVerifier [0x00007FF61ED0D800+3874576]
	GetHandleVerifier [0x00007FF61ED05D7F+3843215]
	GetHandleVerifier [0x00007FF61EA05086+694166]
	(No symbol) [0x00007FF61E8E0A88]
	(No symbol) [0x00007FF61E8DCA94]
	(No symbol) [0x00007FF61E8DCBC2]
	(No symbol) [0x00007FF61E8CCC83]
	BaseThreadInitThunk [0x00007FFF7372257D+29]
	RtlUserThreadStart [0x00007FFF7426AA78+40]
</msg>
</errors>
</robot>
